RTI Connext DDS Non-commercial license is for academic, research, evaluation and personal use only. USE FOR COMMERCIAL PURPOSES IS PROHIBITED. See RTI_LICENSE.TXT for terms. Download free tools at rti.com/ncl. License issued to Non-Commercial User license@rti.com For non-production use only.
Expires on 00-jan-00 See www.rti.com for more information.
----------------------------------------------------------
sample path: (IntersectionOutput) 
  order timepoint           sequence nr.                  node name     dropped samples
latency

Statistics:
  latency:                  2.85274ms [min=2.85274ms, max=2.85274ms, average=2.85274ms, deviation=-nanms]
----------------------------------------------------------

----------------------------------------------------------
sample path: (IntersectionOutput) 
  order timepoint           sequence nr.                  node name     dropped samples
latency

Statistics:
  latency:                  3.11665ms [min=2.85274ms, max=3.11665ms, average=2.98469ms, deviation=0.186617ms]
----------------------------------------------------------

----------------------------------------------------------
sample path: (IntersectionOutput) 
  order timepoint           sequence nr.                  node name     dropped samples
latency

Statistics:
  latency:                  3.25801ms [min=2.85274ms, max=3.25801ms, average=3.0758ms, deviation=0.205703ms]
----------------------------------------------------------

----------------------------------------------------------
sample path: (VehicleDBWSystem) 
  order timepoint           sequence nr.                  node name     dropped samples
latency

Statistics:
  latency:                  118.42ms [min=118.42ms, max=118.42ms, average=118.42ms, deviation=-nanms]
hotpath
  hot path:                 FrontLidarDriver/RearLidarDriver -> ObjectCollisionEstimator
  hot path latency:         11.3268ms [min=11.3268ms, max=11.3268ms, average=11.3268ms, deviation=-nanms]
  hot path drops:           0 [min=0, max=0, average=0, deviation=-nan]
  behavior planner period:  0ms [min=1.84467e+13ms, max=0ms, average=0ms, deviation=0ms]
----------------------------------------------------------

----------------------------------------------------------
sample path: (IntersectionOutput) 
  order timepoint           sequence nr.                  node name     dropped samples
latency

Statistics:
  latency:                  3.64635ms [min=2.85274ms, max=3.64635ms, average=3.21844ms, deviation=0.331045ms]
----------------------------------------------------------

----------------------------------------------------------
sample path: (IntersectionOutput) 
  order timepoint           sequence nr.                  node name     dropped samples
latency

Statistics:
  latency:                  2.97474ms [min=2.85274ms, max=3.64635ms, average=3.1697ms, deviation=0.306709ms]
----------------------------------------------------------

----------------------------------------------------------
sample path: (IntersectionOutput) 
  order timepoint           sequence nr.                  node name     dropped samples
latency

Statistics:
  latency:                  2.82184ms [min=2.82184ms, max=3.64635ms, average=3.11172ms, deviation=0.308907ms]
----------------------------------------------------------

----------------------------------------------------------
sample path: (IntersectionOutput) 
  order timepoint           sequence nr.                  node name     dropped samples
latency

Statistics:
  latency:                  2.96889ms [min=2.82184ms, max=3.64635ms, average=3.09132ms, deviation=0.287113ms]
----------------------------------------------------------

----------------------------------------------------------
sample path: (VehicleDBWSystem) 
  order timepoint           sequence nr.                  node name     dropped samples
bp period
latency

Statistics:
  latency:                  117.719ms [min=117.719ms, max=118.42ms, average=118.069ms, deviation=0.495526ms]
hotpath
  hot path:                 FrontLidarDriver/RearLidarDriver -> ObjectCollisionEstimator
  hot path latency:         11.6482ms [min=11.3268ms, max=11.6482ms, average=11.4875ms, deviation=0.227237ms]
  hot path drops:           0 [min=0, max=0, average=0, deviation=0]
  behavior planner period:  99.9933ms [min=99.9933ms, max=99.9933ms, average=99.9933ms, deviation=-nanms]
----------------------------------------------------------

----------------------------------------------------------
sample path: (IntersectionOutput) 
  order timepoint           sequence nr.                  node name     dropped samples
latency

Statistics:
  latency:                  2.90943ms [min=2.82184ms, max=3.64635ms, average=3.06858ms, deviation=0.273483ms]
----------------------------------------------------------

----------------------------------------------------------
sample path: (IntersectionOutput) 
  order timepoint           sequence nr.                  node name     dropped samples
latency

Statistics:
  latency:                  2.8373ms [min=2.82184ms, max=3.64635ms, average=3.04288ms, deviation=0.267184ms]
----------------------------------------------------------

----------------------------------------------------------
sample path: (IntersectionOutput) 
  order timepoint           sequence nr.                  node name     dropped samples
latency

Statistics:
  latency:                  3.2938ms [min=2.82184ms, max=3.64635ms, average=3.06798ms, deviation=0.264105ms]
----------------------------------------------------------

----------------------------------------------------------
sample path: (IntersectionOutput) 
  order timepoint           sequence nr.                  node name     dropped samples
latency

Statistics:
  latency:                  2.96396ms [min=2.82184ms, max=3.64635ms, average=3.05852ms, deviation=0.252507ms]
----------------------------------------------------------

----------------------------------------------------------
sample path: (IntersectionOutput) 
  order timepoint           sequence nr.                  node name     dropped samples
latency

Statistics:
  latency:                  2.97471ms [min=2.82184ms, max=3.64635ms, average=3.05154ms, deviation=0.241969ms]
----------------------------------------------------------

----------------------------------------------------------
sample path: (VehicleDBWSystem) 
  order timepoint           sequence nr.                  node name     dropped samples
bp period
latency

Statistics:
  latency:                  83.7763ms [min=83.7763ms, max=118.42ms, average=106.638ms, deviation=19.8022ms]
hotpath
  hot path:                 FrontLidarDriver/RearLidarDriver -> ObjectCollisionEstimator
  hot path latency:         11.5465ms [min=11.3268ms, max=11.6482ms, average=11.5072ms, deviation=0.164245ms]
  hot path drops:           0 [min=0, max=0, average=0, deviation=0]
  behavior planner period:  100.019ms [min=99.9933ms, max=100.019ms, average=100.006ms, deviation=0.0180729ms]
----------------------------------------------------------

----------------------------------------------------------
sample path: (IntersectionOutput) 
  order timepoint           sequence nr.                  node name     dropped samples
latency

Statistics:
  latency:                  2.99588ms [min=2.82184ms, max=3.64635ms, average=3.04725ms, deviation=0.232181ms]
----------------------------------------------------------

----------------------------------------------------------
sample path: (IntersectionOutput) 
  order timepoint           sequence nr.                  node name     dropped samples
latency

Statistics:
  latency:                  2.83089ms [min=2.82184ms, max=3.64635ms, average=3.0318ms, deviation=0.230445ms]
----------------------------------------------------------

----------------------------------------------------------
sample path: (IntersectionOutput) 
  order timepoint           sequence nr.                  node name     dropped samples
latency

Statistics:
  latency:                  3.11569ms [min=2.82184ms, max=3.64635ms, average=3.03739ms, deviation=0.223117ms]
----------------------------------------------------------

----------------------------------------------------------
sample path: (VehicleDBWSystem) 
  order timepoint           sequence nr.                  node name     dropped samples
bp period
latency

Statistics:
  latency:                  159.324ms [min=83.7763ms, max=159.324ms, average=119.81ms, deviation=30.9089ms]
hotpath
  hot path:                 FrontLidarDriver/RearLidarDriver -> ObjectCollisionEstimator
  hot path latency:         11.3252ms [min=11.3252ms, max=11.6482ms, average=11.4617ms, deviation=0.162048ms]
  hot path drops:           0 [min=0, max=0, average=0, deviation=0]
  behavior planner period:  100.015ms [min=99.9933ms, max=100.019ms, average=100.009ms, deviation=0.0137264ms]
----------------------------------------------------------

----------------------------------------------------------
sample path: (IntersectionOutput) 
  order timepoint           sequence nr.                  node name     dropped samples
latency

Statistics:
  latency:                  2.96498ms [min=2.82184ms, max=3.64635ms, average=3.03287ms, deviation=0.21631ms]
----------------------------------------------------------

----------------------------------------------------------
sample path: (IntersectionOutput) 
  order timepoint           sequence nr.                  node name     dropped samples
latency

Statistics:
  latency:                  4.82528ms [min=2.82184ms, max=4.82528ms, average=3.1383ms, deviation=0.482546ms]
----------------------------------------------------------

----------------------------------------------------------
sample path: (IntersectionOutput) 
  order timepoint           sequence nr.                  node name     dropped samples
latency

Statistics:
  latency:                  3.1463ms [min=2.82184ms, max=4.82528ms, average=3.13875ms, deviation=0.468143ms]
----------------------------------------------------------

----------------------------------------------------------
sample path: (IntersectionOutput) 
  order timepoint           sequence nr.                  node name     dropped samples
latency

Statistics:
  latency:                  3.23267ms [min=2.82184ms, max=4.82528ms, average=3.14369ms, deviation=0.455463ms]
----------------------------------------------------------

----------------------------------------------------------
sample path: (VehicleDBWSystem) 
  order timepoint           sequence nr.                  node name     dropped samples
bp period
latency

Statistics:
  latency:                  158.719ms [min=83.7763ms, max=159.324ms, average=127.592ms, deviation=31.9266ms]
hotpath
  hot path:                 FrontLidarDriver/RearLidarDriver -> ObjectCollisionEstimator
  hot path latency:         11.1566ms [min=11.1566ms, max=11.6482ms, average=11.4007ms, deviation=0.195746ms]
  hot path drops:           0 [min=0, max=0, average=0, deviation=0]
  behavior planner period:  99.9685ms [min=99.9685ms, max=100.019ms, average=99.9988ms, deviation=0.0231306ms]
----------------------------------------------------------

----------------------------------------------------------
sample path: (IntersectionOutput) 
  order timepoint           sequence nr.                  node name     dropped samples
latency

Statistics:
  latency:                  3.09977ms [min=2.82184ms, max=4.82528ms, average=3.14149ms, deviation=0.443424ms]
----------------------------------------------------------

----------------------------------------------------------
sample path: (IntersectionOutput) 
  order timepoint           sequence nr.                  node name     dropped samples
latency

Statistics:
  latency:                  2.84335ms [min=2.82184ms, max=4.82528ms, average=3.1273ms, deviation=0.437065ms]
----------------------------------------------------------

----------------------------------------------------------
sample path: (IntersectionOutput) 
  order timepoint           sequence nr.                  node name     dropped samples
latency

Statistics:
  latency:                  3.71568ms [min=2.82184ms, max=4.82528ms, average=3.15404ms, deviation=0.444596ms]
----------------------------------------------------------

----------------------------------------------------------
sample path: (IntersectionOutput) 
  order timepoint           sequence nr.                  node name     dropped samples
latency

Statistics:
  latency:                  3.17787ms [min=2.82184ms, max=4.82528ms, average=3.15508ms, deviation=0.434403ms]
----------------------------------------------------------

----------------------------------------------------------
sample path: (VehicleDBWSystem) 
  order timepoint           sequence nr.                  node name     dropped samples
bp period
latency

Statistics:
  latency:                  159.302ms [min=83.7763ms, max=159.324ms, average=132.877ms, deviation=31.3534ms]
hotpath
  hot path:                 FrontLidarDriver/RearLidarDriver -> ObjectCollisionEstimator
  hot path latency:         14.1602ms [min=11.1566ms, max=14.1602ms, average=11.8606ms, deviation=1.14008ms]
  hot path drops:           0 [min=0, max=0, average=0, deviation=0]
  behavior planner period:  99.986ms [min=99.9685ms, max=100.019ms, average=99.9963ms, deviation=0.0208398ms]
----------------------------------------------------------

----------------------------------------------------------
sample path: (IntersectionOutput) 
  order timepoint           sequence nr.                  node name     dropped samples
latency

Statistics:
  latency:                  3.62741ms [min=2.82184ms, max=4.82528ms, average=3.17476ms, deviation=0.435657ms]
----------------------------------------------------------

----------------------------------------------------------
sample path: (IntersectionOutput) 
  order timepoint           sequence nr.                  node name     dropped samples
latency

Statistics:
  latency:                  2.85751ms [min=2.82184ms, max=4.82528ms, average=3.16207ms, deviation=0.431178ms]
----------------------------------------------------------

----------------------------------------------------------
sample path: (IntersectionOutput) 
  order timepoint           sequence nr.                  node name     dropped samples
latency

Statistics:
  latency:                  3.0952ms [min=2.82184ms, max=4.82528ms, average=3.1595ms, deviation=0.42267ms]
----------------------------------------------------------

----------------------------------------------------------
sample path: (IntersectionOutput) 
  order timepoint           sequence nr.                  node name     dropped samples
latency

Statistics:
  latency:                  2.99972ms [min=2.82184ms, max=4.82528ms, average=3.15358ms, deviation=0.415602ms]
----------------------------------------------------------

----------------------------------------------------------
sample path: (VehicleDBWSystem) 
  order timepoint           sequence nr.                  node name     dropped samples
bp period
latency

Statistics:
  latency:                  117.793ms [min=83.7763ms, max=159.324ms, average=130.722ms, deviation=29.1839ms]
hotpath
  hot path:                 FrontLidarDriver/RearLidarDriver -> ObjectCollisionEstimator
  hot path latency:         13.7425ms [min=11.1566ms, max=14.1602ms, average=12.1294ms, deviation=1.2606ms]
  hot path drops:           0 [min=0, max=0, average=0, deviation=0]
  behavior planner period:  100.017ms [min=99.9685ms, max=100.019ms, average=99.9997ms, deviation=0.0204634ms]
----------------------------------------------------------

----------------------------------------------------------
sample path: (IntersectionOutput) 
  order timepoint           sequence nr.                  node name     dropped samples
latency

Statistics:
  latency:                  2.85497ms [min=2.82184ms, max=4.82528ms, average=3.14291ms, deviation=0.411718ms]
----------------------------------------------------------

----------------------------------------------------------
sample path: (IntersectionOutput) 
  order timepoint           sequence nr.                  node name     dropped samples
latency

Statistics:
  latency:                  2.91812ms [min=2.82184ms, max=4.82528ms, average=3.13516ms, deviation=0.406449ms]
----------------------------------------------------------

----------------------------------------------------------
sample path: (IntersectionOutput) 
  order timepoint           sequence nr.                  node name     dropped samples
latency

Statistics:
  latency:                  2.98677ms [min=2.82184ms, max=4.82528ms, average=3.13022ms, deviation=0.400297ms]
----------------------------------------------------------

----------------------------------------------------------
sample path: (IntersectionOutput) 
  order timepoint           sequence nr.                  node name     dropped samples
latency

Statistics:
  latency:                  5.07381ms [min=2.82184ms, max=5.07381ms, average=3.19291ms, deviation=0.526074ms]
----------------------------------------------------------

----------------------------------------------------------
sample path: (VehicleDBWSystem) 
  order timepoint           sequence nr.                  node name     dropped samples
bp period
latency

Statistics:
  latency:                  118.072ms [min=83.7763ms, max=159.324ms, average=129.141ms, deviation=27.3867ms]
hotpath
  hot path:                 FrontLidarDriver/RearLidarDriver -> ObjectCollisionEstimator
  hot path latency:         11.2584ms [min=11.1566ms, max=14.1602ms, average=12.0206ms, deviation=1.20704ms]
  hot path drops:           0 [min=0, max=0, average=0, deviation=0]
  behavior planner period:  99.9816ms [min=99.9685ms, max=100.019ms, average=99.9971ms, deviation=0.0198955ms]
----------------------------------------------------------

----------------------------------------------------------
sample path: (IntersectionOutput) 
  order timepoint           sequence nr.                  node name     dropped samples
latency

Statistics:
  latency:                  2.90024ms [min=2.82184ms, max=5.07381ms, average=3.18377ms, deviation=0.520099ms]
----------------------------------------------------------

----------------------------------------------------------
sample path: (IntersectionOutput) 
  order timepoint           sequence nr.                  node name     dropped samples
latency

Statistics:
  latency:                  2.88155ms [min=2.82184ms, max=5.07381ms, average=3.17461ms, deviation=0.514604ms]
----------------------------------------------------------

----------------------------------------------------------
sample path: (IntersectionOutput) 
  order timepoint           sequence nr.                  node name     dropped samples
latency

Statistics:
  latency:                  2.8462ms [min=2.82184ms, max=5.07381ms, average=3.16495ms, deviation=0.509867ms]
----------------------------------------------------------

----------------------------------------------------------
sample path: (IntersectionOutput) 
  order timepoint           sequence nr.                  node name     dropped samples
latency

Statistics:
  latency:                  2.97592ms [min=2.82184ms, max=5.07381ms, average=3.15955ms, deviation=0.503329ms]
----------------------------------------------------------

----------------------------------------------------------
sample path: (IntersectionOutput) 
  order timepoint           sequence nr.                  node name     dropped samples
latency

Statistics:
  latency:                  3.08964ms [min=2.82184ms, max=5.07381ms, average=3.15761ms, deviation=0.496223ms]
----------------------------------------------------------

----------------------------------------------------------
sample path: (VehicleDBWSystem) 
  order timepoint           sequence nr.                  node name     dropped samples
bp period
latency

Statistics:
  latency:                  83.8252ms [min=83.7763ms, max=159.324ms, average=124.106ms, deviation=29.7395ms]
hotpath
  hot path:                 FrontLidarDriver/RearLidarDriver -> ObjectCollisionEstimator
  hot path latency:         11.7088ms [min=11.1566ms, max=14.1602ms, average=11.9859ms, deviation=1.13385ms]
  hot path drops:           0 [min=0, max=0, average=0, deviation=0]
  behavior planner period:  99.9959ms [min=99.9685ms, max=100.019ms, average=99.997ms, deviation=0.0184248ms]
----------------------------------------------------------

----------------------------------------------------------
sample path: (IntersectionOutput) 
  order timepoint           sequence nr.                  node name     dropped samples
latency

Statistics:
  latency:                  2.85992ms [min=2.82184ms, max=5.07381ms, average=3.14956ms, deviation=0.491724ms]
----------------------------------------------------------

----------------------------------------------------------
sample path: (IntersectionOutput) 
  order timepoint           sequence nr.                  node name     dropped samples
latency

Statistics:
  latency:                  3.94217ms [min=2.82184ms, max=5.07381ms, average=3.17042ms, deviation=0.501786ms]
----------------------------------------------------------

----------------------------------------------------------
sample path: (IntersectionOutput) 
  order timepoint           sequence nr.                  node name     dropped samples
latency

Statistics:
  latency:                  3.09899ms [min=2.82184ms, max=5.07381ms, average=3.16859ms, deviation=0.495272ms]
----------------------------------------------------------

----------------------------------------------------------
sample path: (VehicleDBWSystem) 
  order timepoint           sequence nr.                  node name     dropped samples
bp period
latency

Statistics:
  latency:                  158.596ms [min=83.7763ms, max=159.324ms, average=127.555ms, deviation=30.0854ms]
hotpath
  hot path:                 FrontLidarDriver/RearLidarDriver -> ObjectCollisionEstimator
  hot path latency:         14.4096ms [min=11.1566ms, max=14.4096ms, average=12.2283ms, deviation=1.31538ms]
  hot path drops:           0 [min=0, max=0, average=0, deviation=0]
  behavior planner period:  100.023ms [min=99.9685ms, max=100.023ms, average=99.9998ms, deviation=0.0192806ms]
----------------------------------------------------------

----------------------------------------------------------
sample path: (IntersectionOutput) 
  order timepoint           sequence nr.                  node name     dropped samples
latency

Statistics:
  latency:                  2.86774ms [min=2.82184ms, max=5.07381ms, average=3.16107ms, deviation=0.49119ms]
----------------------------------------------------------

----------------------------------------------------------
sample path: (IntersectionOutput) 
  order timepoint           sequence nr.                  node name     dropped samples
latency

Statistics:
  latency:                  3.71611ms [min=2.82184ms, max=5.07381ms, average=3.1746ms, deviation=0.492696ms]
----------------------------------------------------------

----------------------------------------------------------
sample path: (IntersectionOutput) 
  order timepoint           sequence nr.                  node name     dropped samples
latency

Statistics:
  latency:                  3.47464ms [min=2.82184ms, max=5.07381ms, average=3.18175ms, deviation=0.488848ms]
----------------------------------------------------------

----------------------------------------------------------
sample path: (IntersectionOutput) 
  order timepoint           sequence nr.                  node name     dropped samples
latency

Statistics:
  latency:                  3.16228ms [min=2.82184ms, max=5.07381ms, average=3.1813ms, deviation=0.483002ms]
----------------------------------------------------------

----------------------------------------------------------
sample path: (VehicleDBWSystem) 
  order timepoint           sequence nr.                  node name     dropped samples
bp period
latency

Statistics:
  latency:                  158.44ms [min=83.7763ms, max=159.324ms, average=130.362ms, deviation=30.0222ms]
hotpath
  hot path:                 FrontLidarDriver/RearLidarDriver -> ObjectCollisionEstimator
  hot path latency:         11.7357ms [min=11.1566ms, max=14.4096ms, average=12.1835ms, deviation=1.25668ms]
  hot path drops:           0 [min=0, max=0, average=0, deviation=0]
  behavior planner period:  99.9831ms [min=99.9685ms, max=100.023ms, average=99.9982ms, deviation=0.0189309ms]
----------------------------------------------------------

----------------------------------------------------------
sample path: (IntersectionOutput) 
  order timepoint           sequence nr.                  node name     dropped samples
latency

Statistics:
  latency:                  2.88408ms [min=2.82184ms, max=5.07381ms, average=3.17454ms, deviation=0.479451ms]
----------------------------------------------------------

----------------------------------------------------------
sample path: (IntersectionOutput) 
  order timepoint           sequence nr.                  node name     dropped samples
latency

Statistics:
  latency:                  2.93802ms [min=2.82184ms, max=5.07381ms, average=3.16928ms, deviation=0.475281ms]
----------------------------------------------------------

----------------------------------------------------------
sample path: (IntersectionOutput) 
  order timepoint           sequence nr.                  node name     dropped samples
latency

Statistics:
  latency:                  4.51377ms [min=2.82184ms, max=5.07381ms, average=3.19851ms, deviation=0.510068ms]
----------------------------------------------------------

----------------------------------------------------------
sample path: (IntersectionOutput) 
  order timepoint           sequence nr.                  node name     dropped samples
latency

Statistics:
  latency:                  3.24413ms [min=2.82184ms, max=5.07381ms, average=3.19948ms, deviation=0.504537ms]
----------------------------------------------------------

----------------------------------------------------------
sample path: (VehicleDBWSystem) 
  order timepoint           sequence nr.                  node name     dropped samples
bp period
latency

Statistics:
  latency:                  158.558ms [min=83.7763ms, max=159.324ms, average=132.712ms, deviation=29.7598ms]
hotpath
  hot path:                 FrontLidarDriver/RearLidarDriver -> ObjectCollisionEstimator
  hot path latency:         15.0356ms [min=11.1566ms, max=15.0356ms, average=12.4212ms, deviation=1.4538ms]
  hot path drops:           0 [min=0, max=0, average=0, deviation=0]
  behavior planner period:  100.009ms [min=99.9685ms, max=100.023ms, average=99.9992ms, deviation=0.0182784ms]
----------------------------------------------------------

----------------------------------------------------------
sample path: (IntersectionOutput) 
  order timepoint           sequence nr.                  node name     dropped samples
latency

Statistics:
  latency:                  3.06682ms [min=2.82184ms, max=5.07381ms, average=3.19672ms, deviation=0.499508ms]
----------------------------------------------------------

----------------------------------------------------------
sample path: (IntersectionOutput) 
  order timepoint           sequence nr.                  node name     dropped samples
latency

Statistics:
  latency:                  2.99467ms [min=2.82184ms, max=5.07381ms, average=3.1926ms, deviation=0.495119ms]
----------------------------------------------------------

----------------------------------------------------------
sample path: (IntersectionOutput) 
  order timepoint           sequence nr.                  node name     dropped samples
latency

Statistics:
  latency:                  3.05855ms [min=2.82184ms, max=5.07381ms, average=3.18992ms, deviation=0.490407ms]
----------------------------------------------------------

----------------------------------------------------------
sample path: (IntersectionOutput) 
  order timepoint           sequence nr.                  node name     dropped samples
latency

Statistics:
  latency:                  2.96128ms [min=2.82184ms, max=5.07381ms, average=3.18543ms, deviation=0.486533ms]
----------------------------------------------------------

----------------------------------------------------------
sample path: (VehicleDBWSystem) 
  order timepoint           sequence nr.                  node name     dropped samples
bp period
latency

Statistics:
  latency:                  117.646ms [min=83.7763ms, max=159.324ms, average=131.553ms, deviation=28.7976ms]
hotpath
  hot path:                 FrontLidarDriver/RearLidarDriver -> ObjectCollisionEstimator
  hot path latency:         11.1639ms [min=11.1566ms, max=15.0356ms, average=12.3245ms, deviation=1.43492ms]
  hot path drops:           0 [min=0, max=0, average=0, deviation=0]
  behavior planner period:  100.009ms [min=99.9685ms, max=100.023ms, average=100ms, deviation=0.0176756ms]
----------------------------------------------------------

----------------------------------------------------------
sample path: (IntersectionOutput) 
  order timepoint           sequence nr.                  node name     dropped samples
latency

Statistics:
  latency:                  2.88401ms [min=2.82184ms, max=5.07381ms, average=3.17964ms, deviation=0.48355ms]
----------------------------------------------------------

----------------------------------------------------------
sample path: (IntersectionOutput) 
  order timepoint           sequence nr.                  node name     dropped samples
latency

Statistics:
  latency:                  2.98883ms [min=2.82184ms, max=5.07381ms, average=3.17604ms, deviation=0.479594ms]
----------------------------------------------------------

----------------------------------------------------------
sample path: (IntersectionOutput) 
  order timepoint           sequence nr.                  node name     dropped samples
latency

Statistics:
  latency:                  2.94847ms [min=2.82184ms, max=5.07381ms, average=3.17182ms, deviation=0.476056ms]
----------------------------------------------------------

----------------------------------------------------------
sample path: (IntersectionOutput) 
  order timepoint           sequence nr.                  node name     dropped samples
latency

Statistics:
  latency:                  5.20467ms [min=2.82184ms, max=5.20467ms, average=3.20878ms, deviation=0.545499ms]
----------------------------------------------------------

----------------------------------------------------------
sample path: (VehicleDBWSystem) 
  order timepoint           sequence nr.                  node name     dropped samples
bp period
latency

Statistics:
  latency:                  119.064ms [min=83.7763ms, max=159.324ms, average=130.661ms, deviation=27.8684ms]
hotpath
  hot path:                 FrontLidarDriver/RearLidarDriver -> ObjectCollisionEstimator
  hot path latency:         11.714ms [min=11.1566ms, max=15.0356ms, average=12.2809ms, deviation=1.38825ms]
  hot path drops:           0 [min=0, max=0, average=0, deviation=0]
  behavior planner period:  99.9836ms [min=99.9685ms, max=100.023ms, average=99.9988ms, deviation=0.0175281ms]
----------------------------------------------------------

----------------------------------------------------------
sample path: (IntersectionOutput) 
  order timepoint           sequence nr.                  node name     dropped samples
latency

Statistics:
  latency:                  3.9976ms [min=2.82184ms, max=5.20467ms, average=3.22287ms, deviation=0.5507ms]
----------------------------------------------------------

----------------------------------------------------------
sample path: (IntersectionOutput) 
  order timepoint           sequence nr.                  node name     dropped samples
latency

Statistics:
  latency:                  3.05425ms [min=2.82184ms, max=5.20467ms, average=3.21991ms, deviation=0.546217ms]
----------------------------------------------------------

----------------------------------------------------------
sample path: (IntersectionOutput) 
  order timepoint           sequence nr.                  node name     dropped samples
latency

Statistics:
  latency:                  2.8831ms [min=2.82184ms, max=5.20467ms, average=3.2141ms, deviation=0.543208ms]
----------------------------------------------------------

----------------------------------------------------------
sample path: (IntersectionOutput) 
  order timepoint           sequence nr.                  node name     dropped samples
latency

Statistics:
  latency:                  3.05097ms [min=2.82184ms, max=5.20467ms, average=3.21134ms, deviation=0.538924ms]
----------------------------------------------------------

----------------------------------------------------------
sample path: (IntersectionOutput) 
  order timepoint           sequence nr.                  node name     dropped samples
latency

Statistics:
  latency:                  3.1021ms [min=2.82184ms, max=5.20467ms, average=3.20952ms, deviation=0.534523ms]
----------------------------------------------------------

----------------------------------------------------------
sample path: (VehicleDBWSystem) 
  order timepoint           sequence nr.                  node name     dropped samples
bp period
latency

Statistics:
  latency:                  84.022ms [min=83.7763ms, max=159.324ms, average=127.552ms, deviation=29.431ms]
hotpath
  hot path:                 FrontLidarDriver/RearLidarDriver -> ObjectCollisionEstimator
  hot path latency:         11.6226ms [min=11.1566ms, max=15.0356ms, average=12.237ms, deviation=1.34851ms]
  hot path drops:           0 [min=0, max=0, average=0, deviation=0]
  behavior planner period:  100.002ms [min=99.9685ms, max=100.023ms, average=99.999ms, deviation=0.0168587ms]
----------------------------------------------------------

----------------------------------------------------------
sample path: (IntersectionOutput) 
  order timepoint           sequence nr.                  node name     dropped samples
latency

Statistics:
  latency:                  2.97612ms [min=2.82184ms, max=5.20467ms, average=3.20569ms, deviation=0.530892ms]
----------------------------------------------------------

----------------------------------------------------------
sample path: (IntersectionOutput) 
  order timepoint           sequence nr.                  node name     dropped samples
latency

Statistics:
  latency:                  2.82276ms [min=2.82184ms, max=5.20467ms, average=3.19951ms, deviation=0.528763ms]
----------------------------------------------------------

----------------------------------------------------------
sample path: (IntersectionOutput) 
  order timepoint           sequence nr.                  node name     dropped samples
latency

Statistics:
  latency:                  3.08363ms [min=2.82184ms, max=5.20467ms, average=3.19768ms, deviation=0.524685ms]
----------------------------------------------------------

----------------------------------------------------------
sample path: (VehicleDBWSystem) 
  order timepoint           sequence nr.                  node name     dropped samples
bp period
latency

Statistics:
  latency:                  158.77ms [min=83.7763ms, max=159.324ms, average=129.503ms, deviation=29.4847ms]
hotpath
  hot path:                 FrontLidarDriver/RearLidarDriver -> ObjectCollisionEstimator
  hot path latency:         11.3749ms [min=11.1566ms, max=15.0356ms, average=12.1831ms, deviation=1.32049ms]
  hot path drops:           0 [min=0, max=0, average=0, deviation=0]
  behavior planner period:  100.011ms [min=99.9685ms, max=100.023ms, average=99.9998ms, deviation=0.0165249ms]
----------------------------------------------------------

----------------------------------------------------------
sample path: (IntersectionOutput) 
  order timepoint           sequence nr.                  node name     dropped samples
latency

Statistics:
  latency:                  3.02288ms [min=2.82184ms, max=5.20467ms, average=3.19494ms, deviation=0.520962ms]
----------------------------------------------------------

----------------------------------------------------------
sample path: (IntersectionOutput) 
  order timepoint           sequence nr.                  node name     dropped samples
latency

Statistics:
  latency:                  3.84946ms [min=2.82184ms, max=5.20467ms, average=3.20501ms, deviation=0.523213ms]
----------------------------------------------------------

----------------------------------------------------------
sample path: (IntersectionOutput) 
  order timepoint           sequence nr.                  node name     dropped samples
latency

Statistics:
  latency:                  3.19008ms [min=2.82184ms, max=5.20467ms, average=3.20479ms, deviation=0.519176ms]
----------------------------------------------------------

----------------------------------------------------------
sample path: (IntersectionOutput) 
  order timepoint           sequence nr.                  node name     dropped samples
latency

Statistics:
  latency:                  2.90477ms [min=2.82184ms, max=5.20467ms, average=3.20031ms, deviation=0.51653ms]
----------------------------------------------------------

----------------------------------------------------------
sample path: (VehicleDBWSystem) 
  order timepoint           sequence nr.                  node name     dropped samples
bp period
latency

Statistics:
  latency:                  159.172ms [min=83.7763ms, max=159.324ms, average=131.248ms, deviation=29.4414ms]
hotpath
  hot path:                 FrontLidarDriver/RearLidarDriver -> ObjectCollisionEstimator
  hot path latency:         13.7167ms [min=11.1566ms, max=15.0356ms, average=12.2733ms, deviation=1.33156ms]
  hot path drops:           0 [min=0, max=0, average=0, deviation=0]
  behavior planner period:  99.9889ms [min=99.9685ms, max=100.023ms, average=99.9991ms, deviation=0.0161951ms]
----------------------------------------------------------

----------------------------------------------------------
sample path: (IntersectionOutput) 
  order timepoint           sequence nr.                  node name     dropped samples
latency

Statistics:
  latency:                  3.47055ms [min=2.82184ms, max=5.20467ms, average=3.20428ms, deviation=0.513707ms]
----------------------------------------------------------

----------------------------------------------------------
sample path: (IntersectionOutput) 
  order timepoint           sequence nr.                  node name     dropped samples
latency

Statistics:
  latency:                  2.88137ms [min=2.82184ms, max=5.20467ms, average=3.1996ms, deviation=0.511395ms]
----------------------------------------------------------

----------------------------------------------------------
sample path: (IntersectionOutput) 
  order timepoint           sequence nr.                  node name     dropped samples
latency

Statistics:
  latency:                  3.74546ms [min=2.82184ms, max=5.20467ms, average=3.2074ms, deviation=0.511851ms]
----------------------------------------------------------

----------------------------------------------------------
sample path: (IntersectionOutput) 
  order timepoint           sequence nr.                  node name     dropped samples
latency

Statistics:
  latency:                  2.94047ms [min=2.82184ms, max=5.20467ms, average=3.20364ms, deviation=0.509168ms]
----------------------------------------------------------

----------------------------------------------------------
sample path: (VehicleDBWSystem) 
  order timepoint           sequence nr.                  node name     dropped samples
bp period
latency

Statistics:
  latency:                  159.083ms [min=83.7763ms, max=159.324ms, average=132.794ms, deviation=29.3061ms]
hotpath
  hot path:                 FrontLidarDriver/RearLidarDriver -> ObjectCollisionEstimator
  hot path latency:         14.1329ms [min=11.1566ms, max=15.0356ms, average=12.3766ms, deviation=1.36414ms]
  hot path drops:           0 [min=0, max=0, average=0, deviation=0]
  behavior planner period:  100.01ms [min=99.9685ms, max=100.023ms, average=99.9998ms, deviation=0.0159108ms]
----------------------------------------------------------

----------------------------------------------------------
sample path: (IntersectionOutput) 
  order timepoint           sequence nr.                  node name     dropped samples
latency

Statistics:
  latency:                  2.87771ms [min=2.82184ms, max=5.20467ms, average=3.19912ms, deviation=0.507027ms]
----------------------------------------------------------

----------------------------------------------------------
sample path: (IntersectionOutput) 
  order timepoint           sequence nr.                  node name     dropped samples
latency

Statistics:
  latency:                  3.00139ms [min=2.82184ms, max=5.20467ms, average=3.19641ms, deviation=0.504025ms]
----------------------------------------------------------

----------------------------------------------------------
sample path: (IntersectionOutput) 
  order timepoint           sequence nr.                  node name     dropped samples
latency

Statistics:
  latency:                  3.11973ms [min=2.82184ms, max=5.20467ms, average=3.19537ms, deviation=0.50064ms]
----------------------------------------------------------

----------------------------------------------------------
sample path: (IntersectionOutput) 
  order timepoint           sequence nr.                  node name     dropped samples
latency

Statistics:
  latency:                  2.97586ms [min=2.82184ms, max=5.20467ms, average=3.19244ms, deviation=0.497892ms]
----------------------------------------------------------

----------------------------------------------------------
sample path: (VehicleDBWSystem) 
  order timepoint           sequence nr.                  node name     dropped samples
bp period
latency

Statistics:
  latency:                  117.949ms [min=83.7763ms, max=159.324ms, average=132.013ms, deviation=28.6833ms]
hotpath
  hot path:                 FrontLidarDriver/RearLidarDriver -> ObjectCollisionEstimator
  hot path latency:         11.5327ms [min=11.1566ms, max=15.0356ms, average=12.3322ms, deviation=1.33977ms]
  hot path drops:           0 [min=0, max=0, average=0, deviation=0]
  behavior planner period:  99.9937ms [min=99.9685ms, max=100.023ms, average=99.9994ms, deviation=0.0155012ms]
----------------------------------------------------------

----------------------------------------------------------
sample path: (IntersectionOutput) 
  order timepoint           sequence nr.                  node name     dropped samples
latency

Statistics:
  latency:                  3.42956ms [min=2.82184ms, max=5.20467ms, average=3.19556ms, deviation=0.495309ms]
----------------------------------------------------------

----------------------------------------------------------
sample path: (IntersectionOutput) 
  order timepoint           sequence nr.                  node name     dropped samples
latency

Statistics:
  latency:                  2.84687ms [min=2.82184ms, max=5.20467ms, average=3.19104ms, deviation=0.493641ms]
----------------------------------------------------------

----------------------------------------------------------
sample path: (IntersectionOutput) 
  order timepoint           sequence nr.                  node name     dropped samples
latency

Statistics:
  latency:                  3.08114ms [min=2.82184ms, max=5.20467ms, average=3.18963ms, deviation=0.490583ms]
----------------------------------------------------------

----------------------------------------------------------
sample path: (IntersectionOutput) 
  order timepoint           sequence nr.                  node name     dropped samples
latency

Statistics:
  latency:                  3.05244ms [min=2.82184ms, max=5.20467ms, average=3.18789ms, deviation=0.487673ms]
----------------------------------------------------------

----------------------------------------------------------
sample path: (VehicleDBWSystem) 
  order timepoint           sequence nr.                  node name     dropped samples
bp period
latency

Statistics:
  latency:                  117.435ms [min=83.7763ms, max=159.324ms, average=131.284ms, deviation=28.108ms]
hotpath
  hot path:                 FrontLidarDriver/RearLidarDriver -> ObjectCollisionEstimator
  hot path latency:         11.8346ms [min=11.1566ms, max=15.0356ms, average=12.3073ms, deviation=1.30877ms]
  hot path drops:           0 [min=0, max=0, average=0, deviation=0]
  behavior planner period:  99.9959ms [min=99.9685ms, max=100.023ms, average=99.9992ms, deviation=0.0150857ms]
----------------------------------------------------------

----------------------------------------------------------
sample path: (IntersectionOutput) 
  order timepoint           sequence nr.                  node name     dropped samples
latency

Statistics:
  latency:                  3.09148ms [min=2.82184ms, max=5.20467ms, average=3.18668ms, deviation=0.484696ms]
----------------------------------------------------------

----------------------------------------------------------
sample path: (IntersectionOutput) 
  order timepoint           sequence nr.                  node name     dropped samples
latency

Statistics:
  latency:                  3.04343ms [min=2.82184ms, max=5.20467ms, average=3.18492ms, deviation=0.48192ms]
----------------------------------------------------------

----------------------------------------------------------
sample path: (IntersectionOutput) 
  order timepoint           sequence nr.                  node name     dropped samples
latency

Statistics:
  latency:                  3.28278ms [min=2.82184ms, max=5.20467ms, average=3.18611ms, deviation=0.479058ms]
----------------------------------------------------------

----------------------------------------------------------
sample path: (IntersectionOutput) 
  order timepoint           sequence nr.                  node name     dropped samples
latency

Statistics:
  latency:                  3.07039ms [min=2.82184ms, max=5.20467ms, average=3.18472ms, deviation=0.476297ms]
----------------------------------------------------------

----------------------------------------------------------
sample path: (VehicleDBWSystem) 
  order timepoint           sequence nr.                  node name     dropped samples
bp period
latency

Statistics:
  latency:                  79.5168ms [min=79.5168ms, max=159.324ms, average=128.819ms, deviation=29.6339ms]
hotpath
  hot path:                 FrontLidarDriver/RearLidarDriver -> ObjectCollisionEstimator
  hot path latency:         11.4854ms [min=11.1566ms, max=15.0356ms, average=12.2682ms, deviation=1.28818ms]
  hot path drops:           0 [min=0, max=0, average=0, deviation=0]
  behavior planner period:  100.001ms [min=99.9685ms, max=100.023ms, average=99.9993ms, deviation=0.0146919ms]
----------------------------------------------------------

----------------------------------------------------------
sample path: (IntersectionOutput) 
  order timepoint           sequence nr.                  node name     dropped samples
latency

Statistics:
  latency:                  4.72284ms [min=2.82184ms, max=5.20467ms, average=3.20303ms, deviation=0.502286ms]
----------------------------------------------------------

----------------------------------------------------------
sample path: (IntersectionOutput) 
  order timepoint           sequence nr.                  node name     dropped samples
latency

Statistics:
  latency:                  2.87405ms [min=2.82184ms, max=5.20467ms, average=3.19916ms, deviation=0.50056ms]
----------------------------------------------------------

----------------------------------------------------------
sample path: (IntersectionOutput) 
  order timepoint           sequence nr.                  node name     dropped samples
latency

Statistics:
  latency:                  3.53755ms [min=2.82184ms, max=5.20467ms, average=3.20309ms, deviation=0.498943ms]
----------------------------------------------------------

----------------------------------------------------------
sample path: (IntersectionOutput) 
  order timepoint           sequence nr.                  node name     dropped samples
latency

Statistics:
  latency:                  3.12628ms [min=2.82184ms, max=5.20467ms, average=3.20221ms, deviation=0.496102ms]
----------------------------------------------------------

----------------------------------------------------------
sample path: (VehicleDBWSystem) 
  order timepoint           sequence nr.                  node name     dropped samples
bp period
latency

Statistics:
  latency:                  159.617ms [min=79.5168ms, max=159.617ms, average=130.219ms, deviation=29.6558ms]
hotpath
  hot path:                 FrontLidarDriver/RearLidarDriver -> ObjectCollisionEstimator
  hot path latency:         14.1055ms [min=11.1566ms, max=15.0356ms, average=12.3517ms, deviation=1.31675ms]
  hot path drops:           0 [min=0, max=0, average=0, deviation=0]
  behavior planner period:  100.002ms [min=99.9685ms, max=100.023ms, average=99.9995ms, deviation=0.0143325ms]
----------------------------------------------------------

----------------------------------------------------------
sample path: (IntersectionOutput) 
  order timepoint           sequence nr.                  node name     dropped samples
latency

Statistics:
  latency:                  3.76649ms [min=2.82184ms, max=5.20467ms, average=3.20862ms, deviation=0.496897ms]
----------------------------------------------------------

----------------------------------------------------------
sample path: (IntersectionOutput) 
  order timepoint           sequence nr.                  node name     dropped samples
latency

Statistics:
  latency:                  4.99557ms [min=2.82184ms, max=5.20467ms, average=3.2287ms, deviation=0.529131ms]
----------------------------------------------------------

----------------------------------------------------------
sample path: (IntersectionOutput) 
  order timepoint           sequence nr.                  node name     dropped samples
latency

Statistics:
  latency:                  5.86374ms [min=2.82184ms, max=5.86374ms, average=3.25798ms, deviation=0.594965ms]
----------------------------------------------------------

----------------------------------------------------------
sample path: (IntersectionOutput) 
  order timepoint           sequence nr.                  node name     dropped samples
latency

Statistics:
  latency:                  3.01663ms [min=2.82184ms, max=5.86374ms, average=3.25532ms, deviation=0.592191ms]
----------------------------------------------------------

----------------------------------------------------------
sample path: (VehicleDBWSystem) 
  order timepoint           sequence nr.                  node name     dropped samples
bp period
latency

Statistics:
  latency:                  158.842ms [min=79.5168ms, max=159.617ms, average=131.464ms, deviation=29.5823ms]
hotpath
  hot path:                 FrontLidarDriver/RearLidarDriver -> ObjectCollisionEstimator
  hot path latency:         14.0257ms [min=11.1566ms, max=15.0356ms, average=12.4245ms, deviation=1.33299ms]
  hot path drops:           0 [min=0, max=0, average=0, deviation=0]
  behavior planner period:  100.012ms [min=99.9685ms, max=100.023ms, average=100ms, deviation=0.0142589ms]
----------------------------------------------------------

----------------------------------------------------------
sample path: (IntersectionOutput) 
  order timepoint           sequence nr.                  node name     dropped samples
latency

Statistics:
  latency:                  2.90904ms [min=2.82184ms, max=5.86374ms, average=3.25156ms, deviation=0.590033ms]
----------------------------------------------------------

----------------------------------------------------------
sample path: (IntersectionOutput) 
  order timepoint           sequence nr.                  node name     dropped samples
latency

Statistics:
  latency:                  2.83302ms [min=2.82184ms, max=5.86374ms, average=3.24706ms, deviation=0.588421ms]
----------------------------------------------------------

----------------------------------------------------------
sample path: (IntersectionOutput) 
  order timepoint           sequence nr.                  node name     dropped samples
latency

Statistics:
  latency:                  5.4869ms [min=2.82184ms, max=5.86374ms, average=3.27089ms, deviation=0.629196ms]
----------------------------------------------------------

----------------------------------------------------------
sample path: (IntersectionOutput) 
  order timepoint           sequence nr.                  node name     dropped samples
latency

Statistics:
  latency:                  3.15858ms [min=2.82184ms, max=5.86374ms, average=3.26971ms, deviation=0.625946ms]
----------------------------------------------------------

----------------------------------------------------------
sample path: (VehicleDBWSystem) 
  order timepoint           sequence nr.                  node name     dropped samples
bp period
latency

Statistics:
  latency:                  159.016ms [min=79.5168ms, max=159.617ms, average=132.612ms, deviation=29.4736ms]
hotpath
  hot path:                 FrontLidarDriver/RearLidarDriver -> ObjectCollisionEstimator
  hot path latency:         15.9459ms [min=11.1566ms, max=15.9459ms, average=12.5712ms, deviation=1.48872ms]
  hot path drops:           0 [min=0, max=0, average=0, deviation=0]
  behavior planner period:  99.988ms [min=99.9685ms, max=100.023ms, average=99.9995ms, deviation=0.0141573ms]
----------------------------------------------------------

----------------------------------------------------------
sample path: (IntersectionOutput) 
  order timepoint           sequence nr.                  node name     dropped samples
latency

Statistics:
  latency:                  3.57148ms [min=2.82184ms, max=5.86374ms, average=3.27285ms, deviation=0.623404ms]
----------------------------------------------------------

----------------------------------------------------------
sample path: (IntersectionOutput) 
  order timepoint           sequence nr.                  node name     dropped samples
latency

Statistics:
  latency:                  2.84273ms [min=2.82184ms, max=5.86374ms, average=3.26842ms, deviation=0.621685ms]
----------------------------------------------------------

----------------------------------------------------------
sample path: (IntersectionOutput) 
  order timepoint           sequence nr.                  node name     dropped samples
latency

Statistics:
  latency:                  2.94046ms [min=2.82184ms, max=5.86374ms, average=3.26507ms, deviation=0.619358ms]
----------------------------------------------------------

----------------------------------------------------------
sample path: (IntersectionOutput) 
  order timepoint           sequence nr.                  node name     dropped samples
latency

Statistics:
  latency:                  2.86842ms [min=2.82184ms, max=5.86374ms, average=3.26106ms, deviation=0.617478ms]
----------------------------------------------------------

----------------------------------------------------------
sample path: (VehicleDBWSystem) 
  order timepoint           sequence nr.                  node name     dropped samples
bp period
latency

Statistics:
  latency:                  117.499ms [min=79.5168ms, max=159.617ms, average=132.007ms, deviation=29.0109ms]
hotpath
  hot path:                 FrontLidarDriver/RearLidarDriver -> ObjectCollisionEstimator
  hot path latency:         11.2233ms [min=11.1566ms, max=15.9459ms, average=12.5173ms, deviation=1.4821ms]
  hot path drops:           0 [min=0, max=0, average=0, deviation=0]
  behavior planner period:  100.003ms [min=99.9685ms, max=100.023ms, average=99.9997ms, deviation=0.0138599ms]
----------------------------------------------------------

----------------------------------------------------------
sample path: (IntersectionOutput) 
  order timepoint           sequence nr.                  node name     dropped samples
latency

Statistics:
  latency:                  2.94772ms [min=2.82184ms, max=5.86374ms, average=3.25793ms, deviation=0.615151ms]
----------------------------------------------------------

----------------------------------------------------------
sample path: (IntersectionOutput) 
  order timepoint           sequence nr.                  node name     dropped samples
latency

Statistics:
  latency:                  3.17483ms [min=2.82184ms, max=5.86374ms, average=3.25711ms, deviation=0.612123ms]
----------------------------------------------------------

----------------------------------------------------------
sample path: (IntersectionOutput) 
  order timepoint           sequence nr.                  node name     dropped samples
latency

Statistics:
  latency:                  2.99064ms [min=2.82184ms, max=5.86374ms, average=3.25449ms, deviation=0.609656ms]
----------------------------------------------------------

----------------------------------------------------------
sample path: (IntersectionOutput) 
  order timepoint           sequence nr.                  node name     dropped samples
latency

Statistics:
  latency:                  2.91119ms [min=2.82184ms, max=5.86374ms, average=3.25116ms, deviation=0.607603ms]
----------------------------------------------------------

----------------------------------------------------------
sample path: (VehicleDBWSystem) 
  order timepoint           sequence nr.                  node name     dropped samples
bp period
latency

Statistics:
  latency:                  117.969ms [min=79.5168ms, max=159.617ms, average=131.467ms, deviation=28.5578ms]
hotpath
  hot path:                 FrontLidarDriver/RearLidarDriver -> ObjectCollisionEstimator
  hot path latency:         11.5429ms [min=11.1566ms, max=15.9459ms, average=12.4798ms, deviation=1.46468ms]
  hot path drops:           0 [min=0, max=0, average=0, deviation=0]
  behavior planner period:  100.002ms [min=99.9685ms, max=100.023ms, average=99.9998ms, deviation=0.0135778ms]
----------------------------------------------------------

----------------------------------------------------------
sample path: (IntersectionOutput) 
  order timepoint           sequence nr.                  node name     dropped samples
latency

Statistics:
  latency:                  2.89083ms [min=2.82184ms, max=5.86374ms, average=3.2477ms, deviation=0.605677ms]
----------------------------------------------------------

----------------------------------------------------------
sample path: (IntersectionOutput) 
  order timepoint           sequence nr.                  node name     dropped samples
latency

Statistics:
  latency:                  3.1841ms [min=2.82184ms, max=5.86374ms, average=3.24709ms, deviation=0.60279ms]
----------------------------------------------------------

----------------------------------------------------------
sample path: (IntersectionOutput) 
  order timepoint           sequence nr.                  node name     dropped samples
latency

Statistics:
  latency:                  3.16566ms [min=2.82184ms, max=5.86374ms, average=3.24632ms, deviation=0.599965ms]
----------------------------------------------------------

----------------------------------------------------------
sample path: (IntersectionOutput) 
  order timepoint           sequence nr.                  node name     dropped samples
latency

Statistics:
  latency:                  3.15225ms [min=2.82184ms, max=5.86374ms, average=3.24544ms, deviation=0.597198ms]
----------------------------------------------------------

----------------------------------------------------------
sample path: (VehicleDBWSystem) 
  order timepoint           sequence nr.                  node name     dropped samples
bp period
latency

Statistics:
  latency:                  79.6058ms [min=79.5168ms, max=159.617ms, average=129.546ms, deviation=29.7287ms]
hotpath
  hot path:                 FrontLidarDriver/RearLidarDriver -> ObjectCollisionEstimator
  hot path latency:         11.3778ms [min=11.1566ms, max=15.9459ms, average=12.439ms, deviation=1.45181ms]
  hot path drops:           0 [min=0, max=0, average=0, deviation=0]
  behavior planner period:  100.001ms [min=99.9685ms, max=100.023ms, average=99.9998ms, deviation=0.0133051ms]
----------------------------------------------------------

----------------------------------------------------------
sample path: (IntersectionOutput) 
  order timepoint           sequence nr.                  node name     dropped samples
latency

Statistics:
  latency:                  5.02378ms [min=2.82184ms, max=5.86374ms, average=3.26191ms, deviation=0.618542ms]
----------------------------------------------------------

----------------------------------------------------------
sample path: (IntersectionOutput) 
  order timepoint           sequence nr.                  node name     dropped samples
latency

Statistics:
  latency:                  3.0012ms [min=2.82184ms, max=5.86374ms, average=3.25952ms, deviation=0.616178ms]
----------------------------------------------------------

----------------------------------------------------------
sample path: (IntersectionOutput) 
  order timepoint           sequence nr.                  node name     dropped samples
latency

Statistics:
  latency:                  2.88877ms [min=2.82184ms, max=5.86374ms, average=3.25615ms, deviation=0.614363ms]
----------------------------------------------------------

----------------------------------------------------------
sample path: (IntersectionOutput) 
  order timepoint           sequence nr.                  node name     dropped samples
latency

Statistics:
  latency:                  3.10854ms [min=2.82184ms, max=5.86374ms, average=3.25482ms, deviation=0.611724ms]
----------------------------------------------------------

----------------------------------------------------------
sample path: (VehicleDBWSystem) 
  order timepoint           sequence nr.                  node name     dropped samples
bp period
latency

Statistics:
  latency:                  159.562ms [min=79.5168ms, max=159.617ms, average=130.618ms, deviation=29.7193ms]
hotpath
  hot path:                 FrontLidarDriver/RearLidarDriver -> ObjectCollisionEstimator
  hot path latency:         11.6424ms [min=11.1566ms, max=15.9459ms, average=12.4105ms, deviation=1.4326ms]
  hot path drops:           0 [min=0, max=0, average=0, deviation=0]
  behavior planner period:  99.9982ms [min=99.9685ms, max=100.023ms, average=99.9998ms, deviation=0.0130503ms]
----------------------------------------------------------

----------------------------------------------------------
sample path: (IntersectionOutput) 
  order timepoint           sequence nr.                  node name     dropped samples
latency

Statistics:
  latency:                  3.68231ms [min=2.82184ms, max=5.86374ms, average=3.25863ms, deviation=0.610301ms]
----------------------------------------------------------

----------------------------------------------------------
sample path: (IntersectionOutput) 
  order timepoint           sequence nr.                  node name     dropped samples
latency

Statistics:
  latency:                  3.18525ms [min=2.82184ms, max=5.86374ms, average=3.25798ms, deviation=0.607609ms]
----------------------------------------------------------

----------------------------------------------------------
sample path: (IntersectionOutput) 
  order timepoint           sequence nr.                  node name     dropped samples
latency

Statistics:
  latency:                  3.66629ms [min=2.82184ms, max=5.86374ms, average=3.26157ms, deviation=0.606122ms]
----------------------------------------------------------

----------------------------------------------------------
sample path: (IntersectionOutput) 
  order timepoint           sequence nr.                  node name     dropped samples
latency

Statistics:
  latency:                  3.02476ms [min=2.82184ms, max=5.86374ms, average=3.25951ms, deviation=0.603862ms]
----------------------------------------------------------

----------------------------------------------------------
sample path: (VehicleDBWSystem) 
  order timepoint           sequence nr.                  node name     dropped samples
bp period
latency

Statistics:
  latency:                  159.829ms [min=79.5168ms, max=159.829ms, average=131.626ms, deviation=29.6836ms]
hotpath
  hot path:                 FrontLidarDriver/RearLidarDriver -> ObjectCollisionEstimator
  hot path latency:         11.6346ms [min=11.1566ms, max=15.9459ms, average=12.3838ms, deviation=1.41415ms]
  hot path drops:           0 [min=0, max=0, average=0, deviation=0]
  behavior planner period:  99.9986ms [min=99.9685ms, max=100.023ms, average=99.9997ms, deviation=0.0128083ms]
----------------------------------------------------------

----------------------------------------------------------
sample path: (IntersectionOutput) 
  order timepoint           sequence nr.                  node name     dropped samples
latency

Statistics:
  latency:                  3.96042ms [min=2.82184ms, max=5.86374ms, average=3.26555ms, deviation=0.604743ms]
----------------------------------------------------------

----------------------------------------------------------
sample path: (IntersectionOutput) 
  order timepoint           sequence nr.                  node name     dropped samples
latency

Statistics:
  latency:                  2.8839ms [min=2.82184ms, max=5.86374ms, average=3.26229ms, deviation=0.603163ms]
----------------------------------------------------------

----------------------------------------------------------
sample path: (IntersectionOutput) 
  order timepoint           sequence nr.                  node name     dropped samples
latency

Statistics:
  latency:                  4.63301ms [min=2.82184ms, max=5.86374ms, average=3.2739ms, deviation=0.613693ms]
----------------------------------------------------------

----------------------------------------------------------
sample path: (IntersectionOutput) 
  order timepoint           sequence nr.                  node name     dropped samples
latency

Statistics:
  latency:                  3.06893ms [min=2.82184ms, max=5.86374ms, average=3.27218ms, deviation=0.611376ms]
----------------------------------------------------------

----------------------------------------------------------
sample path: (VehicleDBWSystem) 
  order timepoint           sequence nr.                  node name     dropped samples
bp period
latency

Statistics:
  latency:                  158.835ms [min=79.5168ms, max=159.829ms, average=132.532ms, deviation=29.5873ms]
hotpath
  hot path:                 FrontLidarDriver/RearLidarDriver -> ObjectCollisionEstimator
  hot path latency:         15.1059ms [min=11.1566ms, max=15.9459ms, average=12.4745ms, deviation=1.47575ms]
  hot path drops:           0 [min=0, max=0, average=0, deviation=0]
  behavior planner period:  100.015ms [min=99.9685ms, max=100.023ms, average=100ms, deviation=0.0128828ms]
----------------------------------------------------------

----------------------------------------------------------
sample path: (IntersectionOutput) 
  order timepoint           sequence nr.                  node name     dropped samples
latency

Statistics:
  latency:                  2.85392ms [min=2.82184ms, max=5.86374ms, average=3.2687ms, deviation=0.609998ms]
----------------------------------------------------------

----------------------------------------------------------
sample path: (IntersectionOutput) 
  order timepoint           sequence nr.                  node name     dropped samples
latency

Statistics:
  latency:                  3.09444ms [min=2.82184ms, max=5.86374ms, average=3.26726ms, deviation=0.607657ms]
----------------------------------------------------------

----------------------------------------------------------
sample path: (IntersectionOutput) 
  order timepoint           sequence nr.                  node name     dropped samples
latency

Statistics:
  latency:                  3.91814ms [min=2.82184ms, max=5.86374ms, average=3.27259ms, deviation=0.608004ms]
----------------------------------------------------------

----------------------------------------------------------
sample path: (IntersectionOutput) 
  order timepoint           sequence nr.                  node name     dropped samples
latency

Statistics:
  latency:                  3.03204ms [min=2.82184ms, max=5.86374ms, average=3.27063ms, deviation=0.605895ms]
----------------------------------------------------------

----------------------------------------------------------
sample path: (VehicleDBWSystem) 
  order timepoint           sequence nr.                  node name     dropped samples
bp period
latency

Statistics:
  latency:                  117.515ms [min=79.5168ms, max=159.829ms, average=132.048ms, deviation=29.2148ms]
hotpath
  hot path:                 FrontLidarDriver/RearLidarDriver -> ObjectCollisionEstimator
  hot path latency:         14.4288ms [min=11.1566ms, max=15.9459ms, average=12.5376ms, deviation=1.4928ms]
  hot path drops:           0 [min=0, max=0, average=0, deviation=0]
  behavior planner period:  99.9843ms [min=99.9685ms, max=100.023ms, average=99.9997ms, deviation=0.0129894ms]
----------------------------------------------------------

----------------------------------------------------------
sample path: (IntersectionOutput) 
  order timepoint           sequence nr.                  node name     dropped samples
latency

Statistics:
  latency:                  3.14679ms [min=2.82184ms, max=5.86374ms, average=3.26964ms, deviation=0.60353ms]
----------------------------------------------------------

----------------------------------------------------------
sample path: (IntersectionOutput) 
  order timepoint           sequence nr.                  node name     dropped samples
latency

Statistics:
  latency:                  2.86679ms [min=2.82184ms, max=5.86374ms, average=3.26641ms, deviation=0.60217ms]
----------------------------------------------------------

----------------------------------------------------------
sample path: (IntersectionOutput) 
  order timepoint           sequence nr.                  node name     dropped samples
latency

Statistics:
  latency:                  2.82992ms [min=2.82184ms, max=5.86374ms, average=3.26295ms, deviation=0.601016ms]
----------------------------------------------------------

----------------------------------------------------------
sample path: (IntersectionOutput) 
  order timepoint           sequence nr.                  node name     dropped samples
latency

Statistics:
  latency:                  3.09305ms [min=2.82184ms, max=5.86374ms, average=3.26161ms, deviation=0.598816ms]
----------------------------------------------------------

----------------------------------------------------------
sample path: (VehicleDBWSystem) 
  order timepoint           sequence nr.                  node name     dropped samples
bp period
latency

Statistics:
  latency:                  117.745ms [min=79.5168ms, max=159.829ms, average=131.601ms, deviation=28.8508ms]
hotpath
  hot path:                 FrontLidarDriver/RearLidarDriver -> ObjectCollisionEstimator
  hot path latency:         11.2772ms [min=11.1566ms, max=15.9459ms, average=12.4982ms, deviation=1.48533ms]
  hot path drops:           0 [min=0, max=0, average=0, deviation=0]
  behavior planner period:  100.016ms [min=99.9685ms, max=100.023ms, average=100ms, deviation=0.0130925ms]
----------------------------------------------------------

----------------------------------------------------------
sample path: (IntersectionOutput) 
  order timepoint           sequence nr.                  node name     dropped samples
latency

Statistics:
  latency:                  3.03909ms [min=2.82184ms, max=5.86374ms, average=3.25987ms, deviation=0.596778ms]
----------------------------------------------------------

----------------------------------------------------------
sample path: (IntersectionOutput) 
  order timepoint           sequence nr.                  node name     dropped samples
latency

Statistics:
  latency:                  2.93762ms [min=2.82184ms, max=5.86374ms, average=3.25737ms, deviation=0.595119ms]
----------------------------------------------------------

----------------------------------------------------------
sample path: (IntersectionOutput) 
  order timepoint           sequence nr.                  node name     dropped samples
latency

Statistics:
  latency:                  2.86746ms [min=2.82184ms, max=5.86374ms, average=3.25438ms, deviation=0.593793ms]
----------------------------------------------------------

----------------------------------------------------------
sample path: (IntersectionOutput) 
  order timepoint           sequence nr.                  node name     dropped samples
latency

Statistics:
  latency:                  2.9288ms [min=2.82184ms, max=5.86374ms, average=3.25189ms, deviation=0.592189ms]
----------------------------------------------------------

----------------------------------------------------------
sample path: (VehicleDBWSystem) 
  order timepoint           sequence nr.                  node name     dropped samples
bp period
latency

Statistics:
  latency:                  79.9471ms [min=79.5168ms, max=159.829ms, average=130.036ms, deviation=29.786ms]
hotpath
  hot path:                 FrontLidarDriver/RearLidarDriver -> ObjectCollisionEstimator
  hot path latency:         11.3672ms [min=11.1566ms, max=15.9459ms, average=12.4639ms, deviation=1.47513ms]
  hot path drops:           0 [min=0, max=0, average=0, deviation=0]
  behavior planner period:  99.9866ms [min=99.9685ms, max=100.023ms, average=99.9998ms, deviation=0.0131009ms]
----------------------------------------------------------

----------------------------------------------------------
sample path: (IntersectionOutput) 
  order timepoint           sequence nr.                  node name     dropped samples
latency

Statistics:
  latency:                  3.41362ms [min=2.82184ms, max=5.86374ms, average=3.25311ms, deviation=0.590092ms]
----------------------------------------------------------

----------------------------------------------------------
sample path: (IntersectionOutput) 
  order timepoint           sequence nr.                  node name     dropped samples
latency

Statistics:
  latency:                  2.88097ms [min=2.82184ms, max=5.86374ms, average=3.25032ms, deviation=0.588738ms]
----------------------------------------------------------

----------------------------------------------------------
sample path: (IntersectionOutput) 
  order timepoint           sequence nr.                  node name     dropped samples
latency

Statistics:
  latency:                  3.18674ms [min=2.82184ms, max=5.86374ms, average=3.24984ms, deviation=0.586546ms]
----------------------------------------------------------

----------------------------------------------------------
sample path: (IntersectionOutput) 
  order timepoint           sequence nr.                  node name     dropped samples
latency

Statistics:
  latency:                  2.95343ms [min=2.82184ms, max=5.86374ms, average=3.24765ms, deviation=0.58491ms]
----------------------------------------------------------

----------------------------------------------------------
sample path: (VehicleDBWSystem) 
  order timepoint           sequence nr.                  node name     dropped samples
bp period
latency

Statistics:
  latency:                  159.91ms [min=79.5168ms, max=159.91ms, average=130.914ms, deviation=29.7753ms]
hotpath
  hot path:                 FrontLidarDriver/RearLidarDriver -> ObjectCollisionEstimator
  hot path latency:         11.4277ms [min=11.1566ms, max=15.9459ms, average=12.4334ms, deviation=1.46344ms]
  hot path drops:           0 [min=0, max=0, average=0, deviation=0]
  behavior planner period:  100.016ms [min=99.9685ms, max=100.023ms, average=100ms, deviation=0.013204ms]
----------------------------------------------------------

----------------------------------------------------------
sample path: (IntersectionOutput) 
  order timepoint           sequence nr.                  node name     dropped samples
latency

Statistics:
  latency:                  3.85475ms [min=2.82184ms, max=5.86374ms, average=3.25211ms, deviation=0.58506ms]
----------------------------------------------------------

----------------------------------------------------------
sample path: (IntersectionOutput) 
  order timepoint           sequence nr.                  node name     dropped samples
latency

Statistics:
  latency:                  5.36767ms [min=2.82184ms, max=5.86374ms, average=3.26755ms, deviation=0.610284ms]
----------------------------------------------------------

----------------------------------------------------------
sample path: (IntersectionOutput) 
  order timepoint           sequence nr.                  node name     dropped samples
latency

Statistics:
  latency:                  3.3258ms [min=2.82184ms, max=5.86374ms, average=3.26797ms, deviation=0.608073ms]
----------------------------------------------------------

----------------------------------------------------------
sample path: (IntersectionOutput) 
  order timepoint           sequence nr.                  node name     dropped samples
latency

Statistics:
  latency:                  2.97552ms [min=2.82184ms, max=5.86374ms, average=3.26587ms, deviation=0.606374ms]
----------------------------------------------------------

----------------------------------------------------------
sample path: (VehicleDBWSystem) 
  order timepoint           sequence nr.                  node name     dropped samples
bp period
latency

Statistics:
  latency:                  158.545ms [min=79.5168ms, max=159.91ms, average=131.704ms, deviation=29.7037ms]
hotpath
  hot path:                 FrontLidarDriver/RearLidarDriver -> ObjectCollisionEstimator
  hot path latency:         11.5831ms [min=11.1566ms, max=15.9459ms, average=12.4091ms, deviation=1.44891ms]
  hot path drops:           0 [min=0, max=0, average=0, deviation=0]
  behavior planner period:  99.9841ms [min=99.9685ms, max=100.023ms, average=99.9998ms, deviation=0.0132937ms]
----------------------------------------------------------

----------------------------------------------------------
sample path: (IntersectionOutput) 
  order timepoint           sequence nr.                  node name     dropped samples
latency

Statistics:
  latency:                  2.90379ms [min=2.82184ms, max=5.86374ms, average=3.26328ms, deviation=0.604963ms]
----------------------------------------------------------

----------------------------------------------------------
sample path: (IntersectionOutput) 
  order timepoint           sequence nr.                  node name     dropped samples
latency

Statistics:
  latency:                  2.90358ms [min=2.82184ms, max=5.86374ms, average=3.26073ms, deviation=0.603559ms]
----------------------------------------------------------

----------------------------------------------------------
sample path: (IntersectionOutput) 
  order timepoint           sequence nr.                  node name     dropped samples
latency

Statistics:
  latency:                  5.32046ms [min=2.82184ms, max=5.86374ms, average=3.27524ms, deviation=0.625761ms]
----------------------------------------------------------

----------------------------------------------------------
sample path: (IntersectionOutput) 
  order timepoint           sequence nr.                  node name     dropped samples
latency

Statistics:
  latency:                  3.00888ms [min=2.82184ms, max=5.86374ms, average=3.27338ms, deviation=0.623951ms]
----------------------------------------------------------

----------------------------------------------------------
sample path: (VehicleDBWSystem) 
  order timepoint           sequence nr.                  node name     dropped samples
bp period
latency

Statistics:
  latency:                  158.987ms [min=79.5168ms, max=159.91ms, average=132.462ms, deviation=29.6273ms]
hotpath
  hot path:                 FrontLidarDriver/RearLidarDriver -> ObjectCollisionEstimator
  hot path latency:         15.7643ms [min=11.1566ms, max=15.9459ms, average=12.5023ms, deviation=1.53364ms]
  hot path drops:           0 [min=0, max=0, average=0, deviation=0]
  behavior planner period:  100.001ms [min=99.9685ms, max=100.023ms, average=99.9998ms, deviation=0.0130985ms]
----------------------------------------------------------

----------------------------------------------------------
sample path: (IntersectionOutput) 
  order timepoint           sequence nr.                  node name     dropped samples
latency

Statistics:
  latency:                  2.87833ms [min=2.82184ms, max=5.86374ms, average=3.27063ms, deviation=0.622637ms]
----------------------------------------------------------

----------------------------------------------------------
sample path: (IntersectionOutput) 
  order timepoint           sequence nr.                  node name     dropped samples
latency

Statistics:
  latency:                  3.04677ms [min=2.82184ms, max=5.86374ms, average=3.26909ms, deviation=0.620749ms]
----------------------------------------------------------

----------------------------------------------------------
sample path: (IntersectionOutput) 
  order timepoint           sequence nr.                  node name     dropped samples
latency

Statistics:
  latency:                  3.04293ms [min=2.82184ms, max=5.86374ms, average=3.26754ms, deviation=0.618888ms]
----------------------------------------------------------

----------------------------------------------------------
sample path: (IntersectionOutput) 
  order timepoint           sequence nr.                  node name     dropped samples
latency

Statistics:
  latency:                  3.14034ms [min=2.82184ms, max=5.86374ms, average=3.26667ms, deviation=0.616854ms]
----------------------------------------------------------

----------------------------------------------------------
sample path: (VehicleDBWSystem) 
  order timepoint           sequence nr.                  node name     dropped samples
bp period
latency

Statistics:
  latency:                  117.766ms [min=79.5168ms, max=159.91ms, average=132.065ms, deviation=29.3126ms]
hotpath
  hot path:                 FrontLidarDriver/RearLidarDriver -> ObjectCollisionEstimator
  hot path latency:         13.6886ms [min=11.1566ms, max=15.9459ms, average=12.5344ms, deviation=1.52471ms]
  hot path drops:           0 [min=0, max=0, average=0, deviation=0]
  behavior planner period:  100.017ms [min=99.9685ms, max=100.023ms, average=100ms, deviation=0.0132315ms]
----------------------------------------------------------

----------------------------------------------------------
sample path: (IntersectionOutput) 
  order timepoint           sequence nr.                  node name     dropped samples
latency

Statistics:
  latency:                  3.11454ms [min=2.82184ms, max=5.86374ms, average=3.26565ms, deviation=0.61488ms]
----------------------------------------------------------

----------------------------------------------------------
sample path: (IntersectionOutput) 
  order timepoint           sequence nr.                  node name     dropped samples
latency

Statistics:
  latency:                  2.86451ms [min=2.82184ms, max=5.86374ms, average=3.26295ms, deviation=0.61368ms]
----------------------------------------------------------

----------------------------------------------------------
sample path: (IntersectionOutput) 
  order timepoint           sequence nr.                  node name     dropped samples
latency

Statistics:
  latency:                  3.53946ms [min=2.82184ms, max=5.86374ms, average=3.2648ms, deviation=0.612033ms]
----------------------------------------------------------

----------------------------------------------------------
sample path: (IntersectionOutput) 
  order timepoint           sequence nr.                  node name     dropped samples
latency

Statistics:
  latency:                  3.09906ms [min=2.82184ms, max=5.86374ms, average=3.2637ms, deviation=0.610139ms]
----------------------------------------------------------

----------------------------------------------------------
sample path: (VehicleDBWSystem) 
  order timepoint           sequence nr.                  node name     dropped samples
bp period
latency

Statistics:
  latency:                  117.628ms [min=79.5168ms, max=159.91ms, average=131.685ms, deviation=29.0085ms]
hotpath
  hot path:                 FrontLidarDriver/RearLidarDriver -> ObjectCollisionEstimator
  hot path latency:         13.9381ms [min=11.1566ms, max=15.9459ms, average=12.5713ms, deviation=1.52111ms]
  hot path drops:           0 [min=0, max=0, average=0, deviation=0]
  behavior planner period:  99.9533ms [min=99.9533ms, max=100.023ms, average=99.9991ms, deviation=0.0151681ms]
----------------------------------------------------------

----------------------------------------------------------
sample path: (IntersectionOutput) 
  order timepoint           sequence nr.                  node name     dropped samples
latency

Statistics:
  latency:                  2.9581ms [min=2.82184ms, max=5.86374ms, average=3.26169ms, deviation=0.60862ms]
----------------------------------------------------------

----------------------------------------------------------
sample path: (IntersectionOutput) 
  order timepoint           sequence nr.                  node name     dropped samples
latency

Statistics:
  latency:                  2.82188ms [min=2.82184ms, max=5.86374ms, average=3.25881ms, deviation=0.607656ms]
----------------------------------------------------------

----------------------------------------------------------
sample path: (IntersectionOutput) 
  order timepoint           sequence nr.                  node name     dropped samples
latency

Statistics:
  latency:                  2.85671ms [min=2.82184ms, max=5.86374ms, average=3.2562ms, deviation=0.606533ms]
----------------------------------------------------------

----------------------------------------------------------
sample path: (IntersectionOutput) 
  order timepoint           sequence nr.                  node name     dropped samples
latency

Statistics:
  latency:                  2.96723ms [min=2.82184ms, max=5.86374ms, average=3.25434ms, deviation=0.605006ms]
----------------------------------------------------------

----------------------------------------------------------
sample path: (IntersectionOutput) 
  order timepoint           sequence nr.                  node name     dropped samples
latency

Statistics:
  latency:                  5.43785ms [min=2.82184ms, max=5.86374ms, average=3.26834ms, deviation=0.62788ms]
----------------------------------------------------------

----------------------------------------------------------
sample path: (VehicleDBWSystem) 
  order timepoint           sequence nr.                  node name     dropped samples
bp period
latency

Statistics:
  latency:                  83.9358ms [min=79.5168ms, max=159.91ms, average=130.46ms, deviation=29.6278ms]
hotpath
  hot path:                 FrontLidarDriver/RearLidarDriver -> ObjectCollisionEstimator
  hot path latency:         11.563ms [min=11.1566ms, max=15.9459ms, average=12.5455ms, deviation=1.50962ms]
  hot path drops:           0 [min=0, max=0, average=0, deviation=0]
  behavior planner period:  100.035ms [min=99.9533ms, max=100.035ms, average=100ms, deviation=0.0160696ms]
----------------------------------------------------------

----------------------------------------------------------
sample path: (IntersectionOutput) 
  order timepoint           sequence nr.                  node name     dropped samples
latency

Statistics:
  latency:                  2.98736ms [min=2.82184ms, max=5.86374ms, average=3.26655ms, deviation=0.626266ms]
----------------------------------------------------------

----------------------------------------------------------
sample path: (IntersectionOutput) 
  order timepoint           sequence nr.                  node name     dropped samples
latency

Statistics:
  latency:                  3.33909ms [min=2.82184ms, max=5.86374ms, average=3.26701ms, deviation=0.624295ms]
----------------------------------------------------------

----------------------------------------------------------
sample path: (IntersectionOutput) 
  order timepoint           sequence nr.                  node name     dropped samples
latency

Statistics:
  latency:                  3.00059ms [min=2.82184ms, max=5.86374ms, average=3.26533ms, deviation=0.622674ms]
----------------------------------------------------------

----------------------------------------------------------
sample path: (VehicleDBWSystem) 
  order timepoint           sequence nr.                  node name     dropped samples
bp period
latency

Statistics:
  latency:                  159.597ms [min=79.5168ms, max=159.91ms, average=131.189ms, deviation=29.6062ms]
hotpath
  hot path:                 FrontLidarDriver/RearLidarDriver -> ObjectCollisionEstimator
  hot path latency:         11.5807ms [min=11.1566ms, max=15.9459ms, average=12.5214ms, deviation=1.49793ms]
  hot path drops:           0 [min=0, max=0, average=0, deviation=0]
  behavior planner period:  99.995ms [min=99.9533ms, max=100.035ms, average=99.9999ms, deviation=0.0158769ms]
----------------------------------------------------------

----------------------------------------------------------
sample path: (IntersectionOutput) 
  order timepoint           sequence nr.                  node name     dropped samples
latency

Statistics:
  latency:                  3.83595ms [min=2.82184ms, max=5.86374ms, average=3.2689ms, deviation=0.62235ms]
----------------------------------------------------------

----------------------------------------------------------
sample path: (IntersectionOutput) 
  order timepoint           sequence nr.                  node name     dropped samples
latency

Statistics:
  latency:                  5.1839ms [min=2.82184ms, max=5.86374ms, average=3.28079ms, deviation=0.638496ms]
----------------------------------------------------------

----------------------------------------------------------
sample path: (IntersectionOutput) 
  order timepoint           sequence nr.                  node name     dropped samples
latency

Statistics:
  latency:                  2.84865ms [min=2.82184ms, max=5.86374ms, average=3.27812ms, deviation=0.637415ms]
----------------------------------------------------------

----------------------------------------------------------
sample path: (IntersectionOutput) 
  order timepoint           sequence nr.                  node name     dropped samples
latency

Statistics:
  latency:                  3.00682ms [min=2.82184ms, max=5.86374ms, average=3.27646ms, deviation=0.6358ms]
----------------------------------------------------------

----------------------------------------------------------
sample path: (VehicleDBWSystem) 
  order timepoint           sequence nr.                  node name     dropped samples
bp period
latency

Statistics:
  latency:                  158.941ms [min=79.5168ms, max=159.91ms, average=131.866ms, deviation=29.5533ms]
hotpath
  hot path:                 FrontLidarDriver/RearLidarDriver -> ObjectCollisionEstimator
  hot path latency:         11.8194ms [min=11.1566ms, max=15.9459ms, average=12.5042ms, deviation=1.48314ms]
  hot path drops:           0 [min=0, max=0, average=0, deviation=0]
  behavior planner period:  100.011ms [min=99.9533ms, max=100.035ms, average=100ms, deviation=0.0157775ms]
----------------------------------------------------------

----------------------------------------------------------
sample path: (IntersectionOutput) 
  order timepoint           sequence nr.                  node name     dropped samples
latency

Statistics:
  latency:                  2.91201ms [min=2.82184ms, max=5.86374ms, average=3.27424ms, deviation=0.634485ms]
----------------------------------------------------------

----------------------------------------------------------
sample path: (IntersectionOutput) 
  order timepoint           sequence nr.                  node name     dropped samples
latency

Statistics:
  latency:                  3.0491ms [min=2.82184ms, max=5.86374ms, average=3.27287ms, deviation=0.63279ms]
----------------------------------------------------------

----------------------------------------------------------
sample path: (IntersectionOutput) 
  order timepoint           sequence nr.                  node name     dropped samples
latency

Statistics:
  latency:                  3.63348ms [min=2.82184ms, max=5.86374ms, average=3.27504ms, deviation=0.63149ms]
----------------------------------------------------------

----------------------------------------------------------
sample path: (IntersectionOutput) 
  order timepoint           sequence nr.                  node name     dropped samples
latency

Statistics:
  latency:                  3.26331ms [min=2.82184ms, max=5.86374ms, average=3.27497ms, deviation=0.629586ms]
----------------------------------------------------------

----------------------------------------------------------
sample path: (VehicleDBWSystem) 
  order timepoint           sequence nr.                  node name     dropped samples
bp period
latency

Statistics:
  latency:                  159.2ms [min=79.5168ms, max=159.91ms, average=132.516ms, deviation=29.4938ms]
hotpath
  hot path:                 FrontLidarDriver/RearLidarDriver -> ObjectCollisionEstimator
  hot path latency:         14.0923ms [min=11.1566ms, max=15.9459ms, average=12.5421ms, deviation=1.48529ms]
  hot path drops:           0 [min=0, max=0, average=0, deviation=0]
  behavior planner period:  99.9887ms [min=99.9533ms, max=100.035ms, average=99.9999ms, deviation=0.0156811ms]
----------------------------------------------------------

----------------------------------------------------------
sample path: (IntersectionOutput) 
  order timepoint           sequence nr.                  node name     dropped samples
latency

Statistics:
  latency:                  2.8599ms [min=2.82184ms, max=5.86374ms, average=3.2725ms, deviation=0.628515ms]
----------------------------------------------------------

----------------------------------------------------------
sample path: (IntersectionOutput) 
  order timepoint           sequence nr.                  node name     dropped samples
latency

Statistics:
  latency:                  2.86501ms [min=2.82184ms, max=5.86374ms, average=3.27009ms, deviation=0.627425ms]
----------------------------------------------------------

----------------------------------------------------------
sample path: (IntersectionOutput) 
  order timepoint           sequence nr.                  node name     dropped samples
latency

Statistics:
  latency:                  2.87505ms [min=2.82184ms, max=5.86374ms, average=3.26777ms, deviation=0.626299ms]
----------------------------------------------------------

----------------------------------------------------------
sample path: (IntersectionOutput) 
  order timepoint           sequence nr.                  node name     dropped samples
latency

Statistics:
  latency:                  3.16757ms [min=2.82184ms, max=5.86374ms, average=3.26718ms, deviation=0.624501ms]
----------------------------------------------------------

----------------------------------------------------------
sample path: (VehicleDBWSystem) 
  order timepoint           sequence nr.                  node name     dropped samples
bp period
latency

Statistics:
  latency:                  118.611ms [min=79.5168ms, max=159.91ms, average=132.193ms, deviation=29.2176ms]
hotpath
  hot path:                 FrontLidarDriver/RearLidarDriver -> ObjectCollisionEstimator
  hot path latency:         11.8394ms [min=11.1566ms, max=15.9459ms, average=12.5257ms, deviation=1.47141ms]
  hot path drops:           0 [min=0, max=0, average=0, deviation=0]
  behavior planner period:  100.016ms [min=99.9533ms, max=100.035ms, average=100ms, deviation=0.0156914ms]
----------------------------------------------------------

----------------------------------------------------------
sample path: (IntersectionOutput) 
  order timepoint           sequence nr.                  node name     dropped samples
latency

Statistics:
  latency:                  3.73912ms [min=2.82184ms, max=5.86374ms, average=3.26993ms, deviation=0.623712ms]
----------------------------------------------------------

----------------------------------------------------------
sample path: (IntersectionOutput) 
  order timepoint           sequence nr.                  node name     dropped samples
latency

Statistics:
  latency:                  2.94938ms [min=2.82184ms, max=5.86374ms, average=3.26807ms, deviation=0.622373ms]
----------------------------------------------------------

----------------------------------------------------------
sample path: (IntersectionOutput) 
  order timepoint           sequence nr.                  node name     dropped samples
latency

Statistics:
  latency:                  3.22611ms [min=2.82184ms, max=5.86374ms, average=3.26783ms, deviation=0.62058ms]
----------------------------------------------------------

