RTI Connext DDS Non-commercial license is for academic, research, evaluation and personal use only. USE FOR COMMERCIAL PURPOSES IS PROHIBITED. See RTI_LICENSE.TXT for terms. Download free tools at rti.com/ncl. License issued to Non-Commercial User license@rti.com For non-production use only.
Expires on 00-jan-00 See www.rti.com for more information.
FrontLidarDriver
RearLidarDriver
PointCloudMap
Visualizer
Lanelet2Map
EuclideanClusterSettings
PointsTransformerFront
PointsTransformerRear
VoxelGridDownsampler
PointCloudMapLoader
RayGroundFilter
ObjectCollisionEstimator
MPCController
ParkingPlanner
LanePlanner
PointCloudFusion
NDTLocalizer
VehicleInterface
Lanelet2GlobalPlanner
Lanelet2MapLoader
BehaviorPlanner
EuclideanClusterDetector
VehicleDBWSystem
IntersectionOutput
EuclideanClusterDetector
ObjectCollisionEstimator
PointCloudFusion
RayGroundFilter
----------------------------------------------------------
sample path: (IntersectionOutput) 
  order timepoint           sequence nr.                  node name     dropped samples
latency

Statistics:
  latency:                  3.15863ms [min=3.15863ms, max=3.15863ms, average=3.15863ms, deviation=-nanms]
----------------------------------------------------------

----------------------------------------------------------
sample path: (IntersectionOutput) 
  order timepoint           sequence nr.                  node name     dropped samples
latency

Statistics:
  latency:                  6.27583ms [min=3.15863ms, max=6.27583ms, average=4.71723ms, deviation=2.20419ms]
----------------------------------------------------------

----------------------------------------------------------
sample path: (IntersectionOutput) 
  order timepoint           sequence nr.                  node name     dropped samples
latency

Statistics:
  latency:                  2.9675ms [min=2.9675ms, max=6.27583ms, average=4.13399ms, deviation=1.85735ms]
----------------------------------------------------------

----------------------------------------------------------
sample path: (VehicleDBWSystem) 
  order timepoint           sequence nr.                  node name     dropped samples
latency

Statistics:
  latency:                  113.271ms [min=113.271ms, max=113.271ms, average=113.271ms, deviation=-nanms]
hotpath
  hot path:                 FrontLidarDriver/RearLidarDriver -> ObjectCollisionEstimator
  hot path latency:         10.4524ms [min=10.4524ms, max=10.4524ms, average=10.4524ms, deviation=-nanms]
  hot path drops:           0 [min=0, max=0, average=0, deviation=-nan]
  behavior planner period:  0ms [min=1.84467e+13ms, max=0ms, average=0ms, deviation=0ms]
----------------------------------------------------------

----------------------------------------------------------
sample path: (IntersectionOutput) 
  order timepoint           sequence nr.                  node name     dropped samples
latency

Statistics:
  latency:                  3.00945ms [min=2.9675ms, max=6.27583ms, average=3.85285ms, deviation=1.6174ms]
----------------------------------------------------------

----------------------------------------------------------
sample path: (IntersectionOutput) 
  order timepoint           sequence nr.                  node name     dropped samples
latency

Statistics:
  latency:                  3.01601ms [min=2.9675ms, max=6.27583ms, average=3.68548ms, deviation=1.44984ms]
----------------------------------------------------------

----------------------------------------------------------
sample path: (IntersectionOutput) 
  order timepoint           sequence nr.                  node name     dropped samples
latency

Statistics:
  latency:                  4.06738ms [min=2.9675ms, max=6.27583ms, average=3.74913ms, deviation=1.30612ms]
----------------------------------------------------------

----------------------------------------------------------
sample path: (IntersectionOutput) 
  order timepoint           sequence nr.                  node name     dropped samples
latency

Statistics:
  latency:                  7.66038ms [min=2.9675ms, max=7.66038ms, average=4.30788ms, deviation=1.89922ms]
----------------------------------------------------------

----------------------------------------------------------
sample path: (VehicleDBWSystem) 
  order timepoint           sequence nr.                  node name     dropped samples
bp period
latency

Statistics:
  latency:                  115.593ms [min=113.271ms, max=115.593ms, average=114.432ms, deviation=1.64199ms]
hotpath
  hot path:                 FrontLidarDriver/RearLidarDriver -> ObjectCollisionEstimator
  hot path latency:         15.76ms [min=10.4524ms, max=15.76ms, average=13.1062ms, deviation=3.753ms]
  hot path drops:           0 [min=0, max=0, average=0, deviation=0]
  behavior planner period:  100.005ms [min=100.005ms, max=100.005ms, average=100.005ms, deviation=-nanms]
----------------------------------------------------------

----------------------------------------------------------
sample path: (IntersectionOutput) 
  order timepoint           sequence nr.                  node name     dropped samples
latency

Statistics:
  latency:                  2.77762ms [min=2.77762ms, max=7.66038ms, average=4.1166ms, deviation=1.83969ms]
----------------------------------------------------------

----------------------------------------------------------
sample path: (IntersectionOutput) 
  order timepoint           sequence nr.                  node name     dropped samples
latency

Statistics:
  latency:                  2.915ms [min=2.77762ms, max=7.66038ms, average=3.98309ms, deviation=1.76687ms]
----------------------------------------------------------

----------------------------------------------------------
sample path: (IntersectionOutput) 
  order timepoint           sequence nr.                  node name     dropped samples
latency

Statistics:
  latency:                  3.70303ms [min=2.77762ms, max=7.66038ms, average=3.95508ms, deviation=1.66817ms]
----------------------------------------------------------

----------------------------------------------------------
sample path: (IntersectionOutput) 
  order timepoint           sequence nr.                  node name     dropped samples
latency

Statistics:
  latency:                  2.86839ms [min=2.77762ms, max=7.66038ms, average=3.85629ms, deviation=1.61613ms]
----------------------------------------------------------

----------------------------------------------------------
sample path: (VehicleDBWSystem) 
  order timepoint           sequence nr.                  node name     dropped samples
bp period
latency

Statistics:
  latency:                  215.736ms [min=113.271ms, max=215.736ms, average=148.2ms, deviation=58.4994ms]
hotpath
  hot path:                 FrontLidarDriver/RearLidarDriver -> ObjectCollisionEstimator
  hot path latency:         10.3666ms [min=10.3666ms, max=15.76ms, average=12.193ms, deviation=3.0894ms]
  hot path drops:           0 [min=0, max=0, average=0, deviation=0]
  behavior planner period:  100ms [min=100ms, max=100.005ms, average=100.003ms, deviation=0.00332128ms]
----------------------------------------------------------

----------------------------------------------------------
sample path: (IntersectionOutput) 
  order timepoint           sequence nr.                  node name     dropped samples
latency

Statistics:
  latency:                  7.84539ms [min=2.77762ms, max=7.84539ms, average=4.18872ms, deviation=1.92367ms]
----------------------------------------------------------

----------------------------------------------------------
sample path: (IntersectionOutput) 
  order timepoint           sequence nr.                  node name     dropped samples
latency

Statistics:
  latency:                  3.03836ms [min=2.77762ms, max=7.84539ms, average=4.10023ms, deviation=1.8692ms]
----------------------------------------------------------

----------------------------------------------------------
sample path: (IntersectionOutput) 
  order timepoint           sequence nr.                  node name     dropped samples
latency

Statistics:
  latency:                  3.73497ms [min=2.77762ms, max=7.84539ms, average=4.07414ms, deviation=1.79852ms]
----------------------------------------------------------

----------------------------------------------------------
sample path: (IntersectionOutput) 
  order timepoint           sequence nr.                  node name     dropped samples
latency

Statistics:
  latency:                  2.89962ms [min=2.77762ms, max=7.84539ms, average=3.99584ms, deviation=1.75943ms]
----------------------------------------------------------

----------------------------------------------------------
sample path: (VehicleDBWSystem) 
  order timepoint           sequence nr.                  node name     dropped samples
bp period
latency

Statistics:
  latency:                  153.614ms [min=113.271ms, max=215.736ms, average=149.554ms, deviation=47.8412ms]
hotpath
  hot path:                 FrontLidarDriver/RearLidarDriver -> ObjectCollisionEstimator
  hot path latency:         10.3957ms [min=10.3666ms, max=15.76ms, average=11.7437ms, deviation=2.67779ms]
  hot path drops:           0 [min=0, max=0, average=0, deviation=0]
  behavior planner period:  99.9993ms [min=99.9993ms, max=100.005ms, average=100.002ms, deviation=0.00308374ms]
----------------------------------------------------------

----------------------------------------------------------
sample path: (IntersectionOutput) 
  order timepoint           sequence nr.                  node name     dropped samples
latency

Statistics:
  latency:                  2.98516ms [min=2.77762ms, max=7.84539ms, average=3.93267ms, deviation=1.71845ms]
----------------------------------------------------------

----------------------------------------------------------
sample path: (IntersectionOutput) 
  order timepoint           sequence nr.                  node name     dropped samples
latency

Statistics:
  latency:                  2.88831ms [min=2.77762ms, max=7.84539ms, average=3.87124ms, deviation=1.68305ms]
----------------------------------------------------------

----------------------------------------------------------
sample path: (IntersectionOutput) 
  order timepoint           sequence nr.                  node name     dropped samples
latency

Statistics:
  latency:                  3.76515ms [min=2.77762ms, max=7.84539ms, average=3.86534ms, deviation=1.63299ms]
----------------------------------------------------------

----------------------------------------------------------
sample path: (IntersectionOutput) 
  order timepoint           sequence nr.                  node name     dropped samples
latency

Statistics:
  latency:                  2.98041ms [min=2.77762ms, max=7.84539ms, average=3.81877ms, deviation=1.59991ms]
----------------------------------------------------------

----------------------------------------------------------
sample path: (VehicleDBWSystem) 
  order timepoint           sequence nr.                  node name     dropped samples
bp period
latency

Statistics:
  latency:                  153.357ms [min=113.271ms, max=215.736ms, average=150.314ms, deviation=41.4666ms]
hotpath
  hot path:                 FrontLidarDriver/RearLidarDriver -> ObjectCollisionEstimator
  hot path latency:         10.43ms [min=10.3666ms, max=15.76ms, average=11.4809ms, deviation=2.39229ms]
  hot path drops:           0 [min=0, max=0, average=0, deviation=0]
  behavior planner period:  99.9866ms [min=99.9866ms, max=100.005ms, average=99.9978ms, deviation=0.00786903ms]
----------------------------------------------------------

----------------------------------------------------------
sample path: (IntersectionOutput) 
  order timepoint           sequence nr.                  node name     dropped samples
latency

Statistics:
  latency:                  2.93459ms [min=2.77762ms, max=7.84539ms, average=3.77456ms, deviation=1.56974ms]
----------------------------------------------------------

----------------------------------------------------------
sample path: (IntersectionOutput) 
  order timepoint           sequence nr.                  node name     dropped samples
latency

Statistics:
  latency:                  3.17373ms [min=2.77762ms, max=7.84539ms, average=3.74595ms, deviation=1.5356ms]
----------------------------------------------------------

----------------------------------------------------------
sample path: (IntersectionOutput) 
  order timepoint           sequence nr.                  node name     dropped samples
latency

Statistics:
  latency:                  2.78355ms [min=2.77762ms, max=7.84539ms, average=3.7022ms, deviation=1.51258ms]
----------------------------------------------------------

----------------------------------------------------------
sample path: (IntersectionOutput) 
  order timepoint           sequence nr.                  node name     dropped samples
latency

Statistics:
  latency:                  3.01628ms [min=2.77762ms, max=7.84539ms, average=3.67238ms, deviation=1.48471ms]
----------------------------------------------------------

----------------------------------------------------------
sample path: (VehicleDBWSystem) 
  order timepoint           sequence nr.                  node name     dropped samples
bp period
latency

Statistics:
  latency:                  153.562ms [min=113.271ms, max=215.736ms, average=150.856ms, deviation=37.1126ms]
hotpath
  hot path:                 FrontLidarDriver/RearLidarDriver -> ObjectCollisionEstimator
  hot path latency:         10.4952ms [min=10.3666ms, max=15.76ms, average=11.3167ms, deviation=2.17724ms]
  hot path drops:           0 [min=0, max=0, average=0, deviation=0]
  behavior planner period:  100.015ms [min=99.9866ms, max=100.015ms, average=100.001ms, deviation=0.0102152ms]
----------------------------------------------------------

----------------------------------------------------------
sample path: (IntersectionOutput) 
  order timepoint           sequence nr.                  node name     dropped samples
latency

Statistics:
  latency:                  3.0125ms [min=2.77762ms, max=7.84539ms, average=3.64489ms, deviation=1.4583ms]
----------------------------------------------------------

----------------------------------------------------------
sample path: (IntersectionOutput) 
  order timepoint           sequence nr.                  node name     dropped samples
latency

Statistics:
  latency:                  2.94309ms [min=2.77762ms, max=7.84539ms, average=3.61681ms, deviation=1.43448ms]
----------------------------------------------------------

----------------------------------------------------------
sample path: (IntersectionOutput) 
  order timepoint           sequence nr.                  node name     dropped samples
latency

Statistics:
  latency:                  8.69316ms [min=2.77762ms, max=8.69316ms, average=3.81206ms, deviation=1.72237ms]
----------------------------------------------------------

----------------------------------------------------------
sample path: (IntersectionOutput) 
  order timepoint           sequence nr.                  node name     dropped samples
latency

Statistics:
  latency:                  3.10242ms [min=2.77762ms, max=8.69316ms, average=3.78577ms, deviation=1.69444ms]
----------------------------------------------------------

----------------------------------------------------------
sample path: (VehicleDBWSystem) 
  order timepoint           sequence nr.                  node name     dropped samples
bp period
latency

Statistics:
  latency:                  113.352ms [min=113.271ms, max=215.736ms, average=145.498ms, deviation=36.7249ms]
hotpath
  hot path:                 FrontLidarDriver/RearLidarDriver -> ObjectCollisionEstimator
  hot path latency:         10.9929ms [min=10.3666ms, max=15.76ms, average=11.2704ms, deviation=1.9913ms]
  hot path drops:           0 [min=0, max=0, average=0, deviation=0]
  behavior planner period:  100.003ms [min=99.9866ms, max=100.015ms, average=100.002ms, deviation=0.00916106ms]
----------------------------------------------------------

----------------------------------------------------------
sample path: (IntersectionOutput) 
  order timepoint           sequence nr.                  node name     dropped samples
latency

Statistics:
  latency:                  2.85401ms [min=2.77762ms, max=8.69316ms, average=3.7525ms, deviation=1.67206ms]
----------------------------------------------------------

----------------------------------------------------------
sample path: (IntersectionOutput) 
  order timepoint           sequence nr.                  node name     dropped samples
latency

Statistics:
  latency:                  2.95722ms [min=2.77762ms, max=8.69316ms, average=3.72507ms, deviation=1.64856ms]
----------------------------------------------------------

----------------------------------------------------------
sample path: (IntersectionOutput) 
  order timepoint           sequence nr.                  node name     dropped samples
latency

Statistics:
  latency:                  4.1236ms [min=2.77762ms, max=8.69316ms, average=3.73836ms, deviation=1.62152ms]
----------------------------------------------------------

----------------------------------------------------------
sample path: (IntersectionOutput) 
  order timepoint           sequence nr.                  node name     dropped samples
latency

Statistics:
  latency:                  7.86524ms [min=2.77762ms, max=8.69316ms, average=3.87148ms, deviation=1.75814ms]
----------------------------------------------------------

----------------------------------------------------------
sample path: (VehicleDBWSystem) 
  order timepoint           sequence nr.                  node name     dropped samples
bp period
latency

Statistics:
  latency:                  113.129ms [min=113.129ms, max=215.736ms, average=141.452ms, deviation=35.875ms]
hotpath
  hot path:                 FrontLidarDriver/RearLidarDriver -> ObjectCollisionEstimator
  hot path latency:         10.7824ms [min=10.3666ms, max=15.76ms, average=11.2094ms, deviation=1.85164ms]
  hot path drops:           0 [min=0, max=0, average=0, deviation=0]
  behavior planner period:  99.9276ms [min=99.9276ms, max=100.015ms, average=99.9909ms, deviation=0.0291742ms]
----------------------------------------------------------

----------------------------------------------------------
sample path: (IntersectionOutput) 
  order timepoint           sequence nr.                  node name     dropped samples
latency

Statistics:
  latency:                  2.87864ms [min=2.77762ms, max=8.69316ms, average=3.84046ms, deviation=1.73844ms]
----------------------------------------------------------

----------------------------------------------------------
sample path: (IntersectionOutput) 
  order timepoint           sequence nr.                  node name     dropped samples
latency

Statistics:
  latency:                  3.45463ms [min=2.77762ms, max=8.69316ms, average=3.82877ms, deviation=1.71238ms]
----------------------------------------------------------

----------------------------------------------------------
sample path: (IntersectionOutput) 
  order timepoint           sequence nr.                  node name     dropped samples
latency

Statistics:
  latency:                  3.81095ms [min=2.77762ms, max=8.69316ms, average=3.82824ms, deviation=1.68623ms]
----------------------------------------------------------

----------------------------------------------------------
sample path: (IntersectionOutput) 
  order timepoint           sequence nr.                  node name     dropped samples
latency

Statistics:
  latency:                  2.88757ms [min=2.77762ms, max=8.69316ms, average=3.80137ms, deviation=1.66884ms]
----------------------------------------------------------

----------------------------------------------------------
sample path: (VehicleDBWSystem) 
  order timepoint           sequence nr.                  node name     dropped samples
bp period
latency

Statistics:
  latency:                  215.662ms [min=113.129ms, max=215.736ms, average=149.697ms, deviation=41.6898ms]
hotpath
  hot path:                 FrontLidarDriver/RearLidarDriver -> ObjectCollisionEstimator
  hot path latency:         10.4461ms [min=10.3666ms, max=15.76ms, average=11.1246ms, deviation=1.75064ms]
  hot path drops:           0 [min=0, max=0, average=0, deviation=0]
  behavior planner period:  100.061ms [min=99.9276ms, max=100.061ms, average=99.9997ms, deviation=0.0367211ms]
----------------------------------------------------------

----------------------------------------------------------
sample path: (IntersectionOutput) 
  order timepoint           sequence nr.                  node name     dropped samples
latency

Statistics:
  latency:                  5.30368ms [min=2.77762ms, max=8.69316ms, average=3.8431ms, deviation=1.66378ms]
----------------------------------------------------------

----------------------------------------------------------
sample path: (IntersectionOutput) 
  order timepoint           sequence nr.                  node name     dropped samples
latency

Statistics:
  latency:                  3.02269ms [min=2.77762ms, max=8.69316ms, average=3.82092ms, deviation=1.64604ms]
----------------------------------------------------------

----------------------------------------------------------
sample path: (IntersectionOutput) 
  order timepoint           sequence nr.                  node name     dropped samples
latency

Statistics:
  latency:                  3.72745ms [min=2.77762ms, max=8.69316ms, average=3.81846ms, deviation=1.62372ms]
----------------------------------------------------------

----------------------------------------------------------
sample path: (IntersectionOutput) 
  order timepoint           sequence nr.                  node name     dropped samples
latency

Statistics:
  latency:                  2.92672ms [min=2.77762ms, max=8.69316ms, average=3.7956ms, deviation=1.60856ms]
----------------------------------------------------------

----------------------------------------------------------
sample path: (VehicleDBWSystem) 
  order timepoint           sequence nr.                  node name     dropped samples
bp period
latency

Statistics:
  latency:                  153.574ms [min=113.129ms, max=215.736ms, average=150.085ms, deviation=39.3246ms]
hotpath
  hot path:                 FrontLidarDriver/RearLidarDriver -> ObjectCollisionEstimator
  hot path latency:         10.4035ms [min=10.3666ms, max=15.76ms, average=11.0525ms, deviation=1.6662ms]
  hot path drops:           0 [min=0, max=0, average=0, deviation=0]
  behavior planner period:  100.001ms [min=99.9276ms, max=100.061ms, average=99.9999ms, deviation=0.0343511ms]
----------------------------------------------------------

----------------------------------------------------------
sample path: (IntersectionOutput) 
  order timepoint           sequence nr.                  node name     dropped samples
latency

Statistics:
  latency:                  2.92086ms [min=2.77762ms, max=8.69316ms, average=3.77373ms, deviation=1.59382ms]
----------------------------------------------------------

----------------------------------------------------------
sample path: (IntersectionOutput) 
  order timepoint           sequence nr.                  node name     dropped samples
latency

Statistics:
  latency:                  2.88323ms [min=2.77762ms, max=8.69316ms, average=3.75201ms, deviation=1.5799ms]
----------------------------------------------------------

----------------------------------------------------------
sample path: (IntersectionOutput) 
  order timepoint           sequence nr.                  node name     dropped samples
latency

Statistics:
  latency:                  3.76763ms [min=2.77762ms, max=8.69316ms, average=3.75238ms, deviation=1.56052ms]
----------------------------------------------------------

----------------------------------------------------------
sample path: (IntersectionOutput) 
  order timepoint           sequence nr.                  node name     dropped samples
latency

Statistics:
  latency:                  3.00475ms [min=2.77762ms, max=8.69316ms, average=3.735ms, deviation=1.54604ms]
----------------------------------------------------------

----------------------------------------------------------
sample path: (VehicleDBWSystem) 
  order timepoint           sequence nr.                  node name     dropped samples
bp period
latency

Statistics:
  latency:                  153.352ms [min=113.129ms, max=215.736ms, average=150.382ms, deviation=37.3196ms]
hotpath
  hot path:                 FrontLidarDriver/RearLidarDriver -> ObjectCollisionEstimator
  hot path latency:         10.44ms [min=10.3666ms, max=15.76ms, average=10.9968ms, deviation=1.59144ms]
  hot path drops:           0 [min=0, max=0, average=0, deviation=0]
  behavior planner period:  99.9974ms [min=99.9276ms, max=100.061ms, average=99.9996ms, deviation=0.032396ms]
----------------------------------------------------------

----------------------------------------------------------
sample path: (IntersectionOutput) 
  order timepoint           sequence nr.                  node name     dropped samples
latency

Statistics:
  latency:                  3.01859ms [min=2.77762ms, max=8.69316ms, average=3.71871ms, deviation=1.53177ms]
----------------------------------------------------------

----------------------------------------------------------
sample path: (IntersectionOutput) 
  order timepoint           sequence nr.                  node name     dropped samples
latency

Statistics:
  latency:                  3.02494ms [min=2.77762ms, max=8.69316ms, average=3.7033ms, deviation=1.51779ms]
----------------------------------------------------------

----------------------------------------------------------
sample path: (IntersectionOutput) 
  order timepoint           sequence nr.                  node name     dropped samples
latency

Statistics:
  latency:                  2.79014ms [min=2.77762ms, max=8.69316ms, average=3.68344ms, deviation=1.50685ms]
----------------------------------------------------------

----------------------------------------------------------
sample path: (IntersectionOutput) 
  order timepoint           sequence nr.                  node name     dropped samples
latency

Statistics:
  latency:                  3.03022ms [min=2.77762ms, max=8.69316ms, average=3.66955ms, deviation=1.49343ms]
----------------------------------------------------------

----------------------------------------------------------
sample path: (VehicleDBWSystem) 
  order timepoint           sequence nr.                  node name     dropped samples
bp period
latency

Statistics:
  latency:                  153.577ms [min=113.129ms, max=215.736ms, average=150.648ms, deviation=35.5948ms]
hotpath
  hot path:                 FrontLidarDriver/RearLidarDriver -> ObjectCollisionEstimator
  hot path latency:         10.4915ms [min=10.3666ms, max=15.76ms, average=10.9547ms, deviation=1.52438ms]
  hot path drops:           0 [min=0, max=0, average=0, deviation=0]
  behavior planner period:  100.016ms [min=99.9276ms, max=100.061ms, average=100.001ms, deviation=0.0311249ms]
----------------------------------------------------------

----------------------------------------------------------
sample path: (IntersectionOutput) 
  order timepoint           sequence nr.                  node name     dropped samples
latency

Statistics:
  latency:                  3.01825ms [min=2.77762ms, max=8.69316ms, average=3.65598ms, deviation=1.48044ms]
----------------------------------------------------------

----------------------------------------------------------
sample path: (IntersectionOutput) 
  order timepoint           sequence nr.                  node name     dropped samples
latency

Statistics:
  latency:                  2.94832ms [min=2.77762ms, max=8.69316ms, average=3.64154ms, deviation=1.46843ms]
----------------------------------------------------------

----------------------------------------------------------
sample path: (IntersectionOutput) 
  order timepoint           sequence nr.                  node name     dropped samples
latency

Statistics:
  latency:                  10.89ms [min=2.77762ms, max=10.89ms, average=3.78651ms, deviation=1.7785ms]
----------------------------------------------------------

----------------------------------------------------------
sample path: (IntersectionOutput) 
  order timepoint           sequence nr.                  node name     dropped samples
latency

Statistics:
  latency:                  2.89583ms [min=2.77762ms, max=10.89ms, average=3.76904ms, deviation=1.76504ms]
----------------------------------------------------------

----------------------------------------------------------
sample path: (VehicleDBWSystem) 
  order timepoint           sequence nr.                  node name     dropped samples
bp period
latency

Statistics:
  latency:                  113.538ms [min=113.129ms, max=215.736ms, average=147.794ms, deviation=35.5998ms]
hotpath
  hot path:                 FrontLidarDriver/RearLidarDriver -> ObjectCollisionEstimator
  hot path latency:         15.7969ms [min=10.3666ms, max=15.7969ms, average=11.3272ms, deviation=1.98335ms]
  hot path drops:           0 [min=0, max=0, average=0, deviation=0]
  behavior planner period:  99.9951ms [min=99.9276ms, max=100.061ms, average=100.001ms, deviation=0.0297273ms]
----------------------------------------------------------

----------------------------------------------------------
sample path: (IntersectionOutput) 
  order timepoint           sequence nr.                  node name     dropped samples
latency

Statistics:
  latency:                  2.88665ms [min=2.77762ms, max=10.89ms, average=3.75207ms, deviation=1.75193ms]
----------------------------------------------------------

----------------------------------------------------------
sample path: (IntersectionOutput) 
  order timepoint           sequence nr.                  node name     dropped samples
latency

Statistics:
  latency:                  2.90341ms [min=2.77762ms, max=10.89ms, average=3.73606ms, deviation=1.73891ms]
----------------------------------------------------------

----------------------------------------------------------
sample path: (IntersectionOutput) 
  order timepoint           sequence nr.                  node name     dropped samples
latency

Statistics:
  latency:                  4.14904ms [min=2.77762ms, max=10.89ms, average=3.74371ms, deviation=1.72335ms]
----------------------------------------------------------

----------------------------------------------------------
sample path: (IntersectionOutput) 
  order timepoint           sequence nr.                  node name     dropped samples
latency

Statistics:
  latency:                  5.4303ms [min=2.77762ms, max=10.89ms, average=3.77437ms, deviation=1.7224ms]
----------------------------------------------------------

----------------------------------------------------------
sample path: (VehicleDBWSystem) 
  order timepoint           sequence nr.                  node name     dropped samples
bp period
latency

Statistics:
  latency:                  113.402ms [min=113.129ms, max=215.736ms, average=145.337ms, deviation=35.4167ms]
hotpath
  hot path:                 FrontLidarDriver/RearLidarDriver -> ObjectCollisionEstimator
  hot path latency:         10.8188ms [min=10.3666ms, max=15.7969ms, average=11.2909ms, deviation=1.91038ms]
  hot path drops:           0 [min=0, max=0, average=0, deviation=0]
  behavior planner period:  99.9904ms [min=99.9276ms, max=100.061ms, average=99.9998ms, deviation=0.0286022ms]
----------------------------------------------------------

----------------------------------------------------------
sample path: (IntersectionOutput) 
  order timepoint           sequence nr.                  node name     dropped samples
latency

Statistics:
  latency:                  2.91784ms [min=2.77762ms, max=10.89ms, average=3.75908ms, deviation=1.7105ms]
----------------------------------------------------------

----------------------------------------------------------
sample path: (IntersectionOutput) 
  order timepoint           sequence nr.                  node name     dropped samples
latency

Statistics:
  latency:                  3.03841ms [min=2.77762ms, max=10.89ms, average=3.74643ms, deviation=1.69785ms]
----------------------------------------------------------

----------------------------------------------------------
sample path: (IntersectionOutput) 
  order timepoint           sequence nr.                  node name     dropped samples
latency

Statistics:
  latency:                  3.82637ms [min=2.77762ms, max=10.89ms, average=3.74781ms, deviation=1.68292ms]
----------------------------------------------------------

----------------------------------------------------------
sample path: (IntersectionOutput) 
  order timepoint           sequence nr.                  node name     dropped samples
latency

Statistics:
  latency:                  2.91649ms [min=2.77762ms, max=10.89ms, average=3.73372ms, deviation=1.67185ms]
----------------------------------------------------------

----------------------------------------------------------
sample path: (VehicleDBWSystem) 
  order timepoint           sequence nr.                  node name     dropped samples
bp period
latency

Statistics:
  latency:                  215.719ms [min=113.129ms, max=215.736ms, average=150.029ms, deviation=38.665ms]
hotpath
  hot path:                 FrontLidarDriver/RearLidarDriver -> ObjectCollisionEstimator
  hot path latency:         10.5005ms [min=10.3666ms, max=15.7969ms, average=11.2382ms, deviation=1.85216ms]
  hot path drops:           0 [min=0, max=0, average=0, deviation=0]
  behavior planner period:  100.003ms [min=99.9276ms, max=100.061ms, average=100ms, deviation=0.0274904ms]
----------------------------------------------------------

----------------------------------------------------------
sample path: (IntersectionOutput) 
  order timepoint           sequence nr.                  node name     dropped samples
latency

Statistics:
  latency:                  5.37037ms [min=2.77762ms, max=10.89ms, average=3.761ms, deviation=1.67104ms]
----------------------------------------------------------

----------------------------------------------------------
sample path: (IntersectionOutput) 
  order timepoint           sequence nr.                  node name     dropped samples
latency

Statistics:
  latency:                  3.22535ms [min=2.77762ms, max=10.89ms, average=3.75222ms, deviation=1.65847ms]
----------------------------------------------------------

----------------------------------------------------------
sample path: (IntersectionOutput) 
  order timepoint           sequence nr.                  node name     dropped samples
latency

Statistics:
  latency:                  3.79565ms [min=2.77762ms, max=10.89ms, average=3.75292ms, deviation=1.64483ms]
----------------------------------------------------------

----------------------------------------------------------
sample path: (IntersectionOutput) 
  order timepoint           sequence nr.                  node name     dropped samples
latency

Statistics:
  latency:                  2.97367ms [min=2.77762ms, max=10.89ms, average=3.74055ms, deviation=1.63446ms]
----------------------------------------------------------

----------------------------------------------------------
sample path: (VehicleDBWSystem) 
  order timepoint           sequence nr.                  node name     dropped samples
bp period
latency

Statistics:
  latency:                  153.537ms [min=113.129ms, max=215.736ms, average=150.248ms, deviation=37.3642ms]
hotpath
  hot path:                 FrontLidarDriver/RearLidarDriver -> ObjectCollisionEstimator
  hot path latency:         10.4515ms [min=10.3666ms, max=15.7969ms, average=11.189ms, deviation=1.80013ms]
  hot path drops:           0 [min=0, max=0, average=0, deviation=0]
  behavior planner period:  100.003ms [min=99.9276ms, max=100.061ms, average=100ms, deviation=0.0265045ms]
----------------------------------------------------------

----------------------------------------------------------
sample path: (IntersectionOutput) 
  order timepoint           sequence nr.                  node name     dropped samples
latency

Statistics:
  latency:                  2.94533ms [min=2.77762ms, max=10.89ms, average=3.72812ms, deviation=1.62448ms]
----------------------------------------------------------

----------------------------------------------------------
sample path: (IntersectionOutput) 
  order timepoint           sequence nr.                  node name     dropped samples
latency

Statistics:
  latency:                  6.14741ms [min=2.77762ms, max=10.89ms, average=3.76534ms, deviation=1.63944ms]
----------------------------------------------------------

----------------------------------------------------------
sample path: (IntersectionOutput) 
  order timepoint           sequence nr.                  node name     dropped samples
latency

Statistics:
  latency:                  3.62069ms [min=2.77762ms, max=10.89ms, average=3.76315ms, deviation=1.62688ms]
----------------------------------------------------------

----------------------------------------------------------
sample path: (IntersectionOutput) 
  order timepoint           sequence nr.                  node name     dropped samples
latency

Statistics:
  latency:                  3.06517ms [min=2.77762ms, max=10.89ms, average=3.75274ms, deviation=1.61675ms]
----------------------------------------------------------

----------------------------------------------------------
sample path: (VehicleDBWSystem) 
  order timepoint           sequence nr.                  node name     dropped samples
bp period
latency

Statistics:
  latency:                  153.534ms [min=113.129ms, max=215.736ms, average=150.442ms, deviation=36.1865ms]
hotpath
  hot path:                 FrontLidarDriver/RearLidarDriver -> ObjectCollisionEstimator
  hot path latency:         15.3051ms [min=10.3666ms, max=15.7969ms, average=11.4311ms, deviation=2.00862ms]
  hot path drops:           0 [min=0, max=0, average=0, deviation=0]
  behavior planner period:  100.001ms [min=99.9276ms, max=100.061ms, average=100ms, deviation=0.0256065ms]
----------------------------------------------------------

----------------------------------------------------------
sample path: (IntersectionOutput) 
  order timepoint           sequence nr.                  node name     dropped samples
latency

Statistics:
  latency:                  3.02953ms [min=2.77762ms, max=10.89ms, average=3.7421ms, deviation=1.60704ms]
----------------------------------------------------------

----------------------------------------------------------
sample path: (IntersectionOutput) 
  order timepoint           sequence nr.                  node name     dropped samples
latency

Statistics:
  latency:                  3.39495ms [min=2.77762ms, max=10.89ms, average=3.73707ms, deviation=1.59573ms]
----------------------------------------------------------

----------------------------------------------------------
sample path: (IntersectionOutput) 
  order timepoint           sequence nr.                  node name     dropped samples
latency

Statistics:
  latency:                  2.74879ms [min=2.74879ms, max=10.89ms, average=3.72295ms, deviation=1.58852ms]
----------------------------------------------------------

----------------------------------------------------------
sample path: (IntersectionOutput) 
  order timepoint           sequence nr.                  node name     dropped samples
latency

Statistics:
  latency:                  2.86916ms [min=2.74879ms, max=10.89ms, average=3.71093ms, deviation=1.58038ms]
----------------------------------------------------------

----------------------------------------------------------
sample path: (VehicleDBWSystem) 
  order timepoint           sequence nr.                  node name     dropped samples
bp period
latency

Statistics:
  latency:                  153.606ms [min=113.129ms, max=215.736ms, average=150.618ms, deviation=35.114ms]
hotpath
  hot path:                 FrontLidarDriver/RearLidarDriver -> ObjectCollisionEstimator
  hot path latency:         10.3116ms [min=10.3116ms, max=15.7969ms, average=11.3689ms, deviation=1.96643ms]
  hot path drops:           0 [min=0, max=0, average=0, deviation=0]
  behavior planner period:  99.9967ms [min=99.9276ms, max=100.061ms, average=100ms, deviation=0.0248084ms]
----------------------------------------------------------

----------------------------------------------------------
sample path: (IntersectionOutput) 
  order timepoint           sequence nr.                  node name     dropped samples
latency

Statistics:
  latency:                  2.76146ms [min=2.74879ms, max=10.89ms, average=3.69774ms, deviation=1.5732ms]
----------------------------------------------------------

----------------------------------------------------------
sample path: (IntersectionOutput) 
  order timepoint           sequence nr.                  node name     dropped samples
latency

Statistics:
  latency:                  3.40498ms [min=2.74879ms, max=10.89ms, average=3.69373ms, deviation=1.56261ms]
----------------------------------------------------------

----------------------------------------------------------
sample path: (IntersectionOutput) 
  order timepoint           sequence nr.                  node name     dropped samples
latency

Statistics:
  latency:                  6.1957ms [min=2.74879ms, max=10.89ms, average=3.72754ms, deviation=1.57889ms]
----------------------------------------------------------

----------------------------------------------------------
sample path: (IntersectionOutput) 
  order timepoint           sequence nr.                  node name     dropped samples
latency

Statistics:
  latency:                  2.8992ms [min=2.74879ms, max=10.89ms, average=3.71649ms, deviation=1.5711ms]
----------------------------------------------------------

----------------------------------------------------------
sample path: (VehicleDBWSystem) 
  order timepoint           sequence nr.                  node name     dropped samples
bp period
latency

Statistics:
  latency:                  113.183ms [min=113.129ms, max=215.736ms, average=148.647ms, deviation=35.1888ms]
hotpath
  hot path:                 FrontLidarDriver/RearLidarDriver -> ObjectCollisionEstimator
  hot path latency:         10.5318ms [min=10.3116ms, max=15.7969ms, average=11.3249ms, deviation=1.92065ms]
  hot path drops:           0 [min=0, max=0, average=0, deviation=0]
  behavior planner period:  99.9975ms [min=99.9276ms, max=100.061ms, average=99.9999ms, deviation=0.0240752ms]
----------------------------------------------------------

----------------------------------------------------------
sample path: (IntersectionOutput) 
  order timepoint           sequence nr.                  node name     dropped samples
latency

Statistics:
  latency:                  2.74965ms [min=2.74879ms, max=10.89ms, average=3.70377ms, deviation=1.56453ms]
----------------------------------------------------------

----------------------------------------------------------
sample path: (IntersectionOutput) 
  order timepoint           sequence nr.                  node name     dropped samples
latency

Statistics:
  latency:                  3.46393ms [min=2.74879ms, max=10.89ms, average=3.70066ms, deviation=1.55444ms]
----------------------------------------------------------

----------------------------------------------------------
sample path: (IntersectionOutput) 
  order timepoint           sequence nr.                  node name     dropped samples
latency

Statistics:
  latency:                  3.72559ms [min=2.74879ms, max=10.89ms, average=3.70098ms, deviation=1.54432ms]
----------------------------------------------------------

----------------------------------------------------------
sample path: (IntersectionOutput) 
  order timepoint           sequence nr.                  node name     dropped samples
latency

Statistics:
  latency:                  7.89764ms [min=2.74879ms, max=10.89ms, average=3.7541ms, deviation=1.60539ms]
----------------------------------------------------------

----------------------------------------------------------
sample path: (VehicleDBWSystem) 
  order timepoint           sequence nr.                  node name     dropped samples
bp period
latency

Statistics:
  latency:                  113.401ms [min=113.129ms, max=215.736ms, average=146.885ms, deviation=35.1453ms]
hotpath
  hot path:                 FrontLidarDriver/RearLidarDriver -> ObjectCollisionEstimator
  hot path latency:         10.3758ms [min=10.3116ms, max=15.7969ms, average=11.2774ms, deviation=1.88143ms]
  hot path drops:           0 [min=0, max=0, average=0, deviation=0]
  behavior planner period:  100.002ms [min=99.9276ms, max=100.061ms, average=100ms, deviation=0.0234001ms]
----------------------------------------------------------

----------------------------------------------------------
sample path: (IntersectionOutput) 
  order timepoint           sequence nr.                  node name     dropped samples
latency

Statistics:
  latency:                  2.8005ms [min=2.74879ms, max=10.89ms, average=3.74218ms, deviation=1.59875ms]
----------------------------------------------------------

----------------------------------------------------------
sample path: (IntersectionOutput) 
  order timepoint           sequence nr.                  node name     dropped samples
latency

Statistics:
  latency:                  3.43516ms [min=2.74879ms, max=10.89ms, average=3.73839ms, deviation=1.5891ms]
----------------------------------------------------------

----------------------------------------------------------
sample path: (IntersectionOutput) 
  order timepoint           sequence nr.                  node name     dropped samples
latency

Statistics:
  latency:                  3.75826ms [min=2.74879ms, max=10.89ms, average=3.73863ms, deviation=1.57926ms]
----------------------------------------------------------

----------------------------------------------------------
sample path: (IntersectionOutput) 
  order timepoint           sequence nr.                  node name     dropped samples
latency

Statistics:
  latency:                  2.97885ms [min=2.74879ms, max=10.89ms, average=3.72948ms, deviation=1.57181ms]
----------------------------------------------------------

----------------------------------------------------------
sample path: (VehicleDBWSystem) 
  order timepoint           sequence nr.                  node name     dropped samples
bp period
latency

Statistics:
  latency:                  215.908ms [min=113.129ms, max=215.908ms, average=150.172ms, deviation=37.4206ms]
hotpath
  hot path:                 FrontLidarDriver/RearLidarDriver -> ObjectCollisionEstimator
  hot path latency:         10.4064ms [min=10.3116ms, max=15.7969ms, average=11.2359ms, deviation=1.84362ms]
  hot path drops:           0 [min=0, max=0, average=0, deviation=0]
  behavior planner period:  100.008ms [min=99.9276ms, max=100.061ms, average=100ms, deviation=0.0228416ms]
----------------------------------------------------------

----------------------------------------------------------
sample path: (IntersectionOutput) 
  order timepoint           sequence nr.                  node name     dropped samples
latency

Statistics:
  latency:                  7.47617ms [min=2.74879ms, max=10.89ms, average=3.77408ms, deviation=1.61491ms]
----------------------------------------------------------

----------------------------------------------------------
sample path: (IntersectionOutput) 
  order timepoint           sequence nr.                  node name     dropped samples
latency

Statistics:
  latency:                  3.58957ms [min=2.74879ms, max=10.89ms, average=3.77191ms, deviation=1.6054ms]
----------------------------------------------------------

----------------------------------------------------------
sample path: (IntersectionOutput) 
  order timepoint           sequence nr.                  node name     dropped samples
latency

Statistics:
  latency:                  3.79395ms [min=2.74879ms, max=10.89ms, average=3.77217ms, deviation=1.59593ms]
----------------------------------------------------------

----------------------------------------------------------
sample path: (IntersectionOutput) 
  order timepoint           sequence nr.                  node name     dropped samples
latency

Statistics:
  latency:                  3.01361ms [min=2.74879ms, max=10.89ms, average=3.76345ms, deviation=1.58871ms]
----------------------------------------------------------

----------------------------------------------------------
sample path: (VehicleDBWSystem) 
  order timepoint           sequence nr.                  node name     dropped samples
bp period
latency

Statistics:
  latency:                  153.817ms [min=113.129ms, max=215.908ms, average=150.337ms, deviation=36.527ms]
hotpath
  hot path:                 FrontLidarDriver/RearLidarDriver -> ObjectCollisionEstimator
  hot path latency:         10.4585ms [min=10.3116ms, max=15.7969ms, average=11.2006ms, deviation=1.80681ms]
  hot path drops:           0 [min=0, max=0, average=0, deviation=0]
  behavior planner period:  100.006ms [min=99.9276ms, max=100.061ms, average=100.001ms, deviation=0.0223026ms]
----------------------------------------------------------

----------------------------------------------------------
sample path: (IntersectionOutput) 
  order timepoint           sequence nr.                  node name     dropped samples
latency

Statistics:
  latency:                  2.86818ms [min=2.74879ms, max=10.89ms, average=3.75327ms, deviation=1.58243ms]
----------------------------------------------------------

----------------------------------------------------------
sample path: (IntersectionOutput) 
  order timepoint           sequence nr.                  node name     dropped samples
latency

Statistics:
  latency:                  2.83189ms [min=2.74879ms, max=10.89ms, average=3.74292ms, deviation=1.57644ms]
----------------------------------------------------------

----------------------------------------------------------
sample path: (IntersectionOutput) 
  order timepoint           sequence nr.                  node name     dropped samples
latency

Statistics:
  latency:                  3.40407ms [min=2.74879ms, max=10.89ms, average=3.73916ms, deviation=1.56797ms]
----------------------------------------------------------

----------------------------------------------------------
sample path: (IntersectionOutput) 
  order timepoint           sequence nr.                  node name     dropped samples
latency

Statistics:
  latency:                  2.84733ms [min=2.74879ms, max=10.89ms, average=3.72936ms, deviation=1.56203ms]
----------------------------------------------------------

----------------------------------------------------------
sample path: (VehicleDBWSystem) 
  order timepoint           sequence nr.                  node name     dropped samples
bp period
latency

Statistics:
  latency:                  153.674ms [min=113.129ms, max=215.908ms, average=150.483ms, deviation=35.694ms]
hotpath
  hot path:                 FrontLidarDriver/RearLidarDriver -> ObjectCollisionEstimator
  hot path latency:         15.0242ms [min=10.3116ms, max=15.7969ms, average=11.3668ms, deviation=1.93696ms]
  hot path drops:           0 [min=0, max=0, average=0, deviation=0]
  behavior planner period:  100.022ms [min=99.9276ms, max=100.061ms, average=100.002ms, deviation=0.0222203ms]
----------------------------------------------------------

----------------------------------------------------------
sample path: (IntersectionOutput) 
  order timepoint           sequence nr.                  node name     dropped samples
latency

Statistics:
  latency:                  2.76762ms [min=2.74879ms, max=10.89ms, average=3.7189ms, deviation=1.55666ms]
----------------------------------------------------------

----------------------------------------------------------
sample path: (IntersectionOutput) 
  order timepoint           sequence nr.                  node name     dropped samples
latency

Statistics:
  latency:                  2.94155ms [min=2.74879ms, max=10.89ms, average=3.71054ms, deviation=1.55027ms]
----------------------------------------------------------

----------------------------------------------------------
sample path: (IntersectionOutput) 
  order timepoint           sequence nr.                  node name     dropped samples
latency

Statistics:
  latency:                  2.74856ms [min=2.74856ms, max=10.89ms, average=3.70031ms, deviation=1.5451ms]
----------------------------------------------------------

----------------------------------------------------------
sample path: (IntersectionOutput) 
  order timepoint           sequence nr.                  node name     dropped samples
latency

Statistics:
  latency:                  2.91904ms [min=2.74856ms, max=10.89ms, average=3.69209ms, deviation=1.53895ms]
----------------------------------------------------------

----------------------------------------------------------
sample path: (VehicleDBWSystem) 
  order timepoint           sequence nr.                  node name     dropped samples
bp period
latency

Statistics:
  latency:                  153.687ms [min=113.129ms, max=215.908ms, average=150.616ms, deviation=34.9155ms]
hotpath
  hot path:                 FrontLidarDriver/RearLidarDriver -> ObjectCollisionEstimator
  hot path latency:         10.3695ms [min=10.3116ms, max=15.7969ms, average=11.3253ms, deviation=1.90529ms]
  hot path drops:           0 [min=0, max=0, average=0, deviation=0]
  behavior planner period:  99.9705ms [min=99.9276ms, max=100.061ms, average=100ms, deviation=0.0226621ms]
----------------------------------------------------------

----------------------------------------------------------
sample path: (IntersectionOutput) 
  order timepoint           sequence nr.                  node name     dropped samples
latency

Statistics:
  latency:                  2.88842ms [min=2.74856ms, max=10.89ms, average=3.68371ms, deviation=1.53303ms]
----------------------------------------------------------

----------------------------------------------------------
sample path: (IntersectionOutput) 
  order timepoint           sequence nr.                  node name     dropped samples
latency

Statistics:
  latency:                  2.85573ms [min=2.74856ms, max=10.89ms, average=3.67518ms, deviation=1.52734ms]
----------------------------------------------------------

----------------------------------------------------------
sample path: (IntersectionOutput) 
  order timepoint           sequence nr.                  node name     dropped samples
latency

Statistics:
  latency:                  8.55043ms [min=2.74856ms, max=10.89ms, average=3.72493ms, deviation=1.59726ms]
----------------------------------------------------------

----------------------------------------------------------
sample path: (IntersectionOutput) 
  order timepoint           sequence nr.                  node name     dropped samples
latency

Statistics:
  latency:                  2.74791ms [min=2.74791ms, max=10.89ms, average=3.71506ms, deviation=1.59212ms]
----------------------------------------------------------

----------------------------------------------------------
sample path: (VehicleDBWSystem) 
  order timepoint           sequence nr.                  node name     dropped samples
bp period
latency

Statistics:
  latency:                  113.204ms [min=113.129ms, max=215.908ms, average=149.12ms, deviation=34.9898ms]
hotpath
  hot path:                 FrontLidarDriver/RearLidarDriver -> ObjectCollisionEstimator
  hot path latency:         10.3978ms [min=10.3116ms, max=15.7969ms, average=11.2882ms, deviation=1.87438ms]
  hot path drops:           0 [min=0, max=0, average=0, deviation=0]
  behavior planner period:  99.9969ms [min=99.9276ms, max=100.061ms, average=100ms, deviation=0.0221746ms]
----------------------------------------------------------

----------------------------------------------------------
sample path: (IntersectionOutput) 
  order timepoint           sequence nr.                  node name     dropped samples
latency

Statistics:
  latency:                  2.80082ms [min=2.74791ms, max=10.89ms, average=3.70591ms, deviation=1.58669ms]
----------------------------------------------------------

----------------------------------------------------------
sample path: (IntersectionOutput) 
  order timepoint           sequence nr.                  node name     dropped samples
latency

Statistics:
  latency:                  3.38632ms [min=2.74791ms, max=10.89ms, average=3.70275ms, deviation=1.57906ms]
----------------------------------------------------------

----------------------------------------------------------
sample path: (IntersectionOutput) 
  order timepoint           sequence nr.                  node name     dropped samples
latency

Statistics:
  latency:                  4.06122ms [min=2.74791ms, max=10.89ms, average=3.70626ms, deviation=1.57163ms]
----------------------------------------------------------

----------------------------------------------------------
sample path: (IntersectionOutput) 
  order timepoint           sequence nr.                  node name     dropped samples
latency

Statistics:
  latency:                  5.21033ms [min=2.74791ms, max=10.89ms, average=3.72087ms, deviation=1.57091ms]
----------------------------------------------------------

----------------------------------------------------------
sample path: (VehicleDBWSystem) 
  order timepoint           sequence nr.                  node name     dropped samples
bp period
latency

Statistics:
  latency:                  113.198ms [min=113.129ms, max=215.908ms, average=147.738ms, deviation=34.9992ms]
hotpath
  hot path:                 FrontLidarDriver/RearLidarDriver -> ObjectCollisionEstimator
  hot path latency:         10.622ms [min=10.3116ms, max=15.7969ms, average=11.2626ms, deviation=1.84115ms]
  hot path drops:           0 [min=0, max=0, average=0, deviation=0]
  behavior planner period:  99.9958ms [min=99.9276ms, max=100.061ms, average=100ms, deviation=0.0217253ms]
----------------------------------------------------------

----------------------------------------------------------
sample path: (IntersectionOutput) 
  order timepoint           sequence nr.                  node name     dropped samples
latency

Statistics:
  latency:                  2.76724ms [min=2.74791ms, max=10.89ms, average=3.7117ms, deviation=1.56606ms]
----------------------------------------------------------

----------------------------------------------------------
sample path: (IntersectionOutput) 
  order timepoint           sequence nr.                  node name     dropped samples
latency

Statistics:
  latency:                  3.39676ms [min=2.74791ms, max=10.89ms, average=3.7087ms, deviation=1.55881ms]
----------------------------------------------------------

----------------------------------------------------------
sample path: (IntersectionOutput) 
  order timepoint           sequence nr.                  node name     dropped samples
latency

Statistics:
  latency:                  4.01344ms [min=2.74791ms, max=10.89ms, average=3.71157ms, deviation=1.55166ms]
----------------------------------------------------------

----------------------------------------------------------
sample path: (IntersectionOutput) 
  order timepoint           sequence nr.                  node name     dropped samples
latency

Statistics:
  latency:                  3.05775ms [min=2.74791ms, max=10.89ms, average=3.70546ms, deviation=1.54561ms]
----------------------------------------------------------

----------------------------------------------------------
sample path: (VehicleDBWSystem) 
  order timepoint           sequence nr.                  node name     dropped samples
bp period
latency

Statistics:
  latency:                  215.672ms [min=113.129ms, max=215.908ms, average=150.254ms, deviation=36.7254ms]
hotpath
  hot path:                 FrontLidarDriver/RearLidarDriver -> ObjectCollisionEstimator
  hot path latency:         10.6128ms [min=10.3116ms, max=15.7969ms, average=11.2385ms, deviation=1.80972ms]
  hot path drops:           0 [min=0, max=0, average=0, deviation=0]
  behavior planner period:  100.001ms [min=99.9276ms, max=100.061ms, average=100ms, deviation=0.0212867ms]
----------------------------------------------------------

----------------------------------------------------------
sample path: (IntersectionOutput) 
  order timepoint           sequence nr.                  node name     dropped samples
latency

Statistics:
  latency:                  5.36505ms [min=2.74791ms, max=10.89ms, average=3.72083ms, deviation=1.54664ms]
----------------------------------------------------------

----------------------------------------------------------
sample path: (IntersectionOutput) 
  order timepoint           sequence nr.                  node name     dropped samples
latency

Statistics:
  latency:                  2.96616ms [min=2.74791ms, max=10.89ms, average=3.71391ms, deviation=1.54116ms]
----------------------------------------------------------

----------------------------------------------------------
sample path: (IntersectionOutput) 
  order timepoint           sequence nr.                  node name     dropped samples
latency

Statistics:
  latency:                  3.52494ms [min=2.74791ms, max=10.89ms, average=3.71219ms, deviation=1.53418ms]
----------------------------------------------------------

----------------------------------------------------------
sample path: (IntersectionOutput) 
  order timepoint           sequence nr.                  node name     dropped samples
latency

Statistics:
  latency:                  3.04738ms [min=2.74791ms, max=10.89ms, average=3.7062ms, deviation=1.52849ms]
----------------------------------------------------------

----------------------------------------------------------
sample path: (VehicleDBWSystem) 
  order timepoint           sequence nr.                  node name     dropped samples
bp period
latency

Statistics:
  latency:                  153.365ms [min=113.129ms, max=215.908ms, average=150.365ms, deviation=36.0437ms]
hotpath
  hot path:                 FrontLidarDriver/RearLidarDriver -> ObjectCollisionEstimator
  hot path latency:         15.2382ms [min=10.3116ms, max=15.7969ms, average=11.3813ms, deviation=1.93006ms]
  hot path drops:           0 [min=0, max=0, average=0, deviation=0]
  behavior planner period:  100.009ms [min=99.9276ms, max=100.061ms, average=100ms, deviation=0.0209491ms]
----------------------------------------------------------

----------------------------------------------------------
sample path: (IntersectionOutput) 
  order timepoint           sequence nr.                  node name     dropped samples
latency

Statistics:
  latency:                  3.0522ms [min=2.74791ms, max=10.89ms, average=3.70036ms, deviation=1.52285ms]
----------------------------------------------------------

----------------------------------------------------------
sample path: (IntersectionOutput) 
  order timepoint           sequence nr.                  node name     dropped samples
latency

Statistics:
  latency:                  3.09668ms [min=2.74791ms, max=10.89ms, average=3.69502ms, deviation=1.5171ms]
----------------------------------------------------------

----------------------------------------------------------
sample path: (IntersectionOutput) 
  order timepoint           sequence nr.                  node name     dropped samples
latency

Statistics:
  latency:                  4.1117ms [min=2.74791ms, max=10.89ms, average=3.69867ms, deviation=1.51087ms]
----------------------------------------------------------

----------------------------------------------------------
sample path: (IntersectionOutput) 
  order timepoint           sequence nr.                  node name     dropped samples
latency

Statistics:
  latency:                  2.90456ms [min=2.74791ms, max=10.89ms, average=3.69177ms, deviation=1.50605ms]
----------------------------------------------------------

----------------------------------------------------------
sample path: (VehicleDBWSystem) 
  order timepoint           sequence nr.                  node name     dropped samples
bp period
latency

Statistics:
  latency:                  153.424ms [min=113.129ms, max=215.908ms, average=150.471ms, deviation=35.3988ms]
hotpath
  hot path:                 FrontLidarDriver/RearLidarDriver -> ObjectCollisionEstimator
  hot path latency:         10.7824ms [min=10.3116ms, max=15.7969ms, average=11.3607ms, deviation=1.89854ms]
  hot path drops:           0 [min=0, max=0, average=0, deviation=0]
  behavior planner period:  100.001ms [min=99.9276ms, max=100.061ms, average=100ms, deviation=0.0205576ms]
----------------------------------------------------------

----------------------------------------------------------
sample path: (IntersectionOutput) 
  order timepoint           sequence nr.                  node name     dropped samples
latency

Statistics:
  latency:                  2.88827ms [min=2.74791ms, max=10.89ms, average=3.68484ms, deviation=1.50134ms]
----------------------------------------------------------

----------------------------------------------------------
sample path: (IntersectionOutput) 
  order timepoint           sequence nr.                  node name     dropped samples
latency

Statistics:
  latency:                  2.93045ms [min=2.74791ms, max=10.89ms, average=3.67839ms, deviation=1.49649ms]
----------------------------------------------------------

----------------------------------------------------------
sample path: (IntersectionOutput) 
  order timepoint           sequence nr.                  node name     dropped samples
latency

Statistics:
  latency:                  2.74575ms [min=2.74575ms, max=10.89ms, average=3.67049ms, deviation=1.49255ms]
----------------------------------------------------------

----------------------------------------------------------
sample path: (IntersectionOutput) 
  order timepoint           sequence nr.                  node name     dropped samples
latency

Statistics:
  latency:                  2.94188ms [min=2.74575ms, max=10.89ms, average=3.66437ms, deviation=1.48771ms]
----------------------------------------------------------

----------------------------------------------------------
sample path: (VehicleDBWSystem) 
  order timepoint           sequence nr.                  node name     dropped samples
bp period
latency

Statistics:
  latency:                  153.408ms [min=113.129ms, max=215.908ms, average=150.569ms, deviation=34.7872ms]
hotpath
  hot path:                 FrontLidarDriver/RearLidarDriver -> ObjectCollisionEstimator
  hot path latency:         10.5054ms [min=10.3116ms, max=15.7969ms, average=11.3322ms, deviation=1.87205ms]
  hot path drops:           0 [min=0, max=0, average=0, deviation=0]
  behavior planner period:  99.9991ms [min=99.9276ms, max=100.061ms, average=100ms, deviation=0.0201885ms]
----------------------------------------------------------

----------------------------------------------------------
sample path: (IntersectionOutput) 
  order timepoint           sequence nr.                  node name     dropped samples
latency

Statistics:
  latency:                  2.89813ms [min=2.74575ms, max=10.89ms, average=3.65798ms, deviation=1.4831ms]
----------------------------------------------------------

----------------------------------------------------------
sample path: (IntersectionOutput) 
  order timepoint           sequence nr.                  node name     dropped samples
latency

Statistics:
  latency:                  3.40774ms [min=2.74575ms, max=10.89ms, average=3.65591ms, deviation=1.47708ms]
----------------------------------------------------------

----------------------------------------------------------
sample path: (IntersectionOutput) 
  order timepoint           sequence nr.                  node name     dropped samples
latency

Statistics:
  latency:                  8.52443ms [min=2.74575ms, max=10.89ms, average=3.69582ms, deviation=1.53558ms]
----------------------------------------------------------

----------------------------------------------------------
sample path: (IntersectionOutput) 
  order timepoint           sequence nr.                  node name     dropped samples
latency

Statistics:
  latency:                  2.93649ms [min=2.74575ms, max=10.89ms, average=3.68965ms, deviation=1.53081ms]
----------------------------------------------------------

----------------------------------------------------------
sample path: (VehicleDBWSystem) 
  order timepoint           sequence nr.                  node name     dropped samples
bp period
latency

Statistics:
  latency:                  113.193ms [min=113.129ms, max=215.908ms, average=149.363ms, deviation=34.8551ms]
hotpath
  hot path:                 FrontLidarDriver/RearLidarDriver -> ObjectCollisionEstimator
  hot path latency:         10.5699ms [min=10.3116ms, max=15.7969ms, average=11.3076ms, deviation=1.84567ms]
  hot path drops:           0 [min=0, max=0, average=0, deviation=0]
  behavior planner period:  100.003ms [min=99.9276ms, max=100.061ms, average=100ms, deviation=0.019844ms]
----------------------------------------------------------

----------------------------------------------------------
sample path: (IntersectionOutput) 
  order timepoint           sequence nr.                  node name     dropped samples
latency

Statistics:
  latency:                  2.92198ms [min=2.74575ms, max=10.89ms, average=3.68345ms, deviation=1.52613ms]
----------------------------------------------------------

----------------------------------------------------------
sample path: (IntersectionOutput) 
  order timepoint           sequence nr.                  node name     dropped samples
latency

Statistics:
  latency:                  3.0726ms [min=2.74575ms, max=10.89ms, average=3.67857ms, deviation=1.52095ms]
----------------------------------------------------------

----------------------------------------------------------
sample path: (IntersectionOutput) 
  order timepoint           sequence nr.                  node name     dropped samples
latency

Statistics:
  latency:                  3.70351ms [min=2.74575ms, max=10.89ms, average=3.67877ms, deviation=1.51485ms]
----------------------------------------------------------

----------------------------------------------------------
sample path: (IntersectionOutput) 
  order timepoint           sequence nr.                  node name     dropped samples
latency

Statistics:
  latency:                  7.7049ms [min=2.74575ms, max=10.89ms, average=3.71047ms, deviation=1.55055ms]
----------------------------------------------------------

----------------------------------------------------------
sample path: (VehicleDBWSystem) 
  order timepoint           sequence nr.                  node name     dropped samples
bp period
latency

Statistics:
  latency:                  115.527ms [min=113.129ms, max=215.908ms, average=148.306ms, deviation=34.8061ms]
hotpath
  hot path:                 FrontLidarDriver/RearLidarDriver -> ObjectCollisionEstimator
  hot path latency:         15.3948ms [min=10.3116ms, max=15.7969ms, average=11.4353ms, deviation=1.95413ms]
  hot path drops:           0 [min=0, max=0, average=0, deviation=0]
  behavior planner period:  99.9984ms [min=99.9276ms, max=100.061ms, average=100ms, deviation=0.0195137ms]
----------------------------------------------------------

----------------------------------------------------------
sample path: (IntersectionOutput) 
  order timepoint           sequence nr.                  node name     dropped samples
latency

Statistics:
  latency:                  2.82076ms [min=2.74575ms, max=10.89ms, average=3.70352ms, deviation=1.54643ms]
----------------------------------------------------------

----------------------------------------------------------
sample path: (IntersectionOutput) 
  order timepoint           sequence nr.                  node name     dropped samples
latency

Statistics:
  latency:                  3.11363ms [min=2.74575ms, max=10.89ms, average=3.69894ms, deviation=1.54125ms]
----------------------------------------------------------

----------------------------------------------------------
sample path: (IntersectionOutput) 
  order timepoint           sequence nr.                  node name     dropped samples
latency

Statistics:
  latency:                  3.60504ms [min=2.74575ms, max=10.89ms, average=3.69822ms, deviation=1.53529ms]
----------------------------------------------------------

----------------------------------------------------------
sample path: (IntersectionOutput) 
  order timepoint           sequence nr.                  node name     dropped samples
latency

Statistics:
  latency:                  3.06128ms [min=2.74575ms, max=10.89ms, average=3.69336ms, deviation=1.53039ms]
----------------------------------------------------------

----------------------------------------------------------
sample path: (VehicleDBWSystem) 
  order timepoint           sequence nr.                  node name     dropped samples
bp period
latency

Statistics:
  latency:                  216.072ms [min=113.129ms, max=216.072ms, average=150.359ms, deviation=36.2321ms]
hotpath
  hot path:                 FrontLidarDriver/RearLidarDriver -> ObjectCollisionEstimator
  hot path latency:         15.2892ms [min=10.3116ms, max=15.7969ms, average=11.5521ms, deviation=2.037ms]
  hot path drops:           0 [min=0, max=0, average=0, deviation=0]
  behavior planner period:  100.001ms [min=99.9276ms, max=100.061ms, average=100ms, deviation=0.0191965ms]
----------------------------------------------------------

----------------------------------------------------------
sample path: (IntersectionOutput) 
  order timepoint           sequence nr.                  node name     dropped samples
latency

Statistics:
  latency:                  5.10354ms [min=2.74575ms, max=10.89ms, average=3.70404ms, deviation=1.52947ms]
----------------------------------------------------------

----------------------------------------------------------
sample path: (IntersectionOutput) 
  order timepoint           sequence nr.                  node name     dropped samples
latency

Statistics:
  latency:                  2.92991ms [min=2.74575ms, max=10.89ms, average=3.69822ms, deviation=1.52514ms]
----------------------------------------------------------

----------------------------------------------------------
sample path: (IntersectionOutput) 
  order timepoint           sequence nr.                  node name     dropped samples
latency

Statistics:
  latency:                  3.69801ms [min=2.74575ms, max=10.89ms, average=3.69822ms, deviation=1.5194ms]
----------------------------------------------------------

----------------------------------------------------------
sample path: (IntersectionOutput) 
  order timepoint           sequence nr.                  node name     dropped samples
latency

Statistics:
  latency:                  2.85314ms [min=2.74575ms, max=10.89ms, average=3.69196ms, deviation=1.51546ms]
----------------------------------------------------------

----------------------------------------------------------
sample path: (VehicleDBWSystem) 
  order timepoint           sequence nr.                  node name     dropped samples
bp period
latency

Statistics:
  latency:                  153.603ms [min=113.129ms, max=216.072ms, average=150.454ms, deviation=35.6832ms]
hotpath
  hot path:                 FrontLidarDriver/RearLidarDriver -> ObjectCollisionEstimator
  hot path latency:         15.3887ms [min=10.3116ms, max=15.7969ms, average=11.6649ms, deviation=2.11106ms]
  hot path drops:           0 [min=0, max=0, average=0, deviation=0]
  behavior planner period:  99.999ms [min=99.9276ms, max=100.061ms, average=100ms, deviation=0.0188956ms]
----------------------------------------------------------

----------------------------------------------------------
sample path: (IntersectionOutput) 
  order timepoint           sequence nr.                  node name     dropped samples
latency

Statistics:
  latency:                  2.89518ms [min=2.74575ms, max=10.89ms, average=3.6861ms, deviation=1.51138ms]
----------------------------------------------------------

----------------------------------------------------------
sample path: (IntersectionOutput) 
  order timepoint           sequence nr.                  node name     dropped samples
latency

Statistics:
  latency:                  2.81273ms [min=2.74575ms, max=10.89ms, average=3.67973ms, deviation=1.50767ms]
----------------------------------------------------------

----------------------------------------------------------
sample path: (IntersectionOutput) 
  order timepoint           sequence nr.                  node name     dropped samples
latency

Statistics:
  latency:                  3.63227ms [min=2.74575ms, max=10.89ms, average=3.67938ms, deviation=1.50216ms]
----------------------------------------------------------

----------------------------------------------------------
sample path: (IntersectionOutput) 
  order timepoint           sequence nr.                  node name     dropped samples
latency

Statistics:
  latency:                  2.90237ms [min=2.74575ms, max=10.89ms, average=3.67379ms, deviation=1.49816ms]
----------------------------------------------------------

----------------------------------------------------------
sample path: (VehicleDBWSystem) 
  order timepoint           sequence nr.                  node name     dropped samples
bp period
latency

Statistics:
  latency:                  153.544ms [min=113.129ms, max=216.072ms, average=150.543ms, deviation=35.1585ms]
hotpath
  hot path:                 FrontLidarDriver/RearLidarDriver -> ObjectCollisionEstimator
  hot path latency:         10.2866ms [min=10.2866ms, max=15.7969ms, average=11.6256ms, deviation=2.09279ms]
  hot path drops:           0 [min=0, max=0, average=0, deviation=0]
  behavior planner period:  100.003ms [min=99.9276ms, max=100.061ms, average=100ms, deviation=0.0186129ms]
----------------------------------------------------------

----------------------------------------------------------
sample path: (IntersectionOutput) 
  order timepoint           sequence nr.                  node name     dropped samples
latency

Statistics:
  latency:                  2.91665ms [min=2.74575ms, max=10.89ms, average=3.66838ms, deviation=1.49413ms]
----------------------------------------------------------

----------------------------------------------------------
sample path: (IntersectionOutput) 
  order timepoint           sequence nr.                  node name     dropped samples
latency

Statistics:
  latency:                  3.32126ms [min=2.74575ms, max=10.89ms, average=3.66592ms, deviation=1.48907ms]
----------------------------------------------------------

----------------------------------------------------------
sample path: (IntersectionOutput) 
  order timepoint           sequence nr.                  node name     dropped samples
latency

Statistics:
  latency:                  2.82136ms [min=2.74575ms, max=10.89ms, average=3.65998ms, deviation=1.48547ms]
----------------------------------------------------------

----------------------------------------------------------
sample path: (IntersectionOutput) 
  order timepoint           sequence nr.                  node name     dropped samples
latency

Statistics:
  latency:                  3.0061ms [min=2.74575ms, max=10.89ms, average=3.6554ms, deviation=1.48124ms]
----------------------------------------------------------

----------------------------------------------------------
sample path: (VehicleDBWSystem) 
  order timepoint           sequence nr.                  node name     dropped samples
bp period
latency

Statistics:
  latency:                  153.913ms [min=113.129ms, max=216.072ms, average=150.636ms, deviation=34.6571ms]
hotpath
  hot path:                 FrontLidarDriver/RearLidarDriver -> ObjectCollisionEstimator
  hot path latency:         10.5741ms [min=10.2866ms, max=15.7969ms, average=11.5963ms, deviation=2.07011ms]
  hot path drops:           0 [min=0, max=0, average=0, deviation=0]
  behavior planner period:  100.008ms [min=99.9276ms, max=100.061ms, average=100.001ms, deviation=0.0183844ms]
----------------------------------------------------------

----------------------------------------------------------
sample path: (IntersectionOutput) 
  order timepoint           sequence nr.                  node name     dropped samples
latency

Statistics:
  latency:                  2.96208ms [min=2.74575ms, max=10.89ms, average=3.65059ms, deviation=1.47718ms]
----------------------------------------------------------

----------------------------------------------------------
sample path: (IntersectionOutput) 
  order timepoint           sequence nr.                  node name     dropped samples
latency

Statistics:
  latency:                  3.51587ms [min=2.74575ms, max=10.89ms, average=3.64966ms, deviation=1.47209ms]
----------------------------------------------------------

----------------------------------------------------------
sample path: (IntersectionOutput) 
  order timepoint           sequence nr.                  node name     dropped samples
latency

Statistics:
  latency:                  8.58604ms [min=2.74575ms, max=10.89ms, average=3.68347ms, deviation=1.52283ms]
----------------------------------------------------------

----------------------------------------------------------
sample path: (IntersectionOutput) 
  order timepoint           sequence nr.                  node name     dropped samples
latency

Statistics:
  latency:                  2.94607ms [min=2.74575ms, max=10.89ms, average=3.67845ms, deviation=1.51882ms]
----------------------------------------------------------

----------------------------------------------------------
sample path: (VehicleDBWSystem) 
  order timepoint           sequence nr.                  node name     dropped samples
bp period
latency

Statistics:
  latency:                  113.221ms [min=113.129ms, max=216.072ms, average=149.625ms, deviation=34.7215ms]
hotpath
  hot path:                 FrontLidarDriver/RearLidarDriver -> ObjectCollisionEstimator
  hot path latency:         10.6613ms [min=10.2866ms, max=15.7969ms, average=11.5711ms, deviation=2.04693ms]
  hot path drops:           0 [min=0, max=0, average=0, deviation=0]
  behavior planner period:  99.988ms [min=99.9276ms, max=100.061ms, average=100ms, deviation=0.0182407ms]
----------------------------------------------------------

----------------------------------------------------------
sample path: (IntersectionOutput) 
  order timepoint           sequence nr.                  node name     dropped samples
latency

Statistics:
  latency:                  2.95005ms [min=2.74575ms, max=10.89ms, average=3.67353ms, deviation=1.51483ms]
----------------------------------------------------------

----------------------------------------------------------
sample path: (IntersectionOutput) 
  order timepoint           sequence nr.                  node name     dropped samples
latency

Statistics:
  latency:                  3.6187ms [min=2.74575ms, max=10.89ms, average=3.67316ms, deviation=1.50971ms]
----------------------------------------------------------

----------------------------------------------------------
sample path: (IntersectionOutput) 
  order timepoint           sequence nr.                  node name     dropped samples
latency

Statistics:
  latency:                  3.91194ms [min=2.74575ms, max=10.89ms, average=3.67476ms, deviation=1.50476ms]
----------------------------------------------------------

----------------------------------------------------------
sample path: (IntersectionOutput) 
  order timepoint           sequence nr.                  node name     dropped samples
latency

Statistics:
  latency:                  7.80356ms [min=2.74575ms, max=10.89ms, average=3.7021ms, deviation=1.53691ms]
----------------------------------------------------------

----------------------------------------------------------
sample path: (VehicleDBWSystem) 
  order timepoint           sequence nr.                  node name     dropped samples
bp period
latency

Statistics:
  latency:                  113.269ms [min=113.129ms, max=216.072ms, average=148.668ms, deviation=34.7532ms]
hotpath
  hot path:                 FrontLidarDriver/RearLidarDriver -> ObjectCollisionEstimator
  hot path latency:         10.5856ms [min=10.2866ms, max=15.7969ms, average=11.5451ms, deviation=2.0254ms]
  hot path drops:           0 [min=0, max=0, average=0, deviation=0]
  behavior planner period:  99.9956ms [min=99.9276ms, max=100.061ms, average=100ms, deviation=0.0180017ms]
----------------------------------------------------------

----------------------------------------------------------
sample path: (IntersectionOutput) 
  order timepoint           sequence nr.                  node name     dropped samples
latency

Statistics:
  latency:                  2.96175ms [min=2.74575ms, max=10.89ms, average=3.69723ms, deviation=1.53299ms]
----------------------------------------------------------

----------------------------------------------------------
sample path: (IntersectionOutput) 
  order timepoint           sequence nr.                  node name     dropped samples
latency

Statistics:
  latency:                  2.93492ms [min=2.74575ms, max=10.89ms, average=3.69225ms, deviation=1.52919ms]
----------------------------------------------------------

----------------------------------------------------------
sample path: (IntersectionOutput) 
  order timepoint           sequence nr.                  node name     dropped samples
latency

Statistics:
  latency:                  3.62734ms [min=2.74575ms, max=10.89ms, average=3.69182ms, deviation=1.52419ms]
----------------------------------------------------------

----------------------------------------------------------
sample path: (IntersectionOutput) 
  order timepoint           sequence nr.                  node name     dropped samples
latency

Statistics:
  latency:                  2.87248ms [min=2.74575ms, max=10.89ms, average=3.68654ms, deviation=1.52066ms]
----------------------------------------------------------

----------------------------------------------------------
sample path: (VehicleDBWSystem) 
  order timepoint           sequence nr.                  node name     dropped samples
bp period
latency

Statistics:
  latency:                  215.885ms [min=113.129ms, max=216.072ms, average=150.392ms, deviation=35.9423ms]
hotpath
  hot path:                 FrontLidarDriver/RearLidarDriver -> ObjectCollisionEstimator
  hot path latency:         15.3174ms [min=10.2866ms, max=15.7969ms, average=11.6419ms, deviation=2.08786ms]
  hot path drops:           0 [min=0, max=0, average=0, deviation=0]
  behavior planner period:  100.006ms [min=99.9276ms, max=100.061ms, average=100ms, deviation=0.017784ms]
----------------------------------------------------------

----------------------------------------------------------
sample path: (IntersectionOutput) 
  order timepoint           sequence nr.                  node name     dropped samples
latency

Statistics:
  latency:                  7.57595ms [min=2.74575ms, max=10.89ms, average=3.71147ms, deviation=1.5474ms]
----------------------------------------------------------

----------------------------------------------------------
sample path: (IntersectionOutput) 
  order timepoint           sequence nr.                  node name     dropped samples
latency

Statistics:
  latency:                  3.61297ms [min=2.74575ms, max=10.89ms, average=3.71084ms, deviation=1.54245ms]
----------------------------------------------------------

----------------------------------------------------------
sample path: (IntersectionOutput) 
  order timepoint           sequence nr.                  node name     dropped samples
latency

Statistics:
  latency:                  3.70739ms [min=2.74575ms, max=10.89ms, average=3.71082ms, deviation=1.53753ms]
----------------------------------------------------------

----------------------------------------------------------
sample path: (IntersectionOutput) 
  order timepoint           sequence nr.                  node name     dropped samples
latency

Statistics:
  latency:                  2.89969ms [min=2.74575ms, max=10.89ms, average=3.70572ms, deviation=1.53401ms]
----------------------------------------------------------

----------------------------------------------------------
sample path: (VehicleDBWSystem) 
  order timepoint           sequence nr.                  node name     dropped samples
bp period
latency

Statistics:
  latency:                  153.337ms [min=113.129ms, max=216.072ms, average=150.466ms, deviation=35.4816ms]
hotpath
  hot path:                 FrontLidarDriver/RearLidarDriver -> ObjectCollisionEstimator
  hot path latency:         15.3966ms [min=10.2866ms, max=15.7969ms, average=11.7357ms, deviation=2.14472ms]
  hot path drops:           0 [min=0, max=0, average=0, deviation=0]
  behavior planner period:  99.9996ms [min=99.9276ms, max=100.061ms, average=100ms, deviation=0.0175488ms]
----------------------------------------------------------

----------------------------------------------------------
sample path: (IntersectionOutput) 
  order timepoint           sequence nr.                  node name     dropped samples
latency

Statistics:
  latency:                  2.86628ms [min=2.74575ms, max=10.89ms, average=3.70047ms, deviation=1.53062ms]
----------------------------------------------------------

----------------------------------------------------------
sample path: (IntersectionOutput) 
  order timepoint           sequence nr.                  node name     dropped samples
latency

Statistics:
  latency:                  2.7893ms [min=2.74575ms, max=10.89ms, average=3.69481ms, deviation=1.52752ms]
----------------------------------------------------------

----------------------------------------------------------
sample path: (IntersectionOutput) 
  order timepoint           sequence nr.                  node name     dropped samples
latency

Statistics:
  latency:                  3.79463ms [min=2.74575ms, max=10.89ms, average=3.69543ms, deviation=1.52278ms]
----------------------------------------------------------

----------------------------------------------------------
sample path: (IntersectionOutput) 
  order timepoint           sequence nr.                  node name     dropped samples
latency

Statistics:
  latency:                  2.90807ms [min=2.74575ms, max=10.89ms, average=3.6906ms, deviation=1.51933ms]
----------------------------------------------------------

----------------------------------------------------------
sample path: (VehicleDBWSystem) 
  order timepoint           sequence nr.                  node name     dropped samples
bp period
latency

Statistics:
  latency:                  153.504ms [min=113.129ms, max=216.072ms, average=150.54ms, deviation=35.0385ms]
hotpath
  hot path:                 FrontLidarDriver/RearLidarDriver -> ObjectCollisionEstimator
  hot path latency:         10.3916ms [min=10.2866ms, max=15.7969ms, average=11.7029ms, deviation=2.12812ms]
  hot path drops:           0 [min=0, max=0, average=0, deviation=0]
  behavior planner period:  100.002ms [min=99.9276ms, max=100.061ms, average=100ms, deviation=0.0173243ms]
----------------------------------------------------------

----------------------------------------------------------
sample path: (IntersectionOutput) 
  order timepoint           sequence nr.                  node name     dropped samples
latency

Statistics:
  latency:                  3.00772ms [min=2.74575ms, max=10.89ms, average=3.68644ms, deviation=1.5156ms]
----------------------------------------------------------

----------------------------------------------------------
sample path: (IntersectionOutput) 
  order timepoint           sequence nr.                  node name     dropped samples
latency

Statistics:
  latency:                  3.45311ms [min=2.74575ms, max=10.89ms, average=3.68502ms, deviation=1.51108ms]
----------------------------------------------------------

----------------------------------------------------------
sample path: (IntersectionOutput) 
  order timepoint           sequence nr.                  node name     dropped samples
latency

Statistics:
  latency:                  2.7779ms [min=2.74575ms, max=10.89ms, average=3.67956ms, deviation=1.50814ms]
----------------------------------------------------------

----------------------------------------------------------
sample path: (IntersectionOutput) 
  order timepoint           sequence nr.                  node name     dropped samples
latency

Statistics:
  latency:                  2.94979ms [min=2.74575ms, max=10.89ms, average=3.67519ms, deviation=1.50465ms]
----------------------------------------------------------

----------------------------------------------------------
sample path: (VehicleDBWSystem) 
  order timepoint           sequence nr.                  node name     dropped samples
bp period
latency

Statistics:
  latency:                  153.817ms [min=113.129ms, max=216.072ms, average=150.618ms, deviation=34.6122ms]
hotpath
  hot path:                 FrontLidarDriver/RearLidarDriver -> ObjectCollisionEstimator
  hot path latency:         10.582ms [min=10.2866ms, max=15.7969ms, average=11.6763ms, deviation=2.10912ms]
  hot path drops:           0 [min=0, max=0, average=0, deviation=0]
  behavior planner period:  100.001ms [min=99.9276ms, max=100.061ms, average=100ms, deviation=0.0171065ms]
----------------------------------------------------------

----------------------------------------------------------
sample path: (IntersectionOutput) 
  order timepoint           sequence nr.                  node name     dropped samples
latency

Statistics:
  latency:                  2.9451ms [min=2.74575ms, max=10.89ms, average=3.67084ms, deviation=1.5012ms]
----------------------------------------------------------

----------------------------------------------------------
sample path: (IntersectionOutput) 
  order timepoint           sequence nr.                  node name     dropped samples
latency

Statistics:
  latency:                  3.47018ms [min=2.74575ms, max=10.89ms, average=3.66965ms, deviation=1.4968ms]
----------------------------------------------------------

----------------------------------------------------------
sample path: (IntersectionOutput) 
  order timepoint           sequence nr.                  node name     dropped samples
latency

Statistics:
  latency:                  8.59046ms [min=2.74575ms, max=10.89ms, average=3.6986ms, deviation=1.53935ms]
----------------------------------------------------------

----------------------------------------------------------
sample path: (IntersectionOutput) 
  order timepoint           sequence nr.                  node name     dropped samples
latency

Statistics:
  latency:                  3.01225ms [min=2.74575ms, max=10.89ms, average=3.69459ms, deviation=1.53571ms]
----------------------------------------------------------

----------------------------------------------------------
sample path: (VehicleDBWSystem) 
  order timepoint           sequence nr.                  node name     dropped samples
bp period
latency

Statistics:
  latency:                  113.258ms [min=113.129ms, max=216.072ms, average=149.749ms, deviation=34.669ms]
hotpath
  hot path:                 FrontLidarDriver/RearLidarDriver -> ObjectCollisionEstimator
  hot path latency:         10.6913ms [min=10.2866ms, max=15.7969ms, average=11.6534ms, deviation=2.08926ms]
  hot path drops:           0 [min=0, max=0, average=0, deviation=0]
  behavior planner period:  99.9981ms [min=99.9276ms, max=100.061ms, average=100ms, deviation=0.0169ms]
----------------------------------------------------------

----------------------------------------------------------
sample path: (IntersectionOutput) 
  order timepoint           sequence nr.                  node name     dropped samples
latency

Statistics:
  latency:                  2.98091ms [min=2.74575ms, max=10.89ms, average=3.69044ms, deviation=1.53218ms]
----------------------------------------------------------

----------------------------------------------------------
sample path: (IntersectionOutput) 
  order timepoint           sequence nr.                  node name     dropped samples
latency

Statistics:
  latency:                  3.13988ms [min=2.74575ms, max=10.89ms, average=3.68725ms, deviation=1.52829ms]
----------------------------------------------------------

----------------------------------------------------------
sample path: (IntersectionOutput) 
  order timepoint           sequence nr.                  node name     dropped samples
latency

Statistics:
  latency:                  3.85964ms [min=2.74575ms, max=10.89ms, average=3.68824ms, deviation=1.52393ms]
----------------------------------------------------------

