RTI Connext DDS Non-commercial license is for academic, research, evaluation and personal use only. USE FOR COMMERCIAL PURPOSES IS PROHIBITED. See RTI_LICENSE.TXT for terms. Download free tools at rti.com/ncl. License issued to Non-Commercial User license@rti.com For non-production use only.
Expires on 00-jan-00 See www.rti.com for more information.
----------------------------------------------------------
sample path: (IntersectionOutput) 
  order timepoint           sequence nr.                  node name     dropped samples
latency

Statistics:
  latency:                  2.94743ms [min=2.94743ms, max=2.94743ms, average=2.94743ms, deviation=-nanms]
----------------------------------------------------------

----------------------------------------------------------
sample path: (IntersectionOutput) 
  order timepoint           sequence nr.                  node name     dropped samples
latency

Statistics:
  latency:                  2.9136ms [min=2.9136ms, max=2.94743ms, average=2.93051ms, deviation=0.0239235ms]
----------------------------------------------------------

----------------------------------------------------------
sample path: (IntersectionOutput) 
  order timepoint           sequence nr.                  node name     dropped samples
latency

Statistics:
  latency:                  2.84658ms [min=2.84658ms, max=2.94743ms, average=2.90253ms, deviation=0.0513263ms]
----------------------------------------------------------

----------------------------------------------------------
sample path: (VehicleDBWSystem) 
  order timepoint           sequence nr.                  node name     dropped samples
latency

Statistics:
  latency:                  148.204ms [min=148.204ms, max=148.204ms, average=148.204ms, deviation=-nanms]
hotpath
  hot path:                 FrontLidarDriver/RearLidarDriver -> ObjectCollisionEstimator
  hot path latency:         20.5365ms [min=20.5365ms, max=20.5365ms, average=20.5365ms, deviation=-nanms]
  hot path drops:           0 [min=0, max=0, average=0, deviation=-nan]
  behavior planner period:  0ms [min=1.84467e+13ms, max=0ms, average=0ms, deviation=0ms]
----------------------------------------------------------

----------------------------------------------------------
sample path: (IntersectionOutput) 
  order timepoint           sequence nr.                  node name     dropped samples
latency

Statistics:
  latency:                  2.96915ms [min=2.84658ms, max=2.96915ms, average=2.91919ms, deviation=0.0535318ms]
----------------------------------------------------------

----------------------------------------------------------
sample path: (IntersectionOutput) 
  order timepoint           sequence nr.                  node name     dropped samples
latency

Statistics:
  latency:                  2.84477ms [min=2.84477ms, max=2.96915ms, average=2.9043ms, deviation=0.05707ms]
----------------------------------------------------------

----------------------------------------------------------
sample path: (IntersectionOutput) 
  order timepoint           sequence nr.                  node name     dropped samples
latency

Statistics:
  latency:                  2.94411ms [min=2.84477ms, max=2.96915ms, average=2.91094ms, deviation=0.0535697ms]
----------------------------------------------------------

----------------------------------------------------------
sample path: (IntersectionOutput) 
  order timepoint           sequence nr.                  node name     dropped samples
latency

Statistics:
  latency:                  2.95871ms [min=2.84477ms, max=2.96915ms, average=2.91776ms, deviation=0.052129ms]
----------------------------------------------------------

----------------------------------------------------------
sample path: (VehicleDBWSystem) 
  order timepoint           sequence nr.                  node name     dropped samples
bp period
latency

Statistics:
  latency:                  140.884ms [min=140.884ms, max=148.204ms, average=144.544ms, deviation=5.17637ms]
hotpath
  hot path:                 FrontLidarDriver/RearLidarDriver -> ObjectCollisionEstimator
  hot path latency:         18.2728ms [min=18.2728ms, max=20.5365ms, average=19.4046ms, deviation=1.60069ms]
  hot path drops:           0 [min=0, max=0, average=0, deviation=0]
  behavior planner period:  100.07ms [min=100.07ms, max=100.07ms, average=100.07ms, deviation=-nanms]
----------------------------------------------------------

----------------------------------------------------------
sample path: (IntersectionOutput) 
  order timepoint           sequence nr.                  node name     dropped samples
latency

Statistics:
  latency:                  2.82868ms [min=2.82868ms, max=2.96915ms, average=2.90663ms, deviation=0.0576307ms]
----------------------------------------------------------

----------------------------------------------------------
sample path: (IntersectionOutput) 
  order timepoint           sequence nr.                  node name     dropped samples
latency

Statistics:
  latency:                  2.94242ms [min=2.82868ms, max=2.96915ms, average=2.9106ms, deviation=0.0552131ms]
----------------------------------------------------------

----------------------------------------------------------
sample path: (IntersectionOutput) 
  order timepoint           sequence nr.                  node name     dropped samples
latency

Statistics:
  latency:                  2.85738ms [min=2.82868ms, max=2.96915ms, average=2.90528ms, deviation=0.0547088ms]
----------------------------------------------------------

----------------------------------------------------------
sample path: (IntersectionOutput) 
  order timepoint           sequence nr.                  node name     dropped samples
latency

Statistics:
  latency:                  2.97739ms [min=2.82868ms, max=2.97739ms, average=2.91184ms, deviation=0.0562706ms]
----------------------------------------------------------

----------------------------------------------------------
sample path: (VehicleDBWSystem) 
  order timepoint           sequence nr.                  node name     dropped samples
bp period
latency

Statistics:
  latency:                  138.171ms [min=138.171ms, max=148.204ms, average=142.42ms, deviation=5.19017ms]
hotpath
  hot path:                 FrontLidarDriver/RearLidarDriver -> ObjectCollisionEstimator
  hot path latency:         20.7562ms [min=18.2728ms, max=20.7562ms, average=19.8551ms, deviation=1.37478ms]
  hot path drops:           0 [min=0, max=0, average=0, deviation=0]
  behavior planner period:  99.9909ms [min=99.9909ms, max=100.07ms, average=100.03ms, deviation=0.0558671ms]
----------------------------------------------------------

----------------------------------------------------------
sample path: (IntersectionOutput) 
  order timepoint           sequence nr.                  node name     dropped samples
latency

Statistics:
  latency:                  2.82515ms [min=2.82515ms, max=2.97739ms, average=2.90461ms, deviation=0.059201ms]
----------------------------------------------------------

----------------------------------------------------------
sample path: (IntersectionOutput) 
  order timepoint           sequence nr.                  node name     dropped samples
latency

Statistics:
  latency:                  3.15273ms [min=2.82515ms, max=3.15273ms, average=2.9237ms, deviation=0.0891521ms]
----------------------------------------------------------

----------------------------------------------------------
sample path: (IntersectionOutput) 
  order timepoint           sequence nr.                  node name     dropped samples
latency

Statistics:
  latency:                  3.15162ms [min=2.82515ms, max=3.15273ms, average=2.93998ms, deviation=0.105107ms]
----------------------------------------------------------

----------------------------------------------------------
sample path: (IntersectionOutput) 
  order timepoint           sequence nr.                  node name     dropped samples
latency

Statistics:
  latency:                  2.82035ms [min=2.82035ms, max=3.15273ms, average=2.932ms, deviation=0.105889ms]
----------------------------------------------------------

----------------------------------------------------------
sample path: (VehicleDBWSystem) 
  order timepoint           sequence nr.                  node name     dropped samples
bp period
latency

Statistics:
  latency:                  140.553ms [min=138.171ms, max=148.204ms, average=141.953ms, deviation=4.33929ms]
hotpath
  hot path:                 FrontLidarDriver/RearLidarDriver -> ObjectCollisionEstimator
  hot path latency:         20.7077ms [min=18.2728ms, max=20.7562ms, average=20.0683ms, deviation=1.20072ms]
  hot path drops:           0 [min=0, max=0, average=0, deviation=0]
  behavior planner period:  99.909ms [min=99.909ms, max=100.07ms, average=99.99ms, deviation=0.0804458ms]
----------------------------------------------------------

----------------------------------------------------------
sample path: (IntersectionOutput) 
  order timepoint           sequence nr.                  node name     dropped samples
latency

Statistics:
  latency:                  2.8557ms [min=2.82035ms, max=3.15273ms, average=2.92723ms, deviation=0.104062ms]
----------------------------------------------------------

----------------------------------------------------------
sample path: (IntersectionOutput) 
  order timepoint           sequence nr.                  node name     dropped samples
latency

Statistics:
  latency:                  3.14827ms [min=2.82035ms, max=3.15273ms, average=2.94024ms, deviation=0.114131ms]
----------------------------------------------------------

----------------------------------------------------------
sample path: (IntersectionOutput) 
  order timepoint           sequence nr.                  node name     dropped samples
latency

Statistics:
  latency:                  3.07595ms [min=2.82035ms, max=3.15273ms, average=2.94778ms, deviation=0.115252ms]
----------------------------------------------------------

----------------------------------------------------------
sample path: (IntersectionOutput) 
  order timepoint           sequence nr.                  node name     dropped samples
latency

Statistics:
  latency:                  3.10056ms [min=2.82035ms, max=3.15273ms, average=2.95582ms, deviation=0.117361ms]
----------------------------------------------------------

----------------------------------------------------------
sample path: (VehicleDBWSystem) 
  order timepoint           sequence nr.                  node name     dropped samples
bp period
latency

Statistics:
  latency:                  156.797ms [min=138.171ms, max=156.797ms, average=144.922ms, deviation=7.62841ms]
hotpath
  hot path:                 FrontLidarDriver/RearLidarDriver -> ObjectCollisionEstimator
  hot path latency:         20.5369ms [min=18.2728ms, max=20.7562ms, average=20.162ms, deviation=1.06076ms]
  hot path drops:           0 [min=0, max=0, average=0, deviation=0]
  behavior planner period:  102.505ms [min=99.909ms, max=102.505ms, average=100.619ms, deviation=1.25916ms]
----------------------------------------------------------

----------------------------------------------------------
sample path: (IntersectionOutput) 
  order timepoint           sequence nr.                  node name     dropped samples
latency

Statistics:
  latency:                  17.6093ms [min=2.82035ms, max=17.6093ms, average=3.68849ms, deviation=3.27861ms]
----------------------------------------------------------

----------------------------------------------------------
sample path: (IntersectionOutput) 
  order timepoint           sequence nr.                  node name     dropped samples
latency

Statistics:
  latency:                  2.88639ms [min=2.82035ms, max=17.6093ms, average=3.6503ms, deviation=3.20038ms]
----------------------------------------------------------

----------------------------------------------------------
sample path: (IntersectionOutput) 
  order timepoint           sequence nr.                  node name     dropped samples
latency

Statistics:
  latency:                  2.9184ms [min=2.82035ms, max=17.6093ms, average=3.61703ms, deviation=3.12715ms]
----------------------------------------------------------

----------------------------------------------------------
sample path: (IntersectionOutput) 
  order timepoint           sequence nr.                  node name     dropped samples
latency

Statistics:
  latency:                  2.88602ms [min=2.82035ms, max=17.6093ms, average=3.58524ms, deviation=3.05905ms]
----------------------------------------------------------

----------------------------------------------------------
sample path: (VehicleDBWSystem) 
  order timepoint           sequence nr.                  node name     dropped samples
bp period
latency

Statistics:
  latency:                  215.112ms [min=138.171ms, max=215.112ms, average=156.62ms, deviation=29.4559ms]
hotpath
  hot path:                 FrontLidarDriver/RearLidarDriver -> ObjectCollisionEstimator
  hot path latency:         30.3596ms [min=18.2728ms, max=30.3596ms, average=21.8616ms, deviation=4.26989ms]
  hot path drops:           0 [min=0, max=0, average=0, deviation=0]
  behavior planner period:  97.5442ms [min=97.5442ms, max=102.505ms, average=100.004ms, deviation=1.75487ms]
----------------------------------------------------------

----------------------------------------------------------
sample path: (IntersectionOutput) 
  order timepoint           sequence nr.                  node name     dropped samples
latency

Statistics:
  latency:                  10.2084ms [min=2.82035ms, max=17.6093ms, average=3.86121ms, deviation=3.28309ms]
----------------------------------------------------------

----------------------------------------------------------
sample path: (IntersectionOutput) 
  order timepoint           sequence nr.                  node name     dropped samples
latency

Statistics:
  latency:                  2.9469ms [min=2.82035ms, max=17.6093ms, average=3.82464ms, deviation=3.21916ms]
----------------------------------------------------------

----------------------------------------------------------
sample path: (IntersectionOutput) 
  order timepoint           sequence nr.                  node name     dropped samples
latency

Statistics:
  latency:                  2.98157ms [min=2.82035ms, max=17.6093ms, average=3.79221ms, deviation=3.15845ms]
----------------------------------------------------------

----------------------------------------------------------
sample path: (IntersectionOutput) 
  order timepoint           sequence nr.                  node name     dropped samples
latency

Statistics:
  latency:                  2.86999ms [min=2.82035ms, max=17.6093ms, average=3.75806ms, deviation=3.1022ms]
----------------------------------------------------------

----------------------------------------------------------
sample path: (VehicleDBWSystem) 
  order timepoint           sequence nr.                  node name     dropped samples
bp period
latency

Statistics:
  latency:                  169.473ms [min=138.171ms, max=215.112ms, average=158.456ms, deviation=27.3247ms]
hotpath
  hot path:                 FrontLidarDriver/RearLidarDriver -> ObjectCollisionEstimator
  hot path latency:         20.5927ms [min=18.2728ms, max=30.3596ms, average=21.6803ms, deviation=3.92725ms]
  hot path drops:           0 [min=0, max=0, average=0, deviation=0]
  behavior planner period:  99.9656ms [min=97.5442ms, max=102.505ms, average=99.9974ms, deviation=1.56968ms]
----------------------------------------------------------

----------------------------------------------------------
sample path: (IntersectionOutput) 
  order timepoint           sequence nr.                  node name     dropped samples
latency

Statistics:
  latency:                  2.88455ms [min=2.82035ms, max=17.6093ms, average=3.72686ms, deviation=3.04868ms]
----------------------------------------------------------

----------------------------------------------------------
sample path: (IntersectionOutput) 
  order timepoint           sequence nr.                  node name     dropped samples
latency

Statistics:
  latency:                  7.99646ms [min=2.82035ms, max=17.6093ms, average=3.87409ms, deviation=3.09695ms]
----------------------------------------------------------

----------------------------------------------------------
sample path: (IntersectionOutput) 
  order timepoint           sequence nr.                  node name     dropped samples
latency

Statistics:
  latency:                  2.91818ms [min=2.82035ms, max=17.6093ms, average=3.84222ms, deviation=3.04809ms]
----------------------------------------------------------

----------------------------------------------------------
sample path: (IntersectionOutput) 
  order timepoint           sequence nr.                  node name     dropped samples
latency

Statistics:
  latency:                  2.87086ms [min=2.82035ms, max=17.6093ms, average=3.81089ms, deviation=3.00193ms]
----------------------------------------------------------

----------------------------------------------------------
sample path: (VehicleDBWSystem) 
  order timepoint           sequence nr.                  node name     dropped samples
bp period
latency

Statistics:
  latency:                  169.584ms [min=138.171ms, max=215.112ms, average=159.847ms, deviation=25.6018ms]
hotpath
  hot path:                 FrontLidarDriver/RearLidarDriver -> ObjectCollisionEstimator
  hot path latency:         20.5477ms [min=18.2728ms, max=30.3596ms, average=21.5388ms, deviation=3.65791ms]
  hot path drops:           0 [min=0, max=0, average=0, deviation=0]
  behavior planner period:  100.084ms [min=97.5442ms, max=102.505ms, average=100.01ms, deviation=1.43329ms]
----------------------------------------------------------

----------------------------------------------------------
sample path: (IntersectionOutput) 
  order timepoint           sequence nr.                  node name     dropped samples
latency

Statistics:
  latency:                  2.88953ms [min=2.82035ms, max=17.6093ms, average=3.7821ms, deviation=2.9576ms]
----------------------------------------------------------

----------------------------------------------------------
sample path: (IntersectionOutput) 
  order timepoint           sequence nr.                  node name     dropped samples
latency

Statistics:
  latency:                  2.90905ms [min=2.82035ms, max=17.6093ms, average=3.75564ms, deviation=2.91499ms]
----------------------------------------------------------

----------------------------------------------------------
sample path: (IntersectionOutput) 
  order timepoint           sequence nr.                  node name     dropped samples
latency

Statistics:
  latency:                  2.88359ms [min=2.82035ms, max=17.6093ms, average=3.72999ms, deviation=2.87438ms]
----------------------------------------------------------

----------------------------------------------------------
sample path: (IntersectionOutput) 
  order timepoint           sequence nr.                  node name     dropped samples
latency

Statistics:
  latency:                  2.86884ms [min=2.82035ms, max=17.6093ms, average=3.70539ms, deviation=2.83553ms]
----------------------------------------------------------

----------------------------------------------------------
sample path: (VehicleDBWSystem) 
  order timepoint           sequence nr.                  node name     dropped samples
bp period
latency

Statistics:
  latency:                  140.666ms [min=138.171ms, max=215.112ms, average=157.716ms, deviation=24.7871ms]
hotpath
  hot path:                 FrontLidarDriver/RearLidarDriver -> ObjectCollisionEstimator
  hot path latency:         20.5975ms [min=18.2728ms, max=30.3596ms, average=21.4342ms, deviation=3.43602ms]
  hot path drops:           0 [min=0, max=0, average=0, deviation=0]
  behavior planner period:  99.9705ms [min=97.5442ms, max=102.505ms, average=100.005ms, deviation=1.32704ms]
----------------------------------------------------------

----------------------------------------------------------
sample path: (IntersectionOutput) 
  order timepoint           sequence nr.                  node name     dropped samples
latency

Statistics:
  latency:                  2.82977ms [min=2.82035ms, max=17.6093ms, average=3.68106ms, deviation=2.79853ms]
----------------------------------------------------------

----------------------------------------------------------
sample path: (IntersectionOutput) 
  order timepoint           sequence nr.                  node name     dropped samples
latency

Statistics:
  latency:                  3.10538ms [min=2.82035ms, max=17.6093ms, average=3.66551ms, deviation=2.76102ms]
----------------------------------------------------------

----------------------------------------------------------
sample path: (IntersectionOutput) 
  order timepoint           sequence nr.                  node name     dropped samples
latency

Statistics:
  latency:                  2.86916ms [min=2.82035ms, max=17.6093ms, average=3.64455ms, deviation=2.72651ms]
----------------------------------------------------------

----------------------------------------------------------
sample path: (IntersectionOutput) 
  order timepoint           sequence nr.                  node name     dropped samples
latency

Statistics:
  latency:                  2.8574ms [min=2.82035ms, max=17.6093ms, average=3.62437ms, deviation=2.69335ms]
----------------------------------------------------------

----------------------------------------------------------
sample path: (VehicleDBWSystem) 
  order timepoint           sequence nr.                  node name     dropped samples
bp period
latency

Statistics:
  latency:                  140.649ms [min=138.171ms, max=215.112ms, average=156.009ms, deviation=23.9847ms]
hotpath
  hot path:                 FrontLidarDriver/RearLidarDriver -> ObjectCollisionEstimator
  hot path latency:         20.5998ms [min=18.2728ms, max=30.3596ms, average=21.3507ms, deviation=3.25023ms]
  hot path drops:           0 [min=0, max=0, average=0, deviation=0]
  behavior planner period:  99.9217ms [min=97.5442ms, max=102.505ms, average=99.9956ms, deviation=1.24164ms]
----------------------------------------------------------

----------------------------------------------------------
sample path: (IntersectionOutput) 
  order timepoint           sequence nr.                  node name     dropped samples
latency

Statistics:
  latency:                  2.87665ms [min=2.82035ms, max=17.6093ms, average=3.60567ms, deviation=2.66122ms]
----------------------------------------------------------

----------------------------------------------------------
sample path: (IntersectionOutput) 
  order timepoint           sequence nr.                  node name     dropped samples
latency

Statistics:
  latency:                  3.17581ms [min=2.82035ms, max=17.6093ms, average=3.59519ms, deviation=2.6286ms]
----------------------------------------------------------

----------------------------------------------------------
sample path: (IntersectionOutput) 
  order timepoint           sequence nr.                  node name     dropped samples
latency

Statistics:
  latency:                  3.13755ms [min=2.82035ms, max=17.6093ms, average=3.58429ms, deviation=2.59731ms]
----------------------------------------------------------

----------------------------------------------------------
sample path: (IntersectionOutput) 
  order timepoint           sequence nr.                  node name     dropped samples
latency

Statistics:
  latency:                  3.00225ms [min=2.82035ms, max=17.6093ms, average=3.57076ms, deviation=2.56774ms]
----------------------------------------------------------

----------------------------------------------------------
sample path: (VehicleDBWSystem) 
  order timepoint           sequence nr.                  node name     dropped samples
bp period
latency

Statistics:
  latency:                  152.248ms [min=138.171ms, max=215.112ms, average=155.667ms, deviation=22.7821ms]
hotpath
  hot path:                 FrontLidarDriver/RearLidarDriver -> ObjectCollisionEstimator
  hot path latency:         20.5367ms [min=18.2728ms, max=30.3596ms, average=21.2767ms, deviation=3.0932ms]
  hot path drops:           0 [min=0, max=0, average=0, deviation=0]
  behavior planner period:  100.094ms [min=97.5442ms, max=102.505ms, average=100.005ms, deviation=1.17105ms]
----------------------------------------------------------

----------------------------------------------------------
sample path: (IntersectionOutput) 
  order timepoint           sequence nr.                  node name     dropped samples
latency

Statistics:
  latency:                  12.8458ms [min=2.82035ms, max=17.6093ms, average=3.78155ms, deviation=2.89743ms]
----------------------------------------------------------

----------------------------------------------------------
sample path: (IntersectionOutput) 
  order timepoint           sequence nr.                  node name     dropped samples
latency

Statistics:
  latency:                  2.9922ms [min=2.82035ms, max=17.6093ms, average=3.76401ms, deviation=2.86673ms]
----------------------------------------------------------

----------------------------------------------------------
sample path: (IntersectionOutput) 
  order timepoint           sequence nr.                  node name     dropped samples
latency

Statistics:
  latency:                  2.87187ms [min=2.82035ms, max=17.6093ms, average=3.74462ms, deviation=2.83775ms]
----------------------------------------------------------

----------------------------------------------------------
sample path: (IntersectionOutput) 
  order timepoint           sequence nr.                  node name     dropped samples
latency

Statistics:
  latency:                  2.95134ms [min=2.82035ms, max=17.6093ms, average=3.72774ms, deviation=2.80912ms]
----------------------------------------------------------

----------------------------------------------------------
sample path: (VehicleDBWSystem) 
  order timepoint           sequence nr.                  node name     dropped samples
bp period
latency

Statistics:
  latency:                  210.23ms [min=138.171ms, max=215.112ms, average=160.214ms, deviation=26.8315ms]
hotpath
  hot path:                 FrontLidarDriver/RearLidarDriver -> ObjectCollisionEstimator
  hot path latency:         35.6125ms [min=18.2728ms, max=35.6125ms, average=22.4714ms, deviation=5.08176ms]
  hot path drops:           0 [min=0, max=0, average=0, deviation=0]
  behavior planner period:  100.043ms [min=97.5442ms, max=102.505ms, average=100.009ms, deviation=1.11101ms]
----------------------------------------------------------

----------------------------------------------------------
sample path: (IntersectionOutput) 
  order timepoint           sequence nr.                  node name     dropped samples
latency

Statistics:
  latency:                  10.2842ms [min=2.82035ms, max=17.6093ms, average=3.86433ms, deviation=2.93578ms]
----------------------------------------------------------

----------------------------------------------------------
sample path: (IntersectionOutput) 
  order timepoint           sequence nr.                  node name     dropped samples
latency

Statistics:
  latency:                  2.88136ms [min=2.82035ms, max=17.6093ms, average=3.84427ms, deviation=2.90843ms]
----------------------------------------------------------

----------------------------------------------------------
sample path: (IntersectionOutput) 
  order timepoint           sequence nr.                  node name     dropped samples
latency

Statistics:
  latency:                  2.9527ms [min=2.82035ms, max=17.6093ms, average=3.82644ms, deviation=2.88136ms]
----------------------------------------------------------

----------------------------------------------------------
sample path: (IntersectionOutput) 
  order timepoint           sequence nr.                  node name     dropped samples
latency

Statistics:
  latency:                  2.83784ms [min=2.82035ms, max=17.6093ms, average=3.80706ms, deviation=2.85576ms]
----------------------------------------------------------

----------------------------------------------------------
sample path: (VehicleDBWSystem) 
  order timepoint           sequence nr.                  node name     dropped samples
bp period
latency

Statistics:
  latency:                  169.351ms [min=138.171ms, max=215.112ms, average=160.917ms, deviation=25.8139ms]
hotpath
  hot path:                 FrontLidarDriver/RearLidarDriver -> ObjectCollisionEstimator
  hot path latency:         20.6421ms [min=18.2728ms, max=35.6125ms, average=22.3307ms, deviation=4.8918ms]
  hot path drops:           0 [min=0, max=0, average=0, deviation=0]
  behavior planner period:  99.8364ms [min=97.5442ms, max=102.505ms, average=99.9945ms, deviation=1.06048ms]
----------------------------------------------------------

----------------------------------------------------------
sample path: (IntersectionOutput) 
  order timepoint           sequence nr.                  node name     dropped samples
latency

Statistics:
  latency:                  2.84019ms [min=2.82035ms, max=17.6093ms, average=3.78846ms, deviation=2.8308ms]
----------------------------------------------------------

----------------------------------------------------------
sample path: (IntersectionOutput) 
  order timepoint           sequence nr.                  node name     dropped samples
latency

Statistics:
  latency:                  8.11616ms [min=2.82035ms, max=17.6093ms, average=3.87012ms, deviation=2.86578ms]
----------------------------------------------------------

----------------------------------------------------------
sample path: (IntersectionOutput) 
  order timepoint           sequence nr.                  node name     dropped samples
latency

Statistics:
  latency:                  3.01585ms [min=2.82035ms, max=17.6093ms, average=3.8543ms, deviation=2.841ms]
----------------------------------------------------------

----------------------------------------------------------
sample path: (IntersectionOutput) 
  order timepoint           sequence nr.                  node name     dropped samples
latency

Statistics:
  latency:                  3.00536ms [min=2.82035ms, max=17.6093ms, average=3.83886ms, deviation=2.81689ms]
----------------------------------------------------------

----------------------------------------------------------
sample path: (VehicleDBWSystem) 
  order timepoint           sequence nr.                  node name     dropped samples
bp period
latency

Statistics:
  latency:                  169.596ms [min=138.171ms, max=215.112ms, average=161.537ms, deviation=24.9094ms]
hotpath
  hot path:                 FrontLidarDriver/RearLidarDriver -> ObjectCollisionEstimator
  hot path latency:         20.4819ms [min=18.2728ms, max=35.6125ms, average=22.1986ms, deviation=4.72579ms]
  hot path drops:           0 [min=0, max=0, average=0, deviation=0]
  behavior planner period:  100.191ms [min=97.5442ms, max=102.505ms, average=100.01ms, deviation=1.01679ms]
----------------------------------------------------------

----------------------------------------------------------
sample path: (IntersectionOutput) 
  order timepoint           sequence nr.                  node name     dropped samples
latency

Statistics:
  latency:                  2.85654ms [min=2.82035ms, max=17.6093ms, average=3.82132ms, deviation=2.79425ms]
----------------------------------------------------------

----------------------------------------------------------
sample path: (IntersectionOutput) 
  order timepoint           sequence nr.                  node name     dropped samples
latency

Statistics:
  latency:                  2.87891ms [min=2.82035ms, max=17.6093ms, average=3.80479ms, deviation=2.772ms]
----------------------------------------------------------

----------------------------------------------------------
sample path: (IntersectionOutput) 
  order timepoint           sequence nr.                  node name     dropped samples
latency

Statistics:
  latency:                  2.9181ms [min=2.82035ms, max=17.6093ms, average=3.7895ms, deviation=2.75005ms]
----------------------------------------------------------

----------------------------------------------------------
sample path: (IntersectionOutput) 
  order timepoint           sequence nr.                  node name     dropped samples
latency

Statistics:
  latency:                  3.10781ms [min=2.82035ms, max=17.6093ms, average=3.77794ms, deviation=2.72768ms]
----------------------------------------------------------

----------------------------------------------------------
sample path: (VehicleDBWSystem) 
  order timepoint           sequence nr.                  node name     dropped samples
bp period
latency

Statistics:
  latency:                  140.524ms [min=138.171ms, max=215.112ms, average=160.136ms, deviation=24.6089ms]
hotpath
  hot path:                 FrontLidarDriver/RearLidarDriver -> ObjectCollisionEstimator
  hot path latency:         20.5307ms [min=18.2728ms, max=35.6125ms, average=22.0874ms, deviation=4.5742ms]
  hot path drops:           0 [min=0, max=0, average=0, deviation=0]
  behavior planner period:  99.915ms [min=97.5442ms, max=102.505ms, average=100.003ms, deviation=0.977224ms]
----------------------------------------------------------

----------------------------------------------------------
sample path: (IntersectionOutput) 
  order timepoint           sequence nr.                  node name     dropped samples
latency

Statistics:
  latency:                  2.8631ms [min=2.82035ms, max=17.6093ms, average=3.7627ms, deviation=2.70704ms]
----------------------------------------------------------

----------------------------------------------------------
sample path: (IntersectionOutput) 
  order timepoint           sequence nr.                  node name     dropped samples
latency

Statistics:
  latency:                  2.90056ms [min=2.82035ms, max=17.6093ms, average=3.74856ms, deviation=2.68666ms]
----------------------------------------------------------

----------------------------------------------------------
sample path: (IntersectionOutput) 
  order timepoint           sequence nr.                  node name     dropped samples
latency

Statistics:
  latency:                  3.11306ms [min=2.82035ms, max=17.6093ms, average=3.73831ms, deviation=2.66577ms]
----------------------------------------------------------

----------------------------------------------------------
sample path: (IntersectionOutput) 
  order timepoint           sequence nr.                  node name     dropped samples
latency

Statistics:
  latency:                  2.84317ms [min=2.82035ms, max=17.6093ms, average=3.72411ms, deviation=2.64659ms]
----------------------------------------------------------

----------------------------------------------------------
sample path: (VehicleDBWSystem) 
  order timepoint           sequence nr.                  node name     dropped samples
bp period
latency

Statistics:
  latency:                  140.413ms [min=138.171ms, max=215.112ms, average=158.903ms, deviation=24.2804ms]
hotpath
  hot path:                 FrontLidarDriver/RearLidarDriver -> ObjectCollisionEstimator
  hot path latency:         20.4973ms [min=18.2728ms, max=35.6125ms, average=21.988ms, deviation=4.43694ms]
  hot path drops:           0 [min=0, max=0, average=0, deviation=0]
  behavior planner period:  99.8772ms [min=97.5442ms, max=102.505ms, average=99.9945ms, deviation=0.942235ms]
----------------------------------------------------------

----------------------------------------------------------
sample path: (IntersectionOutput) 
  order timepoint           sequence nr.                  node name     dropped samples
latency

Statistics:
  latency:                  2.92959ms [min=2.82035ms, max=17.6093ms, average=3.71169ms, deviation=2.62738ms]
----------------------------------------------------------

----------------------------------------------------------
sample path: (IntersectionOutput) 
  order timepoint           sequence nr.                  node name     dropped samples
latency

Statistics:
  latency:                  2.94956ms [min=2.82035ms, max=17.6093ms, average=3.69997ms, deviation=2.60848ms]
----------------------------------------------------------

----------------------------------------------------------
sample path: (IntersectionOutput) 
  order timepoint           sequence nr.                  node name     dropped samples
latency

Statistics:
  latency:                  2.8861ms [min=2.82035ms, max=17.6093ms, average=3.68763ms, deviation=2.59028ms]
----------------------------------------------------------

----------------------------------------------------------
sample path: (IntersectionOutput) 
  order timepoint           sequence nr.                  node name     dropped samples
latency

Statistics:
  latency:                  3.00719ms [min=2.82035ms, max=17.6093ms, average=3.67748ms, deviation=2.57192ms]
----------------------------------------------------------

----------------------------------------------------------
sample path: (VehicleDBWSystem) 
  order timepoint           sequence nr.                  node name     dropped samples
bp period
latency

Statistics:
  latency:                  152.012ms [min=138.171ms, max=215.112ms, average=158.498ms, deviation=23.5687ms]
hotpath
  hot path:                 FrontLidarDriver/RearLidarDriver -> ObjectCollisionEstimator
  hot path latency:         20.4015ms [min=18.2728ms, max=35.6125ms, average=21.8947ms, deviation=4.31325ms]
  hot path drops:           0 [min=0, max=0, average=0, deviation=0]
  behavior planner period:  100.052ms [min=97.5442ms, max=102.505ms, average=99.9981ms, deviation=0.9104ms]
----------------------------------------------------------

----------------------------------------------------------
sample path: (IntersectionOutput) 
  order timepoint           sequence nr.                  node name     dropped samples
latency

Statistics:
  latency:                  12.788ms [min=2.82035ms, max=17.6093ms, average=3.81146ms, deviation=2.78149ms]
----------------------------------------------------------

----------------------------------------------------------
sample path: (IntersectionOutput) 
  order timepoint           sequence nr.                  node name     dropped samples
latency

Statistics:
  latency:                  2.96012ms [min=2.82035ms, max=17.6093ms, average=3.79912ms, deviation=2.76286ms]
----------------------------------------------------------

----------------------------------------------------------
sample path: (IntersectionOutput) 
  order timepoint           sequence nr.                  node name     dropped samples
latency

Statistics:
  latency:                  2.94785ms [min=2.82035ms, max=17.6093ms, average=3.78696ms, deviation=2.74465ms]
----------------------------------------------------------

----------------------------------------------------------
sample path: (IntersectionOutput) 
  order timepoint           sequence nr.                  node name     dropped samples
latency

Statistics:
  latency:                  2.95508ms [min=2.82035ms, max=17.6093ms, average=3.77524ms, deviation=2.72677ms]
----------------------------------------------------------

----------------------------------------------------------
sample path: (VehicleDBWSystem) 
  order timepoint           sequence nr.                  node name     dropped samples
bp period
latency

Statistics:
  latency:                  215.17ms [min=138.171ms, max=215.17ms, average=161.646ms, deviation=26.4809ms]
hotpath
  hot path:                 FrontLidarDriver/RearLidarDriver -> ObjectCollisionEstimator
  hot path latency:         35.4462ms [min=18.2728ms, max=35.6125ms, average=22.6476ms, deviation=5.26424ms]
  hot path drops:           0 [min=0, max=0, average=0, deviation=0]
  behavior planner period:  100.087ms [min=97.5442ms, max=102.505ms, average=100.003ms, deviation=0.881752ms]
----------------------------------------------------------

----------------------------------------------------------
sample path: (IntersectionOutput) 
  order timepoint           sequence nr.                  node name     dropped samples
latency

Statistics:
  latency:                  10.1591ms [min=2.82035ms, max=17.6093ms, average=3.86391ms, deviation=2.81008ms]
----------------------------------------------------------

----------------------------------------------------------
sample path: (IntersectionOutput) 
  order timepoint           sequence nr.                  node name     dropped samples
latency

Statistics:
  latency:                  3.04759ms [min=2.82035ms, max=17.6093ms, average=3.85272ms, deviation=2.79214ms]
----------------------------------------------------------

----------------------------------------------------------
sample path: (IntersectionOutput) 
  order timepoint           sequence nr.                  node name     dropped samples
latency

Statistics:
  latency:                  2.98039ms [min=2.82035ms, max=17.6093ms, average=3.84094ms, deviation=2.7748ms]
----------------------------------------------------------

----------------------------------------------------------
sample path: (IntersectionOutput) 
  order timepoint           sequence nr.                  node name     dropped samples
latency

Statistics:
  latency:                  2.83499ms [min=2.82035ms, max=17.6093ms, average=3.82752ms, deviation=2.75843ms]
----------------------------------------------------------

----------------------------------------------------------
sample path: (VehicleDBWSystem) 
  order timepoint           sequence nr.                  node name     dropped samples
bp period
latency

Statistics:
  latency:                  169.272ms [min=138.171ms, max=215.17ms, average=162.048ms, deviation=25.7942ms]
hotpath
  hot path:                 FrontLidarDriver/RearLidarDriver -> ObjectCollisionEstimator
  hot path latency:         20.4805ms [min=18.2728ms, max=35.6125ms, average=22.5335ms, deviation=5.14002ms]
  hot path drops:           0 [min=0, max=0, average=0, deviation=0]
  behavior planner period:  99.8564ms [min=97.5442ms, max=102.505ms, average=99.9952ms, deviation=0.856126ms]
----------------------------------------------------------

----------------------------------------------------------
sample path: (IntersectionOutput) 
  order timepoint           sequence nr.                  node name     dropped samples
latency

Statistics:
  latency:                  2.8293ms [min=2.82035ms, max=17.6093ms, average=3.81439ms, deviation=2.74237ms]
----------------------------------------------------------

----------------------------------------------------------
sample path: (IntersectionOutput) 
  order timepoint           sequence nr.                  node name     dropped samples
latency

Statistics:
  latency:                  7.90648ms [min=2.82035ms, max=17.6093ms, average=3.86753ms, deviation=2.7639ms]
----------------------------------------------------------

----------------------------------------------------------
sample path: (IntersectionOutput) 
  order timepoint           sequence nr.                  node name     dropped samples
latency

Statistics:
  latency:                  3.02019ms [min=2.82035ms, max=17.6093ms, average=3.85667ms, deviation=2.74757ms]
----------------------------------------------------------

----------------------------------------------------------
sample path: (IntersectionOutput) 
  order timepoint           sequence nr.                  node name     dropped samples
latency

Statistics:
  latency:                  3.08351ms [min=2.82035ms, max=17.6093ms, average=3.84688ms, deviation=2.73128ms]
----------------------------------------------------------

----------------------------------------------------------
sample path: (VehicleDBWSystem) 
  order timepoint           sequence nr.                  node name     dropped samples
bp period
latency

Statistics:
  latency:                  169.443ms [min=138.171ms, max=215.17ms, average=162.418ms, deviation=25.1606ms]
hotpath
  hot path:                 FrontLidarDriver/RearLidarDriver -> ObjectCollisionEstimator
  hot path latency:         20.4123ms [min=18.2728ms, max=35.6125ms, average=22.4275ms, deviation=5.02536ms]
  hot path drops:           0 [min=0, max=0, average=0, deviation=0]
  behavior planner period:  100.069ms [min=97.5442ms, max=102.505ms, average=99.999ms, deviation=0.832178ms]
----------------------------------------------------------

----------------------------------------------------------
sample path: (IntersectionOutput) 
  order timepoint           sequence nr.                  node name     dropped samples
latency

Statistics:
  latency:                  2.84841ms [min=2.82035ms, max=17.6093ms, average=3.8344ms, deviation=2.71624ms]
----------------------------------------------------------

----------------------------------------------------------
sample path: (IntersectionOutput) 
  order timepoint           sequence nr.                  node name     dropped samples
latency

Statistics:
  latency:                  3.20597ms [min=2.82035ms, max=17.6093ms, average=3.82664ms, deviation=2.70011ms]
----------------------------------------------------------

----------------------------------------------------------
sample path: (IntersectionOutput) 
  order timepoint           sequence nr.                  node name     dropped samples
latency

Statistics:
  latency:                  2.90234ms [min=2.82035ms, max=17.6093ms, average=3.81537ms, deviation=2.68533ms]
----------------------------------------------------------

----------------------------------------------------------
sample path: (IntersectionOutput) 
  order timepoint           sequence nr.                  node name     dropped samples
latency

Statistics:
  latency:                  3.13972ms [min=2.82035ms, max=17.6093ms, average=3.80723ms, deviation=2.66994ms]
----------------------------------------------------------

----------------------------------------------------------
sample path: (VehicleDBWSystem) 
  order timepoint           sequence nr.                  node name     dropped samples
bp period
latency

Statistics:
  latency:                  140.603ms [min=138.171ms, max=215.17ms, average=161.379ms, deviation=24.9813ms]
hotpath
  hot path:                 FrontLidarDriver/RearLidarDriver -> ObjectCollisionEstimator
  hot path latency:         20.5468ms [min=18.2728ms, max=35.6125ms, average=22.3379ms, deviation=4.91528ms]
  hot path drops:           0 [min=0, max=0, average=0, deviation=0]
  behavior planner period:  100.079ms [min=97.5442ms, max=102.505ms, average=100.003ms, deviation=0.810178ms]
----------------------------------------------------------

----------------------------------------------------------
sample path: (IntersectionOutput) 
  order timepoint           sequence nr.                  node name     dropped samples
latency

Statistics:
  latency:                  2.85802ms [min=2.82035ms, max=17.6093ms, average=3.79593ms, deviation=2.65582ms]
----------------------------------------------------------

----------------------------------------------------------
sample path: (IntersectionOutput) 
  order timepoint           sequence nr.                  node name     dropped samples
latency

Statistics:
  latency:                  2.9301ms [min=2.82035ms, max=17.6093ms, average=3.78575ms, deviation=2.64164ms]
----------------------------------------------------------

----------------------------------------------------------
sample path: (IntersectionOutput) 
  order timepoint           sequence nr.                  node name     dropped samples
latency

Statistics:
  latency:                  2.89421ms [min=2.82035ms, max=17.6093ms, average=3.77538ms, deviation=2.62781ms]
----------------------------------------------------------

----------------------------------------------------------
sample path: (IntersectionOutput) 
  order timepoint           sequence nr.                  node name     dropped samples
latency

Statistics:
  latency:                  2.82507ms [min=2.82035ms, max=17.6093ms, average=3.76446ms, deviation=2.61448ms]
----------------------------------------------------------

----------------------------------------------------------
sample path: (VehicleDBWSystem) 
  order timepoint           sequence nr.                  node name     dropped samples
bp period
latency

Statistics:
  latency:                  140.309ms [min=138.171ms, max=215.17ms, average=160.421ms, deviation=24.7897ms]
hotpath
  hot path:                 FrontLidarDriver/RearLidarDriver -> ObjectCollisionEstimator
  hot path latency:         20.5445ms [min=18.2728ms, max=35.6125ms, average=22.2564ms, deviation=4.81203ms]
  hot path drops:           0 [min=0, max=0, average=0, deviation=0]
  behavior planner period:  99.8261ms [min=97.5442ms, max=102.505ms, average=99.9946ms, deviation=0.790607ms]
----------------------------------------------------------

----------------------------------------------------------
sample path: (IntersectionOutput) 
  order timepoint           sequence nr.                  node name     dropped samples
latency

Statistics:
  latency:                  2.79563ms [min=2.79563ms, max=17.6093ms, average=3.75345ms, deviation=2.60146ms]
----------------------------------------------------------

----------------------------------------------------------
sample path: (IntersectionOutput) 
  order timepoint           sequence nr.                  node name     dropped samples
latency

Statistics:
  latency:                  2.92102ms [min=2.79563ms, max=17.6093ms, average=3.74409ms, deviation=2.58814ms]
----------------------------------------------------------

----------------------------------------------------------
sample path: (IntersectionOutput) 
  order timepoint           sequence nr.                  node name     dropped samples
latency

Statistics:
  latency:                  2.97221ms [min=2.79563ms, max=17.6093ms, average=3.73552ms, deviation=2.57484ms]
----------------------------------------------------------

----------------------------------------------------------
sample path: (IntersectionOutput) 
  order timepoint           sequence nr.                  node name     dropped samples
latency

Statistics:
  latency:                  3.13712ms [min=2.79563ms, max=17.6093ms, average=3.72894ms, deviation=2.56127ms]
----------------------------------------------------------

----------------------------------------------------------
sample path: (VehicleDBWSystem) 
  order timepoint           sequence nr.                  node name     dropped samples
bp period
latency

Statistics:
  latency:                  156.911ms [min=138.171ms, max=215.17ms, average=160.268ms, deviation=24.2308ms]
hotpath
  hot path:                 FrontLidarDriver/RearLidarDriver -> ObjectCollisionEstimator
  hot path latency:         20.3601ms [min=18.2728ms, max=35.6125ms, average=22.1739ms, deviation=4.718ms]
  hot path drops:           0 [min=0, max=0, average=0, deviation=0]
  behavior planner period:  102.612ms [min=97.5442ms, max=102.612ms, average=100.114ms, deviation=0.952173ms]
----------------------------------------------------------

----------------------------------------------------------
sample path: (IntersectionOutput) 
  order timepoint           sequence nr.                  node name     dropped samples
latency

Statistics:
  latency:                  17.7838ms [min=2.79563ms, max=17.7838ms, average=3.88171ms, deviation=2.93857ms]
----------------------------------------------------------

----------------------------------------------------------
sample path: (IntersectionOutput) 
  order timepoint           sequence nr.                  node name     dropped samples
latency

Statistics:
  latency:                  3.04307ms [min=2.79563ms, max=17.7838ms, average=3.87269ms, deviation=2.92385ms]
----------------------------------------------------------

----------------------------------------------------------
sample path: (IntersectionOutput) 
  order timepoint           sequence nr.                  node name     dropped samples
latency

Statistics:
  latency:                  3.00648ms [min=2.79563ms, max=17.7838ms, average=3.86348ms, deviation=2.90946ms]
----------------------------------------------------------

----------------------------------------------------------
sample path: (IntersectionOutput) 
  order timepoint           sequence nr.                  node name     dropped samples
latency

Statistics:
  latency:                  3.07934ms [min=2.79563ms, max=17.7838ms, average=3.85522ms, deviation=2.89506ms]
----------------------------------------------------------

----------------------------------------------------------
sample path: (VehicleDBWSystem) 
  order timepoint           sequence nr.                  node name     dropped samples
bp period
latency

Statistics:
  latency:                  215.24ms [min=138.171ms, max=215.24ms, average=162.559ms, deviation=26.2205ms]
hotpath
  hot path:                 FrontLidarDriver/RearLidarDriver -> ObjectCollisionEstimator
  hot path latency:         30.5127ms [min=18.2728ms, max=35.6125ms, average=22.5214ms, deviation=4.91822ms]
  hot path drops:           0 [min=0, max=0, average=0, deviation=0]
  behavior planner period:  97.499ms [min=97.499ms, max=102.612ms, average=99.9999ms, deviation=1.07826ms]
----------------------------------------------------------

----------------------------------------------------------
sample path: (IntersectionOutput) 
  order timepoint           sequence nr.                  node name     dropped samples
latency

Statistics:
  latency:                  10.1592ms [min=2.79563ms, max=17.7838ms, average=3.92089ms, deviation=2.95078ms]
----------------------------------------------------------

----------------------------------------------------------
sample path: (IntersectionOutput) 
  order timepoint           sequence nr.                  node name     dropped samples
latency

Statistics:
  latency:                  3.15899ms [min=2.79563ms, max=17.7838ms, average=3.91304ms, deviation=2.93639ms]
----------------------------------------------------------

----------------------------------------------------------
sample path: (IntersectionOutput) 
  order timepoint           sequence nr.                  node name     dropped samples
latency

Statistics:
  latency:                  3.04432ms [min=2.79563ms, max=17.7838ms, average=3.90417ms, deviation=2.92253ms]
----------------------------------------------------------

----------------------------------------------------------
sample path: (IntersectionOutput) 
  order timepoint           sequence nr.                  node name     dropped samples
latency

Statistics:
  latency:                  2.8668ms [min=2.79563ms, max=17.7838ms, average=3.89369ms, deviation=2.90945ms]
----------------------------------------------------------

----------------------------------------------------------
sample path: (VehicleDBWSystem) 
  order timepoint           sequence nr.                  node name     dropped samples
bp period
latency

Statistics:
  latency:                  169.602ms [min=138.171ms, max=215.24ms, average=162.841ms, deviation=25.7071ms]
hotpath
  hot path:                 FrontLidarDriver/RearLidarDriver -> ObjectCollisionEstimator
  hot path latency:         20.6436ms [min=18.2728ms, max=35.6125ms, average=22.4463ms, deviation=4.8293ms]
  hot path drops:           0 [min=0, max=0, average=0, deviation=0]
  behavior planner period:  100.198ms [min=97.499ms, max=102.612ms, average=100.008ms, deviation=1.05534ms]
----------------------------------------------------------

----------------------------------------------------------
sample path: (IntersectionOutput) 
  order timepoint           sequence nr.                  node name     dropped samples
latency

Statistics:
  latency:                  2.84677ms [min=2.79563ms, max=17.7838ms, average=3.88322ms, deviation=2.89661ms]
----------------------------------------------------------

----------------------------------------------------------
sample path: (IntersectionOutput) 
  order timepoint           sequence nr.                  node name     dropped samples
latency

Statistics:
  latency:                  7.77981ms [min=2.79563ms, max=17.7838ms, average=3.9218ms, deviation=2.90806ms]
----------------------------------------------------------

----------------------------------------------------------
sample path: (IntersectionOutput) 
  order timepoint           sequence nr.                  node name     dropped samples
latency

Statistics:
  latency:                  2.87688ms [min=2.79563ms, max=17.7838ms, average=3.91156ms, deviation=2.89547ms]
----------------------------------------------------------

----------------------------------------------------------
sample path: (IntersectionOutput) 
  order timepoint           sequence nr.                  node name     dropped samples
latency

Statistics:
  latency:                  2.88403ms [min=2.79563ms, max=17.7838ms, average=3.90158ms, deviation=2.88302ms]
----------------------------------------------------------

----------------------------------------------------------
sample path: (VehicleDBWSystem) 
  order timepoint           sequence nr.                  node name     dropped samples
bp period
latency

Statistics:
  latency:                  167.073ms [min=138.171ms, max=215.24ms, average=163.003ms, deviation=25.2013ms]
hotpath
  hot path:                 FrontLidarDriver/RearLidarDriver -> ObjectCollisionEstimator
  hot path latency:         20.7063ms [min=18.2728ms, max=35.6125ms, average=22.3794ms, deviation=4.74401ms]
  hot path drops:           0 [min=0, max=0, average=0, deviation=0]
  behavior planner period:  99.8096ms [min=97.499ms, max=102.612ms, average=100ms, deviation=1.03388ms]
----------------------------------------------------------

----------------------------------------------------------
sample path: (IntersectionOutput) 
  order timepoint           sequence nr.                  node name     dropped samples
latency

Statistics:
  latency:                  2.85519ms [min=2.79563ms, max=17.7838ms, average=3.89152ms, deviation=2.87083ms]
----------------------------------------------------------

----------------------------------------------------------
sample path: (IntersectionOutput) 
  order timepoint           sequence nr.                  node name     dropped samples
latency

Statistics:
  latency:                  3.57014ms [min=2.79563ms, max=17.7838ms, average=3.88846ms, deviation=2.85716ms]
----------------------------------------------------------

----------------------------------------------------------
sample path: (IntersectionOutput) 
  order timepoint           sequence nr.                  node name     dropped samples
latency

Statistics:
  latency:                  2.87509ms [min=2.79563ms, max=17.7838ms, average=3.8789ms, deviation=2.84523ms]
----------------------------------------------------------

----------------------------------------------------------
sample path: (IntersectionOutput) 
  order timepoint           sequence nr.                  node name     dropped samples
latency

Statistics:
  latency:                  2.91584ms [min=2.79563ms, max=17.7838ms, average=3.8699ms, deviation=2.83331ms]
----------------------------------------------------------

----------------------------------------------------------
sample path: (VehicleDBWSystem) 
  order timepoint           sequence nr.                  node name     dropped samples
bp period
latency

Statistics:
  latency:                  140.601ms [min=138.171ms, max=215.24ms, average=162.174ms, deviation=25.0852ms]
hotpath
  hot path:                 FrontLidarDriver/RearLidarDriver -> ObjectCollisionEstimator
  hot path latency:         20.868ms [min=18.2728ms, max=35.6125ms, average=22.3234ms, deviation=4.66097ms]
  hot path drops:           0 [min=0, max=0, average=0, deviation=0]
  behavior planner period:  100.077ms [min=97.499ms, max=102.612ms, average=100.003ms, deviation=1.01311ms]
----------------------------------------------------------

----------------------------------------------------------
sample path: (IntersectionOutput) 
  order timepoint           sequence nr.                  node name     dropped samples
latency

Statistics:
  latency:                  2.86687ms [min=2.79563ms, max=17.7838ms, average=3.86061ms, deviation=2.82169ms]
----------------------------------------------------------

----------------------------------------------------------
sample path: (IntersectionOutput) 
  order timepoint           sequence nr.                  node name     dropped samples
latency

Statistics:
  latency:                  2.97712ms [min=2.79563ms, max=17.7838ms, average=3.85251ms, deviation=2.80987ms]
----------------------------------------------------------

----------------------------------------------------------
sample path: (IntersectionOutput) 
  order timepoint           sequence nr.                  node name     dropped samples
latency

Statistics:
  latency:                  3.1884ms [min=2.79563ms, max=17.7838ms, average=3.84647ms, deviation=2.79767ms]
----------------------------------------------------------

----------------------------------------------------------
sample path: (IntersectionOutput) 
  order timepoint           sequence nr.                  node name     dropped samples
latency

Statistics:
  latency:                  2.86631ms [min=2.79563ms, max=17.7838ms, average=3.83764ms, deviation=2.78647ms]
----------------------------------------------------------

----------------------------------------------------------
sample path: (VehicleDBWSystem) 
  order timepoint           sequence nr.                  node name     dropped samples
bp period
latency

Statistics:
  latency:                  140.516ms [min=138.171ms, max=215.24ms, average=161.4ms, deviation=24.9542ms]
hotpath
  hot path:                 FrontLidarDriver/RearLidarDriver -> ObjectCollisionEstimator
  hot path latency:         20.4221ms [min=18.2728ms, max=35.6125ms, average=22.2555ms, deviation=4.58793ms]
  hot path drops:           0 [min=0, max=0, average=0, deviation=0]
  behavior planner period:  99.8753ms [min=97.499ms, max=102.612ms, average=99.9984ms, deviation=0.993736ms]
----------------------------------------------------------

----------------------------------------------------------
sample path: (IntersectionOutput) 
  order timepoint           sequence nr.                  node name     dropped samples
latency

Statistics:
  latency:                  2.81087ms [min=2.79563ms, max=17.7838ms, average=3.82847ms, deviation=2.77559ms]
----------------------------------------------------------

----------------------------------------------------------
sample path: (IntersectionOutput) 
  order timepoint           sequence nr.                  node name     dropped samples
latency

Statistics:
  latency:                  3.13492ms [min=2.79563ms, max=17.7838ms, average=3.82234ms, deviation=2.76394ms]
----------------------------------------------------------

----------------------------------------------------------
sample path: (IntersectionOutput) 
  order timepoint           sequence nr.                  node name     dropped samples
latency

Statistics:
  latency:                  3.01792ms [min=2.79563ms, max=17.7838ms, average=3.81528ms, deviation=2.75271ms]
----------------------------------------------------------

----------------------------------------------------------
sample path: (IntersectionOutput) 
  order timepoint           sequence nr.                  node name     dropped samples
latency

Statistics:
  latency:                  3.20505ms [min=2.79563ms, max=17.7838ms, average=3.80997ms, deviation=2.74121ms]
----------------------------------------------------------

----------------------------------------------------------
sample path: (VehicleDBWSystem) 
  order timepoint           sequence nr.                  node name     dropped samples
bp period
latency

Statistics:
  latency:                  149.677ms [min=138.171ms, max=215.24ms, average=160.996ms, deviation=24.6011ms]
hotpath
  hot path:                 FrontLidarDriver/RearLidarDriver -> ObjectCollisionEstimator
  hot path latency:         20.4714ms [min=18.2728ms, max=35.6125ms, average=22.194ms, deviation=4.51743ms]
  hot path drops:           0 [min=0, max=0, average=0, deviation=0]
  behavior planner period:  102.654ms [min=97.499ms, max=102.654ms, average=100.093ms, deviation=1.09674ms]
----------------------------------------------------------

----------------------------------------------------------
sample path: (IntersectionOutput) 
  order timepoint           sequence nr.                  node name     dropped samples
latency

Statistics:
  latency:                  12.7024ms [min=2.79563ms, max=17.7838ms, average=3.88663ms, deviation=2.85141ms]
----------------------------------------------------------

----------------------------------------------------------
sample path: (IntersectionOutput) 
  order timepoint           sequence nr.                  node name     dropped samples
latency

Statistics:
  latency:                  2.92738ms [min=2.79563ms, max=17.7838ms, average=3.87843ms, deviation=2.84048ms]
----------------------------------------------------------

----------------------------------------------------------
sample path: (IntersectionOutput) 
  order timepoint           sequence nr.                  node name     dropped samples
latency

Statistics:
  latency:                  3.0783ms [min=2.79563ms, max=17.7838ms, average=3.87165ms, deviation=2.82927ms]
----------------------------------------------------------

----------------------------------------------------------
sample path: (IntersectionOutput) 
  order timepoint           sequence nr.                  node name     dropped samples
latency

Statistics:
  latency:                  3.09695ms [min=2.79563ms, max=17.7838ms, average=3.86514ms, deviation=2.81815ms]
----------------------------------------------------------

----------------------------------------------------------
sample path: (VehicleDBWSystem) 
  order timepoint           sequence nr.                  node name     dropped samples
bp period
latency

Statistics:
  latency:                  210.095ms [min=138.171ms, max=215.24ms, average=162.633ms, deviation=25.7818ms]
hotpath
  hot path:                 FrontLidarDriver/RearLidarDriver -> ObjectCollisionEstimator
  hot path latency:         28.0052ms [min=18.2728ms, max=35.6125ms, average=22.3877ms, deviation=4.56389ms]
  hot path drops:           0 [min=0, max=0, average=0, deviation=0]
  behavior planner period:  97.4249ms [min=97.4249ms, max=102.654ms, average=100.001ms, deviation=1.1855ms]
----------------------------------------------------------

----------------------------------------------------------
sample path: (IntersectionOutput) 
  order timepoint           sequence nr.                  node name     dropped samples
latency

Statistics:
  latency:                  10.1864ms [min=2.79563ms, max=17.7838ms, average=3.91782ms, deviation=2.865ms]
----------------------------------------------------------

----------------------------------------------------------
sample path: (IntersectionOutput) 
  order timepoint           sequence nr.                  node name     dropped samples
latency

Statistics:
  latency:                  3.1742ms [min=2.79563ms, max=17.7838ms, average=3.91167ms, deviation=2.85384ms]
----------------------------------------------------------

----------------------------------------------------------
sample path: (IntersectionOutput) 
  order timepoint           sequence nr.                  node name     dropped samples
latency

Statistics:
  latency:                  3.0311ms [min=2.79563ms, max=17.7838ms, average=3.90446ms, deviation=2.84314ms]
----------------------------------------------------------

----------------------------------------------------------
sample path: (IntersectionOutput) 
  order timepoint           sequence nr.                  node name     dropped samples
latency

Statistics:
  latency:                  2.84555ms [min=2.79563ms, max=17.7838ms, average=3.89585ms, deviation=2.83307ms]
----------------------------------------------------------

----------------------------------------------------------
sample path: (VehicleDBWSystem) 
  order timepoint           sequence nr.                  node name     dropped samples
bp period
latency

Statistics:
  latency:                  169.341ms [min=138.171ms, max=215.24ms, average=162.849ms, deviation=25.3771ms]
hotpath
  hot path:                 FrontLidarDriver/RearLidarDriver -> ObjectCollisionEstimator
  hot path latency:         20.6549ms [min=18.2728ms, max=35.6125ms, average=22.3318ms, deviation=4.49796ms]
  hot path drops:           0 [min=0, max=0, average=0, deviation=0]
  behavior planner period:  99.8973ms [min=97.4249ms, max=102.654ms, average=99.9978ms, deviation=1.16504ms]
----------------------------------------------------------

----------------------------------------------------------
sample path: (IntersectionOutput) 
  order timepoint           sequence nr.                  node name     dropped samples
latency

Statistics:
  latency:                  2.81987ms [min=2.79563ms, max=17.7838ms, average=3.88717ms, deviation=2.82319ms]
----------------------------------------------------------

----------------------------------------------------------
sample path: (IntersectionOutput) 
  order timepoint           sequence nr.                  node name     dropped samples
latency

Statistics:
  latency:                  7.8749ms [min=2.79563ms, max=17.7838ms, average=3.91907ms, deviation=2.83431ms]
----------------------------------------------------------

----------------------------------------------------------
sample path: (IntersectionOutput) 
  order timepoint           sequence nr.                  node name     dropped samples
latency

Statistics:
  latency:                  2.87516ms [min=2.79563ms, max=17.7838ms, average=3.91079ms, deviation=2.82448ms]
----------------------------------------------------------

----------------------------------------------------------
sample path: (IntersectionOutput) 
  order timepoint           sequence nr.                  node name     dropped samples
latency

Statistics:
  latency:                  2.87949ms [min=2.79563ms, max=17.7838ms, average=3.90267ms, deviation=2.81474ms]
----------------------------------------------------------

----------------------------------------------------------
sample path: (VehicleDBWSystem) 
  order timepoint           sequence nr.                  node name     dropped samples
bp period
latency

Statistics:
  latency:                  169.327ms [min=138.171ms, max=215.24ms, average=163.051ms, deviation=24.9907ms]
hotpath
  hot path:                 FrontLidarDriver/RearLidarDriver -> ObjectCollisionEstimator
  hot path latency:         20.4466ms [min=18.2728ms, max=35.6125ms, average=22.2728ms, deviation=4.43735ms]
  hot path drops:           0 [min=0, max=0, average=0, deviation=0]
  behavior planner period:  100.052ms [min=97.4249ms, max=102.654ms, average=99.9996ms, deviation=1.14549ms]
----------------------------------------------------------

----------------------------------------------------------
sample path: (IntersectionOutput) 
  order timepoint           sequence nr.                  node name     dropped samples
latency

Statistics:
  latency:                  2.79083ms [min=2.79083ms, max=17.7838ms, average=3.89398ms, deviation=2.80536ms]
----------------------------------------------------------

----------------------------------------------------------
sample path: (IntersectionOutput) 
  order timepoint           sequence nr.                  node name     dropped samples
latency

Statistics:
  latency:                  2.92609ms [min=2.79083ms, max=17.7838ms, average=3.88648ms, deviation=2.79568ms]
----------------------------------------------------------

----------------------------------------------------------
sample path: (IntersectionOutput) 
  order timepoint           sequence nr.                  node name     dropped samples
latency

Statistics:
  latency:                  2.88066ms [min=2.79083ms, max=17.7838ms, average=3.87874ms, deviation=2.78622ms]
----------------------------------------------------------

----------------------------------------------------------
sample path: (IntersectionOutput) 
  order timepoint           sequence nr.                  node name     dropped samples
latency

Statistics:
  latency:                  2.97238ms [min=2.79083ms, max=17.7838ms, average=3.87182ms, deviation=2.77661ms]
----------------------------------------------------------

----------------------------------------------------------
sample path: (VehicleDBWSystem) 
  order timepoint           sequence nr.                  node name     dropped samples
bp period
latency

Statistics:
  latency:                  140.714ms [min=138.171ms, max=215.24ms, average=162.375ms, deviation=24.9026ms]
hotpath
  hot path:                 FrontLidarDriver/RearLidarDriver -> ObjectCollisionEstimator
  hot path latency:         20.4299ms [min=18.2728ms, max=35.6125ms, average=22.217ms, deviation=4.37924ms]
  hot path drops:           0 [min=0, max=0, average=0, deviation=0]
  behavior planner period:  100.202ms [min=97.4249ms, max=102.654ms, average=100.006ms, deviation=1.12743ms]
----------------------------------------------------------

----------------------------------------------------------
sample path: (IntersectionOutput) 
  order timepoint           sequence nr.                  node name     dropped samples
latency

Statistics:
  latency:                  2.88788ms [min=2.79083ms, max=17.7838ms, average=3.86437ms, deviation=2.76732ms]
----------------------------------------------------------

----------------------------------------------------------
sample path: (IntersectionOutput) 
  order timepoint           sequence nr.                  node name     dropped samples
latency

Statistics:
  latency:                  3.18409ms [min=2.79083ms, max=17.7838ms, average=3.85925ms, deviation=2.75745ms]
----------------------------------------------------------

----------------------------------------------------------
sample path: (IntersectionOutput) 
  order timepoint           sequence nr.                  node name     dropped samples
latency

Statistics:
  latency:                  3.03389ms [min=2.79083ms, max=17.7838ms, average=3.85309ms, deviation=2.74799ms]
----------------------------------------------------------

----------------------------------------------------------
sample path: (IntersectionOutput) 
  order timepoint           sequence nr.                  node name     dropped samples
latency

Statistics:
  latency:                  2.87105ms [min=2.79083ms, max=17.7838ms, average=3.84582ms, deviation=2.73902ms]
----------------------------------------------------------

----------------------------------------------------------
sample path: (VehicleDBWSystem) 
  order timepoint           sequence nr.                  node name     dropped samples
bp period
latency

Statistics:
  latency:                  140.525ms [min=138.171ms, max=215.24ms, average=161.732ms, deviation=24.807ms]
hotpath
  hot path:                 FrontLidarDriver/RearLidarDriver -> ObjectCollisionEstimator
  hot path latency:         20.5545ms [min=18.2728ms, max=35.6125ms, average=22.1681ms, deviation=4.32179ms]
  hot path drops:           0 [min=0, max=0, average=0, deviation=0]
  behavior planner period:  99.7734ms [min=97.4249ms, max=102.654ms, average=99.9988ms, deviation=1.11041ms]
----------------------------------------------------------

----------------------------------------------------------
sample path: (IntersectionOutput) 
  order timepoint           sequence nr.                  node name     dropped samples
latency

Statistics:
  latency:                  2.87562ms [min=2.79083ms, max=17.7838ms, average=3.83868ms, deviation=2.73012ms]
----------------------------------------------------------

----------------------------------------------------------
sample path: (IntersectionOutput) 
  order timepoint           sequence nr.                  node name     dropped samples
latency

Statistics:
  latency:                  3.03525ms [min=2.79083ms, max=17.7838ms, average=3.83282ms, deviation=2.72093ms]
----------------------------------------------------------

----------------------------------------------------------
sample path: (IntersectionOutput) 
  order timepoint           sequence nr.                  node name     dropped samples
latency

Statistics:
  latency:                  3.02475ms [min=2.79083ms, max=17.7838ms, average=3.82696ms, deviation=2.71186ms]
----------------------------------------------------------

----------------------------------------------------------
sample path: (IntersectionOutput) 
  order timepoint           sequence nr.                  node name     dropped samples
latency

Statistics:
  latency:                  3.23581ms [min=2.79083ms, max=17.7838ms, average=3.82271ms, deviation=2.70248ms]
----------------------------------------------------------

----------------------------------------------------------
sample path: (VehicleDBWSystem) 
  order timepoint           sequence nr.                  node name     dropped samples
bp period
latency

Statistics:
  latency:                  157.029ms [min=138.171ms, max=215.24ms, average=161.598ms, deviation=24.4524ms]
hotpath
  hot path:                 FrontLidarDriver/RearLidarDriver -> ObjectCollisionEstimator
  hot path latency:         20.497ms [min=18.2728ms, max=35.6125ms, average=22.1204ms, deviation=4.26712ms]
  hot path drops:           0 [min=0, max=0, average=0, deviation=0]
  behavior planner period:  102.698ms [min=97.4249ms, max=102.698ms, average=100.078ms, deviation=1.18737ms]
----------------------------------------------------------

----------------------------------------------------------
sample path: (IntersectionOutput) 
  order timepoint           sequence nr.                  node name     dropped samples
latency

Statistics:
  latency:                  17.7699ms [min=2.79083ms, max=17.7838ms, average=3.92233ms, deviation=2.93944ms]
----------------------------------------------------------

----------------------------------------------------------
sample path: (IntersectionOutput) 
  order timepoint           sequence nr.                  node name     dropped samples
latency

Statistics:
  latency:                  3.06246ms [min=2.79083ms, max=17.7838ms, average=3.91623ms, deviation=2.92982ms]
----------------------------------------------------------

----------------------------------------------------------
sample path: (IntersectionOutput) 
  order timepoint           sequence nr.                  node name     dropped samples
latency

Statistics:
  latency:                  3.03484ms [min=2.79083ms, max=17.7838ms, average=3.91003ms, deviation=2.92035ms]
----------------------------------------------------------

----------------------------------------------------------
sample path: (IntersectionOutput) 
  order timepoint           sequence nr.                  node name     dropped samples
latency

Statistics:
  latency:                  3.08581ms [min=2.79083ms, max=17.7838ms, average=3.90426ms, deviation=2.91086ms]
----------------------------------------------------------

----------------------------------------------------------
sample path: (VehicleDBWSystem) 
  order timepoint           sequence nr.                  node name     dropped samples
bp period
latency

Statistics:
  latency:                  214.979ms [min=138.171ms, max=215.24ms, average=163.08ms, deviation=25.6903ms]
hotpath
  hot path:                 FrontLidarDriver/RearLidarDriver -> ObjectCollisionEstimator
  hot path latency:         30.616ms [min=18.2728ms, max=35.6125ms, average=22.3563ms, deviation=4.43768ms]
  hot path drops:           0 [min=0, max=0, average=0, deviation=0]
  behavior planner period:  97.3118ms [min=97.3118ms, max=102.698ms, average=99.9992ms, deviation=1.25978ms]
----------------------------------------------------------

----------------------------------------------------------
sample path: (IntersectionOutput) 
  order timepoint           sequence nr.                  node name     dropped samples
latency

Statistics:
  latency:                  10.1617ms [min=2.79083ms, max=17.7838ms, average=3.94772ms, deviation=2.94716ms]
----------------------------------------------------------

----------------------------------------------------------
sample path: (IntersectionOutput) 
  order timepoint           sequence nr.                  node name     dropped samples
latency

Statistics:
  latency:                  2.89172ms [min=2.79083ms, max=17.7838ms, average=3.94044ms, deviation=2.93822ms]
----------------------------------------------------------

----------------------------------------------------------
sample path: (IntersectionOutput) 
  order timepoint           sequence nr.                  node name     dropped samples
latency

Statistics:
  latency:                  3.0646ms [min=2.79083ms, max=17.7838ms, average=3.93444ms, deviation=2.92897ms]
----------------------------------------------------------

----------------------------------------------------------
sample path: (IntersectionOutput) 
  order timepoint           sequence nr.                  node name     dropped samples
latency

Statistics:
  latency:                  2.83705ms [min=2.79083ms, max=17.7838ms, average=3.92697ms, deviation=2.92032ms]
----------------------------------------------------------

----------------------------------------------------------
sample path: (VehicleDBWSystem) 
  order timepoint           sequence nr.                  node name     dropped samples
bp period
latency

Statistics:
  latency:                  169.358ms [min=138.171ms, max=215.24ms, average=163.25ms, deviation=25.352ms]
hotpath
  hot path:                 FrontLidarDriver/RearLidarDriver -> ObjectCollisionEstimator
  hot path latency:         20.5158ms [min=18.2728ms, max=35.6125ms, average=22.3066ms, deviation=4.38606ms]
  hot path drops:           0 [min=0, max=0, average=0, deviation=0]
  behavior planner period:  99.9728ms [min=97.3118ms, max=102.698ms, average=99.9984ms, deviation=1.24166ms]
----------------------------------------------------------

----------------------------------------------------------
sample path: (IntersectionOutput) 
  order timepoint           sequence nr.                  node name     dropped samples
latency

Statistics:
  latency:                  2.82722ms [min=2.79083ms, max=17.7838ms, average=3.91954ms, deviation=2.91178ms]
----------------------------------------------------------

----------------------------------------------------------
sample path: (IntersectionOutput) 
  order timepoint           sequence nr.                  node name     dropped samples
latency

Statistics:
  latency:                  7.92558ms [min=2.79083ms, max=17.7838ms, average=3.94643ms, deviation=2.92042ms]
----------------------------------------------------------

----------------------------------------------------------
sample path: (IntersectionOutput) 
  order timepoint           sequence nr.                  node name     dropped samples
latency

Statistics:
  latency:                  2.90278ms [min=2.79083ms, max=17.7838ms, average=3.93947ms, deviation=2.91185ms]
----------------------------------------------------------

----------------------------------------------------------
sample path: (IntersectionOutput) 
  order timepoint           sequence nr.                  node name     dropped samples
latency

Statistics:
  latency:                  2.91628ms [min=2.79083ms, max=17.7838ms, average=3.93269ms, deviation=2.90333ms]
----------------------------------------------------------

----------------------------------------------------------
sample path: (VehicleDBWSystem) 
  order timepoint           sequence nr.                  node name     dropped samples
bp period
latency

Statistics:
  latency:                  169.459ms [min=138.171ms, max=215.24ms, average=163.413ms, deviation=25.0273ms]
hotpath
  hot path:                 FrontLidarDriver/RearLidarDriver -> ObjectCollisionEstimator
  hot path latency:         20.4876ms [min=18.2728ms, max=35.6125ms, average=22.2587ms, deviation=4.33643ms]
  hot path drops:           0 [min=0, max=0, average=0, deviation=0]
  behavior planner period:  100.061ms [min=97.3118ms, max=102.698ms, average=100ms, deviation=1.22434ms]
----------------------------------------------------------

----------------------------------------------------------
sample path: (IntersectionOutput) 
  order timepoint           sequence nr.                  node name     dropped samples
latency

Statistics:
  latency:                  2.8483ms [min=2.79083ms, max=17.7838ms, average=3.92556ms, deviation=2.89503ms]
----------------------------------------------------------

----------------------------------------------------------
sample path: (IntersectionOutput) 
  order timepoint           sequence nr.                  node name     dropped samples
latency

Statistics:
  latency:                  2.95783ms [min=2.79083ms, max=17.7838ms, average=3.91923ms, deviation=2.88655ms]
----------------------------------------------------------

----------------------------------------------------------
sample path: (IntersectionOutput) 
  order timepoint           sequence nr.                  node name     dropped samples
latency

Statistics:
  latency:                  2.92519ms [min=2.79083ms, max=17.7838ms, average=3.91278ms, deviation=2.87822ms]
----------------------------------------------------------

----------------------------------------------------------
sample path: (IntersectionOutput) 
  order timepoint           sequence nr.                  node name     dropped samples
latency

Statistics:
  latency:                  3.05954ms [min=2.79083ms, max=17.7838ms, average=3.90727ms, deviation=2.86968ms]
----------------------------------------------------------

----------------------------------------------------------
sample path: (VehicleDBWSystem) 
  order timepoint           sequence nr.                  node name     dropped samples
bp period
latency

Statistics:
  latency:                  140.464ms [min=138.171ms, max=215.24ms, average=162.825ms, deviation=24.9677ms]
hotpath
  hot path:                 FrontLidarDriver/RearLidarDriver -> ObjectCollisionEstimator
  hot path latency:         20.4721ms [min=18.2728ms, max=35.6125ms, average=22.2129ms, deviation=4.28855ms]
  hot path drops:           0 [min=0, max=0, average=0, deviation=0]
  behavior planner period:  99.9639ms [min=97.3118ms, max=102.698ms, average=99.9992ms, deviation=1.20769ms]
----------------------------------------------------------

----------------------------------------------------------
sample path: (IntersectionOutput) 
  order timepoint           sequence nr.                  node name     dropped samples
latency

Statistics:
  latency:                  2.82559ms [min=2.79083ms, max=17.7838ms, average=3.90034ms, deviation=2.86172ms]
----------------------------------------------------------

----------------------------------------------------------
sample path: (IntersectionOutput) 
  order timepoint           sequence nr.                  node name     dropped samples
latency

Statistics:
  latency:                  3.00336ms [min=2.79083ms, max=17.7838ms, average=3.89463ms, deviation=2.85343ms]
----------------------------------------------------------

----------------------------------------------------------
sample path: (IntersectionOutput) 
  order timepoint           sequence nr.                  node name     dropped samples
latency

Statistics:
  latency:                  2.98222ms [min=2.79083ms, max=17.7838ms, average=3.88885ms, deviation=2.84525ms]
----------------------------------------------------------

----------------------------------------------------------
sample path: (IntersectionOutput) 
  order timepoint           sequence nr.                  node name     dropped samples
latency

Statistics:
  latency:                  2.84799ms [min=2.79083ms, max=17.7838ms, average=3.88231ms, deviation=2.83744ms]
----------------------------------------------------------

----------------------------------------------------------
sample path: (VehicleDBWSystem) 
  order timepoint           sequence nr.                  node name     dropped samples
bp period
latency

Statistics:
  latency:                  140.393ms [min=138.171ms, max=215.24ms, average=162.264ms, deviation=24.8995ms]
hotpath
  hot path:                 FrontLidarDriver/RearLidarDriver -> ObjectCollisionEstimator
  hot path latency:         20.4919ms [min=18.2728ms, max=35.6125ms, average=22.1699ms, deviation=4.24194ms]
  hot path drops:           0 [min=0, max=0, average=0, deviation=0]
  behavior planner period:  99.9622ms [min=97.3118ms, max=102.698ms, average=99.9982ms, deviation=1.19171ms]
----------------------------------------------------------

----------------------------------------------------------
sample path: (IntersectionOutput) 
  order timepoint           sequence nr.                  node name     dropped samples
latency

Statistics:
  latency:                  2.83103ms [min=2.79083ms, max=17.7838ms, average=3.87574ms, deviation=2.82972ms]
----------------------------------------------------------

----------------------------------------------------------
sample path: (IntersectionOutput) 
  order timepoint           sequence nr.                  node name     dropped samples
latency

Statistics:
  latency:                  3.03085ms [min=2.79083ms, max=17.7838ms, average=3.87049ms, deviation=2.82165ms]
----------------------------------------------------------

----------------------------------------------------------
sample path: (IntersectionOutput) 
  order timepoint           sequence nr.                  node name     dropped samples
latency

Statistics:
  latency:                  3.0258ms [min=2.79083ms, max=17.7838ms, average=3.86527ms, deviation=2.81365ms]
----------------------------------------------------------

----------------------------------------------------------
sample path: (IntersectionOutput) 
  order timepoint           sequence nr.                  node name     dropped samples
latency

Statistics:
  latency:                  3.23554ms [min=2.79083ms, max=17.7838ms, average=3.86141ms, deviation=2.80539ms]
----------------------------------------------------------

----------------------------------------------------------
sample path: (VehicleDBWSystem) 
  order timepoint           sequence nr.                  node name     dropped samples
bp period
latency

Statistics:
  latency:                  156.79ms [min=138.171ms, max=215.24ms, average=162.131ms, deviation=24.6011ms]
hotpath
  hot path:                 FrontLidarDriver/RearLidarDriver -> ObjectCollisionEstimator
  hot path latency:         20.4129ms [min=18.2728ms, max=35.6125ms, average=22.127ms, deviation=4.19756ms]
  hot path drops:           0 [min=0, max=0, average=0, deviation=0]
  behavior planner period:  102.622ms [min=97.3118ms, max=102.698ms, average=100.064ms, deviation=1.24734ms]
----------------------------------------------------------

----------------------------------------------------------
sample path: (IntersectionOutput) 
  order timepoint           sequence nr.                  node name     dropped samples
latency

Statistics:
  latency:                  17.7164ms [min=2.79083ms, max=17.7838ms, average=3.94589ms, deviation=2.99874ms]
----------------------------------------------------------

----------------------------------------------------------
sample path: (IntersectionOutput) 
  order timepoint           sequence nr.                  node name     dropped samples
latency

Statistics:
  latency:                  3.10213ms [min=2.79083ms, max=17.7838ms, average=3.94078ms, deviation=2.9903ms]
----------------------------------------------------------

----------------------------------------------------------
sample path: (IntersectionOutput) 
  order timepoint           sequence nr.                  node name     dropped samples
latency

Statistics:
  latency:                  3.06158ms [min=2.79083ms, max=17.7838ms, average=3.93548ms, deviation=2.98201ms]
----------------------------------------------------------

----------------------------------------------------------
sample path: (IntersectionOutput) 
  order timepoint           sequence nr.                  node name     dropped samples
latency

Statistics:
  latency:                  3.10957ms [min=2.79083ms, max=17.7838ms, average=3.93054ms, deviation=2.9737ms]
----------------------------------------------------------

----------------------------------------------------------
sample path: (VehicleDBWSystem) 
  order timepoint           sequence nr.                  node name     dropped samples
bp period
latency

Statistics:
  latency:                  215.102ms [min=138.171ms, max=215.24ms, average=163.392ms, deviation=25.6371ms]
hotpath
  hot path:                 FrontLidarDriver/RearLidarDriver -> ObjectCollisionEstimator
  hot path latency:         30.469ms [min=18.2728ms, max=35.6125ms, average=22.3257ms, deviation=4.34127ms]
  hot path drops:           0 [min=0, max=0, average=0, deviation=0]
  behavior planner period:  97.431ms [min=97.3118ms, max=102.698ms, average=99.9996ms, deviation=1.29847ms]
----------------------------------------------------------

----------------------------------------------------------
sample path: (IntersectionOutput) 
  order timepoint           sequence nr.                  node name     dropped samples
latency

Statistics:
  latency:                  10.1649ms [min=2.79083ms, max=17.7838ms, average=3.96765ms, deviation=3.00354ms]
----------------------------------------------------------

----------------------------------------------------------
sample path: (IntersectionOutput) 
  order timepoint           sequence nr.                  node name     dropped samples
latency

Statistics:
  latency:                  2.93264ms [min=2.79083ms, max=17.7838ms, average=3.96152ms, deviation=2.99565ms]
----------------------------------------------------------

----------------------------------------------------------
sample path: (IntersectionOutput) 
  order timepoint           sequence nr.                  node name     dropped samples
latency

Statistics:
  latency:                  2.87488ms [min=2.79083ms, max=17.7838ms, average=3.95513ms, deviation=2.98794ms]
----------------------------------------------------------

----------------------------------------------------------
sample path: (IntersectionOutput) 
  order timepoint           sequence nr.                  node name     dropped samples
latency

Statistics:
  latency:                  2.8575ms [min=2.79083ms, max=17.7838ms, average=3.94871ms, deviation=2.98032ms]
----------------------------------------------------------

