RTI Connext DDS Non-commercial license is for academic, research, evaluation and personal use only. USE FOR COMMERCIAL PURPOSES IS PROHIBITED. See RTI_LICENSE.TXT for terms. Download free tools at rti.com/ncl. License issued to Non-Commercial User license@rti.com For non-production use only.
Expires on 00-jan-00 See www.rti.com for more information.
----------------------------------------------------------
sample path: (IntersectionOutput) 
  order timepoint           sequence nr.                  node name     dropped samples
latency

Statistics:
  latency:                  3.5768ms [min=3.5768ms, max=3.5768ms, average=3.5768ms, deviation=-nanms]
----------------------------------------------------------

----------------------------------------------------------
sample path: (IntersectionOutput) 
  order timepoint           sequence nr.                  node name     dropped samples
latency

Statistics:
  latency:                  2.7917ms [min=2.7917ms, max=3.5768ms, average=3.18425ms, deviation=0.555147ms]
----------------------------------------------------------

----------------------------------------------------------
sample path: (IntersectionOutput) 
  order timepoint           sequence nr.                  node name     dropped samples
latency

Statistics:
  latency:                  2.84544ms [min=2.7917ms, max=3.5768ms, average=3.07131ms, deviation=0.438586ms]
----------------------------------------------------------

----------------------------------------------------------
sample path: (VehicleDBWSystem) 
  order timepoint           sequence nr.                  node name     dropped samples
latency

Statistics:
  latency:                  112.909ms [min=112.909ms, max=112.909ms, average=112.909ms, deviation=-nanms]
hotpath
  hot path:                 FrontLidarDriver/RearLidarDriver -> ObjectCollisionEstimator
  hot path latency:         10.7387ms [min=10.7387ms, max=10.7387ms, average=10.7387ms, deviation=-nanms]
  hot path drops:           0 [min=0, max=0, average=0, deviation=-nan]
  behavior planner period:  0ms [min=1.84467e+13ms, max=0ms, average=0ms, deviation=0ms]
----------------------------------------------------------

----------------------------------------------------------
sample path: (IntersectionOutput) 
  order timepoint           sequence nr.                  node name     dropped samples
latency

Statistics:
  latency:                  2.87622ms [min=2.7917ms, max=3.5768ms, average=3.02254ms, deviation=0.371152ms]
----------------------------------------------------------

----------------------------------------------------------
sample path: (IntersectionOutput) 
  order timepoint           sequence nr.                  node name     dropped samples
latency

Statistics:
  latency:                  3.41089ms [min=2.7917ms, max=3.5768ms, average=3.10021ms, deviation=0.365347ms]
----------------------------------------------------------

----------------------------------------------------------
sample path: (IntersectionOutput) 
  order timepoint           sequence nr.                  node name     dropped samples
latency

Statistics:
  latency:                  2.8109ms [min=2.7917ms, max=3.5768ms, average=3.05199ms, deviation=0.347466ms]
----------------------------------------------------------

----------------------------------------------------------
sample path: (IntersectionOutput) 
  order timepoint           sequence nr.                  node name     dropped samples
latency

Statistics:
  latency:                  10.3323ms [min=2.7917ms, max=10.3323ms, average=4.09204ms, deviation=2.76992ms]
----------------------------------------------------------

----------------------------------------------------------
sample path: (VehicleDBWSystem) 
  order timepoint           sequence nr.                  node name     dropped samples
bp period
latency

Statistics:
  latency:                  115.276ms [min=112.909ms, max=115.276ms, average=114.093ms, deviation=1.6732ms]
hotpath
  hot path:                 FrontLidarDriver/RearLidarDriver -> ObjectCollisionEstimator
  hot path latency:         10.7291ms [min=10.7291ms, max=10.7387ms, average=10.7339ms, deviation=0.00680873ms]
  hot path drops:           0 [min=0, max=0, average=0, deviation=0]
  behavior planner period:  99.9966ms [min=99.9966ms, max=99.9966ms, average=99.9966ms, deviation=-nanms]
----------------------------------------------------------

----------------------------------------------------------
sample path: (IntersectionOutput) 
  order timepoint           sequence nr.                  node name     dropped samples
latency

Statistics:
  latency:                  2.73052ms [min=2.73052ms, max=10.3323ms, average=3.92185ms, deviation=2.60923ms]
----------------------------------------------------------

----------------------------------------------------------
sample path: (IntersectionOutput) 
  order timepoint           sequence nr.                  node name     dropped samples
latency

Statistics:
  latency:                  3.47548ms [min=2.73052ms, max=10.3323ms, average=3.87225ms, deviation=2.44524ms]
----------------------------------------------------------

----------------------------------------------------------
sample path: (IntersectionOutput) 
  order timepoint           sequence nr.                  node name     dropped samples
latency

Statistics:
  latency:                  2.77724ms [min=2.73052ms, max=10.3323ms, average=3.76275ms, deviation=2.33126ms]
----------------------------------------------------------

----------------------------------------------------------
sample path: (IntersectionOutput) 
  order timepoint           sequence nr.                  node name     dropped samples
latency

Statistics:
  latency:                  2.74633ms [min=2.73052ms, max=10.3323ms, average=3.67035ms, deviation=2.23276ms]
----------------------------------------------------------

----------------------------------------------------------
sample path: (VehicleDBWSystem) 
  order timepoint           sequence nr.                  node name     dropped samples
bp period
latency

Statistics:
  latency:                  215.462ms [min=112.909ms, max=215.462ms, average=147.883ms, deviation=58.5379ms]
hotpath
  hot path:                 FrontLidarDriver/RearLidarDriver -> ObjectCollisionEstimator
  hot path latency:         10.6093ms [min=10.6093ms, max=10.7387ms, average=10.6924ms, deviation=0.0720933ms]
  hot path drops:           0 [min=0, max=0, average=0, deviation=0]
  behavior planner period:  100.005ms [min=99.9966ms, max=100.005ms, average=100.001ms, deviation=0.00623597ms]
----------------------------------------------------------

----------------------------------------------------------
sample path: (IntersectionOutput) 
  order timepoint           sequence nr.                  node name     dropped samples
latency

Statistics:
  latency:                  12.7531ms [min=2.73052ms, max=12.7531ms, average=4.42724ms, deviation=3.37738ms]
----------------------------------------------------------

----------------------------------------------------------
sample path: (IntersectionOutput) 
  order timepoint           sequence nr.                  node name     dropped samples
latency

Statistics:
  latency:                  2.98881ms [min=2.73052ms, max=12.7531ms, average=4.31659ms, deviation=3.25811ms]
----------------------------------------------------------

----------------------------------------------------------
sample path: (IntersectionOutput) 
  order timepoint           sequence nr.                  node name     dropped samples
latency

Statistics:
  latency:                  4.8568ms [min=2.73052ms, max=12.7531ms, average=4.35518ms, deviation=3.13362ms]
----------------------------------------------------------

----------------------------------------------------------
sample path: (IntersectionOutput) 
  order timepoint           sequence nr.                  node name     dropped samples
latency

Statistics:
  latency:                  2.72128ms [min=2.72128ms, max=12.7531ms, average=4.24625ms, deviation=3.04896ms]
----------------------------------------------------------

----------------------------------------------------------
sample path: (VehicleDBWSystem) 
  order timepoint           sequence nr.                  node name     dropped samples
bp period
latency

Statistics:
  latency:                  153.744ms [min=112.909ms, max=215.462ms, average=149.348ms, deviation=47.8858ms]
hotpath
  hot path:                 FrontLidarDriver/RearLidarDriver -> ObjectCollisionEstimator
  hot path latency:         12.8241ms [min=10.6093ms, max=12.8241ms, average=11.2253ms, deviation=1.0675ms]
  hot path drops:           0 [min=0, max=0, average=0, deviation=0]
  behavior planner period:  99.9961ms [min=99.9961ms, max=100.005ms, average=99.9994ms, deviation=0.00523946ms]
----------------------------------------------------------

----------------------------------------------------------
sample path: (IntersectionOutput) 
  order timepoint           sequence nr.                  node name     dropped samples
latency

Statistics:
  latency:                  3.03974ms [min=2.72128ms, max=12.7531ms, average=4.17085ms, deviation=2.96098ms]
----------------------------------------------------------

----------------------------------------------------------
sample path: (IntersectionOutput) 
  order timepoint           sequence nr.                  node name     dropped samples
latency

Statistics:
  latency:                  2.76467ms [min=2.72128ms, max=12.7531ms, average=4.08813ms, deviation=2.88717ms]
----------------------------------------------------------

----------------------------------------------------------
sample path: (IntersectionOutput) 
  order timepoint           sequence nr.                  node name     dropped samples
latency

Statistics:
  latency:                  4.88366ms [min=2.72128ms, max=12.7531ms, average=4.13233ms, deviation=2.80723ms]
----------------------------------------------------------

----------------------------------------------------------
sample path: (IntersectionOutput) 
  order timepoint           sequence nr.                  node name     dropped samples
latency

Statistics:
  latency:                  2.75671ms [min=2.72128ms, max=12.7531ms, average=4.05992ms, deviation=2.74633ms]
----------------------------------------------------------

----------------------------------------------------------
sample path: (VehicleDBWSystem) 
  order timepoint           sequence nr.                  node name     dropped samples
bp period
latency

Statistics:
  latency:                  153.405ms [min=112.909ms, max=215.462ms, average=150.159ms, deviation=41.51ms]
hotpath
  hot path:                 FrontLidarDriver/RearLidarDriver -> ObjectCollisionEstimator
  hot path latency:         12.888ms [min=10.6093ms, max=12.888ms, average=11.5579ms, deviation=1.18642ms]
  hot path drops:           0 [min=0, max=0, average=0, deviation=0]
  behavior planner period:  100.008ms [min=99.9961ms, max=100.008ms, average=100.001ms, deviation=0.00595717ms]
----------------------------------------------------------

----------------------------------------------------------
sample path: (IntersectionOutput) 
  order timepoint           sequence nr.                  node name     dropped samples
latency

Statistics:
  latency:                  2.80323ms [min=2.72128ms, max=12.7531ms, average=3.99709ms, deviation=2.68782ms]
----------------------------------------------------------

----------------------------------------------------------
sample path: (IntersectionOutput) 
  order timepoint           sequence nr.                  node name     dropped samples
latency

Statistics:
  latency:                  2.78404ms [min=2.72128ms, max=12.7531ms, average=3.93933ms, deviation=2.6331ms]
----------------------------------------------------------

----------------------------------------------------------
sample path: (IntersectionOutput) 
  order timepoint           sequence nr.                  node name     dropped samples
latency

Statistics:
  latency:                  6.15541ms [min=2.72128ms, max=12.7531ms, average=4.04006ms, deviation=2.61272ms]
----------------------------------------------------------

----------------------------------------------------------
sample path: (IntersectionOutput) 
  order timepoint           sequence nr.                  node name     dropped samples
latency

Statistics:
  latency:                  2.85272ms [min=2.72128ms, max=12.7531ms, average=3.98843ms, deviation=2.56462ms]
----------------------------------------------------------

----------------------------------------------------------
sample path: (VehicleDBWSystem) 
  order timepoint           sequence nr.                  node name     dropped samples
bp period
latency

Statistics:
  latency:                  153.271ms [min=112.909ms, max=215.462ms, average=150.678ms, deviation=37.1494ms]
hotpath
  hot path:                 FrontLidarDriver/RearLidarDriver -> ObjectCollisionEstimator
  hot path latency:         22.496ms [min=10.6093ms, max=22.496ms, average=13.3809ms, deviation=4.58983ms]
  hot path drops:           0 [min=0, max=0, average=0, deviation=0]
  behavior planner period:  99.9932ms [min=99.9932ms, max=100.008ms, average=99.9998ms, deviation=0.00634349ms]
----------------------------------------------------------

----------------------------------------------------------
sample path: (IntersectionOutput) 
  order timepoint           sequence nr.                  node name     dropped samples
latency

Statistics:
  latency:                  2.8521ms [min=2.72128ms, max=12.7531ms, average=3.94109ms, deviation=2.51895ms]
----------------------------------------------------------

----------------------------------------------------------
sample path: (IntersectionOutput) 
  order timepoint           sequence nr.                  node name     dropped samples
latency

Statistics:
  latency:                  3.37001ms [min=2.72128ms, max=12.7531ms, average=3.91824ms, deviation=2.46856ms]
----------------------------------------------------------

----------------------------------------------------------
sample path: (IntersectionOutput) 
  order timepoint           sequence nr.                  node name     dropped samples
latency

Statistics:
  latency:                  2.82813ms [min=2.72128ms, max=12.7531ms, average=3.87632ms, deviation=2.42811ms]
----------------------------------------------------------

----------------------------------------------------------
sample path: (IntersectionOutput) 
  order timepoint           sequence nr.                  node name     dropped samples
latency

Statistics:
  latency:                  2.86621ms [min=2.72128ms, max=12.7531ms, average=3.8389ms, deviation=2.38889ms]
----------------------------------------------------------

----------------------------------------------------------
sample path: (VehicleDBWSystem) 
  order timepoint           sequence nr.                  node name     dropped samples
bp period
latency

Statistics:
  latency:                  112.94ms [min=112.909ms, max=215.462ms, average=145.287ms, deviation=36.7901ms]
hotpath
  hot path:                 FrontLidarDriver/RearLidarDriver -> ObjectCollisionEstimator
  hot path latency:         10.6719ms [min=10.6093ms, max=22.496ms, average=12.9939ms, deviation=4.31321ms]
  hot path drops:           0 [min=0, max=0, average=0, deviation=0]
  behavior planner period:  100.004ms [min=99.9932ms, max=100.008ms, average=100ms, deviation=0.00588586ms]
----------------------------------------------------------

----------------------------------------------------------
sample path: (IntersectionOutput) 
  order timepoint           sequence nr.                  node name     dropped samples
latency

Statistics:
  latency:                  2.91978ms [min=2.72128ms, max=12.7531ms, average=3.80608ms, deviation=2.35066ms]
----------------------------------------------------------

----------------------------------------------------------
sample path: (IntersectionOutput) 
  order timepoint           sequence nr.                  node name     dropped samples
latency

Statistics:
  latency:                  3.44139ms [min=2.72128ms, max=12.7531ms, average=3.7935ms, deviation=2.30929ms]
----------------------------------------------------------

----------------------------------------------------------
sample path: (IntersectionOutput) 
  order timepoint           sequence nr.                  node name     dropped samples
latency

Statistics:
  latency:                  2.80605ms [min=2.72128ms, max=12.7531ms, average=3.76059ms, deviation=2.27628ms]
----------------------------------------------------------

----------------------------------------------------------
sample path: (IntersectionOutput) 
  order timepoint           sequence nr.                  node name     dropped samples
latency

Statistics:
  latency:                  10.206ms [min=2.72128ms, max=12.7531ms, average=3.96851ms, deviation=2.51969ms]
----------------------------------------------------------

----------------------------------------------------------
sample path: (VehicleDBWSystem) 
  order timepoint           sequence nr.                  node name     dropped samples
bp period
latency

Statistics:
  latency:                  115.354ms [min=112.909ms, max=215.462ms, average=141.545ms, deviation=35.6672ms]
hotpath
  hot path:                 FrontLidarDriver/RearLidarDriver -> ObjectCollisionEstimator
  hot path latency:         10.54ms [min=10.54ms, max=22.496ms, average=12.6871ms, deviation=4.08641ms]
  hot path drops:           0 [min=0, max=0, average=0, deviation=0]
  behavior planner period:  100.016ms [min=99.9932ms, max=100.016ms, average=100.003ms, deviation=0.00786277ms]
----------------------------------------------------------

----------------------------------------------------------
sample path: (IntersectionOutput) 
  order timepoint           sequence nr.                  node name     dropped samples
latency

Statistics:
  latency:                  2.74818ms [min=2.72128ms, max=12.7531ms, average=3.93037ms, deviation=2.48809ms]
----------------------------------------------------------

----------------------------------------------------------
sample path: (IntersectionOutput) 
  order timepoint           sequence nr.                  node name     dropped samples
latency

Statistics:
  latency:                  3.46275ms [min=2.72128ms, max=12.7531ms, average=3.9162ms, deviation=2.45025ms]
----------------------------------------------------------

----------------------------------------------------------
sample path: (IntersectionOutput) 
  order timepoint           sequence nr.                  node name     dropped samples
latency

Statistics:
  latency:                  2.7835ms [min=2.72128ms, max=12.7531ms, average=3.88288ms, deviation=2.42065ms]
----------------------------------------------------------

----------------------------------------------------------
sample path: (IntersectionOutput) 
  order timepoint           sequence nr.                  node name     dropped samples
latency

Statistics:
  latency:                  3.01571ms [min=2.72128ms, max=12.7531ms, average=3.85811ms, deviation=2.38929ms]
----------------------------------------------------------

----------------------------------------------------------
sample path: (VehicleDBWSystem) 
  order timepoint           sequence nr.                  node name     dropped samples
bp period
latency

Statistics:
  latency:                  215.479ms [min=112.909ms, max=215.479ms, average=149.76ms, deviation=41.4787ms]
hotpath
  hot path:                 FrontLidarDriver/RearLidarDriver -> ObjectCollisionEstimator
  hot path latency:         10.6105ms [min=10.54ms, max=22.496ms, average=12.4564ms, deviation=3.88466ms]
  hot path drops:           0 [min=0, max=0, average=0, deviation=0]
  behavior planner period:  99.9883ms [min=99.9883ms, max=100.016ms, average=100.001ms, deviation=0.00886192ms]
----------------------------------------------------------

----------------------------------------------------------
sample path: (IntersectionOutput) 
  order timepoint           sequence nr.                  node name     dropped samples
latency

Statistics:
  latency:                  12.7655ms [min=2.72128ms, max=12.7655ms, average=4.10554ms, deviation=2.7838ms]
----------------------------------------------------------

----------------------------------------------------------
sample path: (IntersectionOutput) 
  order timepoint           sequence nr.                  node name     dropped samples
latency

Statistics:
  latency:                  2.97152ms [min=2.72128ms, max=12.7655ms, average=4.07489ms, deviation=2.75119ms]
----------------------------------------------------------

----------------------------------------------------------
sample path: (IntersectionOutput) 
  order timepoint           sequence nr.                  node name     dropped samples
latency

Statistics:
  latency:                  4.83377ms [min=2.72128ms, max=12.7655ms, average=4.09486ms, deviation=2.71654ms]
----------------------------------------------------------

----------------------------------------------------------
sample path: (IntersectionOutput) 
  order timepoint           sequence nr.                  node name     dropped samples
latency

Statistics:
  latency:                  2.7226ms [min=2.72128ms, max=12.7655ms, average=4.05967ms, deviation=2.68955ms]
----------------------------------------------------------

----------------------------------------------------------
sample path: (VehicleDBWSystem) 
  order timepoint           sequence nr.                  node name     dropped samples
bp period
latency

Statistics:
  latency:                  153.743ms [min=112.909ms, max=215.479ms, average=150.158ms, deviation=39.1268ms]
hotpath
  hot path:                 FrontLidarDriver/RearLidarDriver -> ObjectCollisionEstimator
  hot path latency:         12.831ms [min=10.54ms, max=22.496ms, average=12.4939ms, deviation=3.66441ms]
  hot path drops:           0 [min=0, max=0, average=0, deviation=0]
  behavior planner period:  100ms [min=99.9883ms, max=100.016ms, average=100.001ms, deviation=0.00829106ms]
----------------------------------------------------------

----------------------------------------------------------
sample path: (IntersectionOutput) 
  order timepoint           sequence nr.                  node name     dropped samples
latency

Statistics:
  latency:                  2.76099ms [min=2.72128ms, max=12.7655ms, average=4.0272ms, deviation=2.66278ms]
----------------------------------------------------------

----------------------------------------------------------
sample path: (IntersectionOutput) 
  order timepoint           sequence nr.                  node name     dropped samples
latency

Statistics:
  latency:                  2.76866ms [min=2.72128ms, max=12.7655ms, average=3.99651ms, deviation=2.63662ms]
----------------------------------------------------------

----------------------------------------------------------
sample path: (IntersectionOutput) 
  order timepoint           sequence nr.                  node name     dropped samples
latency

Statistics:
  latency:                  4.84641ms [min=2.72128ms, max=12.7655ms, average=4.01674ms, deviation=2.60757ms]
----------------------------------------------------------

----------------------------------------------------------
sample path: (IntersectionOutput) 
  order timepoint           sequence nr.                  node name     dropped samples
latency

Statistics:
  latency:                  2.77182ms [min=2.72128ms, max=12.7655ms, average=3.98779ms, deviation=2.58332ms]
----------------------------------------------------------

----------------------------------------------------------
sample path: (VehicleDBWSystem) 
  order timepoint           sequence nr.                  node name     dropped samples
bp period
latency

Statistics:
  latency:                  153.402ms [min=112.909ms, max=215.479ms, average=150.453ms, deviation=37.1318ms]
hotpath
  hot path:                 FrontLidarDriver/RearLidarDriver -> ObjectCollisionEstimator
  hot path latency:         12.8946ms [min=10.54ms, max=22.496ms, average=12.5303ms, deviation=3.47846ms]
  hot path drops:           0 [min=0, max=0, average=0, deviation=0]
  behavior planner period:  99.9916ms [min=99.9883ms, max=100.016ms, average=99.9999ms, deviation=0.00833505ms]
----------------------------------------------------------

----------------------------------------------------------
sample path: (IntersectionOutput) 
  order timepoint           sequence nr.                  node name     dropped samples
latency

Statistics:
  latency:                  2.82195ms [min=2.72128ms, max=12.7655ms, average=3.9613ms, deviation=2.55915ms]
----------------------------------------------------------

----------------------------------------------------------
sample path: (IntersectionOutput) 
  order timepoint           sequence nr.                  node name     dropped samples
latency

Statistics:
  latency:                  2.78678ms [min=2.72128ms, max=12.7655ms, average=3.9352ms, deviation=2.53595ms]
----------------------------------------------------------

----------------------------------------------------------
sample path: (IntersectionOutput) 
  order timepoint           sequence nr.                  node name     dropped samples
latency

Statistics:
  latency:                  7.61085ms [min=2.72128ms, max=12.7655ms, average=4.0151ms, deviation=2.56551ms]
----------------------------------------------------------

----------------------------------------------------------
sample path: (IntersectionOutput) 
  order timepoint           sequence nr.                  node name     dropped samples
latency

Statistics:
  latency:                  2.81456ms [min=2.72128ms, max=12.7655ms, average=3.98956ms, deviation=2.54351ms]
----------------------------------------------------------

----------------------------------------------------------
sample path: (VehicleDBWSystem) 
  order timepoint           sequence nr.                  node name     dropped samples
bp period
latency

Statistics:
  latency:                  153.482ms [min=112.909ms, max=215.479ms, average=150.706ms, deviation=35.4146ms]
hotpath
  hot path:                 FrontLidarDriver/RearLidarDriver -> ObjectCollisionEstimator
  hot path latency:         22.4407ms [min=10.54ms, max=22.496ms, average=13.3562ms, deviation=4.38ms]
  hot path drops:           0 [min=0, max=0, average=0, deviation=0]
  behavior planner period:  100.037ms [min=99.9883ms, max=100.037ms, average=100.003ms, deviation=0.013775ms]
----------------------------------------------------------

----------------------------------------------------------
sample path: (IntersectionOutput) 
  order timepoint           sequence nr.                  node name     dropped samples
latency

Statistics:
  latency:                  2.8623ms [min=2.72128ms, max=12.7655ms, average=3.96607ms, deviation=2.52156ms]
----------------------------------------------------------

----------------------------------------------------------
sample path: (IntersectionOutput) 
  order timepoint           sequence nr.                  node name     dropped samples
latency

Statistics:
  latency:                  2.79249ms [min=2.72128ms, max=12.7655ms, average=3.94212ms, deviation=2.50078ms]
----------------------------------------------------------

----------------------------------------------------------
sample path: (IntersectionOutput) 
  order timepoint           sequence nr.                  node name     dropped samples
latency

Statistics:
  latency:                  4.95221ms [min=2.72128ms, max=12.7655ms, average=3.96232ms, deviation=2.47925ms]
----------------------------------------------------------

----------------------------------------------------------
sample path: (IntersectionOutput) 
  order timepoint           sequence nr.                  node name     dropped samples
latency

Statistics:
  latency:                  2.87229ms [min=2.72128ms, max=12.7655ms, average=3.94095ms, deviation=2.45907ms]
----------------------------------------------------------

----------------------------------------------------------
sample path: (VehicleDBWSystem) 
  order timepoint           sequence nr.                  node name     dropped samples
bp period
latency

Statistics:
  latency:                  113.15ms [min=112.909ms, max=215.479ms, average=147.817ms, deviation=35.4707ms]
hotpath
  hot path:                 FrontLidarDriver/RearLidarDriver -> ObjectCollisionEstimator
  hot path latency:         12.9942ms [min=10.54ms, max=22.496ms, average=13.3283ms, deviation=4.19474ms]
  hot path drops:           0 [min=0, max=0, average=0, deviation=0]
  behavior planner period:  99.9642ms [min=99.9642ms, max=100.037ms, average=100ms, deviation=0.0173126ms]
----------------------------------------------------------

----------------------------------------------------------
sample path: (IntersectionOutput) 
  order timepoint           sequence nr.                  node name     dropped samples
latency

Statistics:
  latency:                  2.89586ms [min=2.72128ms, max=12.7655ms, average=3.92085ms, deviation=2.43915ms]
----------------------------------------------------------

----------------------------------------------------------
sample path: (IntersectionOutput) 
  order timepoint           sequence nr.                  node name     dropped samples
latency

Statistics:
  latency:                  2.95244ms [min=2.72128ms, max=12.7655ms, average=3.90258ms, deviation=2.41925ms]
----------------------------------------------------------

----------------------------------------------------------
sample path: (IntersectionOutput) 
  order timepoint           sequence nr.                  node name     dropped samples
latency

Statistics:
  latency:                  2.80767ms [min=2.72128ms, max=12.7655ms, average=3.88231ms, deviation=2.40094ms]
----------------------------------------------------------

----------------------------------------------------------
sample path: (IntersectionOutput) 
  order timepoint           sequence nr.                  node name     dropped samples
latency

Statistics:
  latency:                  10.1927ms [min=2.72128ms, max=12.7655ms, average=3.99704ms, deviation=2.52622ms]
----------------------------------------------------------

----------------------------------------------------------
sample path: (VehicleDBWSystem) 
  order timepoint           sequence nr.                  node name     dropped samples
bp period
latency

Statistics:
  latency:                  115.341ms [min=112.909ms, max=215.479ms, average=145.497ms, deviation=35.167ms]
hotpath
  hot path:                 FrontLidarDriver/RearLidarDriver -> ObjectCollisionEstimator
  hot path latency:         10.6316ms [min=10.54ms, max=22.496ms, average=13.1357ms, deviation=4.09411ms]
  hot path drops:           0 [min=0, max=0, average=0, deviation=0]
  behavior planner period:  100.01ms [min=99.9642ms, max=100.037ms, average=100.001ms, deviation=0.0167841ms]
----------------------------------------------------------

----------------------------------------------------------
sample path: (IntersectionOutput) 
  order timepoint           sequence nr.                  node name     dropped samples
latency

Statistics:
  latency:                  2.74424ms [min=2.72128ms, max=12.7655ms, average=3.97467ms, deviation=2.50874ms]
----------------------------------------------------------

----------------------------------------------------------
sample path: (IntersectionOutput) 
  order timepoint           sequence nr.                  node name     dropped samples
latency

Statistics:
  latency:                  3.50075ms [min=2.72128ms, max=12.7655ms, average=3.96635ms, deviation=2.48703ms]
----------------------------------------------------------

----------------------------------------------------------
sample path: (IntersectionOutput) 
  order timepoint           sequence nr.                  node name     dropped samples
latency

Statistics:
  latency:                  2.80326ms [min=2.72128ms, max=12.7655ms, average=3.9463ms, deviation=2.46985ms]
----------------------------------------------------------

----------------------------------------------------------
sample path: (IntersectionOutput) 
  order timepoint           sequence nr.                  node name     dropped samples
latency

Statistics:
  latency:                  3.01204ms [min=2.72128ms, max=12.7655ms, average=3.93047ms, deviation=2.45148ms]
----------------------------------------------------------

----------------------------------------------------------
sample path: (VehicleDBWSystem) 
  order timepoint           sequence nr.                  node name     dropped samples
bp period
latency

Statistics:
  latency:                  215.411ms [min=112.909ms, max=215.479ms, average=150.158ms, deviation=38.3959ms]
hotpath
  hot path:                 FrontLidarDriver/RearLidarDriver -> ObjectCollisionEstimator
  hot path latency:         10.5614ms [min=10.54ms, max=22.496ms, average=12.9641ms, deviation=4.00078ms]
  hot path drops:           0 [min=0, max=0, average=0, deviation=0]
  behavior planner period:  99.9901ms [min=99.9642ms, max=100.037ms, average=100ms, deviation=0.0163747ms]
----------------------------------------------------------

----------------------------------------------------------
sample path: (IntersectionOutput) 
  order timepoint           sequence nr.                  node name     dropped samples
latency

Statistics:
  latency:                  7.60569ms [min=2.72128ms, max=12.7655ms, average=3.99172ms, deviation=2.4765ms]
----------------------------------------------------------

----------------------------------------------------------
sample path: (IntersectionOutput) 
  order timepoint           sequence nr.                  node name     dropped samples
latency

Statistics:
  latency:                  3.51421ms [min=2.72128ms, max=12.7655ms, average=3.98389ms, deviation=2.45653ms]
----------------------------------------------------------

----------------------------------------------------------
sample path: (IntersectionOutput) 
  order timepoint           sequence nr.                  node name     dropped samples
latency

Statistics:
  latency:                  2.80172ms [min=2.72128ms, max=12.7655ms, average=3.96482ms, deviation=2.44094ms]
----------------------------------------------------------

----------------------------------------------------------
sample path: (IntersectionOutput) 
  order timepoint           sequence nr.                  node name     dropped samples
latency

Statistics:
  latency:                  2.76515ms [min=2.72128ms, max=12.7655ms, average=3.94578ms, deviation=2.42588ms]
----------------------------------------------------------

----------------------------------------------------------
sample path: (VehicleDBWSystem) 
  order timepoint           sequence nr.                  node name     dropped samples
bp period
latency

Statistics:
  latency:                  153.512ms [min=112.909ms, max=215.479ms, average=150.368ms, deviation=37.1035ms]
hotpath
  hot path:                 FrontLidarDriver/RearLidarDriver -> ObjectCollisionEstimator
  hot path latency:         10.5884ms [min=10.54ms, max=22.496ms, average=12.8156ms, deviation=3.91048ms]
  hot path drops:           0 [min=0, max=0, average=0, deviation=0]
  behavior planner period:  100.003ms [min=99.9642ms, max=100.037ms, average=100ms, deviation=0.0157991ms]
----------------------------------------------------------

----------------------------------------------------------
sample path: (IntersectionOutput) 
  order timepoint           sequence nr.                  node name     dropped samples
latency

Statistics:
  latency:                  2.81311ms [min=2.72128ms, max=12.7655ms, average=3.92808ms, deviation=2.41071ms]
----------------------------------------------------------

----------------------------------------------------------
sample path: (IntersectionOutput) 
  order timepoint           sequence nr.                  node name     dropped samples
latency

Statistics:
  latency:                  2.79449ms [min=2.72128ms, max=12.7655ms, average=3.91064ms, deviation=2.39594ms]
----------------------------------------------------------

----------------------------------------------------------
sample path: (IntersectionOutput) 
  order timepoint           sequence nr.                  node name     dropped samples
latency

Statistics:
  latency:                  2.76995ms [min=2.72128ms, max=12.7655ms, average=3.89336ms, deviation=2.38158ms]
----------------------------------------------------------

----------------------------------------------------------
sample path: (IntersectionOutput) 
  order timepoint           sequence nr.                  node name     dropped samples
latency

Statistics:
  latency:                  2.81675ms [min=2.72128ms, max=12.7655ms, average=3.87729ms, deviation=2.36712ms]
----------------------------------------------------------

----------------------------------------------------------
sample path: (VehicleDBWSystem) 
  order timepoint           sequence nr.                  node name     dropped samples
bp period
latency

Statistics:
  latency:                  153.295ms [min=112.909ms, max=215.479ms, average=150.54ms, deviation=35.9323ms]
hotpath
  hot path:                 FrontLidarDriver/RearLidarDriver -> ObjectCollisionEstimator
  hot path latency:         10.8149ms [min=10.54ms, max=22.496ms, average=12.6979ms, deviation=3.81728ms]
  hot path drops:           0 [min=0, max=0, average=0, deviation=0]
  behavior planner period:  100.003ms [min=99.9642ms, max=100.037ms, average=100ms, deviation=0.015283ms]
----------------------------------------------------------

----------------------------------------------------------
sample path: (IntersectionOutput) 
  order timepoint           sequence nr.                  node name     dropped samples
latency

Statistics:
  latency:                  2.8512ms [min=2.72128ms, max=12.7655ms, average=3.8622ms, deviation=2.35268ms]
----------------------------------------------------------

----------------------------------------------------------
sample path: (IntersectionOutput) 
  order timepoint           sequence nr.                  node name     dropped samples
latency

Statistics:
  latency:                  2.75986ms [min=2.72128ms, max=12.7655ms, average=3.84623ms, deviation=2.33909ms]
----------------------------------------------------------

----------------------------------------------------------
sample path: (IntersectionOutput) 
  order timepoint           sequence nr.                  node name     dropped samples
latency

Statistics:
  latency:                  5.27228ms [min=2.72128ms, max=12.7655ms, average=3.8666ms, deviation=2.32832ms]
----------------------------------------------------------

----------------------------------------------------------
sample path: (IntersectionOutput) 
  order timepoint           sequence nr.                  node name     dropped samples
latency

Statistics:
  latency:                  2.9168ms [min=2.72128ms, max=12.7655ms, average=3.85322ms, deviation=2.31438ms]
----------------------------------------------------------

----------------------------------------------------------
sample path: (VehicleDBWSystem) 
  order timepoint           sequence nr.                  node name     dropped samples
bp period
latency

Statistics:
  latency:                  153.268ms [min=112.909ms, max=215.479ms, average=150.691ms, deviation=34.8654ms]
hotpath
  hot path:                 FrontLidarDriver/RearLidarDriver -> ObjectCollisionEstimator
  hot path latency:         16.247ms [min=10.54ms, max=22.496ms, average=12.8951ms, deviation=3.79661ms]
  hot path drops:           0 [min=0, max=0, average=0, deviation=0]
  behavior planner period:  100.005ms [min=99.9642ms, max=100.037ms, average=100.001ms, deviation=0.0148386ms]
----------------------------------------------------------

----------------------------------------------------------
sample path: (IntersectionOutput) 
  order timepoint           sequence nr.                  node name     dropped samples
latency

Statistics:
  latency:                  2.87922ms [min=2.72128ms, max=12.7655ms, average=3.83969ms, deviation=2.30089ms]
----------------------------------------------------------

----------------------------------------------------------
sample path: (IntersectionOutput) 
  order timepoint           sequence nr.                  node name     dropped samples
latency

Statistics:
  latency:                  2.92338ms [min=2.72128ms, max=12.7655ms, average=3.82714ms, deviation=2.28737ms]
----------------------------------------------------------

----------------------------------------------------------
sample path: (IntersectionOutput) 
  order timepoint           sequence nr.                  node name     dropped samples
latency

Statistics:
  latency:                  2.74835ms [min=2.72128ms, max=12.7655ms, average=3.81256ms, deviation=2.27511ms]
----------------------------------------------------------

----------------------------------------------------------
sample path: (IntersectionOutput) 
  order timepoint           sequence nr.                  node name     dropped samples
latency

Statistics:
  latency:                  2.94571ms [min=2.72128ms, max=12.7655ms, average=3.801ms, deviation=2.2619ms]
----------------------------------------------------------

----------------------------------------------------------
sample path: (VehicleDBWSystem) 
  order timepoint           sequence nr.                  node name     dropped samples
bp period
latency

Statistics:
  latency:                  112.892ms [min=112.892ms, max=215.479ms, average=148.702ms, deviation=34.9751ms]
hotpath
  hot path:                 FrontLidarDriver/RearLidarDriver -> ObjectCollisionEstimator
  hot path latency:         10.4765ms [min=10.4765ms, max=22.496ms, average=12.7678ms, deviation=3.73113ms]
  hot path drops:           0 [min=0, max=0, average=0, deviation=0]
  behavior planner period:  99.9973ms [min=99.9642ms, max=100.037ms, average=100ms, deviation=0.0144169ms]
----------------------------------------------------------

----------------------------------------------------------
sample path: (IntersectionOutput) 
  order timepoint           sequence nr.                  node name     dropped samples
latency

Statistics:
  latency:                  2.92551ms [min=2.72128ms, max=12.7655ms, average=3.78949ms, deviation=2.24901ms]
----------------------------------------------------------

----------------------------------------------------------
sample path: (IntersectionOutput) 
  order timepoint           sequence nr.                  node name     dropped samples
latency

Statistics:
  latency:                  2.93991ms [min=2.72128ms, max=12.7655ms, average=3.77845ms, deviation=2.23626ms]
----------------------------------------------------------

----------------------------------------------------------
sample path: (IntersectionOutput) 
  order timepoint           sequence nr.                  node name     dropped samples
latency

Statistics:
  latency:                  2.84367ms [min=2.72128ms, max=12.7655ms, average=3.76647ms, deviation=2.22422ms]
----------------------------------------------------------

----------------------------------------------------------
sample path: (IntersectionOutput) 
  order timepoint           sequence nr.                  node name     dropped samples
latency

Statistics:
  latency:                  10.1633ms [min=2.72128ms, max=12.7655ms, average=3.84744ms, deviation=2.32415ms]
----------------------------------------------------------

----------------------------------------------------------
sample path: (VehicleDBWSystem) 
  order timepoint           sequence nr.                  node name     dropped samples
bp period
latency

Statistics:
  latency:                  115.259ms [min=112.892ms, max=215.479ms, average=147.03ms, deviation=34.854ms]
hotpath
  hot path:                 FrontLidarDriver/RearLidarDriver -> ObjectCollisionEstimator
  hot path latency:         10.5519ms [min=10.4765ms, max=22.496ms, average=12.657ms, deviation=3.66526ms]
  hot path drops:           0 [min=0, max=0, average=0, deviation=0]
  behavior planner period:  100.005ms [min=99.9642ms, max=100.037ms, average=100.001ms, deviation=0.0140456ms]
----------------------------------------------------------

----------------------------------------------------------
sample path: (IntersectionOutput) 
  order timepoint           sequence nr.                  node name     dropped samples
latency

Statistics:
  latency:                  2.7291ms [min=2.72128ms, max=12.7655ms, average=3.83346ms, deviation=2.31278ms]
----------------------------------------------------------

----------------------------------------------------------
sample path: (IntersectionOutput) 
  order timepoint           sequence nr.                  node name     dropped samples
latency

Statistics:
  latency:                  2.95615ms [min=2.72128ms, max=12.7655ms, average=3.82263ms, deviation=2.30034ms]
----------------------------------------------------------

----------------------------------------------------------
sample path: (IntersectionOutput) 
  order timepoint           sequence nr.                  node name     dropped samples
latency

Statistics:
  latency:                  2.75294ms [min=2.72128ms, max=12.7655ms, average=3.80958ms, deviation=2.28915ms]
----------------------------------------------------------

----------------------------------------------------------
sample path: (IntersectionOutput) 
  order timepoint           sequence nr.                  node name     dropped samples
latency

Statistics:
  latency:                  2.76763ms [min=2.72128ms, max=12.7655ms, average=3.79703ms, deviation=2.27802ms]
----------------------------------------------------------

----------------------------------------------------------
sample path: (VehicleDBWSystem) 
  order timepoint           sequence nr.                  node name     dropped samples
bp period
latency

Statistics:
  latency:                  215.445ms [min=112.892ms, max=215.479ms, average=150.288ms, deviation=37.1073ms]
hotpath
  hot path:                 FrontLidarDriver/RearLidarDriver -> ObjectCollisionEstimator
  hot path latency:         10.5934ms [min=10.4765ms, max=22.496ms, average=12.5587ms, deviation=3.60072ms]
  hot path drops:           0 [min=0, max=0, average=0, deviation=0]
  behavior planner period:  99.9979ms [min=99.9642ms, max=100.037ms, average=100.001ms, deviation=0.0136855ms]
----------------------------------------------------------

----------------------------------------------------------
sample path: (IntersectionOutput) 
  order timepoint           sequence nr.                  node name     dropped samples
latency

Statistics:
  latency:                  7.80466ms [min=2.72128ms, max=12.7655ms, average=3.84474ms, deviation=2.30609ms]
----------------------------------------------------------

----------------------------------------------------------
sample path: (IntersectionOutput) 
  order timepoint           sequence nr.                  node name     dropped samples
latency

Statistics:
  latency:                  2.7598ms [min=2.72128ms, max=12.7655ms, average=3.83198ms, deviation=2.29534ms]
----------------------------------------------------------

----------------------------------------------------------
sample path: (IntersectionOutput) 
  order timepoint           sequence nr.                  node name     dropped samples
latency

Statistics:
  latency:                  2.7607ms [min=2.72128ms, max=12.7655ms, average=3.81952ms, deviation=2.28472ms]
----------------------------------------------------------

----------------------------------------------------------
sample path: (IntersectionOutput) 
  order timepoint           sequence nr.                  node name     dropped samples
latency

Statistics:
  latency:                  2.82419ms [min=2.72128ms, max=12.7655ms, average=3.80808ms, deviation=2.27391ms]
----------------------------------------------------------

----------------------------------------------------------
sample path: (VehicleDBWSystem) 
  order timepoint           sequence nr.                  node name     dropped samples
bp period
latency

Statistics:
  latency:                  153.31ms [min=112.892ms, max=215.479ms, average=150.425ms, deviation=36.2187ms]
hotpath
  hot path:                 FrontLidarDriver/RearLidarDriver -> ObjectCollisionEstimator
  hot path latency:         10.6587ms [min=10.4765ms, max=22.496ms, average=12.4724ms, deviation=3.53722ms]
  hot path drops:           0 [min=0, max=0, average=0, deviation=0]
  behavior planner period:  100.01ms [min=99.9642ms, max=100.037ms, average=100.001ms, deviation=0.0134966ms]
----------------------------------------------------------

----------------------------------------------------------
sample path: (IntersectionOutput) 
  order timepoint           sequence nr.                  node name     dropped samples
latency

Statistics:
  latency:                  2.82849ms [min=2.72128ms, max=12.7655ms, average=3.79695ms, deviation=2.26321ms]
----------------------------------------------------------

----------------------------------------------------------
sample path: (IntersectionOutput) 
  order timepoint           sequence nr.                  node name     dropped samples
latency

Statistics:
  latency:                  2.77599ms [min=2.72128ms, max=12.7655ms, average=3.78548ms, deviation=2.25291ms]
----------------------------------------------------------

----------------------------------------------------------
sample path: (IntersectionOutput) 
  order timepoint           sequence nr.                  node name     dropped samples
latency

Statistics:
  latency:                  2.83693ms [min=2.72128ms, max=12.7655ms, average=3.77494ms, deviation=2.24245ms]
----------------------------------------------------------

----------------------------------------------------------
sample path: (IntersectionOutput) 
  order timepoint           sequence nr.                  node name     dropped samples
latency

Statistics:
  latency:                  3.00881ms [min=2.72128ms, max=12.7655ms, average=3.76652ms, deviation=2.23141ms]
----------------------------------------------------------

----------------------------------------------------------
sample path: (VehicleDBWSystem) 
  order timepoint           sequence nr.                  node name     dropped samples
bp period
latency

Statistics:
  latency:                  153.406ms [min=112.892ms, max=215.479ms, average=150.555ms, deviation=35.3914ms]
hotpath
  hot path:                 FrontLidarDriver/RearLidarDriver -> ObjectCollisionEstimator
  hot path latency:         10.6968ms [min=10.4765ms, max=22.496ms, average=12.3952ms, deviation=3.47567ms]
  hot path drops:           0 [min=0, max=0, average=0, deviation=0]
  behavior planner period:  99.9892ms [min=99.9642ms, max=100.037ms, average=100ms, deviation=0.013411ms]
----------------------------------------------------------

----------------------------------------------------------
sample path: (IntersectionOutput) 
  order timepoint           sequence nr.                  node name     dropped samples
latency

Statistics:
  latency:                  2.84297ms [min=2.72128ms, max=12.7655ms, average=3.75648ms, deviation=2.2212ms]
----------------------------------------------------------

----------------------------------------------------------
sample path: (IntersectionOutput) 
  order timepoint           sequence nr.                  node name     dropped samples
latency

Statistics:
  latency:                  2.92253ms [min=2.72128ms, max=12.7655ms, average=3.74751ms, deviation=2.21079ms]
----------------------------------------------------------

----------------------------------------------------------
sample path: (IntersectionOutput) 
  order timepoint           sequence nr.                  node name     dropped samples
latency

Statistics:
  latency:                  5.38938ms [min=2.72128ms, max=12.7655ms, average=3.76498ms, deviation=2.20538ms]
----------------------------------------------------------

----------------------------------------------------------
sample path: (IntersectionOutput) 
  order timepoint           sequence nr.                  node name     dropped samples
latency

Statistics:
  latency:                  2.86403ms [min=2.72128ms, max=12.7655ms, average=3.7555ms, deviation=2.19556ms]
----------------------------------------------------------

----------------------------------------------------------
sample path: (VehicleDBWSystem) 
  order timepoint           sequence nr.                  node name     dropped samples
bp period
latency

Statistics:
  latency:                  153.412ms [min=112.892ms, max=215.479ms, average=150.674ms, deviation=34.6184ms]
hotpath
  hot path:                 FrontLidarDriver/RearLidarDriver -> ObjectCollisionEstimator
  hot path latency:         16.2543ms [min=10.4765ms, max=22.496ms, average=12.556ms, deviation=3.48935ms]
  hot path drops:           0 [min=0, max=0, average=0, deviation=0]
  behavior planner period:  100.003ms [min=99.9642ms, max=100.037ms, average=100.001ms, deviation=0.0131149ms]
----------------------------------------------------------

----------------------------------------------------------
sample path: (IntersectionOutput) 
  order timepoint           sequence nr.                  node name     dropped samples
latency

Statistics:
  latency:                  3.00132ms [min=2.72128ms, max=12.7655ms, average=3.74764ms, deviation=2.18533ms]
----------------------------------------------------------

----------------------------------------------------------
sample path: (IntersectionOutput) 
  order timepoint           sequence nr.                  node name     dropped samples
latency

Statistics:
  latency:                  2.77589ms [min=2.72128ms, max=12.7655ms, average=3.73762ms, deviation=2.17616ms]
----------------------------------------------------------

----------------------------------------------------------
sample path: (IntersectionOutput) 
  order timepoint           sequence nr.                  node name     dropped samples
latency

Statistics:
  latency:                  2.80352ms [min=2.72128ms, max=12.7655ms, average=3.72809ms, deviation=2.16697ms]
----------------------------------------------------------

----------------------------------------------------------
sample path: (IntersectionOutput) 
  order timepoint           sequence nr.                  node name     dropped samples
latency

Statistics:
  latency:                  2.9226ms [min=2.72128ms, max=12.7655ms, average=3.71995ms, deviation=2.1574ms]
----------------------------------------------------------

----------------------------------------------------------
sample path: (VehicleDBWSystem) 
  order timepoint           sequence nr.                  node name     dropped samples
bp period
latency

Statistics:
  latency:                  112.935ms [min=112.892ms, max=215.479ms, average=149.164ms, deviation=34.7199ms]
hotpath
  hot path:                 FrontLidarDriver/RearLidarDriver -> ObjectCollisionEstimator
  hot path latency:         10.5672ms [min=10.4765ms, max=22.496ms, average=12.4764ms, deviation=3.43896ms]
  hot path drops:           0 [min=0, max=0, average=0, deviation=0]
  behavior planner period:  99.997ms [min=99.9642ms, max=100.037ms, average=100ms, deviation=0.0128471ms]
----------------------------------------------------------

----------------------------------------------------------
sample path: (IntersectionOutput) 
  order timepoint           sequence nr.                  node name     dropped samples
latency

Statistics:
  latency:                  2.79186ms [min=2.72128ms, max=12.7655ms, average=3.71067ms, deviation=2.14849ms]
----------------------------------------------------------

----------------------------------------------------------
sample path: (IntersectionOutput) 
  order timepoint           sequence nr.                  node name     dropped samples
latency

Statistics:
  latency:                  2.96697ms [min=2.72128ms, max=12.7655ms, average=3.70331ms, deviation=2.139ms]
----------------------------------------------------------

----------------------------------------------------------
sample path: (IntersectionOutput) 
  order timepoint           sequence nr.                  node name     dropped samples
latency

Statistics:
  latency:                  2.80854ms [min=2.72128ms, max=12.7655ms, average=3.69454ms, deviation=2.13022ms]
----------------------------------------------------------

----------------------------------------------------------
sample path: (IntersectionOutput) 
  order timepoint           sequence nr.                  node name     dropped samples
latency

Statistics:
  latency:                  10.3034ms [min=2.72128ms, max=12.7655ms, average=3.7587ms, deviation=2.21753ms]
----------------------------------------------------------

----------------------------------------------------------
sample path: (VehicleDBWSystem) 
  order timepoint           sequence nr.                  node name     dropped samples
bp period
latency

Statistics:
  latency:                  115.336ms [min=112.892ms, max=215.479ms, average=147.863ms, deviation=34.6592ms]
hotpath
  hot path:                 FrontLidarDriver/RearLidarDriver -> ObjectCollisionEstimator
  hot path latency:         10.6158ms [min=10.4765ms, max=22.496ms, average=12.4048ms, deviation=3.38918ms]
  hot path drops:           0 [min=0, max=0, average=0, deviation=0]
  behavior planner period:  100ms [min=99.9642ms, max=100.037ms, average=100ms, deviation=0.0125767ms]
----------------------------------------------------------

----------------------------------------------------------
sample path: (IntersectionOutput) 
  order timepoint           sequence nr.                  node name     dropped samples
latency

Statistics:
  latency:                  2.7313ms [min=2.72128ms, max=12.7655ms, average=3.74882ms, deviation=2.20903ms]
----------------------------------------------------------

----------------------------------------------------------
sample path: (IntersectionOutput) 
  order timepoint           sequence nr.                  node name     dropped samples
latency

Statistics:
  latency:                  2.82607ms [min=2.72128ms, max=12.7655ms, average=3.74003ms, deviation=2.20023ms]
----------------------------------------------------------

----------------------------------------------------------
sample path: (IntersectionOutput) 
  order timepoint           sequence nr.                  node name     dropped samples
latency

Statistics:
  latency:                  2.75678ms [min=2.72128ms, max=12.7655ms, average=3.73076ms, deviation=2.19181ms]
----------------------------------------------------------

----------------------------------------------------------
sample path: (IntersectionOutput) 
  order timepoint           sequence nr.                  node name     dropped samples
latency

Statistics:
  latency:                  2.80967ms [min=2.72128ms, max=12.7655ms, average=3.72215ms, deviation=2.18326ms]
----------------------------------------------------------

----------------------------------------------------------
sample path: (VehicleDBWSystem) 
  order timepoint           sequence nr.                  node name     dropped samples
bp period
latency

Statistics:
  latency:                  215.631ms [min=112.892ms, max=215.631ms, average=150.373ms, deviation=36.4026ms]
hotpath
  hot path:                 FrontLidarDriver/RearLidarDriver -> ObjectCollisionEstimator
  hot path latency:         10.8133ms [min=10.4765ms, max=22.496ms, average=12.3459ms, deviation=3.33745ms]
  hot path drops:           0 [min=0, max=0, average=0, deviation=0]
  behavior planner period:  100.016ms [min=99.9642ms, max=100.037ms, average=100.001ms, deviation=0.0126862ms]
----------------------------------------------------------

----------------------------------------------------------
sample path: (IntersectionOutput) 
  order timepoint           sequence nr.                  node name     dropped samples
latency

Statistics:
  latency:                  10.364ms [min=2.72128ms, max=12.7655ms, average=3.78365ms, deviation=2.26507ms]
----------------------------------------------------------

----------------------------------------------------------
sample path: (IntersectionOutput) 
  order timepoint           sequence nr.                  node name     dropped samples
latency

Statistics:
  latency:                  2.78407ms [min=2.72128ms, max=12.7655ms, average=3.77448ms, deviation=2.25659ms]
----------------------------------------------------------

----------------------------------------------------------
sample path: (IntersectionOutput) 
  order timepoint           sequence nr.                  node name     dropped samples
latency

Statistics:
  latency:                  4.91307ms [min=2.72128ms, max=12.7655ms, average=3.78483ms, deviation=2.24884ms]
----------------------------------------------------------

----------------------------------------------------------
sample path: (IntersectionOutput) 
  order timepoint           sequence nr.                  node name     dropped samples
latency

Statistics:
  latency:                  2.81818ms [min=2.72128ms, max=12.7655ms, average=3.77612ms, deviation=2.24048ms]
----------------------------------------------------------

----------------------------------------------------------
sample path: (VehicleDBWSystem) 
  order timepoint           sequence nr.                  node name     dropped samples
bp period
latency

Statistics:
  latency:                  153.217ms [min=112.892ms, max=215.631ms, average=150.475ms, deviation=35.7262ms]
hotpath
  hot path:                 FrontLidarDriver/RearLidarDriver -> ObjectCollisionEstimator
  hot path latency:         13.073ms [min=10.4765ms, max=22.496ms, average=12.3719ms, deviation=3.27795ms]
  hot path drops:           0 [min=0, max=0, average=0, deviation=0]
  behavior planner period:  99.993ms [min=99.9642ms, max=100.037ms, average=100.001ms, deviation=0.0125358ms]
----------------------------------------------------------

----------------------------------------------------------
sample path: (IntersectionOutput) 
  order timepoint           sequence nr.                  node name     dropped samples
latency

Statistics:
  latency:                  2.89516ms [min=2.72128ms, max=12.7655ms, average=3.76825ms, deviation=2.23191ms]
----------------------------------------------------------

----------------------------------------------------------
sample path: (IntersectionOutput) 
  order timepoint           sequence nr.                  node name     dropped samples
latency

Statistics:
  latency:                  2.97516ms [min=2.72128ms, max=12.7655ms, average=3.76124ms, deviation=2.22318ms]
----------------------------------------------------------

----------------------------------------------------------
sample path: (IntersectionOutput) 
  order timepoint           sequence nr.                  node name     dropped samples
latency

Statistics:
  latency:                  2.75552ms [min=2.72128ms, max=12.7655ms, average=3.75241ms, deviation=2.21532ms]
----------------------------------------------------------

----------------------------------------------------------
sample path: (IntersectionOutput) 
  order timepoint           sequence nr.                  node name     dropped samples
latency

Statistics:
  latency:                  2.94471ms [min=2.72128ms, max=12.7655ms, average=3.74539ms, deviation=2.20687ms]
----------------------------------------------------------

----------------------------------------------------------
sample path: (VehicleDBWSystem) 
  order timepoint           sequence nr.                  node name     dropped samples
bp period
latency

Statistics:
  latency:                  153.171ms [min=112.892ms, max=215.631ms, average=150.568ms, deviation=35.086ms]
hotpath
  hot path:                 FrontLidarDriver/RearLidarDriver -> ObjectCollisionEstimator
  hot path latency:         11.0459ms [min=10.4765ms, max=22.496ms, average=12.3261ms, deviation=3.22828ms]
  hot path drops:           0 [min=0, max=0, average=0, deviation=0]
  behavior planner period:  100.003ms [min=99.9642ms, max=100.037ms, average=100.001ms, deviation=0.0123125ms]
----------------------------------------------------------

----------------------------------------------------------
sample path: (IntersectionOutput) 
  order timepoint           sequence nr.                  node name     dropped samples
latency

Statistics:
  latency:                  2.88725ms [min=2.72128ms, max=12.7655ms, average=3.73799ms, deviation=2.1987ms]
----------------------------------------------------------

----------------------------------------------------------
sample path: (IntersectionOutput) 
  order timepoint           sequence nr.                  node name     dropped samples
latency

Statistics:
  latency:                  2.94956ms [min=2.72128ms, max=12.7655ms, average=3.73125ms, deviation=2.19042ms]
----------------------------------------------------------

----------------------------------------------------------
sample path: (IntersectionOutput) 
  order timepoint           sequence nr.                  node name     dropped samples
latency

Statistics:
  latency:                  5.39265ms [min=2.72128ms, max=12.7655ms, average=3.74533ms, deviation=2.18639ms]
----------------------------------------------------------

----------------------------------------------------------
sample path: (IntersectionOutput) 
  order timepoint           sequence nr.                  node name     dropped samples
latency

Statistics:
  latency:                  2.92083ms [min=2.72128ms, max=12.7655ms, average=3.73841ms, deviation=2.17842ms]
----------------------------------------------------------

----------------------------------------------------------
sample path: (VehicleDBWSystem) 
  order timepoint           sequence nr.                  node name     dropped samples
bp period
latency

Statistics:
  latency:                  153.288ms [min=112.892ms, max=215.631ms, average=150.658ms, deviation=34.4793ms]
hotpath
  hot path:                 FrontLidarDriver/RearLidarDriver -> ObjectCollisionEstimator
  hot path latency:         16.4381ms [min=10.4765ms, max=22.496ms, average=12.4632ms, deviation=3.25976ms]
  hot path drops:           0 [min=0, max=0, average=0, deviation=0]
  behavior planner period:  99.9891ms [min=99.9642ms, max=100.037ms, average=100ms, deviation=0.0122839ms]
----------------------------------------------------------

----------------------------------------------------------
sample path: (IntersectionOutput) 
  order timepoint           sequence nr.                  node name     dropped samples
latency

Statistics:
  latency:                  2.90817ms [min=2.72128ms, max=12.7655ms, average=3.73149ms, deviation=2.17057ms]
----------------------------------------------------------

----------------------------------------------------------
sample path: (IntersectionOutput) 
  order timepoint           sequence nr.                  node name     dropped samples
latency

Statistics:
  latency:                  2.97841ms [min=2.72128ms, max=12.7655ms, average=3.72526ms, deviation=2.16259ms]
----------------------------------------------------------

----------------------------------------------------------
sample path: (IntersectionOutput) 
  order timepoint           sequence nr.                  node name     dropped samples
latency

Statistics:
  latency:                  2.74232ms [min=2.72128ms, max=12.7655ms, average=3.71721ms, deviation=2.15547ms]
----------------------------------------------------------

----------------------------------------------------------
sample path: (IntersectionOutput) 
  order timepoint           sequence nr.                  node name     dropped samples
latency

Statistics:
  latency:                  2.94997ms [min=2.72128ms, max=12.7655ms, average=3.71097ms, deviation=2.14774ms]
----------------------------------------------------------

----------------------------------------------------------
sample path: (VehicleDBWSystem) 
  order timepoint           sequence nr.                  node name     dropped samples
bp period
latency

Statistics:
  latency:                  113.049ms [min=112.892ms, max=215.631ms, average=149.445ms, deviation=34.5662ms]
hotpath
  hot path:                 FrontLidarDriver/RearLidarDriver -> ObjectCollisionEstimator
  hot path latency:         10.7936ms [min=10.4765ms, max=22.496ms, average=12.4094ms, deviation=3.21897ms]
  hot path drops:           0 [min=0, max=0, average=0, deviation=0]
  behavior planner period:  100.002ms [min=99.9642ms, max=100.037ms, average=100ms, deviation=0.0120728ms]
----------------------------------------------------------

----------------------------------------------------------
sample path: (IntersectionOutput) 
  order timepoint           sequence nr.                  node name     dropped samples
latency

Statistics:
  latency:                  2.94712ms [min=2.72128ms, max=12.7655ms, average=3.70481ms, deviation=2.14009ms]
----------------------------------------------------------

----------------------------------------------------------
sample path: (IntersectionOutput) 
  order timepoint           sequence nr.                  node name     dropped samples
latency

Statistics:
  latency:                  2.97181ms [min=2.72128ms, max=12.7655ms, average=3.69894ms, deviation=2.13245ms]
----------------------------------------------------------

----------------------------------------------------------
sample path: (IntersectionOutput) 
  order timepoint           sequence nr.                  node name     dropped samples
latency

Statistics:
  latency:                  2.76104ms [min=2.72128ms, max=12.7655ms, average=3.6915ms, deviation=2.12554ms]
----------------------------------------------------------

----------------------------------------------------------
sample path: (IntersectionOutput) 
  order timepoint           sequence nr.                  node name     dropped samples
latency

Statistics:
  latency:                  10.2914ms [min=2.72128ms, max=12.7655ms, average=3.74347ms, deviation=2.1966ms]
----------------------------------------------------------

----------------------------------------------------------
sample path: (VehicleDBWSystem) 
  order timepoint           sequence nr.                  node name     dropped samples
bp period
latency

Statistics:
  latency:                  115.292ms [min=112.892ms, max=215.631ms, average=148.378ms, deviation=34.536ms]
hotpath
  hot path:                 FrontLidarDriver/RearLidarDriver -> ObjectCollisionEstimator
  hot path latency:         10.6374ms [min=10.4765ms, max=22.496ms, average=12.354ms, deviation=3.18208ms]
  hot path drops:           0 [min=0, max=0, average=0, deviation=0]
  behavior planner period:  100.001ms [min=99.9642ms, max=100.037ms, average=100ms, deviation=0.0118709ms]
----------------------------------------------------------

----------------------------------------------------------
sample path: (IntersectionOutput) 
  order timepoint           sequence nr.                  node name     dropped samples
latency

Statistics:
  latency:                  2.72559ms [min=2.72128ms, max=12.7655ms, average=3.73552ms, deviation=2.18979ms]
----------------------------------------------------------

----------------------------------------------------------
sample path: (IntersectionOutput) 
  order timepoint           sequence nr.                  node name     dropped samples
latency

Statistics:
  latency:                  2.77964ms [min=2.72128ms, max=12.7655ms, average=3.72811ms, deviation=2.18284ms]
----------------------------------------------------------

----------------------------------------------------------
sample path: (IntersectionOutput) 
  order timepoint           sequence nr.                  node name     dropped samples
latency

Statistics:
  latency:                  2.75339ms [min=2.72128ms, max=12.7655ms, average=3.72061ms, deviation=2.17604ms]
----------------------------------------------------------

----------------------------------------------------------
sample path: (IntersectionOutput) 
  order timepoint           sequence nr.                  node name     dropped samples
latency

Statistics:
  latency:                  2.72943ms [min=2.72128ms, max=12.7655ms, average=3.71304ms, deviation=2.16939ms]
----------------------------------------------------------

----------------------------------------------------------
sample path: (VehicleDBWSystem) 
  order timepoint           sequence nr.                  node name     dropped samples
bp period
latency

Statistics:
  latency:                  215.402ms [min=112.892ms, max=215.631ms, average=150.409ms, deviation=35.9387ms]
hotpath
  hot path:                 FrontLidarDriver/RearLidarDriver -> ObjectCollisionEstimator
  hot path latency:         10.829ms [min=10.4765ms, max=22.496ms, average=12.3078ms, deviation=3.1432ms]
  hot path drops:           0 [min=0, max=0, average=0, deviation=0]
  behavior planner period:  100.004ms [min=99.9642ms, max=100.037ms, average=100.001ms, deviation=0.0116971ms]
----------------------------------------------------------

----------------------------------------------------------
sample path: (IntersectionOutput) 
  order timepoint           sequence nr.                  node name     dropped samples
latency

Statistics:
  latency:                  7.62981ms [min=2.72128ms, max=12.7655ms, average=3.74271ms, deviation=2.18781ms]
----------------------------------------------------------

----------------------------------------------------------
sample path: (IntersectionOutput) 
  order timepoint           sequence nr.                  node name     dropped samples
latency

Statistics:
  latency:                  2.76883ms [min=2.72128ms, max=12.7655ms, average=3.73539ms, deviation=2.18115ms]
----------------------------------------------------------

----------------------------------------------------------
sample path: (IntersectionOutput) 
  order timepoint           sequence nr.                  node name     dropped samples
latency

Statistics:
  latency:                  2.75723ms [min=2.72128ms, max=12.7655ms, average=3.72809ms, deviation=2.17457ms]
----------------------------------------------------------

----------------------------------------------------------
sample path: (IntersectionOutput) 
  order timepoint           sequence nr.                  node name     dropped samples
latency

Statistics:
  latency:                  2.86344ms [min=2.72128ms, max=12.7655ms, average=3.72169ms, deviation=2.16772ms]
----------------------------------------------------------

----------------------------------------------------------
sample path: (VehicleDBWSystem) 
  order timepoint           sequence nr.                  node name     dropped samples
bp period
latency

Statistics:
  latency:                  153.201ms [min=112.892ms, max=215.631ms, average=150.491ms, deviation=35.3932ms]
hotpath
  hot path:                 FrontLidarDriver/RearLidarDriver -> ObjectCollisionEstimator
  hot path latency:         10.6893ms [min=10.4765ms, max=22.496ms, average=12.2602ms, deviation=3.10763ms]
  hot path drops:           0 [min=0, max=0, average=0, deviation=0]
  behavior planner period:  100.002ms [min=99.9642ms, max=100.037ms, average=100.001ms, deviation=0.0115146ms]
----------------------------------------------------------

----------------------------------------------------------
sample path: (IntersectionOutput) 
  order timepoint           sequence nr.                  node name     dropped samples
latency

Statistics:
  latency:                  2.86698ms [min=2.72128ms, max=12.7655ms, average=3.7154ms, deviation=2.16092ms]
----------------------------------------------------------

----------------------------------------------------------
sample path: (IntersectionOutput) 
  order timepoint           sequence nr.                  node name     dropped samples
latency

Statistics:
  latency:                  2.79136ms [min=2.72128ms, max=12.7655ms, average=3.70866ms, deviation=2.15441ms]
----------------------------------------------------------

----------------------------------------------------------
sample path: (IntersectionOutput) 
  order timepoint           sequence nr.                  node name     dropped samples
latency

Statistics:
  latency:                  2.74178ms [min=2.72128ms, max=12.7655ms, average=3.70165ms, deviation=2.14811ms]
----------------------------------------------------------

----------------------------------------------------------
sample path: (IntersectionOutput) 
  order timepoint           sequence nr.                  node name     dropped samples
latency

Statistics:
  latency:                  2.88671ms [min=2.72128ms, max=12.7655ms, average=3.69579ms, deviation=2.14143ms]
----------------------------------------------------------

----------------------------------------------------------
sample path: (VehicleDBWSystem) 
  order timepoint           sequence nr.                  node name     dropped samples
bp period
latency

Statistics:
  latency:                  153.292ms [min=112.892ms, max=215.631ms, average=150.571ms, deviation=34.8721ms]
hotpath
  hot path:                 FrontLidarDriver/RearLidarDriver -> ObjectCollisionEstimator
  hot path latency:         10.5218ms [min=10.4765ms, max=22.496ms, average=12.2105ms, deviation=3.07565ms]
  hot path drops:           0 [min=0, max=0, average=0, deviation=0]
  behavior planner period:  99.9916ms [min=99.9642ms, max=100.037ms, average=100ms, deviation=0.0114447ms]
----------------------------------------------------------

----------------------------------------------------------
sample path: (IntersectionOutput) 
  order timepoint           sequence nr.                  node name     dropped samples
latency

Statistics:
  latency:                  2.89196ms [min=2.72128ms, max=12.7655ms, average=3.69005ms, deviation=2.13479ms]
----------------------------------------------------------

----------------------------------------------------------
sample path: (IntersectionOutput) 
  order timepoint           sequence nr.                  node name     dropped samples
latency

Statistics:
  latency:                  2.96893ms [min=2.72128ms, max=12.7655ms, average=3.68493ms, deviation=2.12802ms]
----------------------------------------------------------

----------------------------------------------------------
sample path: (IntersectionOutput) 
  order timepoint           sequence nr.                  node name     dropped samples
latency

Statistics:
  latency:                  5.30736ms [min=2.72128ms, max=12.7655ms, average=3.69636ms, deviation=2.12483ms]
----------------------------------------------------------

----------------------------------------------------------
sample path: (IntersectionOutput) 
  order timepoint           sequence nr.                  node name     dropped samples
latency

Statistics:
  latency:                  2.70995ms [min=2.70995ms, max=12.7655ms, average=3.68946ms, deviation=2.11894ms]
----------------------------------------------------------

----------------------------------------------------------
sample path: (VehicleDBWSystem) 
  order timepoint           sequence nr.                  node name     dropped samples
bp period
latency

Statistics:
  latency:                  153.494ms [min=112.892ms, max=215.631ms, average=150.652ms, deviation=34.3737ms]
hotpath
  hot path:                 FrontLidarDriver/RearLidarDriver -> ObjectCollisionEstimator
  hot path latency:         16.2756ms [min=10.4765ms, max=22.496ms, average=12.3234ms, deviation=3.10618ms]
  hot path drops:           0 [min=0, max=0, average=0, deviation=0]
  behavior planner period:  100.007ms [min=99.9642ms, max=100.037ms, average=100.001ms, deviation=0.0113369ms]
----------------------------------------------------------

----------------------------------------------------------
sample path: (IntersectionOutput) 
  order timepoint           sequence nr.                  node name     dropped samples
latency

Statistics:
  latency:                  2.99941ms [min=2.70995ms, max=12.7655ms, average=3.68467ms, deviation=2.1123ms]
----------------------------------------------------------

----------------------------------------------------------
sample path: (IntersectionOutput) 
  order timepoint           sequence nr.                  node name     dropped samples
latency

Statistics:
  latency:                  2.95917ms [min=2.70995ms, max=12.7655ms, average=3.67966ms, deviation=2.10581ms]
----------------------------------------------------------

----------------------------------------------------------
sample path: (IntersectionOutput) 
  order timepoint           sequence nr.                  node name     dropped samples
latency

Statistics:
  latency:                  2.75487ms [min=2.70995ms, max=12.7655ms, average=3.67333ms, deviation=2.09994ms]
----------------------------------------------------------

----------------------------------------------------------
sample path: (IntersectionOutput) 
  order timepoint           sequence nr.                  node name     dropped samples
latency

Statistics:
  latency:                  2.78875ms [min=2.70995ms, max=12.7655ms, average=3.66731ms, deviation=2.094ms]
----------------------------------------------------------

----------------------------------------------------------
sample path: (VehicleDBWSystem) 
  order timepoint           sequence nr.                  node name     dropped samples
bp period
latency

Statistics:
  latency:                  113.28ms [min=112.892ms, max=215.631ms, average=149.642ms, deviation=34.4453ms]
hotpath
  hot path:                 FrontLidarDriver/RearLidarDriver -> ObjectCollisionEstimator
  hot path latency:         10.6661ms [min=10.4765ms, max=22.496ms, average=12.2786ms, deviation=3.07483ms]
  hot path drops:           0 [min=0, max=0, average=0, deviation=0]
  behavior planner period:  100.001ms [min=99.9642ms, max=100.037ms, average=100.001ms, deviation=0.0111739ms]
----------------------------------------------------------

----------------------------------------------------------
sample path: (IntersectionOutput) 
  order timepoint           sequence nr.                  node name     dropped samples
latency

Statistics:
  latency:                  2.69234ms [min=2.69234ms, max=12.7655ms, average=3.66073ms, deviation=2.08841ms]
----------------------------------------------------------

----------------------------------------------------------
sample path: (IntersectionOutput) 
  order timepoint           sequence nr.                  node name     dropped samples
latency

Statistics:
  latency:                  2.77011ms [min=2.69234ms, max=12.7655ms, average=3.65475ms, deviation=2.08262ms]
----------------------------------------------------------

----------------------------------------------------------
sample path: (IntersectionOutput) 
  order timepoint           sequence nr.                  node name     dropped samples
latency

Statistics:
  latency:                  2.7524ms [min=2.69234ms, max=12.7655ms, average=3.64873ms, deviation=2.07693ms]
----------------------------------------------------------

----------------------------------------------------------
sample path: (IntersectionOutput) 
  order timepoint           sequence nr.                  node name     dropped samples
latency

Statistics:
  latency:                  10.2456ms [min=2.69234ms, max=12.7655ms, average=3.69242ms, deviation=2.13847ms]
----------------------------------------------------------

----------------------------------------------------------
sample path: (VehicleDBWSystem) 
  order timepoint           sequence nr.                  node name     dropped samples
bp period
latency

Statistics:
  latency:                  115.213ms [min=112.892ms, max=215.631ms, average=148.736ms, deviation=34.4327ms]
hotpath
  hot path:                 FrontLidarDriver/RearLidarDriver -> ObjectCollisionEstimator
  hot path latency:         10.4457ms [min=10.4457ms, max=22.496ms, average=12.2304ms, deviation=3.04754ms]
  hot path drops:           0 [min=0, max=0, average=0, deviation=0]
  behavior planner period:  99.9975ms [min=99.9642ms, max=100.037ms, average=100ms, deviation=0.0110289ms]
----------------------------------------------------------

----------------------------------------------------------
sample path: (IntersectionOutput) 
  order timepoint           sequence nr.                  node name     dropped samples
latency

Statistics:
  latency:                  2.71852ms [min=2.69234ms, max=12.7655ms, average=3.68601ms, deviation=2.13284ms]
----------------------------------------------------------

----------------------------------------------------------
sample path: (IntersectionOutput) 
  order timepoint           sequence nr.                  node name     dropped samples
latency

Statistics:
  latency:                  2.76483ms [min=2.69234ms, max=12.7655ms, average=3.67999ms, deviation=2.12712ms]
----------------------------------------------------------

----------------------------------------------------------
sample path: (IntersectionOutput) 
  order timepoint           sequence nr.                  node name     dropped samples
latency

Statistics:
  latency:                  2.74479ms [min=2.69234ms, max=12.7655ms, average=3.67392ms, deviation=2.1215ms]
----------------------------------------------------------

----------------------------------------------------------
sample path: (IntersectionOutput) 
  order timepoint           sequence nr.                  node name     dropped samples
latency

Statistics:
  latency:                  2.90587ms [min=2.69234ms, max=12.7655ms, average=3.66896ms, deviation=2.1155ms]
----------------------------------------------------------

----------------------------------------------------------
sample path: (VehicleDBWSystem) 
  order timepoint           sequence nr.                  node name     dropped samples
bp period
latency

Statistics:
  latency:                  215.329ms [min=112.892ms, max=215.631ms, average=150.444ms, deviation=35.6106ms]
hotpath
  hot path:                 FrontLidarDriver/RearLidarDriver -> ObjectCollisionEstimator
  hot path latency:         10.6556ms [min=10.4457ms, max=22.496ms, average=12.19ms, deviation=3.01773ms]
  hot path drops:           0 [min=0, max=0, average=0, deviation=0]
  behavior planner period:  100.005ms [min=99.9642ms, max=100.037ms, average=100.001ms, deviation=0.0108991ms]
----------------------------------------------------------

----------------------------------------------------------
sample path: (IntersectionOutput) 
  order timepoint           sequence nr.                  node name     dropped samples
latency

Statistics:
  latency:                  7.87264ms [min=2.69234ms, max=12.7655ms, average=3.69591ms, deviation=2.13535ms]
----------------------------------------------------------

----------------------------------------------------------
sample path: (IntersectionOutput) 
  order timepoint           sequence nr.                  node name     dropped samples
latency

Statistics:
  latency:                  2.91518ms [min=2.69234ms, max=12.7655ms, average=3.69094ms, deviation=2.12941ms]
----------------------------------------------------------

----------------------------------------------------------
sample path: (IntersectionOutput) 
  order timepoint           sequence nr.                  node name     dropped samples
latency

Statistics:
  latency:                  2.75671ms [min=2.69234ms, max=12.7655ms, average=3.68503ms, deviation=2.12392ms]
----------------------------------------------------------

----------------------------------------------------------
sample path: (IntersectionOutput) 
  order timepoint           sequence nr.                  node name     dropped samples
latency

Statistics:
  latency:                  2.87604ms [min=2.69234ms, max=12.7655ms, average=3.67994ms, deviation=2.11816ms]
----------------------------------------------------------

----------------------------------------------------------
sample path: (VehicleDBWSystem) 
  order timepoint           sequence nr.                  node name     dropped samples
bp period
latency

Statistics:
  latency:                  153.538ms [min=112.892ms, max=215.631ms, average=150.521ms, deviation=35.1545ms]
hotpath
  hot path:                 FrontLidarDriver/RearLidarDriver -> ObjectCollisionEstimator
  hot path latency:         10.5037ms [min=10.4457ms, max=22.496ms, average=12.1479ms, deviation=2.99069ms]
  hot path drops:           0 [min=0, max=0, average=0, deviation=0]
  behavior planner period:  100.002ms [min=99.9642ms, max=100.037ms, average=100.001ms, deviation=0.010757ms]
----------------------------------------------------------

----------------------------------------------------------
sample path: (IntersectionOutput) 
  order timepoint           sequence nr.                  node name     dropped samples
latency

Statistics:
  latency:                  2.87704ms [min=2.69234ms, max=12.7655ms, average=3.67492ms, deviation=2.11244ms]
----------------------------------------------------------

----------------------------------------------------------
sample path: (IntersectionOutput) 
  order timepoint           sequence nr.                  node name     dropped samples
latency

Statistics:
  latency:                  2.80159ms [min=2.69234ms, max=12.7655ms, average=3.66949ms, deviation=2.10695ms]
----------------------------------------------------------

----------------------------------------------------------
sample path: (IntersectionOutput) 
  order timepoint           sequence nr.                  node name     dropped samples
latency

Statistics:
  latency:                  2.77688ms [min=2.69234ms, max=12.7655ms, average=3.66399ms, deviation=2.10157ms]
----------------------------------------------------------

----------------------------------------------------------
sample path: (IntersectionOutput) 
  order timepoint           sequence nr.                  node name     dropped samples
latency

Statistics:
  latency:                  2.94417ms [min=2.69234ms, max=12.7655ms, average=3.65957ms, deviation=2.09583ms]
----------------------------------------------------------

----------------------------------------------------------
sample path: (VehicleDBWSystem) 
  order timepoint           sequence nr.                  node name     dropped samples
bp period
latency

Statistics:
  latency:                  153.546ms [min=112.892ms, max=215.631ms, average=150.595ms, deviation=34.7155ms]
hotpath
  hot path:                 FrontLidarDriver/RearLidarDriver -> ObjectCollisionEstimator
  hot path latency:         10.5741ms [min=10.4457ms, max=22.496ms, average=12.1095ms, deviation=2.96328ms]
  hot path drops:           0 [min=0, max=0, average=0, deviation=0]
  behavior planner period:  100.053ms [min=99.9642ms, max=100.053ms, average=100.002ms, deviation=0.0134399ms]
----------------------------------------------------------

----------------------------------------------------------
sample path: (IntersectionOutput) 
  order timepoint           sequence nr.                  node name     dropped samples
latency

Statistics:
  latency:                  2.94118ms [min=2.69234ms, max=12.7655ms, average=3.65519ms, deviation=2.09015ms]
----------------------------------------------------------

----------------------------------------------------------
sample path: (IntersectionOutput) 
  order timepoint           sequence nr.                  node name     dropped samples
latency

Statistics:
  latency:                  3.01003ms [min=2.69234ms, max=12.7655ms, average=3.65128ms, deviation=2.08437ms]
----------------------------------------------------------

----------------------------------------------------------
sample path: (IntersectionOutput) 
  order timepoint           sequence nr.                  node name     dropped samples
latency

Statistics:
  latency:                  5.36419ms [min=2.69234ms, max=12.7655ms, average=3.6616ms, deviation=2.08229ms]
----------------------------------------------------------

----------------------------------------------------------
sample path: (IntersectionOutput) 
  order timepoint           sequence nr.                  node name     dropped samples
latency

Statistics:
  latency:                  2.9651ms [min=2.69234ms, max=12.7655ms, average=3.65743ms, deviation=2.07671ms]
----------------------------------------------------------

----------------------------------------------------------
sample path: (VehicleDBWSystem) 
  order timepoint           sequence nr.                  node name     dropped samples
bp period
latency

Statistics:
  latency:                  153.534ms [min=112.892ms, max=215.631ms, average=150.665ms, deviation=34.2925ms]
hotpath
  hot path:                 FrontLidarDriver/RearLidarDriver -> ObjectCollisionEstimator
  hot path latency:         16.4387ms [min=10.4457ms, max=22.496ms, average=12.2125ms, deviation=3.00219ms]
  hot path drops:           0 [min=0, max=0, average=0, deviation=0]
  behavior planner period:  99.9548ms [min=99.9548ms, max=100.053ms, average=100.001ms, deviation=0.0151727ms]
----------------------------------------------------------

----------------------------------------------------------
sample path: (IntersectionOutput) 
  order timepoint           sequence nr.                  node name     dropped samples
latency

Statistics:
  latency:                  2.97633ms [min=2.69234ms, max=12.7655ms, average=3.65337ms, deviation=2.07115ms]
----------------------------------------------------------

----------------------------------------------------------
sample path: (IntersectionOutput) 
  order timepoint           sequence nr.                  node name     dropped samples
latency

Statistics:
  latency:                  2.76877ms [min=2.69234ms, max=12.7655ms, average=3.64814ms, deviation=2.0661ms]
----------------------------------------------------------

----------------------------------------------------------
sample path: (IntersectionOutput) 
  order timepoint           sequence nr.                  node name     dropped samples
latency

Statistics:
  latency:                  2.7622ms [min=2.69234ms, max=12.7655ms, average=3.64293ms, deviation=2.06109ms]
----------------------------------------------------------

----------------------------------------------------------
sample path: (IntersectionOutput) 
  order timepoint           sequence nr.                  node name     dropped samples
latency

Statistics:
  latency:                  2.78298ms [min=2.69234ms, max=12.7655ms, average=3.6379ms, deviation=2.05608ms]
----------------------------------------------------------

----------------------------------------------------------
sample path: (VehicleDBWSystem) 
  order timepoint           sequence nr.                  node name     dropped samples
bp period
latency

Statistics:
  latency:                  113.027ms [min=112.892ms, max=215.631ms, average=149.789ms, deviation=34.3645ms]
hotpath
  hot path:                 FrontLidarDriver/RearLidarDriver -> ObjectCollisionEstimator
  hot path latency:         10.676ms [min=10.4457ms, max=22.496ms, average=12.1768ms, deviation=2.97547ms]
  hot path drops:           0 [min=0, max=0, average=0, deviation=0]
  behavior planner period:  99.9933ms [min=99.9548ms, max=100.053ms, average=100.001ms, deviation=0.0150306ms]
----------------------------------------------------------

----------------------------------------------------------
sample path: (IntersectionOutput) 
  order timepoint           sequence nr.                  node name     dropped samples
latency

Statistics:
  latency:                  2.79941ms [min=2.69234ms, max=12.7655ms, average=3.63302ms, deviation=2.05105ms]
----------------------------------------------------------

----------------------------------------------------------
sample path: (IntersectionOutput) 
  order timepoint           sequence nr.                  node name     dropped samples
latency

Statistics:
  latency:                  2.77403ms [min=2.69234ms, max=12.7655ms, average=3.62806ms, deviation=2.04612ms]
----------------------------------------------------------

----------------------------------------------------------
sample path: (IntersectionOutput) 
  order timepoint           sequence nr.                  node name     dropped samples
latency

Statistics:
  latency:                  2.76339ms [min=2.69234ms, max=12.7655ms, average=3.62309ms, deviation=2.04125ms]
----------------------------------------------------------

