RTI Connext DDS Non-commercial license is for academic, research, evaluation and personal use only. USE FOR COMMERCIAL PURPOSES IS PROHIBITED. See RTI_LICENSE.TXT for terms. Download free tools at rti.com/ncl. License issued to Non-Commercial User license@rti.com For non-production use only.
Expires on 00-jan-00 See www.rti.com for more information.
----------------------------------------------------------
sample path: (IntersectionOutput) 
  order timepoint           sequence nr.                  node name     dropped samples
latency

Statistics:
  latency:                  3.03937ms [min=3.03937ms, max=3.03937ms, average=3.03937ms, deviation=-nanms]
----------------------------------------------------------

----------------------------------------------------------
sample path: (IntersectionOutput) 
  order timepoint           sequence nr.                  node name     dropped samples
latency

Statistics:
  latency:                  3.07729ms [min=3.03937ms, max=3.07729ms, average=3.05833ms, deviation=0.0268142ms]
----------------------------------------------------------

----------------------------------------------------------
sample path: (IntersectionOutput) 
  order timepoint           sequence nr.                  node name     dropped samples
latency

Statistics:
  latency:                  2.97906ms [min=2.97906ms, max=3.07729ms, average=3.03191ms, deviation=0.0495357ms]
----------------------------------------------------------

----------------------------------------------------------
sample path: (VehicleDBWSystem) 
  order timepoint           sequence nr.                  node name     dropped samples
latency

Statistics:
  latency:                  137.652ms [min=137.652ms, max=137.652ms, average=137.652ms, deviation=-nanms]
hotpath
  hot path:                 FrontLidarDriver/RearLidarDriver -> ObjectCollisionEstimator
  hot path latency:         13.5021ms [min=13.5021ms, max=13.5021ms, average=13.5021ms, deviation=-nanms]
  hot path drops:           0 [min=0, max=0, average=0, deviation=-nan]
  behavior planner period:  0ms [min=1.84467e+13ms, max=0ms, average=0ms, deviation=0ms]
----------------------------------------------------------

----------------------------------------------------------
sample path: (IntersectionOutput) 
  order timepoint           sequence nr.                  node name     dropped samples
latency

Statistics:
  latency:                  2.85107ms [min=2.85107ms, max=3.07729ms, average=2.9867ms, deviation=0.0990505ms]
----------------------------------------------------------

----------------------------------------------------------
sample path: (IntersectionOutput) 
  order timepoint           sequence nr.                  node name     dropped samples
latency

Statistics:
  latency:                  2.78042ms [min=2.78042ms, max=3.07729ms, average=2.94544ms, deviation=0.12597ms]
----------------------------------------------------------

----------------------------------------------------------
sample path: (IntersectionOutput) 
  order timepoint           sequence nr.                  node name     dropped samples
latency

Statistics:
  latency:                  2.84207ms [min=2.78042ms, max=3.07729ms, average=2.92821ms, deviation=0.120315ms]
----------------------------------------------------------

----------------------------------------------------------
sample path: (IntersectionOutput) 
  order timepoint           sequence nr.                  node name     dropped samples
latency

Statistics:
  latency:                  2.86598ms [min=2.78042ms, max=3.07729ms, average=2.91932ms, deviation=0.112323ms]
----------------------------------------------------------

----------------------------------------------------------
sample path: (VehicleDBWSystem) 
  order timepoint           sequence nr.                  node name     dropped samples
bp period
latency

Statistics:
  latency:                  131.323ms [min=131.323ms, max=137.652ms, average=134.487ms, deviation=4.47555ms]
hotpath
  hot path:                 FrontLidarDriver/RearLidarDriver -> ObjectCollisionEstimator
  hot path latency:         13.6105ms [min=13.5021ms, max=13.6105ms, average=13.5563ms, deviation=0.0766249ms]
  hot path drops:           0 [min=0, max=0, average=0, deviation=0]
  behavior planner period:  99.9791ms [min=99.9791ms, max=99.9791ms, average=99.9791ms, deviation=-nanms]
----------------------------------------------------------

----------------------------------------------------------
sample path: (IntersectionOutput) 
  order timepoint           sequence nr.                  node name     dropped samples
latency

Statistics:
  latency:                  2.76096ms [min=2.76096ms, max=3.07729ms, average=2.89953ms, deviation=0.118105ms]
----------------------------------------------------------

----------------------------------------------------------
sample path: (IntersectionOutput) 
  order timepoint           sequence nr.                  node name     dropped samples
latency

Statistics:
  latency:                  2.84049ms [min=2.76096ms, max=3.07729ms, average=2.89297ms, deviation=0.112216ms]
----------------------------------------------------------

----------------------------------------------------------
sample path: (IntersectionOutput) 
  order timepoint           sequence nr.                  node name     dropped samples
latency

Statistics:
  latency:                  2.82643ms [min=2.76096ms, max=3.07729ms, average=2.88631ms, deviation=0.10787ms]
----------------------------------------------------------

----------------------------------------------------------
sample path: (IntersectionOutput) 
  order timepoint           sequence nr.                  node name     dropped samples
latency

Statistics:
  latency:                  2.9711ms [min=2.76096ms, max=3.07729ms, average=2.89402ms, deviation=0.105479ms]
----------------------------------------------------------

----------------------------------------------------------
sample path: (VehicleDBWSystem) 
  order timepoint           sequence nr.                  node name     dropped samples
bp period
latency

Statistics:
  latency:                  134.986ms [min=131.323ms, max=137.652ms, average=134.653ms, deviation=3.17775ms]
hotpath
  hot path:                 FrontLidarDriver/RearLidarDriver -> ObjectCollisionEstimator
  hot path latency:         13.6235ms [min=13.5021ms, max=13.6235ms, average=13.5787ms, deviation=0.0666366ms]
  hot path drops:           0 [min=0, max=0, average=0, deviation=0]
  behavior planner period:  100.011ms [min=99.9791ms, max=100.011ms, average=99.9952ms, deviation=0.0227915ms]
----------------------------------------------------------

----------------------------------------------------------
sample path: (IntersectionOutput) 
  order timepoint           sequence nr.                  node name     dropped samples
latency

Statistics:
  latency:                  2.88012ms [min=2.76096ms, max=3.07729ms, average=2.89286ms, deviation=0.100651ms]
----------------------------------------------------------

----------------------------------------------------------
sample path: (IntersectionOutput) 
  order timepoint           sequence nr.                  node name     dropped samples
latency

Statistics:
  latency:                  2.94879ms [min=2.76096ms, max=3.07729ms, average=2.89716ms, deviation=0.097606ms]
----------------------------------------------------------

----------------------------------------------------------
sample path: (IntersectionOutput) 
  order timepoint           sequence nr.                  node name     dropped samples
latency

Statistics:
  latency:                  2.90561ms [min=2.76096ms, max=3.07729ms, average=2.89777ms, deviation=0.093804ms]
----------------------------------------------------------

----------------------------------------------------------
sample path: (IntersectionOutput) 
  order timepoint           sequence nr.                  node name     dropped samples
latency

Statistics:
  latency:                  3.36916ms [min=2.76096ms, max=3.36916ms, average=2.92919ms, deviation=0.151606ms]
----------------------------------------------------------

----------------------------------------------------------
sample path: (VehicleDBWSystem) 
  order timepoint           sequence nr.                  node name     dropped samples
bp period
latency

Statistics:
  latency:                  131.205ms [min=131.205ms, max=137.652ms, average=133.791ms, deviation=3.11533ms]
hotpath
  hot path:                 FrontLidarDriver/RearLidarDriver -> ObjectCollisionEstimator
  hot path latency:         17.3103ms [min=13.5021ms, max=17.3103ms, average=14.5116ms, deviation=1.8666ms]
  hot path drops:           0 [min=0, max=0, average=0, deviation=0]
  behavior planner period:  99.9855ms [min=99.9791ms, max=100.011ms, average=99.992ms, deviation=0.0170682ms]
----------------------------------------------------------

----------------------------------------------------------
sample path: (IntersectionOutput) 
  order timepoint           sequence nr.                  node name     dropped samples
latency

Statistics:
  latency:                  2.95314ms [min=2.76096ms, max=3.36916ms, average=2.93069ms, deviation=0.146588ms]
----------------------------------------------------------

----------------------------------------------------------
sample path: (IntersectionOutput) 
  order timepoint           sequence nr.                  node name     dropped samples
latency

Statistics:
  latency:                  2.81842ms [min=2.76096ms, max=3.36916ms, average=2.92409ms, deviation=0.144521ms]
----------------------------------------------------------

----------------------------------------------------------
sample path: (IntersectionOutput) 
  order timepoint           sequence nr.                  node name     dropped samples
latency

Statistics:
  latency:                  2.95634ms [min=2.76096ms, max=3.36916ms, average=2.92588ms, deviation=0.140412ms]
----------------------------------------------------------

----------------------------------------------------------
sample path: (IntersectionOutput) 
  order timepoint           sequence nr.                  node name     dropped samples
latency

Statistics:
  latency:                  7.48143ms [min=2.76096ms, max=7.48143ms, average=3.16564ms, deviation=1.05399ms]
----------------------------------------------------------

----------------------------------------------------------
sample path: (VehicleDBWSystem) 
  order timepoint           sequence nr.                  node name     dropped samples
bp period
latency

Statistics:
  latency:                  146.205ms [min=131.205ms, max=146.205ms, average=136.274ms, deviation=6.1726ms]
hotpath
  hot path:                 FrontLidarDriver/RearLidarDriver -> ObjectCollisionEstimator
  hot path latency:         13.504ms [min=13.5021ms, max=17.3103ms, average=14.3101ms, deviation=1.67815ms]
  hot path drops:           0 [min=0, max=0, average=0, deviation=0]
  behavior planner period:  100.003ms [min=99.9791ms, max=100.011ms, average=99.9947ms, deviation=0.0149705ms]
----------------------------------------------------------

----------------------------------------------------------
sample path: (IntersectionOutput) 
  order timepoint           sequence nr.                  node name     dropped samples
latency

Statistics:
  latency:                  7.77766ms [min=2.76096ms, max=7.77766ms, average=3.39624ms, deviation=1.45463ms]
----------------------------------------------------------

----------------------------------------------------------
sample path: (IntersectionOutput) 
  order timepoint           sequence nr.                  node name     dropped samples
latency

Statistics:
  latency:                  3.16186ms [min=2.76096ms, max=7.77766ms, average=3.38508ms, deviation=1.41872ms]
----------------------------------------------------------

----------------------------------------------------------
sample path: (IntersectionOutput) 
  order timepoint           sequence nr.                  node name     dropped samples
latency

Statistics:
  latency:                  2.99365ms [min=2.76096ms, max=7.77766ms, average=3.36729ms, deviation=1.38704ms]
----------------------------------------------------------

----------------------------------------------------------
sample path: (IntersectionOutput) 
  order timepoint           sequence nr.                  node name     dropped samples
latency

Statistics:
  latency:                  2.85916ms [min=2.76096ms, max=7.77766ms, average=3.3452ms, deviation=1.35929ms]
----------------------------------------------------------

----------------------------------------------------------
sample path: (VehicleDBWSystem) 
  order timepoint           sequence nr.                  node name     dropped samples
bp period
latency

Statistics:
  latency:                  207.597ms [min=131.205ms, max=207.597ms, average=148.161ms, deviation=29.636ms]
hotpath
  hot path:                 FrontLidarDriver/RearLidarDriver -> ObjectCollisionEstimator
  hot path latency:         18.2162ms [min=13.5021ms, max=18.2162ms, average=14.9611ms, deviation=2.18994ms]
  hot path drops:           0 [min=0, max=0, average=0, deviation=0]
  behavior planner period:  99.9961ms [min=99.9791ms, max=100.011ms, average=99.995ms, deviation=0.0129793ms]
----------------------------------------------------------

----------------------------------------------------------
sample path: (IntersectionOutput) 
  order timepoint           sequence nr.                  node name     dropped samples
latency

Statistics:
  latency:                  12.6372ms [min=2.76096ms, max=12.6372ms, average=3.73237ms, deviation=2.31622ms]
----------------------------------------------------------

----------------------------------------------------------
sample path: (IntersectionOutput) 
  order timepoint           sequence nr.                  node name     dropped samples
latency

Statistics:
  latency:                  2.81459ms [min=2.76096ms, max=12.6372ms, average=3.69565ms, deviation=2.27487ms]
----------------------------------------------------------

----------------------------------------------------------
sample path: (IntersectionOutput) 
  order timepoint           sequence nr.                  node name     dropped samples
latency

Statistics:
  latency:                  2.77346ms [min=2.76096ms, max=12.6372ms, average=3.66018ms, deviation=2.23624ms]
----------------------------------------------------------

----------------------------------------------------------
sample path: (IntersectionOutput) 
  order timepoint           sequence nr.                  node name     dropped samples
latency

Statistics:
  latency:                  2.77439ms [min=2.76096ms, max=12.6372ms, average=3.62738ms, deviation=2.19943ms]
----------------------------------------------------------

----------------------------------------------------------
sample path: (VehicleDBWSystem) 
  order timepoint           sequence nr.                  node name     dropped samples
bp period
latency

Statistics:
  latency:                  161.481ms [min=131.205ms, max=207.597ms, average=150.064ms, deviation=27.5183ms]
hotpath
  hot path:                 FrontLidarDriver/RearLidarDriver -> ObjectCollisionEstimator
  hot path latency:         13.6575ms [min=13.5021ms, max=18.2162ms, average=14.7749ms, deviation=2.05895ms]
  hot path drops:           0 [min=0, max=0, average=0, deviation=0]
  behavior planner period:  100.026ms [min=99.9791ms, max=100.026ms, average=100ms, deviation=0.0170991ms]
----------------------------------------------------------

----------------------------------------------------------
sample path: (IntersectionOutput) 
  order timepoint           sequence nr.                  node name     dropped samples
latency

Statistics:
  latency:                  2.83315ms [min=2.76096ms, max=12.6372ms, average=3.59901ms, deviation=2.16352ms]
----------------------------------------------------------

----------------------------------------------------------
sample path: (IntersectionOutput) 
  order timepoint           sequence nr.                  node name     dropped samples
latency

Statistics:
  latency:                  7.82442ms [min=2.76096ms, max=12.6372ms, average=3.74472ms, deviation=2.2648ms]
----------------------------------------------------------

----------------------------------------------------------
sample path: (IntersectionOutput) 
  order timepoint           sequence nr.                  node name     dropped samples
latency

Statistics:
  latency:                  2.86366ms [min=2.76096ms, max=12.6372ms, average=3.71535ms, deviation=2.23122ms]
----------------------------------------------------------

----------------------------------------------------------
sample path: (IntersectionOutput) 
  order timepoint           sequence nr.                  node name     dropped samples
latency

Statistics:
  latency:                  2.95425ms [min=2.76096ms, max=12.6372ms, average=3.6908ms, deviation=2.19797ms]
----------------------------------------------------------

----------------------------------------------------------
sample path: (VehicleDBWSystem) 
  order timepoint           sequence nr.                  node name     dropped samples
bp period
latency

Statistics:
  latency:                  161.489ms [min=131.205ms, max=207.597ms, average=151.492ms, deviation=25.7952ms]
hotpath
  hot path:                 FrontLidarDriver/RearLidarDriver -> ObjectCollisionEstimator
  hot path latency:         15.7982ms [min=13.5021ms, max=18.2162ms, average=14.9028ms, deviation=1.94025ms]
  hot path drops:           0 [min=0, max=0, average=0, deviation=0]
  behavior planner period:  99.998ms [min=99.9791ms, max=100.026ms, average=99.9998ms, deviation=0.0156288ms]
----------------------------------------------------------

----------------------------------------------------------
sample path: (IntersectionOutput) 
  order timepoint           sequence nr.                  node name     dropped samples
latency

Statistics:
  latency:                  2.81576ms [min=2.76096ms, max=12.6372ms, average=3.66345ms, deviation=2.16775ms]
----------------------------------------------------------

----------------------------------------------------------
sample path: (IntersectionOutput) 
  order timepoint           sequence nr.                  node name     dropped samples
latency

Statistics:
  latency:                  2.85558ms [min=2.76096ms, max=12.6372ms, average=3.63897ms, deviation=2.13824ms]
----------------------------------------------------------

----------------------------------------------------------
sample path: (IntersectionOutput) 
  order timepoint           sequence nr.                  node name     dropped samples
latency

Statistics:
  latency:                  2.8199ms [min=2.76096ms, max=12.6372ms, average=3.61488ms, deviation=2.11028ms]
----------------------------------------------------------

----------------------------------------------------------
sample path: (IntersectionOutput) 
  order timepoint           sequence nr.                  node name     dropped samples
latency

Statistics:
  latency:                  2.99275ms [min=2.76096ms, max=12.6372ms, average=3.5971ms, deviation=2.08167ms]
----------------------------------------------------------

----------------------------------------------------------
sample path: (VehicleDBWSystem) 
  order timepoint           sequence nr.                  node name     dropped samples
bp period
latency

Statistics:
  latency:                  133.421ms [min=131.205ms, max=207.597ms, average=149.484ms, deviation=24.8697ms]
hotpath
  hot path:                 FrontLidarDriver/RearLidarDriver -> ObjectCollisionEstimator
  hot path latency:         15.7787ms [min=13.5021ms, max=18.2162ms, average=15.0001ms, deviation=1.83827ms]
  hot path drops:           0 [min=0, max=0, average=0, deviation=0]
  behavior planner period:  99.9766ms [min=99.9766ms, max=100.026ms, average=99.9969ms, deviation=0.0166277ms]
----------------------------------------------------------

----------------------------------------------------------
sample path: (IntersectionOutput) 
  order timepoint           sequence nr.                  node name     dropped samples
latency

Statistics:
  latency:                  2.77573ms [min=2.76096ms, max=12.6372ms, average=3.57429ms, deviation=2.05628ms]
----------------------------------------------------------

----------------------------------------------------------
sample path: (IntersectionOutput) 
  order timepoint           sequence nr.                  node name     dropped samples
latency

Statistics:
  latency:                  3.0514ms [min=2.76096ms, max=12.6372ms, average=3.56016ms, deviation=2.02934ms]
----------------------------------------------------------

----------------------------------------------------------
sample path: (IntersectionOutput) 
  order timepoint           sequence nr.                  node name     dropped samples
latency

Statistics:
  latency:                  2.76783ms [min=2.76096ms, max=12.6372ms, average=3.53931ms, deviation=2.00585ms]
----------------------------------------------------------

----------------------------------------------------------
sample path: (IntersectionOutput) 
  order timepoint           sequence nr.                  node name     dropped samples
latency

Statistics:
  latency:                  2.97647ms [min=2.76096ms, max=12.6372ms, average=3.52487ms, deviation=1.98133ms]
----------------------------------------------------------

----------------------------------------------------------
sample path: (VehicleDBWSystem) 
  order timepoint           sequence nr.                  node name     dropped samples
bp period
latency

Statistics:
  latency:                  133.479ms [min=131.205ms, max=207.597ms, average=147.884ms, deviation=23.9875ms]
hotpath
  hot path:                 FrontLidarDriver/RearLidarDriver -> ObjectCollisionEstimator
  hot path latency:         15.7721ms [min=13.5021ms, max=18.2162ms, average=15.0773ms, deviation=1.75024ms]
  hot path drops:           0 [min=0, max=0, average=0, deviation=0]
  behavior planner period:  100.021ms [min=99.9766ms, max=100.026ms, average=99.9995ms, deviation=0.0174392ms]
----------------------------------------------------------

----------------------------------------------------------
sample path: (IntersectionOutput) 
  order timepoint           sequence nr.                  node name     dropped samples
latency

Statistics:
  latency:                  2.86178ms [min=2.76096ms, max=12.6372ms, average=3.5083ms, deviation=1.95857ms]
----------------------------------------------------------

----------------------------------------------------------
sample path: (IntersectionOutput) 
  order timepoint           sequence nr.                  node name     dropped samples
latency

Statistics:
  latency:                  2.87204ms [min=2.76096ms, max=12.6372ms, average=3.49278ms, deviation=1.93649ms]
----------------------------------------------------------

----------------------------------------------------------
sample path: (IntersectionOutput) 
  order timepoint           sequence nr.                  node name     dropped samples
latency

Statistics:
  latency:                  3.09527ms [min=2.76096ms, max=12.6372ms, average=3.48331ms, deviation=1.91371ms]
----------------------------------------------------------

----------------------------------------------------------
sample path: (IntersectionOutput) 
  order timepoint           sequence nr.                  node name     dropped samples
latency

Statistics:
  latency:                  5.53241ms [min=2.76096ms, max=12.6372ms, average=3.53097ms, deviation=1.91644ms]
----------------------------------------------------------

----------------------------------------------------------
sample path: (VehicleDBWSystem) 
  order timepoint           sequence nr.                  node name     dropped samples
bp period
latency

Statistics:
  latency:                  144.032ms [min=131.205ms, max=207.597ms, average=147.534ms, deviation=22.7861ms]
hotpath
  hot path:                 FrontLidarDriver/RearLidarDriver -> ObjectCollisionEstimator
  hot path latency:         15.8066ms [min=13.5021ms, max=18.2162ms, average=15.1436ms, deviation=1.67492ms]
  hot path drops:           0 [min=0, max=0, average=0, deviation=0]
  behavior planner period:  99.9945ms [min=99.9766ms, max=100.026ms, average=99.999ms, deviation=0.0165183ms]
----------------------------------------------------------

----------------------------------------------------------
sample path: (IntersectionOutput) 
  order timepoint           sequence nr.                  node name     dropped samples
latency

Statistics:
  latency:                  2.87ms [min=2.76096ms, max=12.6372ms, average=3.51595ms, deviation=1.89664ms]
----------------------------------------------------------

----------------------------------------------------------
sample path: (IntersectionOutput) 
  order timepoint           sequence nr.                  node name     dropped samples
latency

Statistics:
  latency:                  3.15362ms [min=2.76096ms, max=12.6372ms, average=3.50789ms, deviation=1.87574ms]
----------------------------------------------------------

----------------------------------------------------------
sample path: (IntersectionOutput) 
  order timepoint           sequence nr.                  node name     dropped samples
latency

Statistics:
  latency:                  2.77401ms [min=2.76096ms, max=12.6372ms, average=3.49194ms, deviation=1.85794ms]
----------------------------------------------------------

----------------------------------------------------------
sample path: (IntersectionOutput) 
  order timepoint           sequence nr.                  node name     dropped samples
latency

Statistics:
  latency:                  2.86239ms [min=2.76096ms, max=12.6372ms, average=3.47854ms, deviation=1.83992ms]
----------------------------------------------------------

----------------------------------------------------------
sample path: (VehicleDBWSystem) 
  order timepoint           sequence nr.                  node name     dropped samples
bp period
latency

Statistics:
  latency:                  210.755ms [min=131.205ms, max=210.755ms, average=152.802ms, deviation=28.374ms]
hotpath
  hot path:                 FrontLidarDriver/RearLidarDriver -> ObjectCollisionEstimator
  hot path latency:         21.1144ms [min=13.5021ms, max=21.1144ms, average=15.6412ms, deviation=2.34973ms]
  hot path drops:           0 [min=0, max=0, average=0, deviation=0]
  behavior planner period:  99.9861ms [min=99.9766ms, max=100.026ms, average=99.9979ms, deviation=0.0161479ms]
----------------------------------------------------------

----------------------------------------------------------
sample path: (IntersectionOutput) 
  order timepoint           sequence nr.                  node name     dropped samples
latency

Statistics:
  latency:                  10.1346ms [min=2.76096ms, max=12.6372ms, average=3.61721ms, deviation=2.05822ms]
----------------------------------------------------------

----------------------------------------------------------
sample path: (IntersectionOutput) 
  order timepoint           sequence nr.                  node name     dropped samples
latency

Statistics:
  latency:                  2.79901ms [min=2.76096ms, max=12.6372ms, average=3.60051ms, deviation=2.04002ms]
----------------------------------------------------------

----------------------------------------------------------
sample path: (IntersectionOutput) 
  order timepoint           sequence nr.                  node name     dropped samples
latency

Statistics:
  latency:                  3.0027ms [min=2.76096ms, max=12.6372ms, average=3.58856ms, deviation=2.02086ms]
----------------------------------------------------------

----------------------------------------------------------
sample path: (IntersectionOutput) 
  order timepoint           sequence nr.                  node name     dropped samples
latency

Statistics:
  latency:                  2.76614ms [min=2.76096ms, max=12.6372ms, average=3.57243ms, deviation=2.00387ms]
----------------------------------------------------------

----------------------------------------------------------
sample path: (VehicleDBWSystem) 
  order timepoint           sequence nr.                  node name     dropped samples
bp period
latency

Statistics:
  latency:                  161.556ms [min=131.205ms, max=210.755ms, average=153.475ms, deviation=27.2743ms]
hotpath
  hot path:                 FrontLidarDriver/RearLidarDriver -> ObjectCollisionEstimator
  hot path latency:         19.0898ms [min=13.5021ms, max=21.1144ms, average=15.9065ms, deviation=2.44458ms]
  hot path drops:           0 [min=0, max=0, average=0, deviation=0]
  behavior planner period:  100.008ms [min=99.9766ms, max=100.026ms, average=99.9987ms, deviation=0.0156943ms]
----------------------------------------------------------

----------------------------------------------------------
sample path: (IntersectionOutput) 
  order timepoint           sequence nr.                  node name     dropped samples
latency

Statistics:
  latency:                  2.85853ms [min=2.76096ms, max=12.6372ms, average=3.5587ms, deviation=1.98659ms]
----------------------------------------------------------

----------------------------------------------------------
sample path: (IntersectionOutput) 
  order timepoint           sequence nr.                  node name     dropped samples
latency

Statistics:
  latency:                  7.95412ms [min=2.76096ms, max=12.6372ms, average=3.64164ms, deviation=2.05795ms]
----------------------------------------------------------

----------------------------------------------------------
sample path: (IntersectionOutput) 
  order timepoint           sequence nr.                  node name     dropped samples
latency

Statistics:
  latency:                  2.7832ms [min=2.76096ms, max=12.6372ms, average=3.62574ms, deviation=2.04179ms]
----------------------------------------------------------

----------------------------------------------------------
sample path: (IntersectionOutput) 
  order timepoint           sequence nr.                  node name     dropped samples
latency

Statistics:
  latency:                  2.99156ms [min=2.76096ms, max=12.6372ms, average=3.61421ms, deviation=2.0246ms]
----------------------------------------------------------

----------------------------------------------------------
sample path: (VehicleDBWSystem) 
  order timepoint           sequence nr.                  node name     dropped samples
bp period
latency

Statistics:
  latency:                  161.747ms [min=131.205ms, max=210.755ms, average=154.066ms, deviation=26.2974ms]
hotpath
  hot path:                 FrontLidarDriver/RearLidarDriver -> ObjectCollisionEstimator
  hot path latency:         15.8842ms [min=13.5021ms, max=21.1144ms, average=15.9049ms, deviation=2.34869ms]
  hot path drops:           0 [min=0, max=0, average=0, deviation=0]
  behavior planner period:  99.9932ms [min=99.9766ms, max=100.026ms, average=99.9983ms, deviation=0.0151035ms]
----------------------------------------------------------

----------------------------------------------------------
sample path: (IntersectionOutput) 
  order timepoint           sequence nr.                  node name     dropped samples
latency

Statistics:
  latency:                  2.96468ms [min=2.76096ms, max=12.6372ms, average=3.60261ms, deviation=2.00799ms]
----------------------------------------------------------

----------------------------------------------------------
sample path: (IntersectionOutput) 
  order timepoint           sequence nr.                  node name     dropped samples
latency

Statistics:
  latency:                  2.82792ms [min=2.76096ms, max=12.6372ms, average=3.58902ms, deviation=1.99262ms]
----------------------------------------------------------

----------------------------------------------------------
sample path: (IntersectionOutput) 
  order timepoint           sequence nr.                  node name     dropped samples
latency

Statistics:
  latency:                  2.87134ms [min=2.76096ms, max=12.6372ms, average=3.57664ms, deviation=1.97731ms]
----------------------------------------------------------

----------------------------------------------------------
sample path: (IntersectionOutput) 
  order timepoint           sequence nr.                  node name     dropped samples
latency

Statistics:
  latency:                  3.01016ms [min=2.76096ms, max=12.6372ms, average=3.56704ms, deviation=1.96158ms]
----------------------------------------------------------

----------------------------------------------------------
sample path: (VehicleDBWSystem) 
  order timepoint           sequence nr.                  node name     dropped samples
bp period
latency

Statistics:
  latency:                  133.45ms [min=131.205ms, max=210.755ms, average=152.692ms, deviation=25.8939ms]
hotpath
  hot path:                 FrontLidarDriver/RearLidarDriver -> ObjectCollisionEstimator
  hot path latency:         15.8446ms [min=13.5021ms, max=21.1144ms, average=15.9008ms, deviation=2.2633ms]
  hot path drops:           0 [min=0, max=0, average=0, deviation=0]
  behavior planner period:  99.9976ms [min=99.9766ms, max=100.026ms, average=99.9983ms, deviation=0.0145121ms]
----------------------------------------------------------

----------------------------------------------------------
sample path: (IntersectionOutput) 
  order timepoint           sequence nr.                  node name     dropped samples
latency

Statistics:
  latency:                  3.01271ms [min=2.76096ms, max=12.6372ms, average=3.5578ms, deviation=1.9462ms]
----------------------------------------------------------

----------------------------------------------------------
sample path: (IntersectionOutput) 
  order timepoint           sequence nr.                  node name     dropped samples
latency

Statistics:
  latency:                  3.01854ms [min=2.76096ms, max=12.6372ms, average=3.54896ms, deviation=1.93115ms]
----------------------------------------------------------

----------------------------------------------------------
sample path: (IntersectionOutput) 
  order timepoint           sequence nr.                  node name     dropped samples
latency

Statistics:
  latency:                  2.81578ms [min=2.76096ms, max=12.6372ms, average=3.53714ms, deviation=1.91752ms]
----------------------------------------------------------

----------------------------------------------------------
sample path: (IntersectionOutput) 
  order timepoint           sequence nr.                  node name     dropped samples
latency

Statistics:
  latency:                  3.06064ms [min=2.76096ms, max=12.6372ms, average=3.52957ms, deviation=1.90294ms]
----------------------------------------------------------

----------------------------------------------------------
sample path: (VehicleDBWSystem) 
  order timepoint           sequence nr.                  node name     dropped samples
bp period
latency

Statistics:
  latency:                  133.404ms [min=131.205ms, max=210.755ms, average=151.486ms, deviation=25.4763ms]
hotpath
  hot path:                 FrontLidarDriver/RearLidarDriver -> ObjectCollisionEstimator
  hot path latency:         15.7624ms [min=13.5021ms, max=21.1144ms, average=15.8922ms, deviation=2.18683ms]
  hot path drops:           0 [min=0, max=0, average=0, deviation=0]
  behavior planner period:  99.9995ms [min=99.9766ms, max=100.026ms, average=99.9983ms, deviation=0.0139877ms]
----------------------------------------------------------

----------------------------------------------------------
sample path: (IntersectionOutput) 
  order timepoint           sequence nr.                  node name     dropped samples
latency

Statistics:
  latency:                  3.06508ms [min=2.76096ms, max=12.6372ms, average=3.52232ms, deviation=1.88867ms]
----------------------------------------------------------

----------------------------------------------------------
sample path: (IntersectionOutput) 
  order timepoint           sequence nr.                  node name     dropped samples
latency

Statistics:
  latency:                  3.09011ms [min=2.76096ms, max=12.6372ms, average=3.51567ms, deviation=1.87462ms]
----------------------------------------------------------

----------------------------------------------------------
sample path: (IntersectionOutput) 
  order timepoint           sequence nr.                  node name     dropped samples
latency

Statistics:
  latency:                  3.05309ms [min=2.76096ms, max=12.6372ms, average=3.50866ms, deviation=1.86102ms]
----------------------------------------------------------

----------------------------------------------------------
sample path: (IntersectionOutput) 
  order timepoint           sequence nr.                  node name     dropped samples
latency

Statistics:
  latency:                  5.26977ms [min=2.76096ms, max=12.6372ms, average=3.53494ms, deviation=1.85936ms]
----------------------------------------------------------

----------------------------------------------------------
sample path: (VehicleDBWSystem) 
  order timepoint           sequence nr.                  node name     dropped samples
bp period
latency

Statistics:
  latency:                  143.708ms [min=131.205ms, max=210.755ms, average=151.029ms, deviation=24.7394ms]
hotpath
  hot path:                 FrontLidarDriver/RearLidarDriver -> ObjectCollisionEstimator
  hot path latency:         15.7129ms [min=13.5021ms, max=21.1144ms, average=15.8816ms, deviation=2.11784ms]
  hot path drops:           0 [min=0, max=0, average=0, deviation=0]
  behavior planner period:  100.01ms [min=99.9766ms, max=100.026ms, average=99.9991ms, deviation=0.0138391ms]
----------------------------------------------------------

----------------------------------------------------------
sample path: (IntersectionOutput) 
  order timepoint           sequence nr.                  node name     dropped samples
latency

Statistics:
  latency:                  2.74729ms [min=2.74729ms, max=12.6372ms, average=3.52336ms, deviation=1.8479ms]
----------------------------------------------------------

----------------------------------------------------------
sample path: (IntersectionOutput) 
  order timepoint           sequence nr.                  node name     dropped samples
latency

Statistics:
  latency:                  2.93904ms [min=2.74729ms, max=12.6372ms, average=3.51489ms, deviation=1.83561ms]
----------------------------------------------------------

----------------------------------------------------------
sample path: (IntersectionOutput) 
  order timepoint           sequence nr.                  node name     dropped samples
latency

Statistics:
  latency:                  2.78353ms [min=2.74729ms, max=12.6372ms, average=3.50444ms, deviation=1.82435ms]
----------------------------------------------------------

----------------------------------------------------------
sample path: (IntersectionOutput) 
  order timepoint           sequence nr.                  node name     dropped samples
latency

Statistics:
  latency:                  2.87371ms [min=2.74729ms, max=12.6372ms, average=3.49556ms, deviation=1.81282ms]
----------------------------------------------------------

----------------------------------------------------------
sample path: (VehicleDBWSystem) 
  order timepoint           sequence nr.                  node name     dropped samples
bp period
latency

Statistics:
  latency:                  210.736ms [min=131.205ms, max=210.755ms, average=154.346ms, deviation=27.8224ms]
hotpath
  hot path:                 FrontLidarDriver/RearLidarDriver -> ObjectCollisionEstimator
  hot path latency:         20.8286ms [min=13.5021ms, max=21.1144ms, average=16.1565ms, deviation=2.36241ms]
  hot path drops:           0 [min=0, max=0, average=0, deviation=0]
  behavior planner period:  100.024ms [min=99.9766ms, max=100.026ms, average=100.001ms, deviation=0.0146903ms]
----------------------------------------------------------

----------------------------------------------------------
sample path: (IntersectionOutput) 
  order timepoint           sequence nr.                  node name     dropped samples
latency

Statistics:
  latency:                  10.0693ms [min=2.74729ms, max=12.6372ms, average=3.58686ms, deviation=1.95965ms]
----------------------------------------------------------

----------------------------------------------------------
sample path: (IntersectionOutput) 
  order timepoint           sequence nr.                  node name     dropped samples
latency

Statistics:
  latency:                  2.83922ms [min=2.74729ms, max=12.6372ms, average=3.57662ms, deviation=1.94796ms]
----------------------------------------------------------

----------------------------------------------------------
sample path: (IntersectionOutput) 
  order timepoint           sequence nr.                  node name     dropped samples
latency

Statistics:
  latency:                  2.94444ms [min=2.74729ms, max=12.6372ms, average=3.56808ms, deviation=1.93597ms]
----------------------------------------------------------

----------------------------------------------------------
sample path: (IntersectionOutput) 
  order timepoint           sequence nr.                  node name     dropped samples
latency

Statistics:
  latency:                  2.78615ms [min=2.74729ms, max=12.6372ms, average=3.55765ms, deviation=1.92496ms]
----------------------------------------------------------

----------------------------------------------------------
sample path: (VehicleDBWSystem) 
  order timepoint           sequence nr.                  node name     dropped samples
bp period
latency

Statistics:
  latency:                  161.607ms [min=131.205ms, max=210.755ms, average=154.728ms, deviation=27.0898ms]
hotpath
  hot path:                 FrontLidarDriver/RearLidarDriver -> ObjectCollisionEstimator
  hot path latency:         19.003ms [min=13.5021ms, max=21.1144ms, average=16.3063ms, deviation=2.38692ms]
  hot path drops:           0 [min=0, max=0, average=0, deviation=0]
  behavior planner period:  99.9768ms [min=99.9766ms, max=100.026ms, average=99.9992ms, deviation=0.0153083ms]
----------------------------------------------------------

----------------------------------------------------------
sample path: (IntersectionOutput) 
  order timepoint           sequence nr.                  node name     dropped samples
latency

Statistics:
  latency:                  2.7975ms [min=2.74729ms, max=12.6372ms, average=3.54765ms, deviation=1.91407ms]
----------------------------------------------------------

----------------------------------------------------------
sample path: (IntersectionOutput) 
  order timepoint           sequence nr.                  node name     dropped samples
latency

Statistics:
  latency:                  7.79894ms [min=2.74729ms, max=12.6372ms, average=3.60286ms, deviation=1.96219ms]
----------------------------------------------------------

----------------------------------------------------------
sample path: (IntersectionOutput) 
  order timepoint           sequence nr.                  node name     dropped samples
latency

Statistics:
  latency:                  2.78679ms [min=2.74729ms, max=12.6372ms, average=3.5924ms, deviation=1.9516ms]
----------------------------------------------------------

----------------------------------------------------------
sample path: (IntersectionOutput) 
  order timepoint           sequence nr.                  node name     dropped samples
latency

Statistics:
  latency:                  2.97415ms [min=2.74729ms, max=12.6372ms, average=3.58457ms, deviation=1.94029ms]
----------------------------------------------------------

----------------------------------------------------------
sample path: (VehicleDBWSystem) 
  order timepoint           sequence nr.                  node name     dropped samples
bp period
latency

Statistics:
  latency:                  161.452ms [min=131.205ms, max=210.755ms, average=155.064ms, deviation=26.4101ms]
hotpath
  hot path:                 FrontLidarDriver/RearLidarDriver -> ObjectCollisionEstimator
  hot path latency:         15.929ms [min=13.5021ms, max=21.1144ms, average=16.2874ms, deviation=2.32478ms]
  hot path drops:           0 [min=0, max=0, average=0, deviation=0]
  behavior planner period:  99.9393ms [min=99.9393ms, max=100.026ms, average=99.9961ms, deviation=0.0202621ms]
----------------------------------------------------------

----------------------------------------------------------
sample path: (IntersectionOutput) 
  order timepoint           sequence nr.                  node name     dropped samples
latency

Statistics:
  latency:                  3.04425ms [min=2.74729ms, max=12.6372ms, average=3.57782ms, deviation=1.92892ms]
----------------------------------------------------------

----------------------------------------------------------
sample path: (IntersectionOutput) 
  order timepoint           sequence nr.                  node name     dropped samples
latency

Statistics:
  latency:                  2.82ms [min=2.74729ms, max=12.6372ms, average=3.56846ms, deviation=1.91868ms]
----------------------------------------------------------

----------------------------------------------------------
sample path: (IntersectionOutput) 
  order timepoint           sequence nr.                  node name     dropped samples
latency

Statistics:
  latency:                  2.79708ms [min=2.74729ms, max=12.6372ms, average=3.55906ms, deviation=1.9087ms]
----------------------------------------------------------

----------------------------------------------------------
sample path: (IntersectionOutput) 
  order timepoint           sequence nr.                  node name     dropped samples
latency

Statistics:
  latency:                  3.09257ms [min=2.74729ms, max=12.6372ms, average=3.55344ms, deviation=1.89771ms]
----------------------------------------------------------

----------------------------------------------------------
sample path: (VehicleDBWSystem) 
  order timepoint           sequence nr.                  node name     dropped samples
bp period
latency

Statistics:
  latency:                  133.423ms [min=131.205ms, max=210.755ms, average=154.034ms, deviation=26.171ms]
hotpath
  hot path:                 FrontLidarDriver/RearLidarDriver -> ObjectCollisionEstimator
  hot path latency:         15.7243ms [min=13.5021ms, max=21.1144ms, average=16.2606ms, deviation=2.26925ms]
  hot path drops:           0 [min=0, max=0, average=0, deviation=0]
  behavior planner period:  100.061ms [min=99.9393ms, max=100.061ms, average=99.9993ms, deviation=0.0244474ms]
----------------------------------------------------------

----------------------------------------------------------
sample path: (IntersectionOutput) 
  order timepoint           sequence nr.                  node name     dropped samples
latency

Statistics:
  latency:                  3.08007ms [min=2.74729ms, max=12.6372ms, average=3.5478ms, deviation=1.88695ms]
----------------------------------------------------------

----------------------------------------------------------
sample path: (IntersectionOutput) 
  order timepoint           sequence nr.                  node name     dropped samples
latency

Statistics:
  latency:                  3.07702ms [min=2.74729ms, max=12.6372ms, average=3.54226ms, deviation=1.87638ms]
----------------------------------------------------------

----------------------------------------------------------
sample path: (IntersectionOutput) 
  order timepoint           sequence nr.                  node name     dropped samples
latency

Statistics:
  latency:                  2.77663ms [min=2.74729ms, max=12.6372ms, average=3.53336ms, deviation=1.86714ms]
----------------------------------------------------------

----------------------------------------------------------
sample path: (IntersectionOutput) 
  order timepoint           sequence nr.                  node name     dropped samples
latency

Statistics:
  latency:                  3.04083ms [min=2.74729ms, max=12.6372ms, average=3.5277ms, deviation=1.857ms]
----------------------------------------------------------

----------------------------------------------------------
sample path: (VehicleDBWSystem) 
  order timepoint           sequence nr.                  node name     dropped samples
bp period
latency

Statistics:
  latency:                  137.21ms [min=131.205ms, max=210.755ms, average=153.269ms, deviation=25.7909ms]
hotpath
  hot path:                 FrontLidarDriver/RearLidarDriver -> ObjectCollisionEstimator
  hot path latency:         15.7575ms [min=13.5021ms, max=21.1144ms, average=16.2377ms, deviation=2.21716ms]
  hot path drops:           0 [min=0, max=0, average=0, deviation=0]
  behavior planner period:  99.9973ms [min=99.9393ms, max=100.061ms, average=99.9992ms, deviation=0.0238327ms]
----------------------------------------------------------

----------------------------------------------------------
sample path: (IntersectionOutput) 
  order timepoint           sequence nr.                  node name     dropped samples
latency

Statistics:
  latency:                  2.75395ms [min=2.74729ms, max=12.6372ms, average=3.51891ms, deviation=1.84814ms]
----------------------------------------------------------

----------------------------------------------------------
sample path: (IntersectionOutput) 
  order timepoint           sequence nr.                  node name     dropped samples
latency

Statistics:
  latency:                  2.81766ms [min=2.74729ms, max=12.6372ms, average=3.51103ms, deviation=1.83911ms]
----------------------------------------------------------

----------------------------------------------------------
sample path: (IntersectionOutput) 
  order timepoint           sequence nr.                  node name     dropped samples
latency

Statistics:
  latency:                  2.84565ms [min=2.74729ms, max=12.6372ms, average=3.50363ms, deviation=1.8301ms]
----------------------------------------------------------

----------------------------------------------------------
sample path: (IntersectionOutput) 
  order timepoint           sequence nr.                  node name     dropped samples
latency

Statistics:
  latency:                  5.42044ms [min=2.74729ms, max=12.6372ms, average=3.5247ms, deviation=1.83096ms]
----------------------------------------------------------

----------------------------------------------------------
sample path: (VehicleDBWSystem) 
  order timepoint           sequence nr.                  node name     dropped samples
bp period
latency

Statistics:
  latency:                  143.773ms [min=131.205ms, max=210.755ms, average=152.856ms, deviation=25.2756ms]
hotpath
  hot path:                 FrontLidarDriver/RearLidarDriver -> ObjectCollisionEstimator
  hot path latency:         19.5523ms [min=13.5021ms, max=21.1144ms, average=16.3819ms, deviation=2.27376ms]
  hot path drops:           0 [min=0, max=0, average=0, deviation=0]
  behavior planner period:  99.999ms [min=99.9393ms, max=100.061ms, average=99.9992ms, deviation=0.0232584ms]
----------------------------------------------------------

----------------------------------------------------------
sample path: (IntersectionOutput) 
  order timepoint           sequence nr.                  node name     dropped samples
latency

Statistics:
  latency:                  2.78567ms [min=2.74729ms, max=12.6372ms, average=3.51667ms, deviation=1.8225ms]
----------------------------------------------------------

----------------------------------------------------------
sample path: (IntersectionOutput) 
  order timepoint           sequence nr.                  node name     dropped samples
latency

Statistics:
  latency:                  2.97542ms [min=2.74729ms, max=12.6372ms, average=3.51085ms, deviation=1.81344ms]
----------------------------------------------------------

----------------------------------------------------------
sample path: (IntersectionOutput) 
  order timepoint           sequence nr.                  node name     dropped samples
latency

Statistics:
  latency:                  2.86782ms [min=2.74729ms, max=12.6372ms, average=3.504ms, deviation=1.80488ms]
----------------------------------------------------------

----------------------------------------------------------
sample path: (IntersectionOutput) 
  order timepoint           sequence nr.                  node name     dropped samples
latency

Statistics:
  latency:                  2.77392ms [min=2.74729ms, max=12.6372ms, average=3.49632ms, deviation=1.79682ms]
----------------------------------------------------------

----------------------------------------------------------
sample path: (VehicleDBWSystem) 
  order timepoint           sequence nr.                  node name     dropped samples
bp period
latency

Statistics:
  latency:                  208.718ms [min=131.205ms, max=210.755ms, average=155.184ms, deviation=27.2233ms]
hotpath
  hot path:                 FrontLidarDriver/RearLidarDriver -> ObjectCollisionEstimator
  hot path latency:         20.9715ms [min=13.5021ms, max=21.1144ms, average=16.5731ms, deviation=2.41307ms]
  hot path drops:           0 [min=0, max=0, average=0, deviation=0]
  behavior planner period:  99.9955ms [min=99.9393ms, max=100.061ms, average=99.999ms, deviation=0.0227369ms]
----------------------------------------------------------

----------------------------------------------------------
sample path: (IntersectionOutput) 
  order timepoint           sequence nr.                  node name     dropped samples
latency

Statistics:
  latency:                  12.5654ms [min=2.74729ms, max=12.6372ms, average=3.59079ms, deviation=2.01279ms]
----------------------------------------------------------

----------------------------------------------------------
sample path: (IntersectionOutput) 
  order timepoint           sequence nr.                  node name     dropped samples
latency

Statistics:
  latency:                  2.79942ms [min=2.74729ms, max=12.6372ms, average=3.58263ms, deviation=2.00389ms]
----------------------------------------------------------

----------------------------------------------------------
sample path: (IntersectionOutput) 
  order timepoint           sequence nr.                  node name     dropped samples
latency

Statistics:
  latency:                  2.9727ms [min=2.74729ms, max=12.6372ms, average=3.57641ms, deviation=1.99448ms]
----------------------------------------------------------

----------------------------------------------------------
sample path: (IntersectionOutput) 
  order timepoint           sequence nr.                  node name     dropped samples
latency

Statistics:
  latency:                  2.75578ms [min=2.74729ms, max=12.6372ms, average=3.56812ms, deviation=1.986ms]
----------------------------------------------------------

----------------------------------------------------------
sample path: (VehicleDBWSystem) 
  order timepoint           sequence nr.                  node name     dropped samples
bp period
latency

Statistics:
  latency:                  161.439ms [min=131.205ms, max=210.755ms, average=155.434ms, deviation=26.6794ms]
hotpath
  hot path:                 FrontLidarDriver/RearLidarDriver -> ObjectCollisionEstimator
  hot path latency:         19.0596ms [min=13.5021ms, max=21.1144ms, average=16.6725ms, deviation=2.41404ms]
  hot path drops:           0 [min=0, max=0, average=0, deviation=0]
  behavior planner period:  99.9985ms [min=99.9393ms, max=100.061ms, average=99.999ms, deviation=0.0222374ms]
----------------------------------------------------------

----------------------------------------------------------
sample path: (IntersectionOutput) 
  order timepoint           sequence nr.                  node name     dropped samples
latency

Statistics:
  latency:                  2.96437ms [min=2.74729ms, max=12.6372ms, average=3.56208ms, deviation=1.97686ms]
----------------------------------------------------------

----------------------------------------------------------
sample path: (IntersectionOutput) 
  order timepoint           sequence nr.                  node name     dropped samples
latency

Statistics:
  latency:                  7.83102ms [min=2.74729ms, max=12.6372ms, average=3.60435ms, deviation=2.0123ms]
----------------------------------------------------------

----------------------------------------------------------
sample path: (IntersectionOutput) 
  order timepoint           sequence nr.                  node name     dropped samples
latency

Statistics:
  latency:                  2.7827ms [min=2.74729ms, max=12.6372ms, average=3.59629ms, deviation=2.00396ms]
----------------------------------------------------------

----------------------------------------------------------
sample path: (IntersectionOutput) 
  order timepoint           sequence nr.                  node name     dropped samples
latency

Statistics:
  latency:                  2.95976ms [min=2.74729ms, max=12.6372ms, average=3.59011ms, deviation=1.9951ms]
----------------------------------------------------------

----------------------------------------------------------
sample path: (VehicleDBWSystem) 
  order timepoint           sequence nr.                  node name     dropped samples
bp period
latency

Statistics:
  latency:                  161.498ms [min=131.205ms, max=210.755ms, average=155.667ms, deviation=26.1674ms]
hotpath
  hot path:                 FrontLidarDriver/RearLidarDriver -> ObjectCollisionEstimator
  hot path latency:         15.7633ms [min=13.5021ms, max=21.1144ms, average=16.6376ms, deviation=2.37198ms]
  hot path drops:           0 [min=0, max=0, average=0, deviation=0]
  behavior planner period:  100.008ms [min=99.9393ms, max=100.061ms, average=99.9994ms, deviation=0.0218463ms]
----------------------------------------------------------

----------------------------------------------------------
sample path: (IntersectionOutput) 
  order timepoint           sequence nr.                  node name     dropped samples
latency

Statistics:
  latency:                  3.05036ms [min=2.74729ms, max=12.6372ms, average=3.58492ms, deviation=1.9861ms]
----------------------------------------------------------

----------------------------------------------------------
sample path: (IntersectionOutput) 
  order timepoint           sequence nr.                  node name     dropped samples
latency

Statistics:
  latency:                  2.9714ms [min=2.74729ms, max=12.6372ms, average=3.57908ms, deviation=1.97743ms]
----------------------------------------------------------

----------------------------------------------------------
sample path: (IntersectionOutput) 
  order timepoint           sequence nr.                  node name     dropped samples
latency

Statistics:
  latency:                  2.76108ms [min=2.74729ms, max=12.6372ms, average=3.57136ms, deviation=1.9696ms]
----------------------------------------------------------

----------------------------------------------------------
sample path: (IntersectionOutput) 
  order timepoint           sequence nr.                  node name     dropped samples
latency

Statistics:
  latency:                  3.14811ms [min=2.74729ms, max=12.6372ms, average=3.56741ms, deviation=1.96071ms]
----------------------------------------------------------

----------------------------------------------------------
sample path: (VehicleDBWSystem) 
  order timepoint           sequence nr.                  node name     dropped samples
bp period
latency

Statistics:
  latency:                  133.404ms [min=131.205ms, max=210.755ms, average=154.843ms, deviation=26.0145ms]
hotpath
  hot path:                 FrontLidarDriver/RearLidarDriver -> ObjectCollisionEstimator
  hot path latency:         15.8391ms [min=13.5021ms, max=21.1144ms, average=16.608ms, deviation=2.33099ms]
  hot path drops:           0 [min=0, max=0, average=0, deviation=0]
  behavior planner period:  99.9982ms [min=99.9393ms, max=100.061ms, average=99.9993ms, deviation=0.0214062ms]
----------------------------------------------------------

----------------------------------------------------------
sample path: (IntersectionOutput) 
  order timepoint           sequence nr.                  node name     dropped samples
latency

Statistics:
  latency:                  3.01537ms [min=2.74729ms, max=12.6372ms, average=3.56229ms, deviation=1.95225ms]
----------------------------------------------------------

----------------------------------------------------------
sample path: (IntersectionOutput) 
  order timepoint           sequence nr.                  node name     dropped samples
latency

Statistics:
  latency:                  2.88967ms [min=2.74729ms, max=12.6372ms, average=3.55612ms, deviation=1.94426ms]
----------------------------------------------------------

----------------------------------------------------------
sample path: (IntersectionOutput) 
  order timepoint           sequence nr.                  node name     dropped samples
latency

Statistics:
  latency:                  2.83165ms [min=2.74729ms, max=12.6372ms, average=3.54954ms, deviation=1.93655ms]
----------------------------------------------------------

----------------------------------------------------------
sample path: (IntersectionOutput) 
  order timepoint           sequence nr.                  node name     dropped samples
latency

Statistics:
  latency:                  2.77127ms [min=2.74729ms, max=12.6372ms, average=3.54253ms, deviation=1.92914ms]
----------------------------------------------------------

----------------------------------------------------------
sample path: (VehicleDBWSystem) 
  order timepoint           sequence nr.                  node name     dropped samples
bp period
latency

Statistics:
  latency:                  133.465ms [min=131.205ms, max=210.755ms, average=154.079ms, deviation=25.8459ms]
hotpath
  hot path:                 FrontLidarDriver/RearLidarDriver -> ObjectCollisionEstimator
  hot path latency:         15.7457ms [min=13.5021ms, max=21.1144ms, average=16.5772ms, deviation=2.29321ms]
  hot path drops:           0 [min=0, max=0, average=0, deviation=0]
  behavior planner period:  100.003ms [min=99.9393ms, max=100.061ms, average=99.9995ms, deviation=0.0209994ms]
----------------------------------------------------------

----------------------------------------------------------
sample path: (IntersectionOutput) 
  order timepoint           sequence nr.                  node name     dropped samples
latency

Statistics:
  latency:                  2.8355ms [min=2.74729ms, max=12.6372ms, average=3.53621ms, deviation=1.9216ms]
----------------------------------------------------------

----------------------------------------------------------
sample path: (IntersectionOutput) 
  order timepoint           sequence nr.                  node name     dropped samples
latency

Statistics:
  latency:                  2.85912ms [min=2.74729ms, max=12.6372ms, average=3.53022ms, deviation=1.91406ms]
----------------------------------------------------------

----------------------------------------------------------
sample path: (IntersectionOutput) 
  order timepoint           sequence nr.                  node name     dropped samples
latency

Statistics:
  latency:                  2.93053ms [min=2.74729ms, max=12.6372ms, average=3.52496ms, deviation=1.9064ms]
----------------------------------------------------------

----------------------------------------------------------
sample path: (IntersectionOutput) 
  order timepoint           sequence nr.                  node name     dropped samples
latency

Statistics:
  latency:                  5.30406ms [min=2.74729ms, max=12.6372ms, average=3.54043ms, deviation=1.90525ms]
----------------------------------------------------------

----------------------------------------------------------
sample path: (VehicleDBWSystem) 
  order timepoint           sequence nr.                  node name     dropped samples
bp period
latency

Statistics:
  latency:                  143.883ms [min=131.205ms, max=210.755ms, average=153.728ms, deviation=25.4507ms]
hotpath
  hot path:                 FrontLidarDriver/RearLidarDriver -> ObjectCollisionEstimator
  hot path latency:         15.8079ms [min=13.5021ms, max=21.1144ms, average=16.5507ms, deviation=2.25642ms]
  hot path drops:           0 [min=0, max=0, average=0, deviation=0]
  behavior planner period:  100ms [min=99.9393ms, max=100.061ms, average=99.9995ms, deviation=0.0206075ms]
----------------------------------------------------------

----------------------------------------------------------
sample path: (IntersectionOutput) 
  order timepoint           sequence nr.                  node name     dropped samples
latency

Statistics:
  latency:                  2.87242ms [min=2.74729ms, max=12.6372ms, average=3.53467ms, deviation=1.89797ms]
----------------------------------------------------------

----------------------------------------------------------
sample path: (IntersectionOutput) 
  order timepoint           sequence nr.                  node name     dropped samples
latency

Statistics:
  latency:                  2.91338ms [min=2.74729ms, max=12.6372ms, average=3.52936ms, deviation=1.89064ms]
----------------------------------------------------------

----------------------------------------------------------
sample path: (IntersectionOutput) 
  order timepoint           sequence nr.                  node name     dropped samples
latency

Statistics:
  latency:                  2.89357ms [min=2.74729ms, max=12.6372ms, average=3.52397ms, deviation=1.88345ms]
----------------------------------------------------------

----------------------------------------------------------
sample path: (IntersectionOutput) 
  order timepoint           sequence nr.                  node name     dropped samples
latency

Statistics:
  latency:                  2.85083ms [min=2.74729ms, max=12.6372ms, average=3.51832ms, deviation=1.87647ms]
----------------------------------------------------------

----------------------------------------------------------
sample path: (VehicleDBWSystem) 
  order timepoint           sequence nr.                  node name     dropped samples
bp period
latency

Statistics:
  latency:                  211.153ms [min=131.205ms, max=211.153ms, average=155.642ms, deviation=27.1169ms]
hotpath
  hot path:                 FrontLidarDriver/RearLidarDriver -> ObjectCollisionEstimator
  hot path latency:         21.0476ms [min=13.5021ms, max=21.1144ms, average=16.7006ms, deviation=2.3643ms]
  hot path drops:           0 [min=0, max=0, average=0, deviation=0]
  behavior planner period:  100.002ms [min=99.9393ms, max=100.061ms, average=99.9996ms, deviation=0.0202414ms]
----------------------------------------------------------

----------------------------------------------------------
sample path: (IntersectionOutput) 
  order timepoint           sequence nr.                  node name     dropped samples
latency

Statistics:
  latency:                  10.3235ms [min=2.74729ms, max=12.6372ms, average=3.57503ms, deviation=1.96913ms]
----------------------------------------------------------

----------------------------------------------------------
sample path: (IntersectionOutput) 
  order timepoint           sequence nr.                  node name     dropped samples
latency

Statistics:
  latency:                  2.89125ms [min=2.74729ms, max=12.6372ms, average=3.56938ms, deviation=1.96189ms]
----------------------------------------------------------

----------------------------------------------------------
sample path: (IntersectionOutput) 
  order timepoint           sequence nr.                  node name     dropped samples
latency

Statistics:
  latency:                  2.89751ms [min=2.74729ms, max=12.6372ms, average=3.56387ms, deviation=1.95471ms]
----------------------------------------------------------

----------------------------------------------------------
sample path: (IntersectionOutput) 
  order timepoint           sequence nr.                  node name     dropped samples
latency

Statistics:
  latency:                  2.75589ms [min=2.74729ms, max=12.6372ms, average=3.5573ms, deviation=1.94805ms]
----------------------------------------------------------

----------------------------------------------------------
sample path: (VehicleDBWSystem) 
  order timepoint           sequence nr.                  node name     dropped samples
bp period
latency

Statistics:
  latency:                  164.666ms [min=131.205ms, max=211.153ms, average=155.933ms, deviation=26.7104ms]
hotpath
  hot path:                 FrontLidarDriver/RearLidarDriver -> ObjectCollisionEstimator
  hot path latency:         19.4931ms [min=13.5021ms, max=21.1144ms, average=16.7907ms, deviation=2.37805ms]
  hot path drops:           0 [min=0, max=0, average=0, deviation=0]
  behavior planner period:  99.9985ms [min=99.9393ms, max=100.061ms, average=99.9995ms, deviation=0.0198903ms]
----------------------------------------------------------

----------------------------------------------------------
sample path: (IntersectionOutput) 
  order timepoint           sequence nr.                  node name     dropped samples
latency

Statistics:
  latency:                  2.75136ms [min=2.74729ms, max=12.6372ms, average=3.5508ms, deviation=1.94146ms]
----------------------------------------------------------

----------------------------------------------------------
sample path: (IntersectionOutput) 
  order timepoint           sequence nr.                  node name     dropped samples
latency

Statistics:
  latency:                  7.93906ms [min=2.74729ms, max=12.6372ms, average=3.58591ms, deviation=1.97305ms]
----------------------------------------------------------

----------------------------------------------------------
sample path: (IntersectionOutput) 
  order timepoint           sequence nr.                  node name     dropped samples
latency

Statistics:
  latency:                  2.83189ms [min=2.74729ms, max=12.6372ms, average=3.57992ms, deviation=1.96629ms]
----------------------------------------------------------

----------------------------------------------------------
sample path: (IntersectionOutput) 
  order timepoint           sequence nr.                  node name     dropped samples
latency

Statistics:
  latency:                  3.32021ms [min=2.74729ms, max=12.6372ms, average=3.57788ms, deviation=1.95861ms]
----------------------------------------------------------

----------------------------------------------------------
sample path: (VehicleDBWSystem) 
  order timepoint           sequence nr.                  node name     dropped samples
bp period
latency

Statistics:
  latency:                  159.209ms [min=131.205ms, max=211.153ms, average=156.035ms, deviation=26.2824ms]
hotpath
  hot path:                 FrontLidarDriver/RearLidarDriver -> ObjectCollisionEstimator
  hot path latency:         19.0148ms [min=13.5021ms, max=21.1144ms, average=16.8602ms, deviation=2.3722ms]
  hot path drops:           0 [min=0, max=0, average=0, deviation=0]
  behavior planner period:  99.9907ms [min=99.9393ms, max=100.061ms, average=99.9993ms, deviation=0.0196198ms]
----------------------------------------------------------

----------------------------------------------------------
sample path: (IntersectionOutput) 
  order timepoint           sequence nr.                  node name     dropped samples
latency

Statistics:
  latency:                  3.07265ms [min=2.74729ms, max=12.6372ms, average=3.57393ms, deviation=1.9514ms]
----------------------------------------------------------

----------------------------------------------------------
sample path: (IntersectionOutput) 
  order timepoint           sequence nr.                  node name     dropped samples
latency

Statistics:
  latency:                  3.04085ms [min=2.74729ms, max=12.6372ms, average=3.5698ms, deviation=1.94432ms]
----------------------------------------------------------

----------------------------------------------------------
sample path: (IntersectionOutput) 
  order timepoint           sequence nr.                  node name     dropped samples
latency

Statistics:
  latency:                  2.84682ms [min=2.74729ms, max=12.6372ms, average=3.56424ms, deviation=1.93781ms]
----------------------------------------------------------

----------------------------------------------------------
sample path: (IntersectionOutput) 
  order timepoint           sequence nr.                  node name     dropped samples
latency

Statistics:
  latency:                  2.83284ms [min=2.74729ms, max=12.6372ms, average=3.55865ms, deviation=1.9314ms]
----------------------------------------------------------

----------------------------------------------------------
sample path: (VehicleDBWSystem) 
  order timepoint           sequence nr.                  node name     dropped samples
bp period
latency

Statistics:
  latency:                  131.225ms [min=131.205ms, max=211.153ms, average=155.283ms, deviation=26.2265ms]
hotpath
  hot path:                 FrontLidarDriver/RearLidarDriver -> ObjectCollisionEstimator
  hot path latency:         13.5513ms [min=13.5021ms, max=21.1144ms, average=16.7599ms, deviation=2.40484ms]
  hot path drops:           0 [min=0, max=0, average=0, deviation=0]
  behavior planner period:  100ms [min=99.9393ms, max=100.061ms, average=99.9993ms, deviation=0.0193016ms]
----------------------------------------------------------

----------------------------------------------------------
sample path: (IntersectionOutput) 
  order timepoint           sequence nr.                  node name     dropped samples
latency

Statistics:
  latency:                  2.85798ms [min=2.74729ms, max=12.6372ms, average=3.55335ms, deviation=1.92498ms]
----------------------------------------------------------

----------------------------------------------------------
sample path: (IntersectionOutput) 
  order timepoint           sequence nr.                  node name     dropped samples
latency

Statistics:
  latency:                  2.9923ms [min=2.74729ms, max=12.6372ms, average=3.54913ms, deviation=1.91829ms]
----------------------------------------------------------

----------------------------------------------------------
sample path: (IntersectionOutput) 
  order timepoint           sequence nr.                  node name     dropped samples
latency

Statistics:
  latency:                  2.93575ms [min=2.74729ms, max=12.6372ms, average=3.54455ms, deviation=1.9118ms]
----------------------------------------------------------

----------------------------------------------------------
sample path: (IntersectionOutput) 
  order timepoint           sequence nr.                  node name     dropped samples
latency

Statistics:
  latency:                  2.88139ms [min=2.74729ms, max=12.6372ms, average=3.53964ms, deviation=1.90551ms]
----------------------------------------------------------

----------------------------------------------------------
sample path: (VehicleDBWSystem) 
  order timepoint           sequence nr.                  node name     dropped samples
bp period
latency

Statistics:
  latency:                  131.357ms [min=131.205ms, max=211.153ms, average=154.58ms, deviation=26.15ms]
hotpath
  hot path:                 FrontLidarDriver/RearLidarDriver -> ObjectCollisionEstimator
  hot path latency:         13.5775ms [min=13.5021ms, max=21.1144ms, average=16.6663ms, deviation=2.4302ms]
  hot path drops:           0 [min=0, max=0, average=0, deviation=0]
  behavior planner period:  100.018ms [min=99.9393ms, max=100.061ms, average=99.9998ms, deviation=0.0192718ms]
----------------------------------------------------------

----------------------------------------------------------
sample path: (IntersectionOutput) 
  order timepoint           sequence nr.                  node name     dropped samples
latency

Statistics:
  latency:                  2.82768ms [min=2.74729ms, max=12.6372ms, average=3.5344ms, deviation=1.89942ms]
----------------------------------------------------------

----------------------------------------------------------
sample path: (IntersectionOutput) 
  order timepoint           sequence nr.                  node name     dropped samples
latency

Statistics:
  latency:                  2.8277ms [min=2.74729ms, max=12.6372ms, average=3.52924ms, deviation=1.89339ms]
----------------------------------------------------------

----------------------------------------------------------
sample path: (IntersectionOutput) 
  order timepoint           sequence nr.                  node name     dropped samples
latency

Statistics:
  latency:                  2.95786ms [min=2.74729ms, max=12.6372ms, average=3.5251ms, deviation=1.88709ms]
----------------------------------------------------------

----------------------------------------------------------
sample path: (IntersectionOutput) 
  order timepoint           sequence nr.                  node name     dropped samples
latency

Statistics:
  latency:                  7.79712ms [min=2.74729ms, max=12.6372ms, average=3.55584ms, deviation=1.91484ms]
----------------------------------------------------------

----------------------------------------------------------
sample path: (VehicleDBWSystem) 
  order timepoint           sequence nr.                  node name     dropped samples
bp period
latency

Statistics:
  latency:                  146.407ms [min=131.205ms, max=211.153ms, average=154.346ms, deviation=25.7996ms]
hotpath
  hot path:                 FrontLidarDriver/RearLidarDriver -> ObjectCollisionEstimator
  hot path latency:         13.6628ms [min=13.5021ms, max=21.1144ms, average=16.5805ms, deviation=2.44743ms]
  hot path drops:           0 [min=0, max=0, average=0, deviation=0]
  behavior planner period:  99.9863ms [min=99.9393ms, max=100.061ms, average=99.9995ms, deviation=0.0191184ms]
----------------------------------------------------------

----------------------------------------------------------
sample path: (IntersectionOutput) 
  order timepoint           sequence nr.                  node name     dropped samples
latency

Statistics:
  latency:                  7.78157ms [min=2.74729ms, max=12.6372ms, average=3.58602ms, deviation=1.94108ms]
----------------------------------------------------------

----------------------------------------------------------
sample path: (IntersectionOutput) 
  order timepoint           sequence nr.                  node name     dropped samples
latency

Statistics:
  latency:                  3.03589ms [min=2.74729ms, max=12.6372ms, average=3.58212ms, deviation=1.93469ms]
----------------------------------------------------------

----------------------------------------------------------
sample path: (IntersectionOutput) 
  order timepoint           sequence nr.                  node name     dropped samples
latency

Statistics:
  latency:                  2.81491ms [min=2.74729ms, max=12.6372ms, average=3.57672ms, deviation=1.92889ms]
----------------------------------------------------------

----------------------------------------------------------
sample path: (IntersectionOutput) 
  order timepoint           sequence nr.                  node name     dropped samples
latency

Statistics:
  latency:                  3.25081ms [min=2.74729ms, max=12.6372ms, average=3.57444ms, deviation=1.92228ms]
----------------------------------------------------------

----------------------------------------------------------
sample path: (VehicleDBWSystem) 
  order timepoint           sequence nr.                  node name     dropped samples
bp period
latency

Statistics:
  latency:                  211.591ms [min=131.205ms, max=211.591ms, average=155.936ms, deviation=27.1593ms]
hotpath
  hot path:                 FrontLidarDriver/RearLidarDriver -> ObjectCollisionEstimator
  hot path latency:         18.4201ms [min=13.5021ms, max=21.1144ms, average=16.6316ms, deviation=2.43162ms]
  hot path drops:           0 [min=0, max=0, average=0, deviation=0]
  behavior planner period:  100.039ms [min=99.9393ms, max=100.061ms, average=100.001ms, deviation=0.0200074ms]
----------------------------------------------------------

----------------------------------------------------------
sample path: (IntersectionOutput) 
  order timepoint           sequence nr.                  node name     dropped samples
latency

Statistics:
  latency:                  10.1336ms [min=2.74729ms, max=12.6372ms, average=3.61999ms, deviation=1.99201ms]
----------------------------------------------------------

----------------------------------------------------------
sample path: (IntersectionOutput) 
  order timepoint           sequence nr.                  node name     dropped samples
latency

Statistics:
  latency:                  3.02158ms [min=2.74729ms, max=12.6372ms, average=3.61586ms, deviation=1.9857ms]
----------------------------------------------------------

----------------------------------------------------------
sample path: (IntersectionOutput) 
  order timepoint           sequence nr.                  node name     dropped samples
latency

Statistics:
  latency:                  3.07594ms [min=2.74729ms, max=12.6372ms, average=3.61216ms, deviation=1.97934ms]
----------------------------------------------------------

----------------------------------------------------------
sample path: (IntersectionOutput) 
  order timepoint           sequence nr.                  node name     dropped samples
latency

Statistics:
  latency:                  3.05326ms [min=2.74729ms, max=12.6372ms, average=3.60836ms, deviation=1.97309ms]
----------------------------------------------------------

----------------------------------------------------------
sample path: (VehicleDBWSystem) 
  order timepoint           sequence nr.                  node name     dropped samples
bp period
latency

Statistics:
  latency:                  163.002ms [min=131.205ms, max=211.591ms, average=156.127ms, deviation=26.8046ms]
hotpath
  hot path:                 FrontLidarDriver/RearLidarDriver -> ObjectCollisionEstimator
  hot path latency:         17.7564ms [min=13.5021ms, max=21.1144ms, average=16.662ms, deviation=2.40473ms]
  hot path drops:           0 [min=0, max=0, average=0, deviation=0]
  behavior planner period:  99.9689ms [min=99.9393ms, max=100.061ms, average=99.9997ms, deviation=0.0204126ms]
----------------------------------------------------------

----------------------------------------------------------
sample path: (IntersectionOutput) 
  order timepoint           sequence nr.                  node name     dropped samples
latency

Statistics:
  latency:                  2.85754ms [min=2.74729ms, max=12.6372ms, average=3.60329ms, deviation=1.96734ms]
----------------------------------------------------------

----------------------------------------------------------
sample path: (IntersectionOutput) 
  order timepoint           sequence nr.                  node name     dropped samples
latency

Statistics:
  latency:                  8.08216ms [min=2.74729ms, max=12.6372ms, average=3.63335ms, deviation=1.99472ms]
----------------------------------------------------------

----------------------------------------------------------
sample path: (IntersectionOutput) 
  order timepoint           sequence nr.                  node name     dropped samples
latency

Statistics:
  latency:                  2.80951ms [min=2.74729ms, max=12.6372ms, average=3.62785ms, deviation=1.98915ms]
----------------------------------------------------------

----------------------------------------------------------
sample path: (IntersectionOutput) 
  order timepoint           sequence nr.                  node name     dropped samples
latency

Statistics:
  latency:                  3.40122ms [min=2.74729ms, max=12.6372ms, average=3.62635ms, deviation=1.98259ms]
----------------------------------------------------------

----------------------------------------------------------
sample path: (VehicleDBWSystem) 
  order timepoint           sequence nr.                  node name     dropped samples
bp period
latency

Statistics:
  latency:                  159.378ms [min=131.205ms, max=211.591ms, average=156.213ms, deviation=26.4452ms]
hotpath
  hot path:                 FrontLidarDriver/RearLidarDriver -> ObjectCollisionEstimator
  hot path latency:         17.3111ms [min=13.5021ms, max=21.1144ms, average=16.6791ms, deviation=2.37435ms]
  hot path drops:           0 [min=0, max=0, average=0, deviation=0]
  behavior planner period:  99.9847ms [min=99.9393ms, max=100.061ms, average=99.9993ms, deviation=0.0202768ms]
----------------------------------------------------------

----------------------------------------------------------
sample path: (IntersectionOutput) 
  order timepoint           sequence nr.                  node name     dropped samples
latency

Statistics:
  latency:                  2.82357ms [min=2.74729ms, max=12.6372ms, average=3.62107ms, deviation=1.97709ms]
----------------------------------------------------------

----------------------------------------------------------
sample path: (IntersectionOutput) 
  order timepoint           sequence nr.                  node name     dropped samples
latency

Statistics:
  latency:                  2.82173ms [min=2.74729ms, max=12.6372ms, average=3.61585ms, deviation=1.97164ms]
----------------------------------------------------------

----------------------------------------------------------
sample path: (IntersectionOutput) 
  order timepoint           sequence nr.                  node name     dropped samples
latency

Statistics:
  latency:                  2.86593ms [min=2.74729ms, max=12.6372ms, average=3.61098ms, deviation=1.96611ms]
----------------------------------------------------------

----------------------------------------------------------
sample path: (IntersectionOutput) 
  order timepoint           sequence nr.                  node name     dropped samples
latency

Statistics:
  latency:                  2.92393ms [min=2.74729ms, max=12.6372ms, average=3.60655ms, deviation=1.96049ms]
----------------------------------------------------------

----------------------------------------------------------
sample path: (VehicleDBWSystem) 
  order timepoint           sequence nr.                  node name     dropped samples
bp period
latency

Statistics:
  latency:                  131.38ms [min=131.205ms, max=211.591ms, average=155.576ms, deviation=26.3961ms]
hotpath
  hot path:                 FrontLidarDriver/RearLidarDriver -> ObjectCollisionEstimator
  hot path latency:         13.6863ms [min=13.5021ms, max=21.1144ms, average=16.6023ms, deviation=2.3914ms]
  hot path drops:           0 [min=0, max=0, average=0, deviation=0]
  behavior planner period:  100.023ms [min=99.9393ms, max=100.061ms, average=99.9999ms, deviation=0.0203638ms]
----------------------------------------------------------

----------------------------------------------------------
sample path: (IntersectionOutput) 
  order timepoint           sequence nr.                  node name     dropped samples
latency

Statistics:
  latency:                  2.8042ms [min=2.74729ms, max=12.6372ms, average=3.6014ms, deviation=1.95522ms]
----------------------------------------------------------

----------------------------------------------------------
sample path: (IntersectionOutput) 
  order timepoint           sequence nr.                  node name     dropped samples
latency

Statistics:
  latency:                  3.00671ms [min=2.74729ms, max=12.6372ms, average=3.59761ms, deviation=1.94952ms]
----------------------------------------------------------

----------------------------------------------------------
sample path: (IntersectionOutput) 
  order timepoint           sequence nr.                  node name     dropped samples
latency

Statistics:
  latency:                  2.89977ms [min=2.74729ms, max=12.6372ms, average=3.5932ms, deviation=1.94409ms]
----------------------------------------------------------

----------------------------------------------------------
sample path: (IntersectionOutput) 
  order timepoint           sequence nr.                  node name     dropped samples
latency

Statistics:
  latency:                  2.80771ms [min=2.74729ms, max=12.6372ms, average=3.58826ms, deviation=1.93893ms]
----------------------------------------------------------

----------------------------------------------------------
sample path: (VehicleDBWSystem) 
  order timepoint           sequence nr.                  node name     dropped samples
bp period
latency

Statistics:
  latency:                  131.237ms [min=131.205ms, max=211.591ms, average=154.968ms, deviation=26.3382ms]
hotpath
  hot path:                 FrontLidarDriver/RearLidarDriver -> ObjectCollisionEstimator
  hot path latency:         13.6944ms [min=13.5021ms, max=21.1144ms, average=16.5296ms, deviation=2.40491ms]
  hot path drops:           0 [min=0, max=0, average=0, deviation=0]
  behavior planner period:  99.9764ms [min=99.9393ms, max=100.061ms, average=99.9993ms, deviation=0.0204446ms]
----------------------------------------------------------

----------------------------------------------------------
sample path: (IntersectionOutput) 
  order timepoint           sequence nr.                  node name     dropped samples
latency

Statistics:
  latency:                  2.8983ms [min=2.74729ms, max=12.6372ms, average=3.58395ms, deviation=1.93359ms]
----------------------------------------------------------

----------------------------------------------------------
sample path: (IntersectionOutput) 
  order timepoint           sequence nr.                  node name     dropped samples
latency

Statistics:
  latency:                  2.82276ms [min=2.74729ms, max=12.6372ms, average=3.57922ms, deviation=1.92847ms]
----------------------------------------------------------

----------------------------------------------------------
sample path: (IntersectionOutput) 
  order timepoint           sequence nr.                  node name     dropped samples
latency

Statistics:
  latency:                  2.98048ms [min=2.74729ms, max=12.6372ms, average=3.57552ms, deviation=1.92305ms]
----------------------------------------------------------

----------------------------------------------------------
sample path: (IntersectionOutput) 
  order timepoint           sequence nr.                  node name     dropped samples
latency

Statistics:
  latency:                  7.87457ms [min=2.74729ms, max=12.6372ms, average=3.6019ms, deviation=1.94645ms]
----------------------------------------------------------

----------------------------------------------------------
sample path: (VehicleDBWSystem) 
  order timepoint           sequence nr.                  node name     dropped samples
bp period
latency

Statistics:
  latency:                  141.075ms [min=131.205ms, max=211.591ms, average=154.629ms, deviation=26.0972ms]
hotpath
  hot path:                 FrontLidarDriver/RearLidarDriver -> ObjectCollisionEstimator
  hot path latency:         13.5295ms [min=13.5021ms, max=21.1144ms, average=16.4565ms, deviation=2.42044ms]
  hot path drops:           0 [min=0, max=0, average=0, deviation=0]
  behavior planner period:  100.023ms [min=99.9393ms, max=100.061ms, average=99.9999ms, deviation=0.0205178ms]
----------------------------------------------------------

----------------------------------------------------------
sample path: (IntersectionOutput) 
  order timepoint           sequence nr.                  node name     dropped samples
latency

Statistics:
  latency:                  7.74667ms [min=2.74729ms, max=12.6372ms, average=3.62717ms, deviation=1.96728ms]
----------------------------------------------------------

----------------------------------------------------------
sample path: (IntersectionOutput) 
  order timepoint           sequence nr.                  node name     dropped samples
latency

Statistics:
  latency:                  3.09652ms [min=2.74729ms, max=12.6372ms, average=3.62395ms, deviation=1.96171ms]
----------------------------------------------------------

----------------------------------------------------------
sample path: (IntersectionOutput) 
  order timepoint           sequence nr.                  node name     dropped samples
latency

Statistics:
  latency:                  2.9903ms [min=2.74729ms, max=12.6372ms, average=3.62014ms, deviation=1.95637ms]
----------------------------------------------------------

----------------------------------------------------------
sample path: (IntersectionOutput) 
  order timepoint           sequence nr.                  node name     dropped samples
latency

Statistics:
  latency:                  2.78482ms [min=2.74729ms, max=12.6372ms, average=3.61513ms, deviation=1.95154ms]
----------------------------------------------------------

----------------------------------------------------------
sample path: (VehicleDBWSystem) 
  order timepoint           sequence nr.                  node name     dropped samples
bp period
latency

Statistics:
  latency:                  211.306ms [min=131.205ms, max=211.591ms, average=155.978ms, deviation=27.2201ms]
hotpath
  hot path:                 FrontLidarDriver/RearLidarDriver -> ObjectCollisionEstimator
  hot path latency:         20.73ms [min=13.5021ms, max=21.1144ms, average=16.5582ms, deviation=2.48001ms]
  hot path drops:           0 [min=0, max=0, average=0, deviation=0]
  behavior planner period:  99.9809ms [min=99.9393ms, max=100.061ms, average=99.9994ms, deviation=0.0204752ms]
----------------------------------------------------------

----------------------------------------------------------
sample path: (IntersectionOutput) 
  order timepoint           sequence nr.                  node name     dropped samples
latency

Statistics:
  latency:                  12.6064ms [min=2.74729ms, max=12.6372ms, average=3.66865ms, deviation=2.06565ms]
----------------------------------------------------------

----------------------------------------------------------
sample path: (IntersectionOutput) 
  order timepoint           sequence nr.                  node name     dropped samples
latency

Statistics:
  latency:                  3.08684ms [min=2.74729ms, max=12.6372ms, average=3.66521ms, deviation=2.05998ms]
----------------------------------------------------------

----------------------------------------------------------
sample path: (IntersectionOutput) 
  order timepoint           sequence nr.                  node name     dropped samples
latency

Statistics:
  latency:                  3.06089ms [min=2.74729ms, max=12.6372ms, average=3.66166ms, deviation=2.0544ms]
----------------------------------------------------------

----------------------------------------------------------
sample path: (IntersectionOutput) 
  order timepoint           sequence nr.                  node name     dropped samples
latency

Statistics:
  latency:                  3.39033ms [min=2.74729ms, max=12.6372ms, average=3.66007ms, deviation=2.04845ms]
----------------------------------------------------------

