RTI Connext DDS Non-commercial license is for academic, research, evaluation and personal use only. USE FOR COMMERCIAL PURPOSES IS PROHIBITED. See RTI_LICENSE.TXT for terms. Download free tools at rti.com/ncl. License issued to Non-Commercial User license@rti.com For non-production use only.
Expires on 00-jan-00 See www.rti.com for more information.
----------------------------------------------------------
sample path: (IntersectionOutput) 
  order timepoint           sequence nr.                  node name     dropped samples
latency

Statistics:
  latency:                  2.95388ms [min=2.95388ms, max=2.95388ms, average=2.95388ms, deviation=-nanms]
----------------------------------------------------------

----------------------------------------------------------
sample path: (IntersectionOutput) 
  order timepoint           sequence nr.                  node name     dropped samples
latency

Statistics:
  latency:                  3.0486ms [min=2.95388ms, max=3.0486ms, average=3.00124ms, deviation=0.0669821ms]
----------------------------------------------------------

----------------------------------------------------------
sample path: (IntersectionOutput) 
  order timepoint           sequence nr.                  node name     dropped samples
latency

Statistics:
  latency:                  2.93525ms [min=2.93525ms, max=3.0486ms, average=2.97925ms, deviation=0.0607852ms]
----------------------------------------------------------

----------------------------------------------------------
sample path: (VehicleDBWSystem) 
  order timepoint           sequence nr.                  node name     dropped samples
latency

Statistics:
  latency:                  136.41ms [min=136.41ms, max=136.41ms, average=136.41ms, deviation=-nanms]
hotpath
  hot path:                 FrontLidarDriver/RearLidarDriver -> ObjectCollisionEstimator
  hot path latency:         14.9072ms [min=14.9072ms, max=14.9072ms, average=14.9072ms, deviation=-nanms]
  hot path drops:           0 [min=0, max=0, average=0, deviation=-nan]
  behavior planner period:  0ms [min=1.84467e+13ms, max=0ms, average=0ms, deviation=0ms]
----------------------------------------------------------

----------------------------------------------------------
sample path: (IntersectionOutput) 
  order timepoint           sequence nr.                  node name     dropped samples
latency

Statistics:
  latency:                  2.99058ms [min=2.93525ms, max=3.0486ms, average=2.98208ms, deviation=0.0499533ms]
----------------------------------------------------------

----------------------------------------------------------
sample path: (IntersectionOutput) 
  order timepoint           sequence nr.                  node name     dropped samples
latency

Statistics:
  latency:                  2.98401ms [min=2.93525ms, max=3.0486ms, average=2.98246ms, deviation=0.0432694ms]
----------------------------------------------------------

----------------------------------------------------------
sample path: (IntersectionOutput) 
  order timepoint           sequence nr.                  node name     dropped samples
latency

Statistics:
  latency:                  3.01482ms [min=2.93525ms, max=3.0486ms, average=2.98786ms, deviation=0.0408928ms]
----------------------------------------------------------

----------------------------------------------------------
sample path: (IntersectionOutput) 
  order timepoint           sequence nr.                  node name     dropped samples
latency

Statistics:
  latency:                  2.92105ms [min=2.92105ms, max=3.0486ms, average=2.97831ms, deviation=0.0450681ms]
----------------------------------------------------------

----------------------------------------------------------
sample path: (VehicleDBWSystem) 
  order timepoint           sequence nr.                  node name     dropped samples
bp period
latency

Statistics:
  latency:                  130.582ms [min=130.582ms, max=136.41ms, average=133.496ms, deviation=4.12049ms]
hotpath
  hot path:                 FrontLidarDriver/RearLidarDriver -> ObjectCollisionEstimator
  hot path latency:         13.0838ms [min=13.0838ms, max=14.9072ms, average=13.9955ms, deviation=1.28937ms]
  hot path drops:           0 [min=0, max=0, average=0, deviation=0]
  behavior planner period:  100.005ms [min=100.005ms, max=100.005ms, average=100.005ms, deviation=-nanms]
----------------------------------------------------------

----------------------------------------------------------
sample path: (IntersectionOutput) 
  order timepoint           sequence nr.                  node name     dropped samples
latency

Statistics:
  latency:                  2.85515ms [min=2.85515ms, max=3.0486ms, average=2.96292ms, deviation=0.0603077ms]
----------------------------------------------------------

----------------------------------------------------------
sample path: (IntersectionOutput) 
  order timepoint           sequence nr.                  node name     dropped samples
latency

Statistics:
  latency:                  2.97104ms [min=2.85515ms, max=3.0486ms, average=2.96382ms, deviation=0.0564777ms]
----------------------------------------------------------

----------------------------------------------------------
sample path: (IntersectionOutput) 
  order timepoint           sequence nr.                  node name     dropped samples
latency

Statistics:
  latency:                  2.88065ms [min=2.85515ms, max=3.0486ms, average=2.9555ms, deviation=0.0593882ms]
----------------------------------------------------------

----------------------------------------------------------
sample path: (IntersectionOutput) 
  order timepoint           sequence nr.                  node name     dropped samples
latency

Statistics:
  latency:                  3.23698ms [min=2.85515ms, max=3.23698ms, average=2.98109ms, deviation=0.101867ms]
----------------------------------------------------------

----------------------------------------------------------
sample path: (VehicleDBWSystem) 
  order timepoint           sequence nr.                  node name     dropped samples
bp period
latency

Statistics:
  latency:                  130.433ms [min=130.433ms, max=136.41ms, average=132.475ms, deviation=3.40831ms]
hotpath
  hot path:                 FrontLidarDriver/RearLidarDriver -> ObjectCollisionEstimator
  hot path latency:         14.0711ms [min=13.0838ms, max=14.9072ms, average=14.0207ms, deviation=0.912764ms]
  hot path drops:           0 [min=0, max=0, average=0, deviation=0]
  behavior planner period:  100.059ms [min=100.005ms, max=100.059ms, average=100.032ms, deviation=0.0383464ms]
----------------------------------------------------------

----------------------------------------------------------
sample path: (IntersectionOutput) 
  order timepoint           sequence nr.                  node name     dropped samples
latency

Statistics:
  latency:                  3.17266ms [min=2.85515ms, max=3.23698ms, average=2.99706ms, deviation=0.111767ms]
----------------------------------------------------------

----------------------------------------------------------
sample path: (IntersectionOutput) 
  order timepoint           sequence nr.                  node name     dropped samples
latency

Statistics:
  latency:                  3.33655ms [min=2.85515ms, max=3.33655ms, average=3.02317ms, deviation=0.142537ms]
----------------------------------------------------------

----------------------------------------------------------
sample path: (IntersectionOutput) 
  order timepoint           sequence nr.                  node name     dropped samples
latency

Statistics:
  latency:                  3.15148ms [min=2.85515ms, max=3.33655ms, average=3.03234ms, deviation=0.141173ms]
----------------------------------------------------------

----------------------------------------------------------
sample path: (IntersectionOutput) 
  order timepoint           sequence nr.                  node name     dropped samples
latency

Statistics:
  latency:                  2.91751ms [min=2.85515ms, max=3.33655ms, average=3.02468ms, deviation=0.139231ms]
----------------------------------------------------------

----------------------------------------------------------
sample path: (VehicleDBWSystem) 
  order timepoint           sequence nr.                  node name     dropped samples
bp period
latency

Statistics:
  latency:                  130.709ms [min=130.433ms, max=136.41ms, average=132.034ms, deviation=2.91959ms]
hotpath
  hot path:                 FrontLidarDriver/RearLidarDriver -> ObjectCollisionEstimator
  hot path latency:         12.688ms [min=12.688ms, max=14.9072ms, average=13.6875ms, deviation=0.999713ms]
  hot path drops:           0 [min=0, max=0, average=0, deviation=0]
  behavior planner period:  99.9407ms [min=99.9407ms, max=100.059ms, average=100.001ms, deviation=0.0591114ms]
----------------------------------------------------------

----------------------------------------------------------
sample path: (IntersectionOutput) 
  order timepoint           sequence nr.                  node name     dropped samples
latency

Statistics:
  latency:                  3.085ms [min=2.85515ms, max=3.33655ms, average=3.02845ms, deviation=0.135352ms]
----------------------------------------------------------

----------------------------------------------------------
sample path: (IntersectionOutput) 
  order timepoint           sequence nr.                  node name     dropped samples
latency

Statistics:
  latency:                  3.23324ms [min=2.85515ms, max=3.33655ms, average=3.0405ms, deviation=0.140151ms]
----------------------------------------------------------

----------------------------------------------------------
sample path: (IntersectionOutput) 
  order timepoint           sequence nr.                  node name     dropped samples
latency

Statistics:
  latency:                  2.95135ms [min=2.85515ms, max=3.33655ms, average=3.03554ms, deviation=0.13758ms]
----------------------------------------------------------

----------------------------------------------------------
sample path: (IntersectionOutput) 
  order timepoint           sequence nr.                  node name     dropped samples
latency

Statistics:
  latency:                  3.27387ms [min=2.85515ms, max=3.33655ms, average=3.04809ms, deviation=0.144451ms]
----------------------------------------------------------

----------------------------------------------------------
sample path: (VehicleDBWSystem) 
  order timepoint           sequence nr.                  node name     dropped samples
bp period
latency

Statistics:
  latency:                  132.046ms [min=130.433ms, max=136.41ms, average=132.036ms, deviation=2.52844ms]
hotpath
  hot path:                 FrontLidarDriver/RearLidarDriver -> ObjectCollisionEstimator
  hot path latency:         14.4419ms [min=12.688ms, max=14.9072ms, average=13.8384ms, deviation=0.929179ms]
  hot path drops:           0 [min=0, max=0, average=0, deviation=0]
  behavior planner period:  99.9934ms [min=99.9407ms, max=100.059ms, average=99.9994ms, deviation=0.0484298ms]
----------------------------------------------------------

----------------------------------------------------------
sample path: (IntersectionOutput) 
  order timepoint           sequence nr.                  node name     dropped samples
latency

Statistics:
  latency:                  3.01342ms [min=2.85515ms, max=3.33655ms, average=3.04635ms, deviation=0.140812ms]
----------------------------------------------------------

----------------------------------------------------------
sample path: (IntersectionOutput) 
  order timepoint           sequence nr.                  node name     dropped samples
latency

Statistics:
  latency:                  2.99057ms [min=2.85515ms, max=3.33655ms, average=3.0437ms, deviation=0.137785ms]
----------------------------------------------------------

----------------------------------------------------------
sample path: (IntersectionOutput) 
  order timepoint           sequence nr.                  node name     dropped samples
latency

Statistics:
  latency:                  2.93492ms [min=2.85515ms, max=3.33655ms, average=3.03875ms, deviation=0.13645ms]
----------------------------------------------------------

----------------------------------------------------------
sample path: (IntersectionOutput) 
  order timepoint           sequence nr.                  node name     dropped samples
latency

Statistics:
  latency:                  3.01313ms [min=2.85515ms, max=3.33655ms, average=3.03764ms, deviation=0.13342ms]
----------------------------------------------------------

----------------------------------------------------------
sample path: (VehicleDBWSystem) 
  order timepoint           sequence nr.                  node name     dropped samples
bp period
latency

Statistics:
  latency:                  207.097ms [min=130.433ms, max=207.097ms, average=144.546ms, deviation=30.7267ms]
hotpath
  hot path:                 FrontLidarDriver/RearLidarDriver -> ObjectCollisionEstimator
  hot path latency:         17.6607ms [min=12.688ms, max=17.6607ms, average=14.4754ms, deviation=1.76796ms]
  hot path drops:           0 [min=0, max=0, average=0, deviation=0]
  behavior planner period:  100.066ms [min=99.9407ms, max=100.066ms, average=100.013ms, deviation=0.0515542ms]
----------------------------------------------------------

----------------------------------------------------------
sample path: (IntersectionOutput) 
  order timepoint           sequence nr.                  node name     dropped samples
latency

Statistics:
  latency:                  2.95036ms [min=2.85515ms, max=3.33655ms, average=3.034ms, deviation=0.131698ms]
----------------------------------------------------------

----------------------------------------------------------
sample path: (IntersectionOutput) 
  order timepoint           sequence nr.                  node name     dropped samples
latency

Statistics:
  latency:                  3.0125ms [min=2.85515ms, max=3.33655ms, average=3.03314ms, deviation=0.128997ms]
----------------------------------------------------------

----------------------------------------------------------
sample path: (IntersectionOutput) 
  order timepoint           sequence nr.                  node name     dropped samples
latency

Statistics:
  latency:                  3.02816ms [min=2.85515ms, max=3.33655ms, average=3.03295ms, deviation=0.126394ms]
----------------------------------------------------------

----------------------------------------------------------
sample path: (IntersectionOutput) 
  order timepoint           sequence nr.                  node name     dropped samples
latency

Statistics:
  latency:                  3.05823ms [min=2.85515ms, max=3.33655ms, average=3.03389ms, deviation=0.124035ms]
----------------------------------------------------------

----------------------------------------------------------
sample path: (VehicleDBWSystem) 
  order timepoint           sequence nr.                  node name     dropped samples
bp period
latency

Statistics:
  latency:                  159.578ms [min=130.433ms, max=207.097ms, average=146.694ms, deviation=28.6191ms]
hotpath
  hot path:                 FrontLidarDriver/RearLidarDriver -> ObjectCollisionEstimator
  hot path latency:         13.7428ms [min=12.688ms, max=17.6607ms, average=14.3708ms, deviation=1.6375ms]
  hot path drops:           0 [min=0, max=0, average=0, deviation=0]
  behavior planner period:  100.003ms [min=99.9407ms, max=100.066ms, average=100.011ms, deviation=0.0462691ms]
----------------------------------------------------------

----------------------------------------------------------
sample path: (IntersectionOutput) 
  order timepoint           sequence nr.                  node name     dropped samples
latency

Statistics:
  latency:                  3.04148ms [min=2.85515ms, max=3.33655ms, average=3.03416ms, deviation=0.121725ms]
----------------------------------------------------------

----------------------------------------------------------
sample path: (IntersectionOutput) 
  order timepoint           sequence nr.                  node name     dropped samples
latency

Statistics:
  latency:                  2.96194ms [min=2.85515ms, max=3.33655ms, average=3.03167ms, deviation=0.120282ms]
----------------------------------------------------------

----------------------------------------------------------
sample path: (IntersectionOutput) 
  order timepoint           sequence nr.                  node name     dropped samples
latency

Statistics:
  latency:                  2.87264ms [min=2.85515ms, max=3.33655ms, average=3.02637ms, deviation=0.121703ms]
----------------------------------------------------------

----------------------------------------------------------
sample path: (IntersectionOutput) 
  order timepoint           sequence nr.                  node name     dropped samples
latency

Statistics:
  latency:                  3.23595ms [min=2.85515ms, max=3.33655ms, average=3.03313ms, deviation=0.125439ms]
----------------------------------------------------------

----------------------------------------------------------
sample path: (VehicleDBWSystem) 
  order timepoint           sequence nr.                  node name     dropped samples
bp period
latency

Statistics:
  latency:                  159.86ms [min=130.433ms, max=207.097ms, average=148.339ms, deviation=26.9019ms]
hotpath
  hot path:                 FrontLidarDriver/RearLidarDriver -> ObjectCollisionEstimator
  hot path latency:         12.7374ms [min=12.688ms, max=17.6607ms, average=14.1666ms, deviation=1.6223ms]
  hot path drops:           0 [min=0, max=0, average=0, deviation=0]
  behavior planner period:  99.9361ms [min=99.9361ms, max=100.066ms, average=100.001ms, deviation=0.0509012ms]
----------------------------------------------------------

----------------------------------------------------------
sample path: (IntersectionOutput) 
  order timepoint           sequence nr.                  node name     dropped samples
latency

Statistics:
  latency:                  3.02486ms [min=2.85515ms, max=3.33655ms, average=3.03287ms, deviation=0.123408ms]
----------------------------------------------------------

----------------------------------------------------------
sample path: (IntersectionOutput) 
  order timepoint           sequence nr.                  node name     dropped samples
latency

Statistics:
  latency:                  3.10279ms [min=2.85515ms, max=3.33655ms, average=3.03499ms, deviation=0.122073ms]
----------------------------------------------------------

----------------------------------------------------------
sample path: (IntersectionOutput) 
  order timepoint           sequence nr.                  node name     dropped samples
latency

Statistics:
  latency:                  2.86399ms [min=2.85515ms, max=3.33655ms, average=3.02996ms, deviation=0.123734ms]
----------------------------------------------------------

----------------------------------------------------------
sample path: (IntersectionOutput) 
  order timepoint           sequence nr.                  node name     dropped samples
latency

Statistics:
  latency:                  2.97002ms [min=2.85515ms, max=3.33655ms, average=3.02825ms, deviation=0.122322ms]
----------------------------------------------------------

----------------------------------------------------------
sample path: (VehicleDBWSystem) 
  order timepoint           sequence nr.                  node name     dropped samples
bp period
latency

Statistics:
  latency:                  130.317ms [min=130.317ms, max=207.097ms, average=146.337ms, deviation=25.8716ms]
hotpath
  hot path:                 FrontLidarDriver/RearLidarDriver -> ObjectCollisionEstimator
  hot path latency:         14.7911ms [min=12.688ms, max=17.6607ms, average=14.236ms, deviation=1.53173ms]
  hot path drops:           0 [min=0, max=0, average=0, deviation=0]
  behavior planner period:  100.061ms [min=99.9361ms, max=100.066ms, average=100.008ms, deviation=0.0517186ms]
----------------------------------------------------------

----------------------------------------------------------
sample path: (IntersectionOutput) 
  order timepoint           sequence nr.                  node name     dropped samples
latency

Statistics:
  latency:                  2.90747ms [min=2.85515ms, max=3.33655ms, average=3.02489ms, deviation=0.12223ms]
----------------------------------------------------------

----------------------------------------------------------
sample path: (IntersectionOutput) 
  order timepoint           sequence nr.                  node name     dropped samples
latency

Statistics:
  latency:                  3.18956ms [min=2.85515ms, max=3.33655ms, average=3.02934ms, deviation=0.123524ms]
----------------------------------------------------------

----------------------------------------------------------
sample path: (IntersectionOutput) 
  order timepoint           sequence nr.                  node name     dropped samples
latency

Statistics:
  latency:                  3.04385ms [min=2.85515ms, max=3.33655ms, average=3.02972ms, deviation=0.121866ms]
----------------------------------------------------------

----------------------------------------------------------
sample path: (IntersectionOutput) 
  order timepoint           sequence nr.                  node name     dropped samples
latency

Statistics:
  latency:                  3.06061ms [min=2.85515ms, max=3.33655ms, average=3.03052ms, deviation=0.120353ms]
----------------------------------------------------------

----------------------------------------------------------
sample path: (VehicleDBWSystem) 
  order timepoint           sequence nr.                  node name     dropped samples
bp period
latency

Statistics:
  latency:                  129.675ms [min=129.675ms, max=207.097ms, average=144.671ms, deviation=24.9546ms]
hotpath
  hot path:                 FrontLidarDriver/RearLidarDriver -> ObjectCollisionEstimator
  hot path latency:         12.3264ms [min=12.3264ms, max=17.6607ms, average=14.045ms, deviation=1.5653ms]
  hot path drops:           0 [min=0, max=0, average=0, deviation=0]
  behavior planner period:  99.9994ms [min=99.9361ms, max=100.066ms, average=100.007ms, deviation=0.0484646ms]
----------------------------------------------------------

----------------------------------------------------------
sample path: (IntersectionOutput) 
  order timepoint           sequence nr.                  node name     dropped samples
latency

Statistics:
  latency:                  2.90817ms [min=2.85515ms, max=3.33655ms, average=3.02746ms, deviation=0.120365ms]
----------------------------------------------------------

----------------------------------------------------------
sample path: (IntersectionOutput) 
  order timepoint           sequence nr.                  node name     dropped samples
latency

Statistics:
  latency:                  2.99237ms [min=2.85515ms, max=3.33655ms, average=3.0266ms, deviation=0.118977ms]
----------------------------------------------------------

----------------------------------------------------------
sample path: (IntersectionOutput) 
  order timepoint           sequence nr.                  node name     dropped samples
latency

Statistics:
  latency:                  2.88976ms [min=2.85515ms, max=3.33655ms, average=3.02334ms, deviation=0.119399ms]
----------------------------------------------------------

----------------------------------------------------------
sample path: (IntersectionOutput) 
  order timepoint           sequence nr.                  node name     dropped samples
latency

Statistics:
  latency:                  4.84851ms [min=2.85515ms, max=4.84851ms, average=3.06579ms, deviation=0.302304ms]
----------------------------------------------------------

----------------------------------------------------------
sample path: (VehicleDBWSystem) 
  order timepoint           sequence nr.                  node name     dropped samples
bp period
latency

Statistics:
  latency:                  133.343ms [min=129.675ms, max=207.097ms, average=143.641ms, deviation=23.9191ms]
hotpath
  hot path:                 FrontLidarDriver/RearLidarDriver -> ObjectCollisionEstimator
  hot path latency:         13.1189ms [min=12.3264ms, max=17.6607ms, average=13.9608ms, deviation=1.511ms]
  hot path drops:           0 [min=0, max=0, average=0, deviation=0]
  behavior planner period:  99.8554ms [min=99.8554ms, max=100.066ms, average=99.9919ms, deviation=0.0662544ms]
----------------------------------------------------------

----------------------------------------------------------
sample path: (IntersectionOutput) 
  order timepoint           sequence nr.                  node name     dropped samples
latency

Statistics:
  latency:                  2.96238ms [min=2.85515ms, max=4.84851ms, average=3.06344ms, deviation=0.299174ms]
----------------------------------------------------------

----------------------------------------------------------
sample path: (IntersectionOutput) 
  order timepoint           sequence nr.                  node name     dropped samples
latency

Statistics:
  latency:                  3.0656ms [min=2.85515ms, max=4.84851ms, average=3.06349ms, deviation=0.295755ms]
----------------------------------------------------------

----------------------------------------------------------
sample path: (IntersectionOutput) 
  order timepoint           sequence nr.                  node name     dropped samples
latency

Statistics:
  latency:                  2.92643ms [min=2.85515ms, max=4.84851ms, average=3.06051ms, deviation=0.293148ms]
----------------------------------------------------------

----------------------------------------------------------
sample path: (IntersectionOutput) 
  order timepoint           sequence nr.                  node name     dropped samples
latency

Statistics:
  latency:                  3.04741ms [min=2.85515ms, max=4.84851ms, average=3.06023ms, deviation=0.28995ms]
----------------------------------------------------------

----------------------------------------------------------
sample path: (VehicleDBWSystem) 
  order timepoint           sequence nr.                  node name     dropped samples
bp period
latency

Statistics:
  latency:                  206.992ms [min=129.675ms, max=207.097ms, average=148.92ms, deviation=29.2328ms]
hotpath
  hot path:                 FrontLidarDriver/RearLidarDriver -> ObjectCollisionEstimator
  hot path latency:         15.025ms [min=12.3264ms, max=17.6607ms, average=14.0495ms, deviation=1.47307ms]
  hot path drops:           0 [min=0, max=0, average=0, deviation=0]
  behavior planner period:  100.085ms [min=99.8554ms, max=100.085ms, average=100ms, deviation=0.0688018ms]
----------------------------------------------------------

----------------------------------------------------------
sample path: (IntersectionOutput) 
  order timepoint           sequence nr.                  node name     dropped samples
latency

Statistics:
  latency:                  2.9079ms [min=2.85515ms, max=4.84851ms, average=3.05706ms, deviation=0.287691ms]
----------------------------------------------------------

----------------------------------------------------------
sample path: (IntersectionOutput) 
  order timepoint           sequence nr.                  node name     dropped samples
latency

Statistics:
  latency:                  2.91987ms [min=2.85515ms, max=4.84851ms, average=3.05426ms, deviation=0.285352ms]
----------------------------------------------------------

----------------------------------------------------------
sample path: (IntersectionOutput) 
  order timepoint           sequence nr.                  node name     dropped samples
latency

Statistics:
  latency:                  2.89823ms [min=2.85515ms, max=4.84851ms, average=3.05114ms, deviation=0.283286ms]
----------------------------------------------------------

----------------------------------------------------------
sample path: (IntersectionOutput) 
  order timepoint           sequence nr.                  node name     dropped samples
latency

Statistics:
  latency:                  3.04549ms [min=2.85515ms, max=4.84851ms, average=3.05102ms, deviation=0.28044ms]
----------------------------------------------------------

----------------------------------------------------------
sample path: (VehicleDBWSystem) 
  order timepoint           sequence nr.                  node name     dropped samples
bp period
latency

Statistics:
  latency:                  159.149ms [min=129.675ms, max=207.097ms, average=149.707ms, deviation=28.1317ms]
hotpath
  hot path:                 FrontLidarDriver/RearLidarDriver -> ObjectCollisionEstimator
  hot path latency:         12.71ms [min=12.3264ms, max=17.6607ms, average=13.9465ms, deviation=1.45847ms]
  hot path drops:           0 [min=0, max=0, average=0, deviation=0]
  behavior planner period:  100.001ms [min=99.8554ms, max=100.085ms, average=100ms, deviation=0.0656002ms]
----------------------------------------------------------

----------------------------------------------------------
sample path: (IntersectionOutput) 
  order timepoint           sequence nr.                  node name     dropped samples
latency

Statistics:
  latency:                  3.02126ms [min=2.85515ms, max=4.84851ms, average=3.05045ms, deviation=0.277707ms]
----------------------------------------------------------

----------------------------------------------------------
sample path: (IntersectionOutput) 
  order timepoint           sequence nr.                  node name     dropped samples
latency

Statistics:
  latency:                  2.97628ms [min=2.85515ms, max=4.84851ms, average=3.04905ms, deviation=0.275213ms]
----------------------------------------------------------

----------------------------------------------------------
sample path: (IntersectionOutput) 
  order timepoint           sequence nr.                  node name     dropped samples
latency

Statistics:
  latency:                  2.88328ms [min=2.85515ms, max=4.84851ms, average=3.04598ms, deviation=0.273536ms]
----------------------------------------------------------

----------------------------------------------------------
sample path: (IntersectionOutput) 
  order timepoint           sequence nr.                  node name     dropped samples
latency

Statistics:
  latency:                  3.22142ms [min=2.85515ms, max=4.84851ms, average=3.04917ms, deviation=0.272022ms]
----------------------------------------------------------

----------------------------------------------------------
sample path: (VehicleDBWSystem) 
  order timepoint           sequence nr.                  node name     dropped samples
bp period
latency

Statistics:
  latency:                  156.876ms [min=129.675ms, max=207.097ms, average=150.219ms, deviation=27.0958ms]
hotpath
  hot path:                 FrontLidarDriver/RearLidarDriver -> ObjectCollisionEstimator
  hot path latency:         14.5532ms [min=12.3264ms, max=17.6607ms, average=13.9898ms, deviation=1.4106ms]
  hot path drops:           0 [min=0, max=0, average=0, deviation=0]
  behavior planner period:  100.002ms [min=99.8554ms, max=100.085ms, average=100.001ms, deviation=0.0628089ms]
----------------------------------------------------------

----------------------------------------------------------
sample path: (IntersectionOutput) 
  order timepoint           sequence nr.                  node name     dropped samples
latency

Statistics:
  latency:                  2.94042ms [min=2.85515ms, max=4.84851ms, average=3.04723ms, deviation=0.269929ms]
----------------------------------------------------------

----------------------------------------------------------
sample path: (IntersectionOutput) 
  order timepoint           sequence nr.                  node name     dropped samples
latency

Statistics:
  latency:                  3.09804ms [min=2.85515ms, max=4.84851ms, average=3.04812ms, deviation=0.267593ms]
----------------------------------------------------------

----------------------------------------------------------
sample path: (IntersectionOutput) 
  order timepoint           sequence nr.                  node name     dropped samples
latency

Statistics:
  latency:                  2.99504ms [min=2.85515ms, max=4.84851ms, average=3.04721ms, deviation=0.265327ms]
----------------------------------------------------------

----------------------------------------------------------
sample path: (IntersectionOutput) 
  order timepoint           sequence nr.                  node name     dropped samples
latency

Statistics:
  latency:                  3.30678ms [min=2.85515ms, max=4.84851ms, average=3.05161ms, deviation=0.265191ms]
----------------------------------------------------------

----------------------------------------------------------
sample path: (VehicleDBWSystem) 
  order timepoint           sequence nr.                  node name     dropped samples
bp period
latency

Statistics:
  latency:                  130.645ms [min=129.675ms, max=207.097ms, average=148.914ms, deviation=26.5948ms]
hotpath
  hot path:                 FrontLidarDriver/RearLidarDriver -> ObjectCollisionEstimator
  hot path latency:         14.0994ms [min=12.3264ms, max=17.6607ms, average=13.9971ms, deviation=1.35958ms]
  hot path drops:           0 [min=0, max=0, average=0, deviation=0]
  behavior planner period:  100.084ms [min=99.8554ms, max=100.085ms, average=100.007ms, deviation=0.0643758ms]
----------------------------------------------------------

----------------------------------------------------------
sample path: (IntersectionOutput) 
  order timepoint           sequence nr.                  node name     dropped samples
latency

Statistics:
  latency:                  3.09107ms [min=2.85515ms, max=4.84851ms, average=3.05226ms, deviation=0.262984ms]
----------------------------------------------------------

----------------------------------------------------------
sample path: (IntersectionOutput) 
  order timepoint           sequence nr.                  node name     dropped samples
latency

Statistics:
  latency:                  3.16304ms [min=2.85515ms, max=4.84851ms, average=3.05408ms, deviation=0.261168ms]
----------------------------------------------------------

----------------------------------------------------------
sample path: (IntersectionOutput) 
  order timepoint           sequence nr.                  node name     dropped samples
latency

Statistics:
  latency:                  2.91081ms [min=2.85515ms, max=4.84851ms, average=3.05177ms, deviation=0.259657ms]
----------------------------------------------------------

----------------------------------------------------------
sample path: (IntersectionOutput) 
  order timepoint           sequence nr.                  node name     dropped samples
latency

Statistics:
  latency:                  3.08654ms [min=2.85515ms, max=4.84851ms, average=3.05232ms, deviation=0.257592ms]
----------------------------------------------------------

----------------------------------------------------------
sample path: (VehicleDBWSystem) 
  order timepoint           sequence nr.                  node name     dropped samples
bp period
latency

Statistics:
  latency:                  131.809ms [min=129.675ms, max=207.097ms, average=147.845ms, deviation=26.0465ms]
hotpath
  hot path:                 FrontLidarDriver/RearLidarDriver -> ObjectCollisionEstimator
  hot path latency:         12.4146ms [min=12.3264ms, max=17.6607ms, average=13.8982ms, deviation=1.37177ms]
  hot path drops:           0 [min=0, max=0, average=0, deviation=0]
  behavior planner period:  99.9115ms [min=99.8554ms, max=100.085ms, average=100ms, deviation=0.066709ms]
----------------------------------------------------------

----------------------------------------------------------
sample path: (IntersectionOutput) 
  order timepoint           sequence nr.                  node name     dropped samples
latency

Statistics:
  latency:                  2.8996ms [min=2.85515ms, max=4.84851ms, average=3.04993ms, deviation=0.256251ms]
----------------------------------------------------------

----------------------------------------------------------
sample path: (IntersectionOutput) 
  order timepoint           sequence nr.                  node name     dropped samples
latency

Statistics:
  latency:                  2.93771ms [min=2.85515ms, max=4.84851ms, average=3.04821ms, deviation=0.254622ms]
----------------------------------------------------------

----------------------------------------------------------
sample path: (IntersectionOutput) 
  order timepoint           sequence nr.                  node name     dropped samples
latency

Statistics:
  latency:                  2.87626ms [min=2.85515ms, max=4.84851ms, average=3.0456ms, deviation=0.253541ms]
----------------------------------------------------------

----------------------------------------------------------
sample path: (IntersectionOutput) 
  order timepoint           sequence nr.                  node name     dropped samples
latency

Statistics:
  latency:                  3.28522ms [min=2.85515ms, max=4.84851ms, average=3.04918ms, deviation=0.25331ms]
----------------------------------------------------------

----------------------------------------------------------
sample path: (VehicleDBWSystem) 
  order timepoint           sequence nr.                  node name     dropped samples
bp period
latency

Statistics:
  latency:                  132.238ms [min=129.675ms, max=207.097ms, average=146.927ms, deviation=25.5019ms]
hotpath
  hot path:                 FrontLidarDriver/RearLidarDriver -> ObjectCollisionEstimator
  hot path latency:         13.5073ms [min=12.3264ms, max=17.6607ms, average=13.8752ms, deviation=1.33159ms]
  hot path drops:           0 [min=0, max=0, average=0, deviation=0]
  behavior planner period:  100.015ms [min=99.8554ms, max=100.085ms, average=100.001ms, deviation=0.0645548ms]
----------------------------------------------------------

----------------------------------------------------------
sample path: (IntersectionOutput) 
  order timepoint           sequence nr.                  node name     dropped samples
latency

Statistics:
  latency:                  3.0098ms [min=2.85515ms, max=4.84851ms, average=3.0486ms, deviation=0.251458ms]
----------------------------------------------------------

----------------------------------------------------------
sample path: (IntersectionOutput) 
  order timepoint           sequence nr.                  node name     dropped samples
latency

Statistics:
  latency:                  3.2331ms [min=2.85515ms, max=4.84851ms, average=3.05127ms, deviation=0.250589ms]
----------------------------------------------------------

----------------------------------------------------------
sample path: (IntersectionOutput) 
  order timepoint           sequence nr.                  node name     dropped samples
latency

Statistics:
  latency:                  2.92968ms [min=2.85515ms, max=4.84851ms, average=3.04954ms, deviation=0.24919ms]
----------------------------------------------------------

----------------------------------------------------------
sample path: (IntersectionOutput) 
  order timepoint           sequence nr.                  node name     dropped samples
latency

Statistics:
  latency:                  3.29761ms [min=2.85515ms, max=4.84851ms, average=3.05303ms, deviation=0.24915ms]
----------------------------------------------------------

----------------------------------------------------------
sample path: (VehicleDBWSystem) 
  order timepoint           sequence nr.                  node name     dropped samples
bp period
latency

Statistics:
  latency:                  205.111ms [min=129.675ms, max=207.097ms, average=150.16ms, deviation=28.2872ms]
hotpath
  hot path:                 FrontLidarDriver/RearLidarDriver -> ObjectCollisionEstimator
  hot path latency:         17.5974ms [min=12.3264ms, max=17.6607ms, average=14.082ms, deviation=1.56159ms]
  hot path drops:           0 [min=0, max=0, average=0, deviation=0]
  behavior planner period:  100.003ms [min=99.8554ms, max=100.085ms, average=100.001ms, deviation=0.0625063ms]
----------------------------------------------------------

----------------------------------------------------------
sample path: (IntersectionOutput) 
  order timepoint           sequence nr.                  node name     dropped samples
latency

Statistics:
  latency:                  2.91329ms [min=2.85515ms, max=4.84851ms, average=3.05109ms, deviation=0.247936ms]
----------------------------------------------------------

----------------------------------------------------------
sample path: (IntersectionOutput) 
  order timepoint           sequence nr.                  node name     dropped samples
latency

Statistics:
  latency:                  2.98684ms [min=2.85515ms, max=4.84851ms, average=3.05021ms, deviation=0.246323ms]
----------------------------------------------------------

----------------------------------------------------------
sample path: (IntersectionOutput) 
  order timepoint           sequence nr.                  node name     dropped samples
latency

Statistics:
  latency:                  2.88031ms [min=2.85515ms, max=4.84851ms, average=3.04791ms, deviation=0.245426ms]
----------------------------------------------------------

----------------------------------------------------------
sample path: (IntersectionOutput) 
  order timepoint           sequence nr.                  node name     dropped samples
latency

Statistics:
  latency:                  2.92112ms [min=2.85515ms, max=4.84851ms, average=3.04622ms, deviation=0.244202ms]
----------------------------------------------------------

----------------------------------------------------------
sample path: (VehicleDBWSystem) 
  order timepoint           sequence nr.                  node name     dropped samples
bp period
latency

Statistics:
  latency:                  157.477ms [min=129.675ms, max=207.097ms, average=150.545ms, deviation=27.5415ms]
hotpath
  hot path:                 FrontLidarDriver/RearLidarDriver -> ObjectCollisionEstimator
  hot path latency:         14.3868ms [min=12.3264ms, max=17.6607ms, average=14.098ms, deviation=1.51921ms]
  hot path drops:           0 [min=0, max=0, average=0, deviation=0]
  behavior planner period:  99.9805ms [min=99.8554ms, max=100.085ms, average=100ms, deviation=0.0608353ms]
----------------------------------------------------------

----------------------------------------------------------
sample path: (IntersectionOutput) 
  order timepoint           sequence nr.                  node name     dropped samples
latency

Statistics:
  latency:                  3.03473ms [min=2.85515ms, max=4.84851ms, average=3.04607ms, deviation=0.242572ms]
----------------------------------------------------------

----------------------------------------------------------
sample path: (IntersectionOutput) 
  order timepoint           sequence nr.                  node name     dropped samples
latency

Statistics:
  latency:                  4.09703ms [min=2.85515ms, max=4.84851ms, average=3.05972ms, deviation=0.269093ms]
----------------------------------------------------------

----------------------------------------------------------
sample path: (IntersectionOutput) 
  order timepoint           sequence nr.                  node name     dropped samples
latency

Statistics:
  latency:                  2.89907ms [min=2.85515ms, max=4.84851ms, average=3.05766ms, deviation=0.267958ms]
----------------------------------------------------------

----------------------------------------------------------
sample path: (IntersectionOutput) 
  order timepoint           sequence nr.                  node name     dropped samples
latency

Statistics:
  latency:                  2.89345ms [min=2.85515ms, max=4.84851ms, average=3.05558ms, deviation=0.266875ms]
----------------------------------------------------------

----------------------------------------------------------
sample path: (VehicleDBWSystem) 
  order timepoint           sequence nr.                  node name     dropped samples
bp period
latency

Statistics:
  latency:                  157.986ms [min=129.675ms, max=207.097ms, average=150.917ms, deviation=26.8585ms]
hotpath
  hot path:                 FrontLidarDriver/RearLidarDriver -> ObjectCollisionEstimator
  hot path latency:         14.8213ms [min=12.3264ms, max=17.6607ms, average=14.1342ms, deviation=1.4875ms]
  hot path drops:           0 [min=0, max=0, average=0, deviation=0]
  behavior planner period:  100.016ms [min=99.8554ms, max=100.085ms, average=100.001ms, deviation=0.0592414ms]
----------------------------------------------------------

----------------------------------------------------------
sample path: (IntersectionOutput) 
  order timepoint           sequence nr.                  node name     dropped samples
latency

Statistics:
  latency:                  3.02311ms [min=2.85515ms, max=4.84851ms, average=3.05518ms, deviation=0.265206ms]
----------------------------------------------------------

----------------------------------------------------------
sample path: (IntersectionOutput) 
  order timepoint           sequence nr.                  node name     dropped samples
latency

Statistics:
  latency:                  3.10872ms [min=2.85515ms, max=4.84851ms, average=3.05584ms, deviation=0.26361ms]
----------------------------------------------------------

----------------------------------------------------------
sample path: (IntersectionOutput) 
  order timepoint           sequence nr.                  node name     dropped samples
latency

Statistics:
  latency:                  2.8858ms [min=2.85515ms, max=4.84851ms, average=3.05376ms, deviation=0.26265ms]
----------------------------------------------------------

----------------------------------------------------------
sample path: (IntersectionOutput) 
  order timepoint           sequence nr.                  node name     dropped samples
latency

Statistics:
  latency:                  3.35466ms [min=2.85515ms, max=4.84851ms, average=3.05739ms, deviation=0.263125ms]
----------------------------------------------------------

----------------------------------------------------------
sample path: (VehicleDBWSystem) 
  order timepoint           sequence nr.                  node name     dropped samples
bp period
latency

Statistics:
  latency:                  130.576ms [min=129.675ms, max=207.097ms, average=149.948ms, deviation=26.5521ms]
hotpath
  hot path:                 FrontLidarDriver/RearLidarDriver -> ObjectCollisionEstimator
  hot path latency:         12.7167ms [min=12.3264ms, max=17.6607ms, average=14.0667ms, deviation=1.48247ms]
  hot path drops:           0 [min=0, max=0, average=0, deviation=0]
  behavior planner period:  100.041ms [min=99.8554ms, max=100.085ms, average=100.003ms, deviation=0.0583409ms]
----------------------------------------------------------

----------------------------------------------------------
sample path: (IntersectionOutput) 
  order timepoint           sequence nr.                  node name     dropped samples
latency

Statistics:
  latency:                  2.91469ms [min=2.85515ms, max=4.84851ms, average=3.05569ms, deviation=0.261998ms]
----------------------------------------------------------

----------------------------------------------------------
sample path: (IntersectionOutput) 
  order timepoint           sequence nr.                  node name     dropped samples
latency

Statistics:
  latency:                  3.05423ms [min=2.85515ms, max=4.84851ms, average=3.05567ms, deviation=0.260434ms]
----------------------------------------------------------

----------------------------------------------------------
sample path: (IntersectionOutput) 
  order timepoint           sequence nr.                  node name     dropped samples
latency

Statistics:
  latency:                  2.8967ms [min=2.85515ms, max=4.84851ms, average=3.05383ms, deviation=0.259464ms]
----------------------------------------------------------

----------------------------------------------------------
sample path: (IntersectionOutput) 
  order timepoint           sequence nr.                  node name     dropped samples
latency

Statistics:
  latency:                  2.89728ms [min=2.85515ms, max=4.84851ms, average=3.05203ms, deviation=0.258497ms]
----------------------------------------------------------

----------------------------------------------------------
sample path: (VehicleDBWSystem) 
  order timepoint           sequence nr.                  node name     dropped samples
bp period
latency

Statistics:
  latency:                  127.913ms [min=127.913ms, max=207.097ms, average=148.947ms, deviation=26.3346ms]
hotpath
  hot path:                 FrontLidarDriver/RearLidarDriver -> ObjectCollisionEstimator
  hot path latency:         12.5824ms [min=12.3264ms, max=17.6607ms, average=13.9992ms, deviation=1.48094ms]
  hot path drops:           0 [min=0, max=0, average=0, deviation=0]
  behavior planner period:  99.9917ms [min=99.8554ms, max=100.085ms, average=100.002ms, deviation=0.0569163ms]
----------------------------------------------------------

----------------------------------------------------------
sample path: (IntersectionOutput) 
  order timepoint           sequence nr.                  node name     dropped samples
latency

Statistics:
  latency:                  2.95367ms [min=2.85515ms, max=4.84851ms, average=3.05091ms, deviation=0.25722ms]
----------------------------------------------------------

----------------------------------------------------------
sample path: (IntersectionOutput) 
  order timepoint           sequence nr.                  node name     dropped samples
latency

Statistics:
  latency:                  2.99356ms [min=2.85515ms, max=4.84851ms, average=3.05026ms, deviation=0.255827ms]
----------------------------------------------------------

----------------------------------------------------------
sample path: (IntersectionOutput) 
  order timepoint           sequence nr.                  node name     dropped samples
latency

Statistics:
  latency:                  3.02071ms [min=2.85515ms, max=4.84851ms, average=3.04994ms, deviation=0.254405ms]
----------------------------------------------------------

----------------------------------------------------------
sample path: (IntersectionOutput) 
  order timepoint           sequence nr.                  node name     dropped samples
latency

Statistics:
  latency:                  5.41098ms [min=2.85515ms, max=5.41098ms, average=3.07588ms, deviation=0.353923ms]
----------------------------------------------------------

----------------------------------------------------------
sample path: (VehicleDBWSystem) 
  order timepoint           sequence nr.                  node name     dropped samples
bp period
latency

Statistics:
  latency:                  130.357ms [min=127.913ms, max=207.097ms, average=148.138ms, deviation=26.0195ms]
hotpath
  hot path:                 FrontLidarDriver/RearLidarDriver -> ObjectCollisionEstimator
  hot path latency:         13.536ms [min=12.3264ms, max=17.6607ms, average=13.9791ms, deviation=1.45012ms]
  hot path drops:           0 [min=0, max=0, average=0, deviation=0]
  behavior planner period:  100.002ms [min=99.8554ms, max=100.085ms, average=100.002ms, deviation=0.0555448ms]
----------------------------------------------------------

----------------------------------------------------------
sample path: (IntersectionOutput) 
  order timepoint           sequence nr.                  node name     dropped samples
latency

Statistics:
  latency:                  2.99353ms [min=2.85515ms, max=5.41098ms, average=3.07499ms, deviation=0.352078ms]
----------------------------------------------------------

----------------------------------------------------------
sample path: (IntersectionOutput) 
  order timepoint           sequence nr.                  node name     dropped samples
latency

Statistics:
  latency:                  3.16542ms [min=2.85515ms, max=5.41098ms, average=3.07596ms, deviation=0.350284ms]
----------------------------------------------------------

----------------------------------------------------------
sample path: (IntersectionOutput) 
  order timepoint           sequence nr.                  node name     dropped samples
latency

Statistics:
  latency:                  2.88752ms [min=2.85515ms, max=5.41098ms, average=3.07395ms, deviation=0.348938ms]
----------------------------------------------------------

----------------------------------------------------------
sample path: (IntersectionOutput) 
  order timepoint           sequence nr.                  node name     dropped samples
latency

Statistics:
  latency:                  3.25639ms [min=2.85515ms, max=5.41098ms, average=3.07587ms, deviation=0.347581ms]
----------------------------------------------------------

----------------------------------------------------------
sample path: (VehicleDBWSystem) 
  order timepoint           sequence nr.                  node name     dropped samples
bp period
latency

Statistics:
  latency:                  207.785ms [min=127.913ms, max=207.785ms, average=150.624ms, deviation=28.2102ms]
hotpath
  hot path:                 FrontLidarDriver/RearLidarDriver -> ObjectCollisionEstimator
  hot path latency:         17.6986ms [min=12.3264ms, max=17.6986ms, average=14.1341ms, deviation=1.60868ms]
  hot path drops:           0 [min=0, max=0, average=0, deviation=0]
  behavior planner period:  99.9551ms [min=99.8554ms, max=100.085ms, average=100ms, deviation=0.0551535ms]
----------------------------------------------------------

----------------------------------------------------------
sample path: (IntersectionOutput) 
  order timepoint           sequence nr.                  node name     dropped samples
latency

Statistics:
  latency:                  4.62063ms [min=2.85515ms, max=5.41098ms, average=3.09197ms, deviation=0.379997ms]
----------------------------------------------------------

----------------------------------------------------------
sample path: (IntersectionOutput) 
  order timepoint           sequence nr.                  node name     dropped samples
latency

Statistics:
  latency:                  3.07748ms [min=2.85515ms, max=5.41098ms, average=3.09182ms, deviation=0.378016ms]
----------------------------------------------------------

----------------------------------------------------------
sample path: (IntersectionOutput) 
  order timepoint           sequence nr.                  node name     dropped samples
latency

Statistics:
  latency:                  2.96031ms [min=2.85515ms, max=5.41098ms, average=3.09047ms, deviation=0.376297ms]
----------------------------------------------------------

----------------------------------------------------------
sample path: (IntersectionOutput) 
  order timepoint           sequence nr.                  node name     dropped samples
latency

Statistics:
  latency:                  3.30868ms [min=2.85515ms, max=5.41098ms, average=3.09268ms, deviation=0.375014ms]
----------------------------------------------------------

----------------------------------------------------------
sample path: (VehicleDBWSystem) 
  order timepoint           sequence nr.                  node name     dropped samples
bp period
latency

Statistics:
  latency:                  157.34ms [min=127.913ms, max=207.785ms, average=150.892ms, deviation=27.6489ms]
hotpath
  hot path:                 FrontLidarDriver/RearLidarDriver -> ObjectCollisionEstimator
  hot path latency:         14.2371ms [min=12.3264ms, max=17.6986ms, average=14.1382ms, deviation=1.57495ms]
  hot path drops:           0 [min=0, max=0, average=0, deviation=0]
  behavior planner period:  99.9778ms [min=99.8554ms, max=100.085ms, average=99.9994ms, deviation=0.0541362ms]
----------------------------------------------------------

----------------------------------------------------------
sample path: (IntersectionOutput) 
  order timepoint           sequence nr.                  node name     dropped samples
latency

Statistics:
  latency:                  3.09606ms [min=2.85515ms, max=5.41098ms, average=3.09271ms, deviation=0.373115ms]
----------------------------------------------------------

----------------------------------------------------------
sample path: (IntersectionOutput) 
  order timepoint           sequence nr.                  node name     dropped samples
latency

Statistics:
  latency:                  3.68357ms [min=2.85515ms, max=5.41098ms, average=3.09856ms, deviation=0.375872ms]
----------------------------------------------------------

----------------------------------------------------------
sample path: (IntersectionOutput) 
  order timepoint           sequence nr.                  node name     dropped samples
latency

Statistics:
  latency:                  3.06407ms [min=2.85515ms, max=5.41098ms, average=3.09822ms, deviation=0.374022ms]
----------------------------------------------------------

----------------------------------------------------------
sample path: (IntersectionOutput) 
  order timepoint           sequence nr.                  node name     dropped samples
latency

Statistics:
  latency:                  3.25557ms [min=2.85515ms, max=5.41098ms, average=3.09975ms, deviation=0.372507ms]
----------------------------------------------------------

----------------------------------------------------------
sample path: (VehicleDBWSystem) 
  order timepoint           sequence nr.                  node name     dropped samples
bp period
latency

Statistics:
  latency:                  157.262ms [min=127.913ms, max=207.785ms, average=151.137ms, deviation=27.119ms]
hotpath
  hot path:                 FrontLidarDriver/RearLidarDriver -> ObjectCollisionEstimator
  hot path latency:         14.7299ms [min=12.3264ms, max=17.6986ms, average=14.1609ms, deviation=1.54749ms]
  hot path drops:           0 [min=0, max=0, average=0, deviation=0]
  behavior planner period:  100.018ms [min=99.8554ms, max=100.085ms, average=100ms, deviation=0.0531281ms]
----------------------------------------------------------

----------------------------------------------------------
sample path: (IntersectionOutput) 
  order timepoint           sequence nr.                  node name     dropped samples
latency

Statistics:
  latency:                  2.92471ms [min=2.85515ms, max=5.41098ms, average=3.09807ms, deviation=0.371091ms]
----------------------------------------------------------

----------------------------------------------------------
sample path: (IntersectionOutput) 
  order timepoint           sequence nr.                  node name     dropped samples
latency

Statistics:
  latency:                  2.98039ms [min=2.85515ms, max=5.41098ms, average=3.09695ms, deviation=0.369481ms]
----------------------------------------------------------

----------------------------------------------------------
sample path: (IntersectionOutput) 
  order timepoint           sequence nr.                  node name     dropped samples
latency

Statistics:
  latency:                  2.92434ms [min=2.85515ms, max=5.41098ms, average=3.09532ms, deviation=0.368099ms]
----------------------------------------------------------

----------------------------------------------------------
sample path: (IntersectionOutput) 
  order timepoint           sequence nr.                  node name     dropped samples
latency

Statistics:
  latency:                  2.9968ms [min=2.85515ms, max=5.41098ms, average=3.0944ms, deviation=0.366483ms]
----------------------------------------------------------

----------------------------------------------------------
sample path: (VehicleDBWSystem) 
  order timepoint           sequence nr.                  node name     dropped samples
bp period
latency

Statistics:
  latency:                  130.699ms [min=127.913ms, max=207.785ms, average=150.38ms, deviation=26.8817ms]
hotpath
  hot path:                 FrontLidarDriver/RearLidarDriver -> ObjectCollisionEstimator
  hot path latency:         14.765ms [min=12.3264ms, max=17.6986ms, average=14.1833ms, deviation=1.52188ms]
  hot path drops:           0 [min=0, max=0, average=0, deviation=0]
  behavior planner period:  100.062ms [min=99.8554ms, max=100.085ms, average=100.002ms, deviation=0.0534563ms]
----------------------------------------------------------

----------------------------------------------------------
sample path: (IntersectionOutput) 
  order timepoint           sequence nr.                  node name     dropped samples
latency

Statistics:
  latency:                  3.13463ms [min=2.85515ms, max=5.41098ms, average=3.09477ms, deviation=0.364787ms]
----------------------------------------------------------

----------------------------------------------------------
sample path: (IntersectionOutput) 
  order timepoint           sequence nr.                  node name     dropped samples
latency

Statistics:
  latency:                  3.08755ms [min=2.85515ms, max=5.41098ms, average=3.0947ms, deviation=0.363095ms]
----------------------------------------------------------

----------------------------------------------------------
sample path: (IntersectionOutput) 
  order timepoint           sequence nr.                  node name     dropped samples
latency

Statistics:
  latency:                  2.905ms [min=2.85515ms, max=5.41098ms, average=3.09298ms, deviation=0.361878ms]
----------------------------------------------------------

----------------------------------------------------------
sample path: (IntersectionOutput) 
  order timepoint           sequence nr.                  node name     dropped samples
latency

Statistics:
  latency:                  2.88591ms [min=2.85515ms, max=5.41098ms, average=3.09111ms, deviation=0.360765ms]
----------------------------------------------------------

----------------------------------------------------------
sample path: (VehicleDBWSystem) 
  order timepoint           sequence nr.                  node name     dropped samples
bp period
latency

Statistics:
  latency:                  127.937ms [min=127.913ms, max=207.785ms, average=149.579ms, deviation=26.718ms]
hotpath
  hot path:                 FrontLidarDriver/RearLidarDriver -> ObjectCollisionEstimator
  hot path latency:         11.9342ms [min=11.9342ms, max=17.6986ms, average=14.103ms, deviation=1.55274ms]
  hot path drops:           0 [min=0, max=0, average=0, deviation=0]
  behavior planner period:  99.9333ms [min=99.8554ms, max=100.085ms, average=99.9999ms, deviation=0.0540815ms]
----------------------------------------------------------

----------------------------------------------------------
sample path: (IntersectionOutput) 
  order timepoint           sequence nr.                  node name     dropped samples
latency

Statistics:
  latency:                  3.03369ms [min=2.85515ms, max=5.41098ms, average=3.0906ms, deviation=0.359177ms]
----------------------------------------------------------

----------------------------------------------------------
sample path: (IntersectionOutput) 
  order timepoint           sequence nr.                  node name     dropped samples
latency

Statistics:
  latency:                  3.07589ms [min=2.85515ms, max=5.41098ms, average=3.09047ms, deviation=0.357573ms]
----------------------------------------------------------

----------------------------------------------------------
sample path: (IntersectionOutput) 
  order timepoint           sequence nr.                  node name     dropped samples
latency

Statistics:
  latency:                  3.10102ms [min=2.85515ms, max=5.41098ms, average=3.09056ms, deviation=0.355988ms]
----------------------------------------------------------

----------------------------------------------------------
sample path: (IntersectionOutput) 
  order timepoint           sequence nr.                  node name     dropped samples
latency

Statistics:
  latency:                  3.55077ms [min=2.85515ms, max=5.41098ms, average=3.09457ms, deviation=0.357012ms]
----------------------------------------------------------

----------------------------------------------------------
sample path: (VehicleDBWSystem) 
  order timepoint           sequence nr.                  node name     dropped samples
bp period
latency

Statistics:
  latency:                  130.871ms [min=127.913ms, max=207.785ms, average=148.934ms, deviation=26.4656ms]
hotpath
  hot path:                 FrontLidarDriver/RearLidarDriver -> ObjectCollisionEstimator
  hot path latency:         13.7315ms [min=11.9342ms, max=17.6986ms, average=14.0902ms, deviation=1.52632ms]
  hot path drops:           0 [min=0, max=0, average=0, deviation=0]
  behavior planner period:  100.057ms [min=99.8554ms, max=100.085ms, average=100.002ms, deviation=0.0541531ms]
----------------------------------------------------------

----------------------------------------------------------
sample path: (IntersectionOutput) 
  order timepoint           sequence nr.                  node name     dropped samples
latency

Statistics:
  latency:                  3.0733ms [min=2.85515ms, max=5.41098ms, average=3.09438ms, deviation=0.355462ms]
----------------------------------------------------------

----------------------------------------------------------
sample path: (IntersectionOutput) 
  order timepoint           sequence nr.                  node name     dropped samples
latency

Statistics:
  latency:                  3.21751ms [min=2.85515ms, max=5.41098ms, average=3.09544ms, deviation=0.35411ms]
----------------------------------------------------------

----------------------------------------------------------
sample path: (IntersectionOutput) 
  order timepoint           sequence nr.                  node name     dropped samples
latency

Statistics:
  latency:                  3.06503ms [min=2.85515ms, max=5.41098ms, average=3.09518ms, deviation=0.352604ms]
----------------------------------------------------------

----------------------------------------------------------
sample path: (IntersectionOutput) 
  order timepoint           sequence nr.                  node name     dropped samples
latency

Statistics:
  latency:                  3.31125ms [min=2.85515ms, max=5.41098ms, average=3.09699ms, deviation=0.351665ms]
----------------------------------------------------------

----------------------------------------------------------
sample path: (VehicleDBWSystem) 
  order timepoint           sequence nr.                  node name     dropped samples
bp period
latency

Statistics:
  latency:                  205.035ms [min=127.913ms, max=207.785ms, average=150.804ms, deviation=27.9497ms]
hotpath
  hot path:                 FrontLidarDriver/RearLidarDriver -> ObjectCollisionEstimator
  hot path latency:         16.6627ms [min=11.9342ms, max=17.6986ms, average=14.1759ms, deviation=1.5716ms]
  hot path drops:           0 [min=0, max=0, average=0, deviation=0]
  behavior planner period:  99.9475ms [min=99.8554ms, max=100.085ms, average=100ms, deviation=0.0541308ms]
----------------------------------------------------------

----------------------------------------------------------
sample path: (IntersectionOutput) 
  order timepoint           sequence nr.                  node name     dropped samples
latency

Statistics:
  latency:                  4.92001ms [min=2.85515ms, max=5.41098ms, average=3.11218ms, deviation=0.387716ms]
----------------------------------------------------------

----------------------------------------------------------
sample path: (IntersectionOutput) 
  order timepoint           sequence nr.                  node name     dropped samples
latency

Statistics:
  latency:                  3.16167ms [min=2.85515ms, max=5.41098ms, average=3.11259ms, deviation=0.386124ms]
----------------------------------------------------------

----------------------------------------------------------
sample path: (IntersectionOutput) 
  order timepoint           sequence nr.                  node name     dropped samples
latency

Statistics:
  latency:                  3.13946ms [min=2.85515ms, max=5.41098ms, average=3.11281ms, deviation=0.384533ms]
----------------------------------------------------------

----------------------------------------------------------
sample path: (IntersectionOutput) 
  order timepoint           sequence nr.                  node name     dropped samples
latency

Statistics:
  latency:                  3.02555ms [min=2.85515ms, max=5.41098ms, average=3.1121ms, deviation=0.383034ms]
----------------------------------------------------------

----------------------------------------------------------
sample path: (VehicleDBWSystem) 
  order timepoint           sequence nr.                  node name     dropped samples
bp period
latency

Statistics:
  latency:                  156.19ms [min=127.913ms, max=207.785ms, average=150.977ms, deviation=27.497ms]
hotpath
  hot path:                 FrontLidarDriver/RearLidarDriver -> ObjectCollisionEstimator
  hot path latency:         13.9217ms [min=11.9342ms, max=17.6986ms, average=14.1677ms, deviation=1.54585ms]
  hot path drops:           0 [min=0, max=0, average=0, deviation=0]
  behavior planner period:  99.9991ms [min=99.8554ms, max=100.085ms, average=100ms, deviation=0.0531896ms]
----------------------------------------------------------

----------------------------------------------------------
sample path: (IntersectionOutput) 
  order timepoint           sequence nr.                  node name     dropped samples
latency

Statistics:
  latency:                  2.90022ms [min=2.85515ms, max=5.41098ms, average=3.1104ms, deviation=0.381948ms]
----------------------------------------------------------

----------------------------------------------------------
sample path: (IntersectionOutput) 
  order timepoint           sequence nr.                  node name     dropped samples
latency

Statistics:
  latency:                  3.81476ms [min=2.85515ms, max=5.41098ms, average=3.11603ms, deviation=0.385586ms]
----------------------------------------------------------

----------------------------------------------------------
sample path: (IntersectionOutput) 
  order timepoint           sequence nr.                  node name     dropped samples
latency

Statistics:
  latency:                  2.93136ms [min=2.85515ms, max=5.41098ms, average=3.11457ms, deviation=0.384393ms]
----------------------------------------------------------

----------------------------------------------------------
sample path: (IntersectionOutput) 
  order timepoint           sequence nr.                  node name     dropped samples
latency

Statistics:
  latency:                  2.95852ms [min=2.85515ms, max=5.41098ms, average=3.11334ms, deviation=0.383115ms]
----------------------------------------------------------

----------------------------------------------------------
sample path: (VehicleDBWSystem) 
  order timepoint           sequence nr.                  node name     dropped samples
bp period
latency

Statistics:
  latency:                  157.475ms [min=127.913ms, max=207.785ms, average=151.18ms, deviation=27.0742ms]
hotpath
  hot path:                 FrontLidarDriver/RearLidarDriver -> ObjectCollisionEstimator
  hot path latency:         13.4197ms [min=11.9342ms, max=17.6986ms, average=14.1444ms, deviation=1.52646ms]
  hot path drops:           0 [min=0, max=0, average=0, deviation=0]
  behavior planner period:  100.007ms [min=99.8554ms, max=100.085ms, average=100ms, deviation=0.0523099ms]
----------------------------------------------------------

----------------------------------------------------------
sample path: (IntersectionOutput) 
  order timepoint           sequence nr.                  node name     dropped samples
latency

Statistics:
  latency:                  2.98965ms [min=2.85515ms, max=5.41098ms, average=3.11237ms, deviation=0.38176ms]
----------------------------------------------------------

----------------------------------------------------------
sample path: (IntersectionOutput) 
  order timepoint           sequence nr.                  node name     dropped samples
latency

Statistics:
  latency:                  2.99456ms [min=2.85515ms, max=5.41098ms, average=3.11146ms, deviation=0.380408ms]
----------------------------------------------------------

----------------------------------------------------------
sample path: (IntersectionOutput) 
  order timepoint           sequence nr.                  node name     dropped samples
latency

Statistics:
  latency:                  2.86411ms [min=2.85515ms, max=5.41098ms, average=3.10955ms, deviation=0.379551ms]
----------------------------------------------------------

----------------------------------------------------------
sample path: (IntersectionOutput) 
  order timepoint           sequence nr.                  node name     dropped samples
latency

Statistics:
  latency:                  3.03447ms [min=2.85515ms, max=5.41098ms, average=3.10898ms, deviation=0.378145ms]
----------------------------------------------------------

----------------------------------------------------------
sample path: (VehicleDBWSystem) 
  order timepoint           sequence nr.                  node name     dropped samples
bp period
latency

Statistics:
  latency:                  128.858ms [min=127.913ms, max=207.785ms, average=150.504ms, deviation=26.9297ms]
hotpath
  hot path:                 FrontLidarDriver/RearLidarDriver -> ObjectCollisionEstimator
  hot path latency:         14.9619ms [min=11.9342ms, max=17.6986ms, average=14.1691ms, deviation=1.50914ms]
  hot path drops:           0 [min=0, max=0, average=0, deviation=0]
  behavior planner period:  99.9931ms [min=99.8554ms, max=100.085ms, average=100ms, deviation=0.0514747ms]
----------------------------------------------------------

----------------------------------------------------------
sample path: (IntersectionOutput) 
  order timepoint           sequence nr.                  node name     dropped samples
latency

Statistics:
  latency:                  3.04875ms [min=2.85515ms, max=5.41098ms, average=3.10852ms, deviation=0.376736ms]
----------------------------------------------------------

----------------------------------------------------------
sample path: (IntersectionOutput) 
  order timepoint           sequence nr.                  node name     dropped samples
latency

Statistics:
  latency:                  3.10709ms [min=2.85515ms, max=5.41098ms, average=3.10851ms, deviation=0.375306ms]
----------------------------------------------------------

----------------------------------------------------------
sample path: (IntersectionOutput) 
  order timepoint           sequence nr.                  node name     dropped samples
latency

Statistics:
  latency:                  2.9103ms [min=2.85515ms, max=5.41098ms, average=3.10703ms, deviation=0.374284ms]
----------------------------------------------------------

----------------------------------------------------------
sample path: (IntersectionOutput) 
  order timepoint           sequence nr.                  node name     dropped samples
latency

Statistics:
  latency:                  2.89844ms [min=2.85515ms, max=5.41098ms, average=3.10549ms, deviation=0.373317ms]
----------------------------------------------------------

----------------------------------------------------------
sample path: (VehicleDBWSystem) 
  order timepoint           sequence nr.                  node name     dropped samples
bp period
latency

Statistics:
  latency:                  127.739ms [min=127.739ms, max=207.785ms, average=149.834ms, deviation=26.8044ms]
hotpath
  hot path:                 FrontLidarDriver/RearLidarDriver -> ObjectCollisionEstimator
  hot path latency:         14.8055ms [min=11.9342ms, max=17.6986ms, average=14.1878ms, deviation=1.4901ms]
  hot path drops:           0 [min=0, max=0, average=0, deviation=0]
  behavior planner period:  100.018ms [min=99.8554ms, max=100.085ms, average=100.001ms, deviation=0.0507573ms]
----------------------------------------------------------

----------------------------------------------------------
sample path: (IntersectionOutput) 
  order timepoint           sequence nr.                  node name     dropped samples
latency

Statistics:
  latency:                  3.05057ms [min=2.85515ms, max=5.41098ms, average=3.10509ms, deviation=0.371962ms]
----------------------------------------------------------

----------------------------------------------------------
sample path: (IntersectionOutput) 
  order timepoint           sequence nr.                  node name     dropped samples
latency

Statistics:
  latency:                  2.96679ms [min=2.85515ms, max=5.41098ms, average=3.10408ms, deviation=0.37078ms]
----------------------------------------------------------

----------------------------------------------------------
sample path: (IntersectionOutput) 
  order timepoint           sequence nr.                  node name     dropped samples
latency

Statistics:
  latency:                  3.08382ms [min=2.85515ms, max=5.41098ms, average=3.10393ms, deviation=0.369428ms]
----------------------------------------------------------

----------------------------------------------------------
sample path: (IntersectionOutput) 
  order timepoint           sequence nr.                  node name     dropped samples
latency

Statistics:
  latency:                  3.25885ms [min=2.85515ms, max=5.41098ms, average=3.10504ms, deviation=0.368322ms]
----------------------------------------------------------

----------------------------------------------------------
sample path: (VehicleDBWSystem) 
  order timepoint           sequence nr.                  node name     dropped samples
bp period
latency

Statistics:
  latency:                  132.088ms [min=127.739ms, max=207.785ms, average=149.327ms, deviation=26.5771ms]
hotpath
  hot path:                 FrontLidarDriver/RearLidarDriver -> ObjectCollisionEstimator
  hot path latency:         13.2882ms [min=11.9342ms, max=17.6986ms, average=14.1621ms, deviation=1.47588ms]
  hot path drops:           0 [min=0, max=0, average=0, deviation=0]
  behavior planner period:  99.9778ms [min=99.8554ms, max=100.085ms, average=99.9999ms, deviation=0.0501345ms]
----------------------------------------------------------

----------------------------------------------------------
sample path: (IntersectionOutput) 
  order timepoint           sequence nr.                  node name     dropped samples
latency

Statistics:
  latency:                  3.18517ms [min=2.85515ms, max=5.41098ms, average=3.10562ms, deviation=0.367057ms]
----------------------------------------------------------

----------------------------------------------------------
sample path: (IntersectionOutput) 
  order timepoint           sequence nr.                  node name     dropped samples
latency

Statistics:
  latency:                  3.27554ms [min=2.85515ms, max=5.41098ms, average=3.10682ms, deviation=0.366023ms]
----------------------------------------------------------

----------------------------------------------------------
sample path: (IntersectionOutput) 
  order timepoint           sequence nr.                  node name     dropped samples
latency

Statistics:
  latency:                  2.93876ms [min=2.85515ms, max=5.41098ms, average=3.10564ms, deviation=0.364996ms]
----------------------------------------------------------

----------------------------------------------------------
sample path: (IntersectionOutput) 
  order timepoint           sequence nr.                  node name     dropped samples
latency

Statistics:
  latency:                  3.3666ms [min=2.85515ms, max=5.41098ms, average=3.10746ms, deviation=0.364362ms]
----------------------------------------------------------

----------------------------------------------------------
sample path: (VehicleDBWSystem) 
  order timepoint           sequence nr.                  node name     dropped samples
bp period
latency

Statistics:
  latency:                  207.878ms [min=127.739ms, max=207.878ms, average=150.954ms, deviation=27.9533ms]
hotpath
  hot path:                 FrontLidarDriver/RearLidarDriver -> ObjectCollisionEstimator
  hot path latency:         17.546ms [min=11.9342ms, max=17.6986ms, average=14.2561ms, deviation=1.56015ms]
  hot path drops:           0 [min=0, max=0, average=0, deviation=0]
  behavior planner period:  100.024ms [min=99.8554ms, max=100.085ms, average=100.001ms, deviation=0.0495611ms]
----------------------------------------------------------

----------------------------------------------------------
sample path: (IntersectionOutput) 
  order timepoint           sequence nr.                  node name     dropped samples
latency

Statistics:
  latency:                  2.91397ms [min=2.85515ms, max=5.41098ms, average=3.10612ms, deviation=0.363444ms]
----------------------------------------------------------

----------------------------------------------------------
sample path: (IntersectionOutput) 
  order timepoint           sequence nr.                  node name     dropped samples
latency

Statistics:
  latency:                  3.14696ms [min=2.85515ms, max=5.41098ms, average=3.1064ms, deviation=0.362196ms]
----------------------------------------------------------

----------------------------------------------------------
sample path: (IntersectionOutput) 
  order timepoint           sequence nr.                  node name     dropped samples
latency

Statistics:
  latency:                  2.97506ms [min=2.85515ms, max=5.41098ms, average=3.1055ms, deviation=0.361108ms]
----------------------------------------------------------

----------------------------------------------------------
sample path: (IntersectionOutput) 
  order timepoint           sequence nr.                  node name     dropped samples
latency

Statistics:
  latency:                  2.91174ms [min=2.85515ms, max=5.41098ms, average=3.10418ms, deviation=0.360224ms]
----------------------------------------------------------

----------------------------------------------------------
sample path: (VehicleDBWSystem) 
  order timepoint           sequence nr.                  node name     dropped samples
bp period
latency

Statistics:
  latency:                  160.084ms [min=127.739ms, max=207.878ms, average=151.201ms, deviation=27.6031ms]
hotpath
  hot path:                 FrontLidarDriver/RearLidarDriver -> ObjectCollisionEstimator
  hot path latency:         14.362ms [min=11.9342ms, max=17.6986ms, average=14.259ms, deviation=1.53842ms]
  hot path drops:           0 [min=0, max=0, average=0, deviation=0]
  behavior planner period:  100.04ms [min=99.8554ms, max=100.085ms, average=100.002ms, deviation=0.0492902ms]
----------------------------------------------------------

----------------------------------------------------------
sample path: (IntersectionOutput) 
  order timepoint           sequence nr.                  node name     dropped samples
latency

Statistics:
  latency:                  2.93168ms [min=2.85515ms, max=5.41098ms, average=3.10302ms, deviation=0.359277ms]
----------------------------------------------------------

----------------------------------------------------------
sample path: (IntersectionOutput) 
  order timepoint           sequence nr.                  node name     dropped samples
latency

Statistics:
  latency:                  2.95049ms [min=2.85515ms, max=5.41098ms, average=3.10199ms, deviation=0.358279ms]
----------------------------------------------------------

----------------------------------------------------------
sample path: (IntersectionOutput) 
  order timepoint           sequence nr.                  node name     dropped samples
latency

Statistics:
  latency:                  2.9591ms [min=2.85515ms, max=5.41098ms, average=3.10104ms, deviation=0.357265ms]
----------------------------------------------------------

----------------------------------------------------------
sample path: (IntersectionOutput) 
  order timepoint           sequence nr.                  node name     dropped samples
latency

Statistics:
  latency:                  3.01416ms [min=2.85515ms, max=5.41098ms, average=3.10047ms, deviation=0.356142ms]
----------------------------------------------------------

----------------------------------------------------------
sample path: (VehicleDBWSystem) 
  order timepoint           sequence nr.                  node name     dropped samples
bp period
latency

Statistics:
  latency:                  156.719ms [min=127.739ms, max=207.878ms, average=151.346ms, deviation=27.2423ms]
hotpath
  hot path:                 FrontLidarDriver/RearLidarDriver -> ObjectCollisionEstimator
  hot path latency:         13.8439ms [min=11.9342ms, max=17.6986ms, average=14.2481ms, deviation=1.51898ms]
  hot path drops:           0 [min=0, max=0, average=0, deviation=0]
  behavior planner period:  99.942ms [min=99.8554ms, max=100.085ms, average=100ms, deviation=0.0495809ms]
----------------------------------------------------------

----------------------------------------------------------
sample path: (IntersectionOutput) 
  order timepoint           sequence nr.                  node name     dropped samples
latency

Statistics:
  latency:                  2.90381ms [min=2.85515ms, max=5.41098ms, average=3.09917ms, deviation=0.355319ms]
----------------------------------------------------------

----------------------------------------------------------
sample path: (IntersectionOutput) 
  order timepoint           sequence nr.                  node name     dropped samples
latency

Statistics:
  latency:                  2.99739ms [min=2.85515ms, max=5.41098ms, average=3.09851ms, deviation=0.354244ms]
----------------------------------------------------------

----------------------------------------------------------
sample path: (IntersectionOutput) 
  order timepoint           sequence nr.                  node name     dropped samples
latency

Statistics:
  latency:                  3.03506ms [min=2.85515ms, max=5.41098ms, average=3.09809ms, deviation=0.353122ms]
----------------------------------------------------------

----------------------------------------------------------
sample path: (IntersectionOutput) 
  order timepoint           sequence nr.                  node name     dropped samples
latency

Statistics:
  latency:                  2.92953ms [min=2.85515ms, max=5.41098ms, average=3.09701ms, deviation=0.352234ms]
----------------------------------------------------------

----------------------------------------------------------
sample path: (VehicleDBWSystem) 
  order timepoint           sequence nr.                  node name     dropped samples
bp period
latency

Statistics:
  latency:                  129.759ms [min=127.739ms, max=207.878ms, average=150.792ms, deviation=27.1028ms]
hotpath
  hot path:                 FrontLidarDriver/RearLidarDriver -> ObjectCollisionEstimator
  hot path latency:         13.9022ms [min=11.9342ms, max=17.6986ms, average=14.2392ms, deviation=1.49989ms]
  hot path drops:           0 [min=0, max=0, average=0, deviation=0]
  behavior planner period:  100.002ms [min=99.8554ms, max=100.085ms, average=100ms, deviation=0.048907ms]
----------------------------------------------------------

----------------------------------------------------------
sample path: (IntersectionOutput) 
  order timepoint           sequence nr.                  node name     dropped samples
latency

Statistics:
  latency:                  3.07201ms [min=2.85515ms, max=5.41098ms, average=3.09685ms, deviation=0.351101ms]
----------------------------------------------------------

----------------------------------------------------------
sample path: (IntersectionOutput) 
  order timepoint           sequence nr.                  node name     dropped samples
latency

Statistics:
  latency:                  3.20733ms [min=2.85515ms, max=5.41098ms, average=3.09755ms, deviation=0.350085ms]
----------------------------------------------------------

----------------------------------------------------------
sample path: (IntersectionOutput) 
  order timepoint           sequence nr.                  node name     dropped samples
latency

Statistics:
  latency:                  3.04861ms [min=2.85515ms, max=5.41098ms, average=3.09724ms, deviation=0.34899ms]
----------------------------------------------------------

----------------------------------------------------------
sample path: (IntersectionOutput) 
  order timepoint           sequence nr.                  node name     dropped samples
latency

Statistics:
  latency:                  3.04135ms [min=2.85515ms, max=5.41098ms, average=3.09689ms, deviation=0.347912ms]
----------------------------------------------------------

----------------------------------------------------------
sample path: (VehicleDBWSystem) 
  order timepoint           sequence nr.                  node name     dropped samples
bp period
latency

Statistics:
  latency:                  127.881ms [min=127.739ms, max=207.878ms, average=150.22ms, deviation=26.9972ms]
hotpath
  hot path:                 FrontLidarDriver/RearLidarDriver -> ObjectCollisionEstimator
  hot path latency:         11.5603ms [min=11.5603ms, max=17.6986ms, average=14.1722ms, deviation=1.53993ms]
  hot path drops:           0 [min=0, max=0, average=0, deviation=0]
  behavior planner period:  100.002ms [min=99.8554ms, max=100.085ms, average=100ms, deviation=0.0482598ms]
----------------------------------------------------------

----------------------------------------------------------
sample path: (IntersectionOutput) 
  order timepoint           sequence nr.                  node name     dropped samples
latency

Statistics:
  latency:                  3.01113ms [min=2.85515ms, max=5.41098ms, average=3.09635ms, deviation=0.346883ms]
----------------------------------------------------------

----------------------------------------------------------
sample path: (IntersectionOutput) 
  order timepoint           sequence nr.                  node name     dropped samples
latency

Statistics:
  latency:                  3.13387ms [min=2.85515ms, max=5.41098ms, average=3.09659ms, deviation=0.34581ms]
----------------------------------------------------------

----------------------------------------------------------
sample path: (IntersectionOutput) 
  order timepoint           sequence nr.                  node name     dropped samples
latency

Statistics:
  latency:                  3.17443ms [min=2.85515ms, max=5.41098ms, average=3.09707ms, deviation=0.344788ms]
----------------------------------------------------------

----------------------------------------------------------
sample path: (IntersectionOutput) 
  order timepoint           sequence nr.                  node name     dropped samples
latency

Statistics:
  latency:                  3.00482ms [min=2.85515ms, max=5.41098ms, average=3.0965ms, deviation=0.343798ms]
----------------------------------------------------------

----------------------------------------------------------
sample path: (VehicleDBWSystem) 
  order timepoint           sequence nr.                  node name     dropped samples
bp period
latency

Statistics:
  latency:                  132.274ms [min=127.739ms, max=207.878ms, average=149.782ms, deviation=26.8045ms]
hotpath
  hot path:                 FrontLidarDriver/RearLidarDriver -> ObjectCollisionEstimator
  hot path latency:         13.265ms [min=11.5603ms, max=17.6986ms, average=14.1501ms, deviation=1.52715ms]
  hot path drops:           0 [min=0, max=0, average=0, deviation=0]
  behavior planner period:  99.9892ms [min=99.8554ms, max=100.085ms, average=99.9999ms, deviation=0.0476688ms]
----------------------------------------------------------

----------------------------------------------------------
sample path: (IntersectionOutput) 
  order timepoint           sequence nr.                  node name     dropped samples
latency

Statistics:
  latency:                  2.91331ms [min=2.85515ms, max=5.41098ms, average=3.09538ms, deviation=0.343041ms]
----------------------------------------------------------

----------------------------------------------------------
sample path: (IntersectionOutput) 
  order timepoint           sequence nr.                  node name     dropped samples
latency

Statistics:
  latency:                  3.02179ms [min=2.85515ms, max=5.41098ms, average=3.09494ms, deviation=0.342041ms]
----------------------------------------------------------

----------------------------------------------------------
sample path: (IntersectionOutput) 
  order timepoint           sequence nr.                  node name     dropped samples
latency

Statistics:
  latency:                  3.15781ms [min=2.85515ms, max=5.41098ms, average=3.09532ms, deviation=0.341038ms]
----------------------------------------------------------

----------------------------------------------------------
sample path: (IntersectionOutput) 
  order timepoint           sequence nr.                  node name     dropped samples
latency

Statistics:
  latency:                  3.04893ms [min=2.85515ms, max=5.41098ms, average=3.09504ms, deviation=0.340028ms]
----------------------------------------------------------

----------------------------------------------------------
sample path: (VehicleDBWSystem) 
  order timepoint           sequence nr.                  node name     dropped samples
bp period
latency

Statistics:
  latency:                  205.771ms [min=127.739ms, max=207.878ms, average=151.115ms, deviation=27.8495ms]
hotpath
  hot path:                 FrontLidarDriver/RearLidarDriver -> ObjectCollisionEstimator
  hot path latency:         19.0174ms [min=11.5603ms, max=19.0174ms, average=14.266ms, deviation=1.68504ms]
  hot path drops:           0 [min=0, max=0, average=0, deviation=0]
  behavior planner period:  100.014ms [min=99.8554ms, max=100.085ms, average=100ms, deviation=0.0471173ms]
----------------------------------------------------------

----------------------------------------------------------
sample path: (IntersectionOutput) 
  order timepoint           sequence nr.                  node name     dropped samples
latency

Statistics:
  latency:                  2.91866ms [min=2.85515ms, max=5.41098ms, average=3.09399ms, deviation=0.339282ms]
----------------------------------------------------------

----------------------------------------------------------
sample path: (IntersectionOutput) 
  order timepoint           sequence nr.                  node name     dropped samples
latency

Statistics:
  latency:                  3.05046ms [min=2.85515ms, max=5.41098ms, average=3.09373ms, deviation=0.338287ms]
----------------------------------------------------------

----------------------------------------------------------
sample path: (IntersectionOutput) 
  order timepoint           sequence nr.                  node name     dropped samples
latency

Statistics:
  latency:                  3.03903ms [min=2.85515ms, max=5.41098ms, average=3.09341ms, deviation=0.337311ms]
----------------------------------------------------------

----------------------------------------------------------
sample path: (IntersectionOutput) 
  order timepoint           sequence nr.                  node name     dropped samples
latency

Statistics:
  latency:                  3.02838ms [min=2.85515ms, max=5.41098ms, average=3.09303ms, deviation=0.336354ms]
----------------------------------------------------------

