RTI Connext DDS Non-commercial license is for academic, research, evaluation and personal use only. USE FOR COMMERCIAL PURPOSES IS PROHIBITED. See RTI_LICENSE.TXT for terms. Download free tools at rti.com/ncl. License issued to Non-Commercial User license@rti.com For non-production use only.
Expires on 00-jan-00 See www.rti.com for more information.
----------------------------------------------------------
sample path: (IntersectionOutput) 
  order timepoint           sequence nr.                  node name     dropped samples
latency

Statistics:
  latency:                  2.75285ms [min=2.75285ms, max=2.75285ms, average=2.75285ms, deviation=-nanms]
----------------------------------------------------------

----------------------------------------------------------
sample path: (IntersectionOutput) 
  order timepoint           sequence nr.                  node name     dropped samples
latency

Statistics:
  latency:                  7.79162ms [min=2.75285ms, max=7.79162ms, average=5.27223ms, deviation=3.56295ms]
----------------------------------------------------------

----------------------------------------------------------
sample path: (IntersectionOutput) 
  order timepoint           sequence nr.                  node name     dropped samples
latency

Statistics:
  latency:                  2.98957ms [min=2.75285ms, max=7.79162ms, average=4.51135ms, deviation=2.84326ms]
----------------------------------------------------------

----------------------------------------------------------
sample path: (VehicleDBWSystem) 
  order timepoint           sequence nr.                  node name     dropped samples
latency

Statistics:
  latency:                  112.001ms [min=112.001ms, max=112.001ms, average=112.001ms, deviation=-nanms]
hotpath
  hot path:                 FrontLidarDriver/RearLidarDriver -> ObjectCollisionEstimator
  hot path latency:         13.1945ms [min=13.1945ms, max=13.1945ms, average=13.1945ms, deviation=-nanms]
  hot path drops:           0 [min=0, max=0, average=0, deviation=-nan]
  behavior planner period:  0ms [min=1.84467e+13ms, max=0ms, average=0ms, deviation=0ms]
----------------------------------------------------------

----------------------------------------------------------
sample path: (IntersectionOutput) 
  order timepoint           sequence nr.                  node name     dropped samples
latency

Statistics:
  latency:                  3.13103ms [min=2.75285ms, max=7.79162ms, average=4.16627ms, deviation=2.42193ms]
----------------------------------------------------------

----------------------------------------------------------
sample path: (IntersectionOutput) 
  order timepoint           sequence nr.                  node name     dropped samples
latency

Statistics:
  latency:                  2.92944ms [min=2.75285ms, max=7.79162ms, average=3.9189ms, deviation=2.16916ms]
----------------------------------------------------------

----------------------------------------------------------
sample path: (IntersectionOutput) 
  order timepoint           sequence nr.                  node name     dropped samples
latency

Statistics:
  latency:                  5.14377ms [min=2.75285ms, max=7.79162ms, average=4.12305ms, deviation=2.00356ms]
----------------------------------------------------------

----------------------------------------------------------
sample path: (IntersectionOutput) 
  order timepoint           sequence nr.                  node name     dropped samples
latency

Statistics:
  latency:                  7.5612ms [min=2.75285ms, max=7.79162ms, average=4.61421ms, deviation=2.24364ms]
----------------------------------------------------------

----------------------------------------------------------
sample path: (VehicleDBWSystem) 
  order timepoint           sequence nr.                  node name     dropped samples
bp period
latency

Statistics:
  latency:                  115.504ms [min=112.001ms, max=115.504ms, average=113.753ms, deviation=2.47732ms]
hotpath
  hot path:                 FrontLidarDriver/RearLidarDriver -> ObjectCollisionEstimator
  hot path latency:         13.156ms [min=13.156ms, max=13.1945ms, average=13.1752ms, deviation=0.0272045ms]
  hot path drops:           0 [min=0, max=0, average=0, deviation=0]
  behavior planner period:  103.758ms [min=103.758ms, max=103.758ms, average=103.758ms, deviation=-nanms]
----------------------------------------------------------

----------------------------------------------------------
sample path: (IntersectionOutput) 
  order timepoint           sequence nr.                  node name     dropped samples
latency

Statistics:
  latency:                  2.76738ms [min=2.75285ms, max=7.79162ms, average=4.38336ms, deviation=2.17741ms]
----------------------------------------------------------

----------------------------------------------------------
sample path: (IntersectionOutput) 
  order timepoint           sequence nr.                  node name     dropped samples
latency

Statistics:
  latency:                  2.76349ms [min=2.75285ms, max=7.79162ms, average=4.20337ms, deviation=2.10714ms]
----------------------------------------------------------

----------------------------------------------------------
sample path: (IntersectionOutput) 
  order timepoint           sequence nr.                  node name     dropped samples
latency

Statistics:
  latency:                  5.32395ms [min=2.75285ms, max=7.79162ms, average=4.31543ms, deviation=2.01799ms]
----------------------------------------------------------

----------------------------------------------------------
sample path: (IntersectionOutput) 
  order timepoint           sequence nr.                  node name     dropped samples
latency

Statistics:
  latency:                  3.04641ms [min=2.75285ms, max=7.79162ms, average=4.20006ms, deviation=1.95229ms]
----------------------------------------------------------

----------------------------------------------------------
sample path: (VehicleDBWSystem) 
  order timepoint           sequence nr.                  node name     dropped samples
bp period
latency

Statistics:
  latency:                  76.4213ms [min=76.4213ms, max=115.504ms, average=101.309ms, deviation=21.6244ms]
hotpath
  hot path:                 FrontLidarDriver/RearLidarDriver -> ObjectCollisionEstimator
  hot path latency:         13.2799ms [min=13.156ms, max=13.2799ms, average=13.2101ms, deviation=0.0634105ms]
  hot path drops:           0 [min=0, max=0, average=0, deviation=0]
  behavior planner period:  96.2257ms [min=96.2257ms, max=103.758ms, average=99.9919ms, deviation=5.32611ms]
----------------------------------------------------------

----------------------------------------------------------
sample path: (IntersectionOutput) 
  order timepoint           sequence nr.                  node name     dropped samples
latency

Statistics:
  latency:                  10.0546ms [min=2.75285ms, max=10.0546ms, average=4.68794ms, deviation=2.51421ms]
----------------------------------------------------------

----------------------------------------------------------
sample path: (IntersectionOutput) 
  order timepoint           sequence nr.                  node name     dropped samples
latency

Statistics:
  latency:                  2.74651ms [min=2.74651ms, max=10.0546ms, average=4.5386ms, deviation=2.46666ms]
----------------------------------------------------------

----------------------------------------------------------
sample path: (IntersectionOutput) 
  order timepoint           sequence nr.                  node name     dropped samples
latency

Statistics:
  latency:                  5.32018ms [min=2.74651ms, max=10.0546ms, average=4.59443ms, deviation=2.37908ms]
----------------------------------------------------------

----------------------------------------------------------
sample path: (IntersectionOutput) 
  order timepoint           sequence nr.                  node name     dropped samples
latency

Statistics:
  latency:                  2.94831ms [min=2.74651ms, max=10.0546ms, average=4.48469ms, deviation=2.3316ms]
----------------------------------------------------------

----------------------------------------------------------
sample path: (VehicleDBWSystem) 
  order timepoint           sequence nr.                  node name     dropped samples
bp period
latency

Statistics:
  latency:                  152.654ms [min=76.4213ms, max=152.654ms, average=114.145ms, deviation=31.1579ms]
hotpath
  hot path:                 FrontLidarDriver/RearLidarDriver -> ObjectCollisionEstimator
  hot path latency:         13.2549ms [min=13.156ms, max=13.2799ms, average=13.2213ms, deviation=0.0564072ms]
  hot path drops:           0 [min=0, max=0, average=0, deviation=0]
  behavior planner period:  100.012ms [min=96.2257ms, max=103.758ms, average=99.9985ms, deviation=3.76614ms]
----------------------------------------------------------

----------------------------------------------------------
sample path: (IntersectionOutput) 
  order timepoint           sequence nr.                  node name     dropped samples
latency

Statistics:
  latency:                  2.82011ms [min=2.74651ms, max=10.0546ms, average=4.38065ms, deviation=2.29066ms]
----------------------------------------------------------

----------------------------------------------------------
sample path: (IntersectionOutput) 
  order timepoint           sequence nr.                  node name     dropped samples
latency

Statistics:
  latency:                  5.27813ms [min=2.74651ms, max=10.0546ms, average=4.43344ms, deviation=2.22858ms]
----------------------------------------------------------

----------------------------------------------------------
sample path: (IntersectionOutput) 
  order timepoint           sequence nr.                  node name     dropped samples
latency

Statistics:
  latency:                  5.33494ms [min=2.74651ms, max=10.0546ms, average=4.48353ms, deviation=2.17246ms]
----------------------------------------------------------

----------------------------------------------------------
sample path: (IntersectionOutput) 
  order timepoint           sequence nr.                  node name     dropped samples
latency

Statistics:
  latency:                  3.09887ms [min=2.74651ms, max=10.0546ms, average=4.41065ms, deviation=2.13501ms]
----------------------------------------------------------

----------------------------------------------------------
sample path: (VehicleDBWSystem) 
  order timepoint           sequence nr.                  node name     dropped samples
bp period
latency

Statistics:
  latency:                  152.962ms [min=76.4213ms, max=152.962ms, average=121.908ms, deviation=32.0852ms]
hotpath
  hot path:                 FrontLidarDriver/RearLidarDriver -> ObjectCollisionEstimator
  hot path latency:         13.2992ms [min=13.156ms, max=13.2992ms, average=13.2369ms, deviation=0.0599931ms]
  hot path drops:           0 [min=0, max=0, average=0, deviation=0]
  behavior planner period:  99.9948ms [min=96.2257ms, max=103.758ms, average=99.9976ms, deviation=3.07504ms]
----------------------------------------------------------

----------------------------------------------------------
sample path: (IntersectionOutput) 
  order timepoint           sequence nr.                  node name     dropped samples
latency

Statistics:
  latency:                  2.95424ms [min=2.74651ms, max=10.0546ms, average=4.33783ms, deviation=2.10343ms]
----------------------------------------------------------

----------------------------------------------------------
sample path: (IntersectionOutput) 
  order timepoint           sequence nr.                  node name     dropped samples
latency

Statistics:
  latency:                  2.77404ms [min=2.74651ms, max=10.0546ms, average=4.26336ms, deviation=2.07838ms]
----------------------------------------------------------

----------------------------------------------------------
sample path: (IntersectionOutput) 
  order timepoint           sequence nr.                  node name     dropped samples
latency

Statistics:
  latency:                  5.16617ms [min=2.74651ms, max=10.0546ms, average=4.3044ms, deviation=2.0374ms]
----------------------------------------------------------

----------------------------------------------------------
sample path: (IntersectionOutput) 
  order timepoint           sequence nr.                  node name     dropped samples
latency

Statistics:
  latency:                  2.98246ms [min=2.74651ms, max=10.0546ms, average=4.24692ms, deviation=2.00955ms]
----------------------------------------------------------

----------------------------------------------------------
sample path: (VehicleDBWSystem) 
  order timepoint           sequence nr.                  node name     dropped samples
bp period
latency

Statistics:
  latency:                  152.664ms [min=76.4213ms, max=152.962ms, average=127.034ms, deviation=31.3243ms]
hotpath
  hot path:                 FrontLidarDriver/RearLidarDriver -> ObjectCollisionEstimator
  hot path latency:         22.8834ms [min=13.156ms, max=22.8834ms, average=14.8446ms, deviation=3.93854ms]
  hot path drops:           0 [min=0, max=0, average=0, deviation=0]
  behavior planner period:  99.9935ms [min=96.2257ms, max=103.758ms, average=99.9968ms, deviation=2.66307ms]
----------------------------------------------------------

----------------------------------------------------------
sample path: (IntersectionOutput) 
  order timepoint           sequence nr.                  node name     dropped samples
latency

Statistics:
  latency:                  2.99332ms [min=2.74651ms, max=10.0546ms, average=4.19469ms, deviation=1.98197ms]
----------------------------------------------------------

----------------------------------------------------------
sample path: (IntersectionOutput) 
  order timepoint           sequence nr.                  node name     dropped samples
latency

Statistics:
  latency:                  2.73746ms [min=2.73746ms, max=10.0546ms, average=4.1364ms, deviation=1.96201ms]
----------------------------------------------------------

----------------------------------------------------------
sample path: (IntersectionOutput) 
  order timepoint           sequence nr.                  node name     dropped samples
latency

Statistics:
  latency:                  5.14258ms [min=2.73746ms, max=10.0546ms, average=4.1751ms, deviation=1.93247ms]
----------------------------------------------------------

----------------------------------------------------------
sample path: (IntersectionOutput) 
  order timepoint           sequence nr.                  node name     dropped samples
latency

Statistics:
  latency:                  2.83441ms [min=2.73746ms, max=10.0546ms, average=4.12545ms, deviation=1.91242ms]
----------------------------------------------------------

----------------------------------------------------------
sample path: (VehicleDBWSystem) 
  order timepoint           sequence nr.                  node name     dropped samples
bp period
latency

Statistics:
  latency:                  111.796ms [min=76.4213ms, max=152.962ms, average=124.857ms, deviation=29.1693ms]
hotpath
  hot path:                 FrontLidarDriver/RearLidarDriver -> ObjectCollisionEstimator
  hot path latency:         13.2594ms [min=13.156ms, max=22.8834ms, average=14.6182ms, deviation=3.64496ms]
  hot path drops:           0 [min=0, max=0, average=0, deviation=0]
  behavior planner period:  100.002ms [min=96.2257ms, max=103.758ms, average=99.9976ms, deviation=2.38192ms]
----------------------------------------------------------

----------------------------------------------------------
sample path: (IntersectionOutput) 
  order timepoint           sequence nr.                  node name     dropped samples
latency

Statistics:
  latency:                  2.82636ms [min=2.73746ms, max=10.0546ms, average=4.07905ms, deviation=1.89266ms]
----------------------------------------------------------

----------------------------------------------------------
sample path: (IntersectionOutput) 
  order timepoint           sequence nr.                  node name     dropped samples
latency

Statistics:
  latency:                  2.75882ms [min=2.73746ms, max=10.0546ms, average=4.03352ms, deviation=1.87466ms]
----------------------------------------------------------

----------------------------------------------------------
sample path: (IntersectionOutput) 
  order timepoint           sequence nr.                  node name     dropped samples
latency

Statistics:
  latency:                  5.13344ms [min=2.73746ms, max=10.0546ms, average=4.07019ms, deviation=1.85297ms]
----------------------------------------------------------

----------------------------------------------------------
sample path: (IntersectionOutput) 
  order timepoint           sequence nr.                  node name     dropped samples
latency

Statistics:
  latency:                  7.57097ms [min=2.73746ms, max=10.0546ms, average=4.18312ms, deviation=1.92727ms]
----------------------------------------------------------

----------------------------------------------------------
sample path: (VehicleDBWSystem) 
  order timepoint           sequence nr.                  node name     dropped samples
bp period
latency

Statistics:
  latency:                  115.669ms [min=76.4213ms, max=152.962ms, average=123.709ms, deviation=27.2003ms]
hotpath
  hot path:                 FrontLidarDriver/RearLidarDriver -> ObjectCollisionEstimator
  hot path latency:         13.1738ms [min=13.156ms, max=22.8834ms, average=14.4376ms, deviation=3.413ms]
  hot path drops:           0 [min=0, max=0, average=0, deviation=0]
  behavior planner period:  103.885ms [min=96.2257ms, max=103.885ms, average=100.553ms, deviation=2.62427ms]
----------------------------------------------------------

----------------------------------------------------------
sample path: (IntersectionOutput) 
  order timepoint           sequence nr.                  node name     dropped samples
latency

Statistics:
  latency:                  2.76767ms [min=2.73746ms, max=10.0546ms, average=4.13888ms, deviation=1.91237ms]
----------------------------------------------------------

----------------------------------------------------------
sample path: (IntersectionOutput) 
  order timepoint           sequence nr.                  node name     dropped samples
latency

Statistics:
  latency:                  2.74424ms [min=2.73746ms, max=10.0546ms, average=4.09662ms, deviation=1.89785ms]
----------------------------------------------------------

----------------------------------------------------------
sample path: (IntersectionOutput) 
  order timepoint           sequence nr.                  node name     dropped samples
latency

Statistics:
  latency:                  5.21486ms [min=2.73746ms, max=10.0546ms, average=4.12951ms, deviation=1.87868ms]
----------------------------------------------------------

----------------------------------------------------------
sample path: (IntersectionOutput) 
  order timepoint           sequence nr.                  node name     dropped samples
latency

Statistics:
  latency:                  3.00405ms [min=2.73746ms, max=10.0546ms, average=4.09736ms, deviation=1.8606ms]
----------------------------------------------------------

----------------------------------------------------------
sample path: (VehicleDBWSystem) 
  order timepoint           sequence nr.                  node name     dropped samples
bp period
latency

Statistics:
  latency:                  76.1087ms [min=76.1087ms, max=152.962ms, average=118.42ms, deviation=29.9854ms]
hotpath
  hot path:                 FrontLidarDriver/RearLidarDriver -> ObjectCollisionEstimator
  hot path latency:         13.3819ms [min=13.156ms, max=22.8834ms, average=14.3203ms, deviation=3.2119ms]
  hot path drops:           0 [min=0, max=0, average=0, deviation=0]
  behavior planner period:  96.1193ms [min=96.1193ms, max=103.885ms, average=99.9987ms, deviation=2.89138ms]
----------------------------------------------------------

----------------------------------------------------------
sample path: (IntersectionOutput) 
  order timepoint           sequence nr.                  node name     dropped samples
latency

Statistics:
  latency:                  10.3637ms [min=2.73746ms, max=10.3637ms, average=4.27142ms, deviation=2.11038ms]
----------------------------------------------------------

----------------------------------------------------------
sample path: (IntersectionOutput) 
  order timepoint           sequence nr.                  node name     dropped samples
latency

Statistics:
  latency:                  2.74588ms [min=2.73746ms, max=10.3637ms, average=4.23019ms, deviation=2.09592ms]
----------------------------------------------------------

----------------------------------------------------------
sample path: (IntersectionOutput) 
  order timepoint           sequence nr.                  node name     dropped samples
latency

Statistics:
  latency:                  5.13065ms [min=2.73746ms, max=10.3637ms, average=4.25389ms, deviation=2.07256ms]
----------------------------------------------------------

----------------------------------------------------------
sample path: (IntersectionOutput) 
  order timepoint           sequence nr.                  node name     dropped samples
latency

Statistics:
  latency:                  2.99189ms [min=2.73746ms, max=10.3637ms, average=4.22153ms, deviation=2.05506ms]
----------------------------------------------------------

----------------------------------------------------------
sample path: (VehicleDBWSystem) 
  order timepoint           sequence nr.                  node name     dropped samples
bp period
latency

Statistics:
  latency:                  152.617ms [min=76.1087ms, max=152.962ms, average=121.84ms, deviation=30.2682ms]
hotpath
  hot path:                 FrontLidarDriver/RearLidarDriver -> ObjectCollisionEstimator
  hot path latency:         13.2598ms [min=13.156ms, max=22.8834ms, average=14.2143ms, deviation=3.04672ms]
  hot path drops:           0 [min=0, max=0, average=0, deviation=0]
  behavior planner period:  99.998ms [min=96.1193ms, max=103.885ms, average=99.9986ms, deviation=2.70464ms]
----------------------------------------------------------

----------------------------------------------------------
sample path: (IntersectionOutput) 
  order timepoint           sequence nr.                  node name     dropped samples
latency

Statistics:
  latency:                  3.07577ms [min=2.73746ms, max=10.3637ms, average=4.19288ms, deviation=2.03662ms]
----------------------------------------------------------

----------------------------------------------------------
sample path: (IntersectionOutput) 
  order timepoint           sequence nr.                  node name     dropped samples
latency

Statistics:
  latency:                  5.14837ms [min=2.73746ms, max=10.3637ms, average=4.21619ms, deviation=2.01653ms]
----------------------------------------------------------

----------------------------------------------------------
sample path: (IntersectionOutput) 
  order timepoint           sequence nr.                  node name     dropped samples
latency

Statistics:
  latency:                  5.12722ms [min=2.73746ms, max=10.3637ms, average=4.23788ms, deviation=1.99674ms]
----------------------------------------------------------

----------------------------------------------------------
sample path: (IntersectionOutput) 
  order timepoint           sequence nr.                  node name     dropped samples
latency

Statistics:
  latency:                  3.06831ms [min=2.73746ms, max=10.3637ms, average=4.21068ms, deviation=1.98087ms]
----------------------------------------------------------

----------------------------------------------------------
sample path: (VehicleDBWSystem) 
  order timepoint           sequence nr.                  node name     dropped samples
bp period
latency

Statistics:
  latency:                  152.848ms [min=76.1087ms, max=152.962ms, average=124.658ms, deviation=30.1986ms]
hotpath
  hot path:                 FrontLidarDriver/RearLidarDriver -> ObjectCollisionEstimator
  hot path latency:         13.0792ms [min=13.0792ms, max=22.8834ms, average=14.1111ms, deviation=2.91057ms]
  hot path drops:           0 [min=0, max=0, average=0, deviation=0]
  behavior planner period:  99.9997ms [min=96.1193ms, max=103.885ms, average=99.9988ms, deviation=2.54996ms]
----------------------------------------------------------

----------------------------------------------------------
sample path: (IntersectionOutput) 
  order timepoint           sequence nr.                  node name     dropped samples
latency

Statistics:
  latency:                  3.09987ms [min=2.73746ms, max=10.3637ms, average=4.18543ms, deviation=1.96485ms]
----------------------------------------------------------

----------------------------------------------------------
sample path: (IntersectionOutput) 
  order timepoint           sequence nr.                  node name     dropped samples
latency

Statistics:
  latency:                  2.76068ms [min=2.73746ms, max=10.3637ms, average=4.15377ms, deviation=1.95397ms]
----------------------------------------------------------

----------------------------------------------------------
sample path: (IntersectionOutput) 
  order timepoint           sequence nr.                  node name     dropped samples
latency

Statistics:
  latency:                  9.97407ms [min=2.73746ms, max=10.3637ms, average=4.2803ms, deviation=2.11414ms]
----------------------------------------------------------

----------------------------------------------------------
sample path: (IntersectionOutput) 
  order timepoint           sequence nr.                  node name     dropped samples
latency

Statistics:
  latency:                  2.84101ms [min=2.73746ms, max=10.3637ms, average=4.24968ms, deviation=2.10155ms]
----------------------------------------------------------

----------------------------------------------------------
sample path: (VehicleDBWSystem) 
  order timepoint           sequence nr.                  node name     dropped samples
bp period
latency

Statistics:
  latency:                  152.757ms [min=76.1087ms, max=152.962ms, average=127ms, deviation=29.914ms]
hotpath
  hot path:                 FrontLidarDriver/RearLidarDriver -> ObjectCollisionEstimator
  hot path latency:         22.8432ms [min=13.0792ms, max=22.8834ms, average=14.8388ms, deviation=3.74906ms]
  hot path drops:           0 [min=0, max=0, average=0, deviation=0]
  behavior planner period:  99.9977ms [min=96.1193ms, max=103.885ms, average=99.9987ms, deviation=2.41911ms]
----------------------------------------------------------

----------------------------------------------------------
sample path: (IntersectionOutput) 
  order timepoint           sequence nr.                  node name     dropped samples
latency

Statistics:
  latency:                  2.8058ms [min=2.73746ms, max=10.3637ms, average=4.2196ms, deviation=2.08949ms]
----------------------------------------------------------

----------------------------------------------------------
sample path: (IntersectionOutput) 
  order timepoint           sequence nr.                  node name     dropped samples
latency

Statistics:
  latency:                  2.76674ms [min=2.73746ms, max=10.3637ms, average=4.18995ms, deviation=2.078ms]
----------------------------------------------------------

----------------------------------------------------------
sample path: (IntersectionOutput) 
  order timepoint           sequence nr.                  node name     dropped samples
latency

Statistics:
  latency:                  5.15283ms [min=2.73746ms, max=10.3637ms, average=4.20921ms, deviation=2.06119ms]
----------------------------------------------------------

----------------------------------------------------------
sample path: (IntersectionOutput) 
  order timepoint           sequence nr.                  node name     dropped samples
latency

Statistics:
  latency:                  2.86685ms [min=2.73746ms, max=10.3637ms, average=4.18288ms, deviation=2.04911ms]
----------------------------------------------------------

----------------------------------------------------------
sample path: (VehicleDBWSystem) 
  order timepoint           sequence nr.                  node name     dropped samples
bp period
latency

Statistics:
  latency:                  111.723ms [min=76.1087ms, max=152.962ms, average=125.825ms, deviation=28.9522ms]
hotpath
  hot path:                 FrontLidarDriver/RearLidarDriver -> ObjectCollisionEstimator
  hot path latency:         13.3149ms [min=13.0792ms, max=22.8834ms, average=14.7215ms, deviation=3.61425ms]
  hot path drops:           0 [min=0, max=0, average=0, deviation=0]
  behavior planner period:  100.002ms [min=96.1193ms, max=103.885ms, average=99.9989ms, deviation=2.30653ms]
----------------------------------------------------------

----------------------------------------------------------
sample path: (IntersectionOutput) 
  order timepoint           sequence nr.                  node name     dropped samples
latency

Statistics:
  latency:                  2.85006ms [min=2.73746ms, max=10.3637ms, average=4.15725ms, deviation=2.03733ms]
----------------------------------------------------------

----------------------------------------------------------
sample path: (IntersectionOutput) 
  order timepoint           sequence nr.                  node name     dropped samples
latency

Statistics:
  latency:                  2.76988ms [min=2.73746ms, max=10.3637ms, average=4.13108ms, deviation=2.02662ms]
----------------------------------------------------------

----------------------------------------------------------
sample path: (IntersectionOutput) 
  order timepoint           sequence nr.                  node name     dropped samples
latency

Statistics:
  latency:                  5.34257ms [min=2.73746ms, max=10.3637ms, average=4.15351ms, deviation=2.01417ms]
----------------------------------------------------------

----------------------------------------------------------
sample path: (IntersectionOutput) 
  order timepoint           sequence nr.                  node name     dropped samples
latency

Statistics:
  latency:                  10.2415ms [min=2.73746ms, max=10.3637ms, average=4.2642ms, deviation=2.15769ms]
----------------------------------------------------------

----------------------------------------------------------
sample path: (VehicleDBWSystem) 
  order timepoint           sequence nr.                  node name     dropped samples
bp period
latency

Statistics:
  latency:                  115.655ms [min=76.1087ms, max=152.962ms, average=125.098ms, deviation=27.9488ms]
hotpath
  hot path:                 FrontLidarDriver/RearLidarDriver -> ObjectCollisionEstimator
  hot path latency:         13.2348ms [min=13.0792ms, max=22.8834ms, average=14.6153ms, deviation=3.49512ms]
  hot path drops:           0 [min=0, max=0, average=0, deviation=0]
  behavior planner period:  103.956ms [min=96.1193ms, max=103.956ms, average=100.303ms, deviation=2.46606ms]
----------------------------------------------------------

----------------------------------------------------------
sample path: (IntersectionOutput) 
  order timepoint           sequence nr.                  node name     dropped samples
latency

Statistics:
  latency:                  2.83383ms [min=2.73746ms, max=10.3637ms, average=4.23866ms, deviation=2.14651ms]
----------------------------------------------------------

----------------------------------------------------------
sample path: (IntersectionOutput) 
  order timepoint           sequence nr.                  node name     dropped samples
latency

Statistics:
  latency:                  2.8499ms [min=2.73746ms, max=10.3637ms, average=4.2143ms, deviation=2.1352ms]
----------------------------------------------------------

----------------------------------------------------------
sample path: (IntersectionOutput) 
  order timepoint           sequence nr.                  node name     dropped samples
latency

Statistics:
  latency:                  5.41499ms [min=2.73746ms, max=10.3637ms, average=4.235ms, deviation=2.12225ms]
----------------------------------------------------------

----------------------------------------------------------
sample path: (IntersectionOutput) 
  order timepoint           sequence nr.                  node name     dropped samples
latency

Statistics:
  latency:                  3.04092ms [min=2.73746ms, max=10.3637ms, average=4.21476ms, deviation=2.10961ms]
----------------------------------------------------------

----------------------------------------------------------
sample path: (VehicleDBWSystem) 
  order timepoint           sequence nr.                  node name     dropped samples
bp period
latency

Statistics:
  latency:                  76.3159ms [min=76.1087ms, max=152.962ms, average=121.846ms, deviation=29.732ms]
hotpath
  hot path:                 FrontLidarDriver/RearLidarDriver -> ObjectCollisionEstimator
  hot path latency:         13.9482ms [min=13.0792ms, max=22.8834ms, average=14.5709ms, deviation=3.37239ms]
  hot path drops:           0 [min=0, max=0, average=0, deviation=0]
  behavior planner period:  96.0533ms [min=96.0533ms, max=103.956ms, average=99.9998ms, deviation=2.62751ms]
----------------------------------------------------------

----------------------------------------------------------
sample path: (IntersectionOutput) 
  order timepoint           sequence nr.                  node name     dropped samples
latency

Statistics:
  latency:                  7.71981ms [min=2.73746ms, max=10.3637ms, average=4.27318ms, deviation=2.14004ms]
----------------------------------------------------------

----------------------------------------------------------
sample path: (IntersectionOutput) 
  order timepoint           sequence nr.                  node name     dropped samples
latency

Statistics:
  latency:                  2.95969ms [min=2.73746ms, max=10.3637ms, average=4.25164ms, deviation=2.12879ms]
----------------------------------------------------------

----------------------------------------------------------
sample path: (IntersectionOutput) 
  order timepoint           sequence nr.                  node name     dropped samples
latency

Statistics:
  latency:                  5.55491ms [min=2.73746ms, max=10.3637ms, average=4.27266ms, deviation=2.11774ms]
----------------------------------------------------------

----------------------------------------------------------
sample path: (IntersectionOutput) 
  order timepoint           sequence nr.                  node name     dropped samples
latency

Statistics:
  latency:                  3.06164ms [min=2.73746ms, max=10.3637ms, average=4.25344ms, deviation=2.10613ms]
----------------------------------------------------------

----------------------------------------------------------
sample path: (VehicleDBWSystem) 
  order timepoint           sequence nr.                  node name     dropped samples
bp period
latency

Statistics:
  latency:                  152.611ms [min=76.1087ms, max=152.962ms, average=123.769ms, deviation=29.7357ms]
hotpath
  hot path:                 FrontLidarDriver/RearLidarDriver -> ObjectCollisionEstimator
  hot path latency:         13.7778ms [min=13.0792ms, max=22.8834ms, average=14.5213ms, deviation=3.26406ms]
  hot path drops:           0 [min=0, max=0, average=0, deviation=0]
  behavior planner period:  99.9941ms [min=96.0533ms, max=103.956ms, average=99.9994ms, deviation=2.53194ms]
----------------------------------------------------------

----------------------------------------------------------
sample path: (IntersectionOutput) 
  order timepoint           sequence nr.                  node name     dropped samples
latency

Statistics:
  latency:                  3.06872ms [min=2.73746ms, max=10.3637ms, average=4.23493ms, deviation=2.09459ms]
----------------------------------------------------------

----------------------------------------------------------
sample path: (IntersectionOutput) 
  order timepoint           sequence nr.                  node name     dropped samples
latency

Statistics:
  latency:                  2.90788ms [min=2.73746ms, max=10.3637ms, average=4.21451ms, deviation=2.08467ms]
----------------------------------------------------------

----------------------------------------------------------
sample path: (IntersectionOutput) 
  order timepoint           sequence nr.                  node name     dropped samples
latency

Statistics:
  latency:                  5.2266ms [min=2.73746ms, max=10.3637ms, average=4.22985ms, deviation=2.07232ms]
----------------------------------------------------------

----------------------------------------------------------
sample path: (IntersectionOutput) 
  order timepoint           sequence nr.                  node name     dropped samples
latency

Statistics:
  latency:                  3.12371ms [min=2.73746ms, max=10.3637ms, average=4.21334ms, deviation=2.061ms]
----------------------------------------------------------

----------------------------------------------------------
sample path: (VehicleDBWSystem) 
  order timepoint           sequence nr.                  node name     dropped samples
bp period
latency

Statistics:
  latency:                  153.008ms [min=76.1087ms, max=153.008ms, average=125.489ms, deviation=29.6519ms]
hotpath
  hot path:                 FrontLidarDriver/RearLidarDriver -> ObjectCollisionEstimator
  hot path latency:         13.5016ms [min=13.0792ms, max=22.8834ms, average=14.4613ms, deviation=3.17008ms]
  hot path drops:           0 [min=0, max=0, average=0, deviation=0]
  behavior planner period:  100.024ms [min=96.0533ms, max=103.956ms, average=100.001ms, deviation=2.44609ms]
----------------------------------------------------------

----------------------------------------------------------
sample path: (IntersectionOutput) 
  order timepoint           sequence nr.                  node name     dropped samples
latency

Statistics:
  latency:                  3.12553ms [min=2.73746ms, max=10.3637ms, average=4.19734ms, deviation=2.04981ms]
----------------------------------------------------------

----------------------------------------------------------
sample path: (IntersectionOutput) 
  order timepoint           sequence nr.                  node name     dropped samples
latency

Statistics:
  latency:                  2.9725ms [min=2.73746ms, max=10.3637ms, average=4.17959ms, deviation=2.04001ms]
----------------------------------------------------------

----------------------------------------------------------
sample path: (IntersectionOutput) 
  order timepoint           sequence nr.                  node name     dropped samples
latency

Statistics:
  latency:                  7.85304ms [min=2.73746ms, max=10.3637ms, average=4.23207ms, deviation=2.07223ms]
----------------------------------------------------------

----------------------------------------------------------
sample path: (IntersectionOutput) 
  order timepoint           sequence nr.                  node name     dropped samples
latency

Statistics:
  latency:                  2.96543ms [min=2.73746ms, max=10.3637ms, average=4.21423ms, deviation=2.06286ms]
----------------------------------------------------------

----------------------------------------------------------
sample path: (VehicleDBWSystem) 
  order timepoint           sequence nr.                  node name     dropped samples
bp period
latency

Statistics:
  latency:                  152.661ms [min=76.1087ms, max=153.008ms, average=126.999ms, deviation=29.4709ms]
hotpath
  hot path:                 FrontLidarDriver/RearLidarDriver -> ObjectCollisionEstimator
  hot path latency:         25.8994ms [min=13.0792ms, max=25.8994ms, average=15.0968ms, deviation=4.08981ms]
  hot path drops:           0 [min=0, max=0, average=0, deviation=0]
  behavior planner period:  99.9734ms [min=96.0533ms, max=103.956ms, average=99.9993ms, deviation=2.36843ms]
----------------------------------------------------------

----------------------------------------------------------
sample path: (IntersectionOutput) 
  order timepoint           sequence nr.                  node name     dropped samples
latency

Statistics:
  latency:                  2.95626ms [min=2.73746ms, max=10.3637ms, average=4.19676ms, deviation=2.05364ms]
----------------------------------------------------------

----------------------------------------------------------
sample path: (IntersectionOutput) 
  order timepoint           sequence nr.                  node name     dropped samples
latency

Statistics:
  latency:                  2.84331ms [min=2.73746ms, max=10.3637ms, average=4.17822ms, deviation=2.04547ms]
----------------------------------------------------------

----------------------------------------------------------
sample path: (IntersectionOutput) 
  order timepoint           sequence nr.                  node name     dropped samples
latency

Statistics:
  latency:                  2.91951ms [min=2.73746ms, max=10.3637ms, average=4.16121ms, deviation=2.03667ms]
----------------------------------------------------------

----------------------------------------------------------
sample path: (IntersectionOutput) 
  order timepoint           sequence nr.                  node name     dropped samples
latency

Statistics:
  latency:                  2.91626ms [min=2.73746ms, max=10.3637ms, average=4.14461ms, deviation=2.02797ms]
----------------------------------------------------------

----------------------------------------------------------
sample path: (VehicleDBWSystem) 
  order timepoint           sequence nr.                  node name     dropped samples
bp period
latency

Statistics:
  latency:                  111.901ms [min=76.1087ms, max=153.008ms, average=126.204ms, deviation=28.8493ms]
hotpath
  hot path:                 FrontLidarDriver/RearLidarDriver -> ObjectCollisionEstimator
  hot path latency:         13.6745ms [min=13.0792ms, max=25.8994ms, average=15.0219ms, deviation=3.98795ms]
  hot path drops:           0 [min=0, max=0, average=0, deviation=0]
  behavior planner period:  100.02ms [min=96.0533ms, max=103.956ms, average=100ms, deviation=2.29772ms]
----------------------------------------------------------

----------------------------------------------------------
sample path: (IntersectionOutput) 
  order timepoint           sequence nr.                  node name     dropped samples
latency

Statistics:
  latency:                  2.9219ms [min=2.73746ms, max=10.3637ms, average=4.12852ms, deviation=2.01928ms]
----------------------------------------------------------

----------------------------------------------------------
sample path: (IntersectionOutput) 
  order timepoint           sequence nr.                  node name     dropped samples
latency

Statistics:
  latency:                  2.79012ms [min=2.73746ms, max=10.3637ms, average=4.11114ms, deviation=2.01174ms]
----------------------------------------------------------

----------------------------------------------------------
sample path: (IntersectionOutput) 
  order timepoint           sequence nr.                  node name     dropped samples
latency

Statistics:
  latency:                  2.83492ms [min=2.73746ms, max=10.3637ms, average=4.09478ms, deviation=2.00385ms]
----------------------------------------------------------

----------------------------------------------------------
sample path: (IntersectionOutput) 
  order timepoint           sequence nr.                  node name     dropped samples
latency

Statistics:
  latency:                  7.71822ms [min=2.73746ms, max=10.3637ms, average=4.14064ms, deviation=2.03227ms]
----------------------------------------------------------

----------------------------------------------------------
sample path: (VehicleDBWSystem) 
  order timepoint           sequence nr.                  node name     dropped samples
bp period
latency

Statistics:
  latency:                  115.511ms [min=76.1087ms, max=153.008ms, average=125.669ms, deviation=28.1814ms]
hotpath
  hot path:                 FrontLidarDriver/RearLidarDriver -> ObjectCollisionEstimator
  hot path latency:         13.2708ms [min=13.0792ms, max=25.8994ms, average=14.9344ms, deviation=3.90128ms]
  hot path drops:           0 [min=0, max=0, average=0, deviation=0]
  behavior planner period:  103.698ms [min=96.0533ms, max=103.956ms, average=100.195ms, deviation=2.38866ms]
----------------------------------------------------------

----------------------------------------------------------
sample path: (IntersectionOutput) 
  order timepoint           sequence nr.                  node name     dropped samples
latency

Statistics:
  latency:                  2.80718ms [min=2.73746ms, max=10.3637ms, average=4.12397ms, deviation=2.02486ms]
----------------------------------------------------------

----------------------------------------------------------
sample path: (IntersectionOutput) 
  order timepoint           sequence nr.                  node name     dropped samples
latency

Statistics:
  latency:                  2.97442ms [min=2.73746ms, max=10.3637ms, average=4.10978ms, deviation=2.01622ms]
----------------------------------------------------------

----------------------------------------------------------
sample path: (IntersectionOutput) 
  order timepoint           sequence nr.                  node name     dropped samples
latency

Statistics:
  latency:                  5.57162ms [min=2.73746ms, max=10.3637ms, average=4.12761ms, deviation=2.01023ms]
----------------------------------------------------------

----------------------------------------------------------
sample path: (IntersectionOutput) 
  order timepoint           sequence nr.                  node name     dropped samples
latency

Statistics:
  latency:                  3.1243ms [min=2.73746ms, max=10.3637ms, average=4.11552ms, deviation=2.00096ms]
----------------------------------------------------------

----------------------------------------------------------
sample path: (VehicleDBWSystem) 
  order timepoint           sequence nr.                  node name     dropped samples
bp period
latency

Statistics:
  latency:                  76.7172ms [min=76.1087ms, max=153.008ms, average=123.338ms, deviation=29.4719ms]
hotpath
  hot path:                 FrontLidarDriver/RearLidarDriver -> ObjectCollisionEstimator
  hot path latency:         13.8859ms [min=13.0792ms, max=25.8994ms, average=14.8844ms, deviation=3.80938ms]
  hot path drops:           0 [min=0, max=0, average=0, deviation=0]
  behavior planner period:  96.2985ms [min=96.0533ms, max=103.956ms, average=100ms, deviation=2.48285ms]
----------------------------------------------------------

----------------------------------------------------------
sample path: (IntersectionOutput) 
  order timepoint           sequence nr.                  node name     dropped samples
latency

Statistics:
  latency:                  8.1196ms [min=2.73746ms, max=10.3637ms, average=4.16319ms, deviation=2.03629ms]
----------------------------------------------------------

----------------------------------------------------------
sample path: (IntersectionOutput) 
  order timepoint           sequence nr.                  node name     dropped samples
latency

Statistics:
  latency:                  2.9969ms [min=2.73746ms, max=10.3637ms, average=4.14947ms, deviation=2.02808ms]
----------------------------------------------------------

----------------------------------------------------------
sample path: (IntersectionOutput) 
  order timepoint           sequence nr.                  node name     dropped samples
latency

Statistics:
  latency:                  2.85198ms [min=2.73746ms, max=10.3637ms, average=4.13438ms, deviation=2.02097ms]
----------------------------------------------------------

----------------------------------------------------------
sample path: (IntersectionOutput) 
  order timepoint           sequence nr.                  node name     dropped samples
latency

Statistics:
  latency:                  3.10634ms [min=2.73746ms, max=10.3637ms, average=4.12256ms, deviation=2.0122ms]
----------------------------------------------------------

----------------------------------------------------------
sample path: (VehicleDBWSystem) 
  order timepoint           sequence nr.                  node name     dropped samples
bp period
latency

Statistics:
  latency:                  152.737ms [min=76.1087ms, max=153.008ms, average=124.675ms, deviation=29.4366ms]
hotpath
  hot path:                 FrontLidarDriver/RearLidarDriver -> ObjectCollisionEstimator
  hot path latency:         13.203ms [min=13.0792ms, max=25.8994ms, average=14.808ms, deviation=3.73481ms]
  hot path drops:           0 [min=0, max=0, average=0, deviation=0]
  behavior planner period:  99.9952ms [min=96.0533ms, max=103.956ms, average=100ms, deviation=2.41998ms]
----------------------------------------------------------

----------------------------------------------------------
sample path: (IntersectionOutput) 
  order timepoint           sequence nr.                  node name     dropped samples
latency

Statistics:
  latency:                  3.08665ms [min=2.73746ms, max=10.3637ms, average=4.11079ms, deviation=2.00365ms]
----------------------------------------------------------

----------------------------------------------------------
sample path: (IntersectionOutput) 
  order timepoint           sequence nr.                  node name     dropped samples
latency

Statistics:
  latency:                  2.99654ms [min=2.73746ms, max=10.3637ms, average=4.09827ms, deviation=1.99573ms]
----------------------------------------------------------

----------------------------------------------------------
sample path: (IntersectionOutput) 
  order timepoint           sequence nr.                  node name     dropped samples
latency

Statistics:
  latency:                  5.54061ms [min=2.73746ms, max=10.3637ms, average=4.1143ms, deviation=1.9903ms]
----------------------------------------------------------

----------------------------------------------------------
sample path: (IntersectionOutput) 
  order timepoint           sequence nr.                  node name     dropped samples
latency

Statistics:
  latency:                  2.93152ms [min=2.73746ms, max=10.3637ms, average=4.1013ms, deviation=1.9831ms]
----------------------------------------------------------

----------------------------------------------------------
sample path: (VehicleDBWSystem) 
  order timepoint           sequence nr.                  node name     dropped samples
bp period
latency

Statistics:
  latency:                  153.059ms [min=76.1087ms, max=153.059ms, average=125.909ms, deviation=29.3625ms]
hotpath
  hot path:                 FrontLidarDriver/RearLidarDriver -> ObjectCollisionEstimator
  hot path latency:         13.5827ms [min=13.0792ms, max=25.8994ms, average=14.7547ms, deviation=3.65788ms]
  hot path drops:           0 [min=0, max=0, average=0, deviation=0]
  behavior planner period:  100.001ms [min=96.0533ms, max=103.956ms, average=100ms, deviation=2.36166ms]
----------------------------------------------------------

----------------------------------------------------------
sample path: (IntersectionOutput) 
  order timepoint           sequence nr.                  node name     dropped samples
latency

Statistics:
  latency:                  2.88672ms [min=2.73746ms, max=10.3637ms, average=4.0881ms, deviation=1.97623ms]
----------------------------------------------------------

----------------------------------------------------------
sample path: (IntersectionOutput) 
  order timepoint           sequence nr.                  node name     dropped samples
latency

Statistics:
  latency:                  2.86288ms [min=2.73746ms, max=10.3637ms, average=4.07492ms, deviation=1.96956ms]
----------------------------------------------------------

----------------------------------------------------------
sample path: (IntersectionOutput) 
  order timepoint           sequence nr.                  node name     dropped samples
latency

Statistics:
  latency:                  5.3747ms [min=2.73746ms, max=10.3637ms, average=4.08875ms, deviation=1.96353ms]
----------------------------------------------------------

----------------------------------------------------------
sample path: (IntersectionOutput) 
  order timepoint           sequence nr.                  node name     dropped samples
latency

Statistics:
  latency:                  2.98186ms [min=2.73746ms, max=10.3637ms, average=4.0771ms, deviation=1.95635ms]
----------------------------------------------------------

----------------------------------------------------------
sample path: (VehicleDBWSystem) 
  order timepoint           sequence nr.                  node name     dropped samples
bp period
latency

Statistics:
  latency:                  152.72ms [min=76.1087ms, max=153.059ms, average=127.026ms, deviation=29.234ms]
hotpath
  hot path:                 FrontLidarDriver/RearLidarDriver -> ObjectCollisionEstimator
  hot path latency:         23.2099ms [min=13.0792ms, max=25.8994ms, average=15.107ms, deviation=3.97204ms]
  hot path drops:           0 [min=0, max=0, average=0, deviation=0]
  behavior planner period:  100ms [min=96.0533ms, max=103.956ms, average=100ms, deviation=2.30736ms]
----------------------------------------------------------

----------------------------------------------------------
sample path: (IntersectionOutput) 
  order timepoint           sequence nr.                  node name     dropped samples
latency

Statistics:
  latency:                  2.86418ms [min=2.73746ms, max=10.3637ms, average=4.06447ms, deviation=1.94996ms]
----------------------------------------------------------

----------------------------------------------------------
sample path: (IntersectionOutput) 
  order timepoint           sequence nr.                  node name     dropped samples
latency

Statistics:
  latency:                  2.77162ms [min=2.73746ms, max=10.3637ms, average=4.05114ms, deviation=1.94422ms]
----------------------------------------------------------

----------------------------------------------------------
sample path: (IntersectionOutput) 
  order timepoint           sequence nr.                  node name     dropped samples
latency

Statistics:
  latency:                  5.31442ms [min=2.73746ms, max=10.3637ms, average=4.06403ms, deviation=1.93838ms]
----------------------------------------------------------

----------------------------------------------------------
sample path: (IntersectionOutput) 
  order timepoint           sequence nr.                  node name     dropped samples
latency

Statistics:
  latency:                  2.92261ms [min=2.73746ms, max=10.3637ms, average=4.0525ms, deviation=1.93187ms]
----------------------------------------------------------

----------------------------------------------------------
sample path: (VehicleDBWSystem) 
  order timepoint           sequence nr.                  node name     dropped samples
bp period
latency

Statistics:
  latency:                  111.876ms [min=76.1087ms, max=153.059ms, average=126.42ms, deviation=28.7784ms]
hotpath
  hot path:                 FrontLidarDriver/RearLidarDriver -> ObjectCollisionEstimator
  hot path latency:         13.186ms [min=13.0792ms, max=25.8994ms, average=15.0302ms, deviation=3.90734ms]
  hot path drops:           0 [min=0, max=0, average=0, deviation=0]
  behavior planner period:  99.9988ms [min=96.0533ms, max=103.956ms, average=100ms, deviation=2.25665ms]
----------------------------------------------------------

----------------------------------------------------------
sample path: (IntersectionOutput) 
  order timepoint           sequence nr.                  node name     dropped samples
latency

Statistics:
  latency:                  2.79853ms [min=2.73746ms, max=10.3637ms, average=4.03996ms, deviation=1.92617ms]
----------------------------------------------------------

----------------------------------------------------------
sample path: (IntersectionOutput) 
  order timepoint           sequence nr.                  node name     dropped samples
latency

Statistics:
  latency:                  2.79931ms [min=2.73746ms, max=10.3637ms, average=4.02767ms, deviation=1.92049ms]
----------------------------------------------------------

----------------------------------------------------------
sample path: (IntersectionOutput) 
  order timepoint           sequence nr.                  node name     dropped samples
latency

Statistics:
  latency:                  2.81447ms [min=2.73746ms, max=10.3637ms, average=4.01578ms, deviation=1.91473ms]
----------------------------------------------------------

----------------------------------------------------------
sample path: (IntersectionOutput) 
  order timepoint           sequence nr.                  node name     dropped samples
latency

Statistics:
  latency:                  7.69506ms [min=2.73746ms, max=10.3637ms, average=4.0515ms, deviation=1.93951ms]
----------------------------------------------------------

----------------------------------------------------------
sample path: (VehicleDBWSystem) 
  order timepoint           sequence nr.                  node name     dropped samples
bp period
latency

Statistics:
  latency:                  115.523ms [min=76.1087ms, max=153.059ms, average=126.001ms, deviation=28.2779ms]
hotpath
  hot path:                 FrontLidarDriver/RearLidarDriver -> ObjectCollisionEstimator
  hot path latency:         13.2011ms [min=13.0792ms, max=25.8994ms, average=14.9598ms, deviation=3.84517ms]
  hot path drops:           0 [min=0, max=0, average=0, deviation=0]
  behavior planner period:  103.747ms [min=96.0533ms, max=103.956ms, average=100.15ms, deviation=2.3328ms]
----------------------------------------------------------

----------------------------------------------------------
sample path: (IntersectionOutput) 
  order timepoint           sequence nr.                  node name     dropped samples
latency

Statistics:
  latency:                  2.78354ms [min=2.73746ms, max=10.3637ms, average=4.03931ms, deviation=1.93407ms]
----------------------------------------------------------

----------------------------------------------------------
sample path: (IntersectionOutput) 
  order timepoint           sequence nr.                  node name     dropped samples
latency

Statistics:
  latency:                  2.77228ms [min=2.73746ms, max=10.3637ms, average=4.02724ms, deviation=1.92871ms]
----------------------------------------------------------

----------------------------------------------------------
sample path: (IntersectionOutput) 
  order timepoint           sequence nr.                  node name     dropped samples
latency

Statistics:
  latency:                  2.80972ms [min=2.73746ms, max=10.3637ms, average=4.01576ms, deviation=1.92315ms]
----------------------------------------------------------

----------------------------------------------------------
sample path: (IntersectionOutput) 
  order timepoint           sequence nr.                  node name     dropped samples
latency

Statistics:
  latency:                  2.81403ms [min=2.73746ms, max=10.3637ms, average=4.00453ms, deviation=1.91758ms]
----------------------------------------------------------

----------------------------------------------------------
sample path: (VehicleDBWSystem) 
  order timepoint           sequence nr.                  node name     dropped samples
bp period
latency

Statistics:
  latency:                  76.1292ms [min=76.1087ms, max=153.059ms, average=124.154ms, deviation=29.3428ms]
hotpath
  hot path:                 FrontLidarDriver/RearLidarDriver -> ObjectCollisionEstimator
  hot path latency:         13.0444ms [min=13.0444ms, max=25.8994ms, average=14.8889ms, deviation=3.78847ms]
  hot path drops:           0 [min=0, max=0, average=0, deviation=0]
  behavior planner period:  96.2585ms [min=96.0533ms, max=103.956ms, average=100ms, deviation=2.40971ms]
----------------------------------------------------------

----------------------------------------------------------
sample path: (IntersectionOutput) 
  order timepoint           sequence nr.                  node name     dropped samples
latency

Statistics:
  latency:                  10.1302ms [min=2.73746ms, max=10.3637ms, average=4.06124ms, deviation=1.99754ms]
----------------------------------------------------------

----------------------------------------------------------
sample path: (IntersectionOutput) 
  order timepoint           sequence nr.                  node name     dropped samples
latency

Statistics:
  latency:                  2.78703ms [min=2.73746ms, max=10.3637ms, average=4.04955ms, deviation=1.99202ms]
----------------------------------------------------------

----------------------------------------------------------
sample path: (IntersectionOutput) 
  order timepoint           sequence nr.                  node name     dropped samples
latency

Statistics:
  latency:                  2.84373ms [min=2.73746ms, max=10.3637ms, average=4.03859ms, deviation=1.98619ms]
----------------------------------------------------------

----------------------------------------------------------
sample path: (IntersectionOutput) 
  order timepoint           sequence nr.                  node name     dropped samples
latency

Statistics:
  latency:                  3.07922ms [min=2.73746ms, max=10.3637ms, average=4.02995ms, deviation=1.97923ms]
----------------------------------------------------------

----------------------------------------------------------
sample path: (VehicleDBWSystem) 
  order timepoint           sequence nr.                  node name     dropped samples
bp period
latency

Statistics:
  latency:                  152.775ms [min=76.1087ms, max=153.059ms, average=125.176ms, deviation=29.2979ms]
hotpath
  hot path:                 FrontLidarDriver/RearLidarDriver -> ObjectCollisionEstimator
  hot path latency:         13.1718ms [min=13.0444ms, max=25.8994ms, average=14.8276ms, deviation=3.73179ms]
  hot path drops:           0 [min=0, max=0, average=0, deviation=0]
  behavior planner period:  100.002ms [min=96.0533ms, max=103.956ms, average=100ms, deviation=2.36292ms]
----------------------------------------------------------

----------------------------------------------------------
sample path: (IntersectionOutput) 
  order timepoint           sequence nr.                  node name     dropped samples
latency

Statistics:
  latency:                  2.82638ms [min=2.73746ms, max=10.3637ms, average=4.0192ms, deviation=1.97358ms]
----------------------------------------------------------

----------------------------------------------------------
sample path: (IntersectionOutput) 
  order timepoint           sequence nr.                  node name     dropped samples
latency

Statistics:
  latency:                  5.34873ms [min=2.73746ms, max=10.3637ms, average=4.03097ms, deviation=1.96872ms]
----------------------------------------------------------

----------------------------------------------------------
sample path: (IntersectionOutput) 
  order timepoint           sequence nr.                  node name     dropped samples
latency

Statistics:
  latency:                  2.82698ms [min=2.73746ms, max=10.3637ms, average=4.02041ms, deviation=1.96324ms]
----------------------------------------------------------

----------------------------------------------------------
sample path: (IntersectionOutput) 
  order timepoint           sequence nr.                  node name     dropped samples
latency

Statistics:
  latency:                  2.97198ms [min=2.73746ms, max=10.3637ms, average=4.01129ms, deviation=1.95705ms]
----------------------------------------------------------

----------------------------------------------------------
sample path: (VehicleDBWSystem) 
  order timepoint           sequence nr.                  node name     dropped samples
bp period
latency

Statistics:
  latency:                  152.942ms [min=76.1087ms, max=153.059ms, average=126.133ms, deviation=29.2284ms]
hotpath
  hot path:                 FrontLidarDriver/RearLidarDriver -> ObjectCollisionEstimator
  hot path latency:         13.3062ms [min=13.0444ms, max=25.8994ms, average=14.7751ms, deviation=3.67542ms]
  hot path drops:           0 [min=0, max=0, average=0, deviation=0]
  behavior planner period:  99.9977ms [min=96.0533ms, max=103.956ms, average=100ms, deviation=2.31875ms]
----------------------------------------------------------

----------------------------------------------------------
sample path: (IntersectionOutput) 
  order timepoint           sequence nr.                  node name     dropped samples
latency

Statistics:
  latency:                  2.91018ms [min=2.73746ms, max=10.3637ms, average=4.0018ms, deviation=1.9512ms]
----------------------------------------------------------

----------------------------------------------------------
sample path: (IntersectionOutput) 
  order timepoint           sequence nr.                  node name     dropped samples
latency

Statistics:
  latency:                  2.96756ms [min=2.73746ms, max=10.3637ms, average=3.99296ms, deviation=1.94513ms]
----------------------------------------------------------

----------------------------------------------------------
sample path: (IntersectionOutput) 
  order timepoint           sequence nr.                  node name     dropped samples
latency

Statistics:
  latency:                  7.97142ms [min=2.73746ms, max=10.3637ms, average=4.02667ms, deviation=1.97112ms]
----------------------------------------------------------

----------------------------------------------------------
sample path: (IntersectionOutput) 
  order timepoint           sequence nr.                  node name     dropped samples
latency

Statistics:
  latency:                  3.0004ms [min=2.73746ms, max=10.3637ms, average=4.01805ms, deviation=1.965ms]
----------------------------------------------------------

----------------------------------------------------------
sample path: (VehicleDBWSystem) 
  order timepoint           sequence nr.                  node name     dropped samples
bp period
latency

Statistics:
  latency:                  152.897ms [min=76.1087ms, max=153.059ms, average=127.025ms, deviation=29.1327ms]
hotpath
  hot path:                 FrontLidarDriver/RearLidarDriver -> ObjectCollisionEstimator
  hot path latency:         26.01ms [min=13.0444ms, max=26.01ms, average=15.1496ms, deviation=4.15335ms]
  hot path drops:           0 [min=0, max=0, average=0, deviation=0]
  behavior planner period:  99.9963ms [min=96.0533ms, max=103.956ms, average=100ms, deviation=2.27697ms]
----------------------------------------------------------

----------------------------------------------------------
sample path: (IntersectionOutput) 
  order timepoint           sequence nr.                  node name     dropped samples
latency

Statistics:
  latency:                  2.89232ms [min=2.73746ms, max=10.3637ms, average=4.00867ms, deviation=1.95943ms]
----------------------------------------------------------

----------------------------------------------------------
sample path: (IntersectionOutput) 
  order timepoint           sequence nr.                  node name     dropped samples
latency

Statistics:
  latency:                  2.98702ms [min=2.73746ms, max=10.3637ms, average=4.00023ms, deviation=1.95345ms]
----------------------------------------------------------

----------------------------------------------------------
sample path: (IntersectionOutput) 
  order timepoint           sequence nr.                  node name     dropped samples
latency

Statistics:
  latency:                  5.49644ms [min=2.73746ms, max=10.3637ms, average=4.01249ms, deviation=1.95008ms]
----------------------------------------------------------

----------------------------------------------------------
sample path: (IntersectionOutput) 
  order timepoint           sequence nr.                  node name     dropped samples
latency

Statistics:
  latency:                  3.0454ms [min=2.73746ms, max=10.3637ms, average=4.00463ms, deviation=1.94402ms]
----------------------------------------------------------

----------------------------------------------------------
sample path: (VehicleDBWSystem) 
  order timepoint           sequence nr.                  node name     dropped samples
bp period
latency

Statistics:
  latency:                  112.056ms [min=76.1087ms, max=153.059ms, average=126.543ms, deviation=28.769ms]
hotpath
  hot path:                 FrontLidarDriver/RearLidarDriver -> ObjectCollisionEstimator
  hot path latency:         13.6981ms [min=13.0444ms, max=26.01ms, average=15.1028ms, deviation=4.09186ms]
  hot path drops:           0 [min=0, max=0, average=0, deviation=0]
  behavior planner period:  100.003ms [min=96.0533ms, max=103.956ms, average=100ms, deviation=2.23736ms]
----------------------------------------------------------

----------------------------------------------------------
sample path: (IntersectionOutput) 
  order timepoint           sequence nr.                  node name     dropped samples
latency

Statistics:
  latency:                  2.88597ms [min=2.73746ms, max=10.3637ms, average=3.99561ms, deviation=1.93871ms]
----------------------------------------------------------

----------------------------------------------------------
sample path: (IntersectionOutput) 
  order timepoint           sequence nr.                  node name     dropped samples
latency

Statistics:
  latency:                  2.95259ms [min=2.73746ms, max=10.3637ms, average=3.98726ms, deviation=1.93313ms]
----------------------------------------------------------

----------------------------------------------------------
sample path: (IntersectionOutput) 
  order timepoint           sequence nr.                  node name     dropped samples
latency

Statistics:
  latency:                  5.55836ms [min=2.73746ms, max=10.3637ms, average=3.99973ms, deviation=1.93046ms]
----------------------------------------------------------

----------------------------------------------------------
sample path: (IntersectionOutput) 
  order timepoint           sequence nr.                  node name     dropped samples
latency

Statistics:
  latency:                  8.05607ms [min=2.73746ms, max=10.3637ms, average=4.03167ms, deviation=1.95619ms]
----------------------------------------------------------

----------------------------------------------------------
sample path: (VehicleDBWSystem) 
  order timepoint           sequence nr.                  node name     dropped samples
bp period
latency

Statistics:
  latency:                  116.648ms [min=76.1087ms, max=153.059ms, average=126.233ms, deviation=28.3551ms]
hotpath
  hot path:                 FrontLidarDriver/RearLidarDriver -> ObjectCollisionEstimator
  hot path latency:         13.702ms [min=13.0444ms, max=26.01ms, average=15.059ms, deviation=4.03293ms]
  hot path drops:           0 [min=0, max=0, average=0, deviation=0]
  behavior planner period:  104.523ms [min=96.0533ms, max=104.523ms, average=100.146ms, deviation=2.34498ms]
----------------------------------------------------------

----------------------------------------------------------
sample path: (IntersectionOutput) 
  order timepoint           sequence nr.                  node name     dropped samples
latency

Statistics:
  latency:                  3.06203ms [min=2.73746ms, max=10.3637ms, average=4.0241ms, deviation=1.95035ms]
----------------------------------------------------------

----------------------------------------------------------
sample path: (IntersectionOutput) 
  order timepoint           sequence nr.                  node name     dropped samples
latency

Statistics:
  latency:                  2.96863ms [min=2.73746ms, max=10.3637ms, average=4.01591ms, deviation=1.94494ms]
----------------------------------------------------------

----------------------------------------------------------
sample path: (IntersectionOutput) 
  order timepoint           sequence nr.                  node name     dropped samples
latency

Statistics:
  latency:                  5.36711ms [min=2.73746ms, max=10.3637ms, average=4.02631ms, deviation=1.94101ms]
----------------------------------------------------------

----------------------------------------------------------
sample path: (IntersectionOutput) 
  order timepoint           sequence nr.                  node name     dropped samples
latency

Statistics:
  latency:                  3.10926ms [min=2.73746ms, max=10.3637ms, average=4.01931ms, deviation=1.93519ms]
----------------------------------------------------------

----------------------------------------------------------
sample path: (VehicleDBWSystem) 
  order timepoint           sequence nr.                  node name     dropped samples
bp period
latency

Statistics:
  latency:                  214.828ms [min=76.1087ms, max=214.828ms, average=128.918ms, deviation=31.8863ms]
hotpath
  hot path:                 FrontLidarDriver/RearLidarDriver -> ObjectCollisionEstimator
  hot path latency:         13.5986ms [min=13.0444ms, max=26.01ms, average=15.0147ms, deviation=3.97755ms]
  hot path drops:           0 [min=0, max=0, average=0, deviation=0]
  behavior planner period:  95.478ms [min=95.478ms, max=104.523ms, average=100ms, deviation=2.45ms]
----------------------------------------------------------

----------------------------------------------------------
sample path: (IntersectionOutput) 
  order timepoint           sequence nr.                  node name     dropped samples
latency

Statistics:
  latency:                  7.8936ms [min=2.73746ms, max=10.3637ms, average=4.04866ms, deviation=1.95706ms]
----------------------------------------------------------

----------------------------------------------------------
sample path: (IntersectionOutput) 
  order timepoint           sequence nr.                  node name     dropped samples
latency

Statistics:
  latency:                  2.96725ms [min=2.73746ms, max=10.3637ms, average=4.04053ms, deviation=1.95188ms]
----------------------------------------------------------

----------------------------------------------------------
sample path: (IntersectionOutput) 
  order timepoint           sequence nr.                  node name     dropped samples
latency

Statistics:
  latency:                  5.5417ms [min=2.73746ms, max=10.3637ms, average=4.05173ms, deviation=1.94885ms]
----------------------------------------------------------

----------------------------------------------------------
sample path: (IntersectionOutput) 
  order timepoint           sequence nr.                  node name     dropped samples
latency

Statistics:
  latency:                  2.94984ms [min=2.73746ms, max=10.3637ms, average=4.04357ms, deviation=1.94388ms]
----------------------------------------------------------

----------------------------------------------------------
sample path: (VehicleDBWSystem) 
  order timepoint           sequence nr.                  node name     dropped samples
bp period
latency

Statistics:
  latency:                  152.727ms [min=76.1087ms, max=214.828ms, average=129.618ms, deviation=31.6639ms]
hotpath
  hot path:                 FrontLidarDriver/RearLidarDriver -> ObjectCollisionEstimator
  hot path latency:         13.6042ms [min=13.0444ms, max=26.01ms, average=14.9733ms, deviation=3.92428ms]
  hot path drops:           0 [min=0, max=0, average=0, deviation=0]
  behavior planner period:  99.9978ms [min=95.478ms, max=104.523ms, average=100ms, deviation=2.41142ms]
----------------------------------------------------------

----------------------------------------------------------
sample path: (IntersectionOutput) 
  order timepoint           sequence nr.                  node name     dropped samples
latency

Statistics:
  latency:                  2.94365ms [min=2.73746ms, max=10.3637ms, average=4.03548ms, deviation=1.93896ms]
----------------------------------------------------------

----------------------------------------------------------
sample path: (IntersectionOutput) 
  order timepoint           sequence nr.                  node name     dropped samples
latency

Statistics:
  latency:                  2.88045ms [min=2.73746ms, max=10.3637ms, average=4.02705ms, deviation=1.93434ms]
----------------------------------------------------------

----------------------------------------------------------
sample path: (IntersectionOutput) 
  order timepoint           sequence nr.                  node name     dropped samples
latency

Statistics:
  latency:                  5.1583ms [min=2.73746ms, max=10.3637ms, average=4.03525ms, deviation=1.92967ms]
----------------------------------------------------------

----------------------------------------------------------
sample path: (IntersectionOutput) 
  order timepoint           sequence nr.                  node name     dropped samples
latency

Statistics:
  latency:                  2.9873ms [min=2.73746ms, max=10.3637ms, average=4.02771ms, deviation=1.92472ms]
----------------------------------------------------------

----------------------------------------------------------
sample path: (VehicleDBWSystem) 
  order timepoint           sequence nr.                  node name     dropped samples
bp period
latency

Statistics:
  latency:                  152.928ms [min=76.1087ms, max=214.828ms, average=130.284ms, deviation=31.4426ms]
hotpath
  hot path:                 FrontLidarDriver/RearLidarDriver -> ObjectCollisionEstimator
  hot path latency:         13.3266ms [min=13.0444ms, max=26.01ms, average=14.9262ms, deviation=3.87615ms]
  hot path drops:           0 [min=0, max=0, average=0, deviation=0]
  behavior planner period:  100.002ms [min=95.478ms, max=104.523ms, average=100ms, deviation=2.3746ms]
----------------------------------------------------------

----------------------------------------------------------
sample path: (IntersectionOutput) 
  order timepoint           sequence nr.                  node name     dropped samples
latency

Statistics:
  latency:                  2.98282ms [min=2.73746ms, max=10.3637ms, average=4.02024ms, deviation=1.91982ms]
----------------------------------------------------------

----------------------------------------------------------
sample path: (IntersectionOutput) 
  order timepoint           sequence nr.                  node name     dropped samples
latency

Statistics:
  latency:                  2.88299ms [min=2.73746ms, max=10.3637ms, average=4.01218ms, deviation=1.91535ms]
----------------------------------------------------------

----------------------------------------------------------
sample path: (IntersectionOutput) 
  order timepoint           sequence nr.                  node name     dropped samples
latency

Statistics:
  latency:                  7.67877ms [min=2.73746ms, max=10.3637ms, average=4.038ms, deviation=1.93319ms]
----------------------------------------------------------

----------------------------------------------------------
sample path: (IntersectionOutput) 
  order timepoint           sequence nr.                  node name     dropped samples
latency

Statistics:
  latency:                  3.03024ms [min=2.73746ms, max=10.3637ms, average=4.03095ms, deviation=1.92821ms]
----------------------------------------------------------

----------------------------------------------------------
sample path: (VehicleDBWSystem) 
  order timepoint           sequence nr.                  node name     dropped samples
bp period
latency

Statistics:
  latency:                  152.891ms [min=76.1087ms, max=214.828ms, average=130.912ms, deviation=31.2184ms]
hotpath
  hot path:                 FrontLidarDriver/RearLidarDriver -> ObjectCollisionEstimator
  hot path latency:         25.8928ms [min=13.0444ms, max=26.01ms, average=15.2308ms, deviation=4.23509ms]
  hot path drops:           0 [min=0, max=0, average=0, deviation=0]
  behavior planner period:  99.9999ms [min=95.478ms, max=104.523ms, average=100ms, deviation=2.33942ms]
----------------------------------------------------------

----------------------------------------------------------
sample path: (IntersectionOutput) 
  order timepoint           sequence nr.                  node name     dropped samples
latency

Statistics:
  latency:                  3.13172ms [min=2.73746ms, max=10.3637ms, average=4.02471ms, deviation=1.92292ms]
----------------------------------------------------------

----------------------------------------------------------
sample path: (IntersectionOutput) 
  order timepoint           sequence nr.                  node name     dropped samples
latency

Statistics:
  latency:                  2.88971ms [min=2.73746ms, max=10.3637ms, average=4.01688ms, deviation=1.91854ms]
----------------------------------------------------------

----------------------------------------------------------
sample path: (IntersectionOutput) 
  order timepoint           sequence nr.                  node name     dropped samples
latency

Statistics:
  latency:                  5.35043ms [min=2.73746ms, max=10.3637ms, average=4.02601ms, deviation=1.9151ms]
----------------------------------------------------------

----------------------------------------------------------
sample path: (IntersectionOutput) 
  order timepoint           sequence nr.                  node name     dropped samples
latency

Statistics:
  latency:                  2.98112ms [min=2.73746ms, max=10.3637ms, average=4.01891ms, deviation=1.91047ms]
----------------------------------------------------------

----------------------------------------------------------
sample path: (VehicleDBWSystem) 
  order timepoint           sequence nr.                  node name     dropped samples
bp period
latency

Statistics:
  latency:                  111.936ms [min=76.1087ms, max=214.828ms, average=130.399ms, deviation=30.9394ms]
hotpath
  hot path:                 FrontLidarDriver/RearLidarDriver -> ObjectCollisionEstimator
  hot path latency:         13.3199ms [min=13.0444ms, max=26.01ms, average=15.1792ms, deviation=4.18765ms]
  hot path drops:           0 [min=0, max=0, average=0, deviation=0]
  behavior planner period:  100.011ms [min=95.478ms, max=104.523ms, average=100ms, deviation=2.30576ms]
----------------------------------------------------------

----------------------------------------------------------
sample path: (IntersectionOutput) 
  order timepoint           sequence nr.                  node name     dropped samples
latency

Statistics:
  latency:                  3.02468ms [min=2.73746ms, max=10.3637ms, average=4.01219ms, deviation=1.90572ms]
----------------------------------------------------------

----------------------------------------------------------
sample path: (IntersectionOutput) 
  order timepoint           sequence nr.                  node name     dropped samples
latency

Statistics:
  latency:                  2.86044ms [min=2.73746ms, max=10.3637ms, average=4.00446ms, deviation=1.90161ms]
----------------------------------------------------------

----------------------------------------------------------
sample path: (IntersectionOutput) 
  order timepoint           sequence nr.                  node name     dropped samples
latency

Statistics:
  latency:                  5.55934ms [min=2.73746ms, max=10.3637ms, average=4.01482ms, deviation=1.89947ms]
----------------------------------------------------------

----------------------------------------------------------
sample path: (IntersectionOutput) 
  order timepoint           sequence nr.                  node name     dropped samples
latency

Statistics:
  latency:                  7.88665ms [min=2.73746ms, max=10.3637ms, average=4.04046ms, deviation=1.91917ms]
----------------------------------------------------------

----------------------------------------------------------
sample path: (VehicleDBWSystem) 
  order timepoint           sequence nr.                  node name     dropped samples
bp period
latency

Statistics:
  latency:                  116.37ms [min=76.1087ms, max=214.828ms, average=130.03ms, deviation=30.6032ms]
hotpath
  hot path:                 FrontLidarDriver/RearLidarDriver -> ObjectCollisionEstimator
  hot path latency:         13.5901ms [min=13.0444ms, max=26.01ms, average=15.1374ms, deviation=4.13871ms]
  hot path drops:           0 [min=0, max=0, average=0, deviation=0]
  behavior planner period:  104.24ms [min=95.478ms, max=104.523ms, average=100.115ms, deviation=2.37793ms]
----------------------------------------------------------

----------------------------------------------------------
sample path: (IntersectionOutput) 
  order timepoint           sequence nr.                  node name     dropped samples
latency

Statistics:
  latency:                  3.05057ms [min=2.73746ms, max=10.3637ms, average=4.03395ms, deviation=1.91449ms]
----------------------------------------------------------

----------------------------------------------------------
sample path: (IntersectionOutput) 
  order timepoint           sequence nr.                  node name     dropped samples
latency

Statistics:
  latency:                  2.84001ms [min=2.73746ms, max=10.3637ms, average=4.02615ms, deviation=1.91062ms]
----------------------------------------------------------

----------------------------------------------------------
sample path: (IntersectionOutput) 
  order timepoint           sequence nr.                  node name     dropped samples
latency

Statistics:
  latency:                  5.55882ms [min=2.73746ms, max=10.3637ms, average=4.0361ms, deviation=1.90836ms]
----------------------------------------------------------

----------------------------------------------------------
sample path: (IntersectionOutput) 
  order timepoint           sequence nr.                  node name     dropped samples
latency

Statistics:
  latency:                  2.93262ms [min=2.73746ms, max=10.3637ms, average=4.02898ms, deviation=1.90422ms]
----------------------------------------------------------

----------------------------------------------------------
sample path: (VehicleDBWSystem) 
  order timepoint           sequence nr.                  node name     dropped samples
bp period
latency

Statistics:
  latency:                  76.216ms [min=76.1087ms, max=214.828ms, average=128.65ms, deviation=31.4033ms]
hotpath
  hot path:                 FrontLidarDriver/RearLidarDriver -> ObjectCollisionEstimator
  hot path latency:         13.644ms [min=13.0444ms, max=26.01ms, average=15.0991ms, deviation=4.09089ms]
  hot path drops:           0 [min=0, max=0, average=0, deviation=0]
  behavior planner period:  95.756ms [min=95.478ms, max=104.523ms, average=100ms, deviation=2.44985ms]
----------------------------------------------------------

----------------------------------------------------------
sample path: (IntersectionOutput) 
  order timepoint           sequence nr.                  node name     dropped samples
latency

Statistics:
  latency:                  7.71492ms [min=2.73746ms, max=10.3637ms, average=4.05261ms, deviation=1.92087ms]
----------------------------------------------------------

----------------------------------------------------------
sample path: (IntersectionOutput) 
  order timepoint           sequence nr.                  node name     dropped samples
latency

Statistics:
  latency:                  2.97526ms [min=2.73746ms, max=10.3637ms, average=4.04575ms, deviation=1.91664ms]
----------------------------------------------------------

----------------------------------------------------------
sample path: (IntersectionOutput) 
  order timepoint           sequence nr.                  node name     dropped samples
latency

Statistics:
  latency:                  2.79586ms [min=2.73746ms, max=10.3637ms, average=4.03784ms, deviation=1.91311ms]
----------------------------------------------------------

----------------------------------------------------------
sample path: (IntersectionOutput) 
  order timepoint           sequence nr.                  node name     dropped samples
latency

Statistics:
  latency:                  2.97197ms [min=2.73746ms, max=10.3637ms, average=4.03113ms, deviation=1.90892ms]
----------------------------------------------------------

----------------------------------------------------------
sample path: (VehicleDBWSystem) 
  order timepoint           sequence nr.                  node name     dropped samples
bp period
latency

Statistics:
  latency:                  152.732ms [min=76.1087ms, max=214.828ms, average=129.252ms, deviation=31.231ms]
hotpath
  hot path:                 FrontLidarDriver/RearLidarDriver -> ObjectCollisionEstimator
  hot path latency:         13.1776ms [min=13.0444ms, max=26.01ms, average=15.051ms, deviation=4.04951ms]
  hot path drops:           0 [min=0, max=0, average=0, deviation=0]
  behavior planner period:  99.9946ms [min=95.478ms, max=104.523ms, average=100ms, deviation=2.4174ms]
----------------------------------------------------------

----------------------------------------------------------
sample path: (IntersectionOutput) 
  order timepoint           sequence nr.                  node name     dropped samples
latency

Statistics:
  latency:                  2.90854ms [min=2.73746ms, max=10.3637ms, average=4.02412ms, deviation=1.90497ms]
----------------------------------------------------------

----------------------------------------------------------
sample path: (IntersectionOutput) 
  order timepoint           sequence nr.                  node name     dropped samples
latency

Statistics:
  latency:                  2.8161ms [min=2.73746ms, max=10.3637ms, average=4.01661ms, deviation=1.9014ms]
----------------------------------------------------------

----------------------------------------------------------
sample path: (IntersectionOutput) 
  order timepoint           sequence nr.                  node name     dropped samples
latency

Statistics:
  latency:                  2.81628ms [min=2.73746ms, max=10.3637ms, average=4.0092ms, deviation=1.89783ms]
----------------------------------------------------------

----------------------------------------------------------
sample path: (IntersectionOutput) 
  order timepoint           sequence nr.                  node name     dropped samples
latency

Statistics:
  latency:                  3.02066ms [min=2.73746ms, max=10.3637ms, average=4.00314ms, deviation=1.89354ms]
----------------------------------------------------------

----------------------------------------------------------
sample path: (VehicleDBWSystem) 
  order timepoint           sequence nr.                  node name     dropped samples
bp period
latency

Statistics:
  latency:                  153.116ms [min=76.1087ms, max=214.828ms, average=129.834ms, deviation=31.0626ms]
hotpath
  hot path:                 FrontLidarDriver/RearLidarDriver -> ObjectCollisionEstimator
  hot path latency:         13.171ms [min=13.0444ms, max=26.01ms, average=15.0052ms, deviation=4.00934ms]
  hot path drops:           0 [min=0, max=0, average=0, deviation=0]
  behavior planner period:  99.9997ms [min=95.478ms, max=104.523ms, average=100ms, deviation=2.38621ms]
----------------------------------------------------------

----------------------------------------------------------
sample path: (IntersectionOutput) 
  order timepoint           sequence nr.                  node name     dropped samples
latency

Statistics:
  latency:                  3.00754ms [min=2.73746ms, max=10.3637ms, average=3.99707ms, deviation=1.88933ms]
----------------------------------------------------------

----------------------------------------------------------
sample path: (IntersectionOutput) 
  order timepoint           sequence nr.                  node name     dropped samples
latency

Statistics:
  latency:                  2.85782ms [min=2.73746ms, max=10.3637ms, average=3.99016ms, deviation=1.88565ms]
----------------------------------------------------------

----------------------------------------------------------
sample path: (IntersectionOutput) 
  order timepoint           sequence nr.                  node name     dropped samples
latency

Statistics:
  latency:                  7.66704ms [min=2.73746ms, max=10.3637ms, average=4.01231ms, deviation=1.90146ms]
----------------------------------------------------------

----------------------------------------------------------
sample path: (IntersectionOutput) 
  order timepoint           sequence nr.                  node name     dropped samples
latency

Statistics:
  latency:                  2.96093ms [min=2.73746ms, max=10.3637ms, average=4.00602ms, deviation=1.89747ms]
----------------------------------------------------------

----------------------------------------------------------
sample path: (VehicleDBWSystem) 
  order timepoint           sequence nr.                  node name     dropped samples
bp period
latency

Statistics:
  latency:                  152.881ms [min=76.1087ms, max=214.828ms, average=130.383ms, deviation=30.8868ms]
hotpath
  hot path:                 FrontLidarDriver/RearLidarDriver -> ObjectCollisionEstimator
  hot path latency:         25.5217ms [min=13.0444ms, max=26.01ms, average=15.2556ms, deviation=4.27972ms]
  hot path drops:           0 [min=0, max=0, average=0, deviation=0]
  behavior planner period:  100ms [min=95.478ms, max=104.523ms, average=100ms, deviation=2.35619ms]
----------------------------------------------------------

----------------------------------------------------------
sample path: (IntersectionOutput) 
  order timepoint           sequence nr.                  node name     dropped samples
latency

Statistics:
  latency:                  3.06521ms [min=2.73746ms, max=10.3637ms, average=4.00042ms, deviation=1.89317ms]
----------------------------------------------------------

----------------------------------------------------------
sample path: (IntersectionOutput) 
  order timepoint           sequence nr.                  node name     dropped samples
latency

Statistics:
  latency:                  2.98275ms [min=2.73746ms, max=10.3637ms, average=3.9944ms, deviation=1.88915ms]
----------------------------------------------------------

----------------------------------------------------------
sample path: (IntersectionOutput) 
  order timepoint           sequence nr.                  node name     dropped samples
latency

Statistics:
  latency:                  7.98392ms [min=2.73746ms, max=10.3637ms, average=4.01786ms, deviation=1.90825ms]
----------------------------------------------------------

----------------------------------------------------------
sample path: (IntersectionOutput) 
  order timepoint           sequence nr.                  node name     dropped samples
latency

Statistics:
  latency:                  3.10298ms [min=2.73746ms, max=10.3637ms, average=4.01251ms, deviation=1.90391ms]
----------------------------------------------------------

----------------------------------------------------------
sample path: (VehicleDBWSystem) 
  order timepoint           sequence nr.                  node name     dropped samples
bp period
latency

Statistics:
  latency:                  112.249ms [min=76.1087ms, max=214.828ms, average=129.961ms, deviation=30.6419ms]
hotpath
  hot path:                 FrontLidarDriver/RearLidarDriver -> ObjectCollisionEstimator
  hot path latency:         13.4828ms [min=13.0444ms, max=26.01ms, average=15.2144ms, deviation=4.2371ms]
  hot path drops:           0 [min=0, max=0, average=0, deviation=0]
  behavior planner period:  100.001ms [min=95.478ms, max=104.523ms, average=100ms, deviation=2.32728ms]
----------------------------------------------------------

----------------------------------------------------------
sample path: (IntersectionOutput) 
  order timepoint           sequence nr.                  node name     dropped samples
latency

Statistics:
  latency:                  3.08308ms [min=2.73746ms, max=10.3637ms, average=4.00711ms, deviation=1.89966ms]
----------------------------------------------------------

----------------------------------------------------------
sample path: (IntersectionOutput) 
  order timepoint           sequence nr.                  node name     dropped samples
latency

Statistics:
  latency:                  2.89439ms [min=2.73746ms, max=10.3637ms, average=4.00068ms, deviation=1.89602ms]
----------------------------------------------------------

----------------------------------------------------------
sample path: (IntersectionOutput) 
  order timepoint           sequence nr.                  node name     dropped samples
latency

Statistics:
  latency:                  5.56233ms [min=2.73746ms, max=10.3637ms, average=4.00965ms, deviation=1.89423ms]
----------------------------------------------------------

